[  1%] Built target slam_toolbox__cpp
[ 10%] Built target slam_toolbox__rosidl_generator_c
[ 12%] Built target kartoSlamToolbox
[ 30%] Built target slam_toolbox__rosidl_typesupport_introspection_cpp
[ 30%] Built target slam_toolbox__rosidl_typesupport_fastrtps_cpp
[ 39%] Built target slam_toolbox__rosidl_typesupport_cpp
[ 48%] Built target slam_toolbox__rosidl_typesupport_c
[ 57%] Built target slam_toolbox__rosidl_typesupport_introspection_c
[ 66%] Built target slam_toolbox__rosidl_typesupport_fastrtps_c
[ 66%] Built target slam_toolbox
[35m[1mScanning dependencies of target ceres_solver_plugin[0m
[ 67%] Built target slam_toolbox__py
[ 71%] Built target SlamToolboxPlugin
[ 74%] Built target toolbox_common
[ 75%] [32mBuilding CXX object CMakeFiles/ceres_solver_plugin.dir/solvers/ceres_solver.cpp.o[0m
[ 83%] Built target slam_toolbox__python
[ 85%] Built target slam_toolbox__rosidl_typesupport_fastrtps_c__pyext
[ 85%] Built target merge_maps_kinematic
[ 86%] Built target slam_toolbox__rosidl_typesupport_introspection_c__pyext
[ 87%] Built target slam_toolbox__rosidl_typesupport_c__pyext
[ 89%] Built target sync_slam_toolbox
[ 92%] Built target async_slam_toolbox
[ 92%] Built target localization_slam_toolbox
[ 94%] Built target lifelong_slam_toolbox
[ 95%] Built target sync_slam_toolbox_node
[ 96%] Built target async_slam_toolbox_node
[ 97%] Built target lifelong_slam_toolbox_node
[ 99%] Built target localization_slam_toolbox_node
