[0.175s] DEBUG:colcon:Command line arguments: ['/usr/bin/colcon', 'build']
[0.175s] DEBUG:colcon:Parsed command line arguments: Namespace(allow_overriding=[], ament_cmake_args=None, base_paths=['.'], build_base='build', catkin_cmake_args=None, catkin_skip_building_tests=False, cmake_args=None, cmake_clean_cache=False, cmake_clean_first=False, cmake_force_configure=False, cmake_target=None, cmake_target_skip_unavailable=False, continue_on_error=False, event_handlers=None, executor='parallel', ignore_user_meta=False, install_base='install', log_base=None, log_level=None, main=<bound method BuildVerb.main of <colcon_core.verb.build.BuildVerb object at 0x7f85176159d0>>, merge_install=False, metas=['./colcon.meta'], mixin=None, mixin_files=None, mixin_verb=('build',), packages_above=None, packages_above_and_dependencies=None, packages_above_depth=None, packages_end=None, packages_ignore=None, packages_ignore_regex=None, packages_select=None, packages_select_build_failed=False, packages_select_by_dep=None, packages_select_regex=None, packages_select_test_failures=False, packages_skip=None, packages_skip_build_finished=False, packages_skip_by_dep=None, packages_skip_regex=None, packages_skip_test_passed=False, packages_skip_up_to=None, packages_start=None, packages_up_to=None, packages_up_to_regex=None, parallel_workers=16, paths=None, symlink_install=False, test_result_base=None, verb_extension=<colcon_core.verb.build.BuildVerb object at 0x7f85176159d0>, verb_name='build', verb_parser=<colcon_mixin.mixin.mixin_argument.MixinArgumentDecorator object at 0x7f8517615f10>)
[0.305s] Level 1:colcon.colcon_core.package_discovery:discover_packages(colcon_meta) check parameters
[0.305s] Level 1:colcon.colcon_core.package_discovery:discover_packages(recursive) check parameters
[0.305s] Level 1:colcon.colcon_core.package_discovery:discover_packages(ignore) check parameters
[0.305s] Level 1:colcon.colcon_core.package_discovery:discover_packages(path) check parameters
[0.305s] Level 1:colcon.colcon_core.package_discovery:discover_packages(colcon_meta) discover
[0.305s] Level 1:colcon.colcon_core.package_discovery:discover_packages(recursive) discover
[0.305s] INFO:colcon.colcon_core.package_discovery:Crawling recursively for packages in '/home/salaheldinm/Penguins'
[0.305s] Level 1:colcon.colcon_core.package_identification:_identify(.) by extensions ['ignore', 'ignore_ament_install']
[0.305s] Level 1:colcon.colcon_core.package_identification:_identify(.) by extension 'ignore'
[0.305s] Level 1:colcon.colcon_core.package_identification:_identify(.) by extension 'ignore_ament_install'
[0.305s] Level 1:colcon.colcon_core.package_identification:_identify(.) by extensions ['colcon_pkg']
[0.305s] Level 1:colcon.colcon_core.package_identification:_identify(.) by extension 'colcon_pkg'
[0.305s] Level 1:colcon.colcon_core.package_identification:_identify(.) by extensions ['colcon_meta']
[0.305s] Level 1:colcon.colcon_core.package_identification:_identify(.) by extension 'colcon_meta'
[0.306s] Level 1:colcon.colcon_core.package_identification:_identify(.) by extensions ['ros']
[0.306s] Level 1:colcon.colcon_core.package_identification:_identify(.) by extension 'ros'
[0.319s] Level 1:colcon.colcon_core.package_identification:_identify(.) by extensions ['cmake', 'python']
[0.319s] Level 1:colcon.colcon_core.package_identification:_identify(.) by extension 'cmake'
[0.319s] Level 1:colcon.colcon_core.package_identification:_identify(.) by extension 'python'
[0.319s] Level 1:colcon.colcon_core.package_identification:_identify(.) by extensions ['python_setup_py']
[0.319s] Level 1:colcon.colcon_core.package_identification:_identify(.) by extension 'python_setup_py'
[0.319s] Level 1:colcon.colcon_core.package_identification:_identify(build) by extensions ['ignore', 'ignore_ament_install']
[0.319s] Level 1:colcon.colcon_core.package_identification:_identify(build) by extension 'ignore'
[0.319s] Level 1:colcon.colcon_core.package_identification:_identify(build) ignored
[0.319s] Level 1:colcon.colcon_core.package_identification:_identify(install) by extensions ['ignore', 'ignore_ament_install']
[0.319s] Level 1:colcon.colcon_core.package_identification:_identify(install) by extension 'ignore'
[0.319s] Level 1:colcon.colcon_core.package_identification:_identify(install) ignored
[0.319s] Level 1:colcon.colcon_core.package_identification:_identify(log) by extensions ['ignore', 'ignore_ament_install']
[0.319s] Level 1:colcon.colcon_core.package_identification:_identify(log) by extension 'ignore'
[0.319s] Level 1:colcon.colcon_core.package_identification:_identify(log) ignored
[0.319s] Level 1:colcon.colcon_core.package_identification:_identify(src) by extensions ['ignore', 'ignore_ament_install']
[0.320s] Level 1:colcon.colcon_core.package_identification:_identify(src) by extension 'ignore'
[0.320s] Level 1:colcon.colcon_core.package_identification:_identify(src) by extension 'ignore_ament_install'
[0.320s] Level 1:colcon.colcon_core.package_identification:_identify(src) by extensions ['colcon_pkg']
[0.320s] Level 1:colcon.colcon_core.package_identification:_identify(src) by extension 'colcon_pkg'
[0.320s] Level 1:colcon.colcon_core.package_identification:_identify(src) by extensions ['colcon_meta']
[0.320s] Level 1:colcon.colcon_core.package_identification:_identify(src) by extension 'colcon_meta'
[0.320s] Level 1:colcon.colcon_core.package_identification:_identify(src) by extensions ['ros']
[0.320s] Level 1:colcon.colcon_core.package_identification:_identify(src) by extension 'ros'
[0.320s] Level 1:colcon.colcon_core.package_identification:_identify(src) by extensions ['cmake', 'python']
[0.320s] Level 1:colcon.colcon_core.package_identification:_identify(src) by extension 'cmake'
[0.320s] Level 1:colcon.colcon_core.package_identification:_identify(src) by extension 'python'
[0.320s] Level 1:colcon.colcon_core.package_identification:_identify(src) by extensions ['python_setup_py']
[0.320s] Level 1:colcon.colcon_core.package_identification:_identify(src) by extension 'python_setup_py'
[0.320s] Level 1:colcon.colcon_core.package_identification:_identify(src/fake_odometry_publisher) by extensions ['ignore', 'ignore_ament_install']
[0.320s] Level 1:colcon.colcon_core.package_identification:_identify(src/fake_odometry_publisher) by extension 'ignore'
[0.320s] Level 1:colcon.colcon_core.package_identification:_identify(src/fake_odometry_publisher) by extension 'ignore_ament_install'
[0.320s] Level 1:colcon.colcon_core.package_identification:_identify(src/fake_odometry_publisher) by extensions ['colcon_pkg']
[0.320s] Level 1:colcon.colcon_core.package_identification:_identify(src/fake_odometry_publisher) by extension 'colcon_pkg'
[0.320s] Level 1:colcon.colcon_core.package_identification:_identify(src/fake_odometry_publisher) by extensions ['colcon_meta']
[0.320s] Level 1:colcon.colcon_core.package_identification:_identify(src/fake_odometry_publisher) by extension 'colcon_meta'
[0.320s] Level 1:colcon.colcon_core.package_identification:_identify(src/fake_odometry_publisher) by extensions ['ros']
[0.320s] Level 1:colcon.colcon_core.package_identification:_identify(src/fake_odometry_publisher) by extension 'ros'
[0.320s] Level 1:colcon.colcon_core.package_identification:_identify(src/fake_odometry_publisher) by extensions ['cmake', 'python']
[0.320s] Level 1:colcon.colcon_core.package_identification:_identify(src/fake_odometry_publisher) by extension 'cmake'
[0.320s] Level 1:colcon.colcon_core.package_identification:_identify(src/fake_odometry_publisher) by extension 'python'
[0.320s] Level 1:colcon.colcon_core.package_identification:_identify(src/fake_odometry_publisher) by extensions ['python_setup_py']
[0.320s] Level 1:colcon.colcon_core.package_identification:_identify(src/fake_odometry_publisher) by extension 'python_setup_py'
[0.320s] Level 1:colcon.colcon_core.package_identification:_identify(src/fake_odometry_publisher/fake_odometry_publisher) by extensions ['ignore', 'ignore_ament_install']
[0.320s] Level 1:colcon.colcon_core.package_identification:_identify(src/fake_odometry_publisher/fake_odometry_publisher) by extension 'ignore'
[0.321s] Level 1:colcon.colcon_core.package_identification:_identify(src/fake_odometry_publisher/fake_odometry_publisher) by extension 'ignore_ament_install'
[0.321s] Level 1:colcon.colcon_core.package_identification:_identify(src/fake_odometry_publisher/fake_odometry_publisher) by extensions ['colcon_pkg']
[0.321s] Level 1:colcon.colcon_core.package_identification:_identify(src/fake_odometry_publisher/fake_odometry_publisher) by extension 'colcon_pkg'
[0.321s] Level 1:colcon.colcon_core.package_identification:_identify(src/fake_odometry_publisher/fake_odometry_publisher) by extensions ['colcon_meta']
[0.321s] Level 1:colcon.colcon_core.package_identification:_identify(src/fake_odometry_publisher/fake_odometry_publisher) by extension 'colcon_meta'
[0.321s] Level 1:colcon.colcon_core.package_identification:_identify(src/fake_odometry_publisher/fake_odometry_publisher) by extensions ['ros']
[0.321s] Level 1:colcon.colcon_core.package_identification:_identify(src/fake_odometry_publisher/fake_odometry_publisher) by extension 'ros'
[0.323s] DEBUG:colcon.colcon_core.package_identification:Package 'src/fake_odometry_publisher/fake_odometry_publisher' with type 'ros.ament_python' and name 'fake_odometry_publisher'
[0.323s] Level 1:colcon.colcon_core.package_identification:_identify(src/my_cpp_package) by extensions ['ignore', 'ignore_ament_install']
[0.323s] Level 1:colcon.colcon_core.package_identification:_identify(src/my_cpp_package) by extension 'ignore'
[0.323s] Level 1:colcon.colcon_core.package_identification:_identify(src/my_cpp_package) by extension 'ignore_ament_install'
[0.323s] Level 1:colcon.colcon_core.package_identification:_identify(src/my_cpp_package) by extensions ['colcon_pkg']
[0.323s] Level 1:colcon.colcon_core.package_identification:_identify(src/my_cpp_package) by extension 'colcon_pkg'
[0.323s] Level 1:colcon.colcon_core.package_identification:_identify(src/my_cpp_package) by extensions ['colcon_meta']
[0.323s] Level 1:colcon.colcon_core.package_identification:_identify(src/my_cpp_package) by extension 'colcon_meta'
[0.323s] Level 1:colcon.colcon_core.package_identification:_identify(src/my_cpp_package) by extensions ['ros']
[0.323s] Level 1:colcon.colcon_core.package_identification:_identify(src/my_cpp_package) by extension 'ros'
[0.324s] DEBUG:colcon.colcon_core.package_identification:Package 'src/my_cpp_package' with type 'ros.ament_cmake' and name 'my_cpp_package'
[0.324s] Level 1:colcon.colcon_core.package_identification:_identify(src/nav2_bringup) by extensions ['ignore', 'ignore_ament_install']
[0.324s] Level 1:colcon.colcon_core.package_identification:_identify(src/nav2_bringup) by extension 'ignore'
[0.324s] Level 1:colcon.colcon_core.package_identification:_identify(src/nav2_bringup) by extension 'ignore_ament_install'
[0.324s] Level 1:colcon.colcon_core.package_identification:_identify(src/nav2_bringup) by extensions ['colcon_pkg']
[0.324s] Level 1:colcon.colcon_core.package_identification:_identify(src/nav2_bringup) by extension 'colcon_pkg'
[0.324s] Level 1:colcon.colcon_core.package_identification:_identify(src/nav2_bringup) by extensions ['colcon_meta']
[0.324s] Level 1:colcon.colcon_core.package_identification:_identify(src/nav2_bringup) by extension 'colcon_meta'
[0.324s] Level 1:colcon.colcon_core.package_identification:_identify(src/nav2_bringup) by extensions ['ros']
[0.324s] Level 1:colcon.colcon_core.package_identification:_identify(src/nav2_bringup) by extension 'ros'
[0.325s] DEBUG:colcon.colcon_core.package_identification:Package 'src/nav2_bringup' with type 'ros.ament_cmake' and name 'nav2_bringup'
[0.325s] Level 1:colcon.colcon_core.package_identification:_identify(src/ouster-ros) by extensions ['ignore', 'ignore_ament_install']
[0.325s] Level 1:colcon.colcon_core.package_identification:_identify(src/ouster-ros) by extension 'ignore'
[0.325s] Level 1:colcon.colcon_core.package_identification:_identify(src/ouster-ros) by extension 'ignore_ament_install'
[0.325s] Level 1:colcon.colcon_core.package_identification:_identify(src/ouster-ros) by extensions ['colcon_pkg']
[0.325s] Level 1:colcon.colcon_core.package_identification:_identify(src/ouster-ros) by extension 'colcon_pkg'
[0.325s] Level 1:colcon.colcon_core.package_identification:_identify(src/ouster-ros) by extensions ['colcon_meta']
[0.325s] Level 1:colcon.colcon_core.package_identification:_identify(src/ouster-ros) by extension 'colcon_meta'
[0.325s] Level 1:colcon.colcon_core.package_identification:_identify(src/ouster-ros) by extensions ['ros']
[0.325s] Level 1:colcon.colcon_core.package_identification:_identify(src/ouster-ros) by extension 'ros'
[0.325s] Level 1:colcon.colcon_core.package_identification:_identify(src/ouster-ros) by extensions ['cmake', 'python']
[0.325s] Level 1:colcon.colcon_core.package_identification:_identify(src/ouster-ros) by extension 'cmake'
[0.325s] Level 1:colcon.colcon_core.package_identification:_identify(src/ouster-ros) by extension 'python'
[0.325s] Level 1:colcon.colcon_core.package_identification:_identify(src/ouster-ros) by extensions ['python_setup_py']
[0.325s] Level 1:colcon.colcon_core.package_identification:_identify(src/ouster-ros) by extension 'python_setup_py'
[0.325s] Level 1:colcon.colcon_core.package_identification:_identify(src/ouster-ros/docs) by extensions ['ignore', 'ignore_ament_install']
[0.325s] Level 1:colcon.colcon_core.package_identification:_identify(src/ouster-ros/docs) by extension 'ignore'
[0.326s] Level 1:colcon.colcon_core.package_identification:_identify(src/ouster-ros/docs) by extension 'ignore_ament_install'
[0.326s] Level 1:colcon.colcon_core.package_identification:_identify(src/ouster-ros/docs) by extensions ['colcon_pkg']
[0.326s] Level 1:colcon.colcon_core.package_identification:_identify(src/ouster-ros/docs) by extension 'colcon_pkg'
[0.326s] Level 1:colcon.colcon_core.package_identification:_identify(src/ouster-ros/docs) by extensions ['colcon_meta']
[0.326s] Level 1:colcon.colcon_core.package_identification:_identify(src/ouster-ros/docs) by extension 'colcon_meta'
[0.326s] Level 1:colcon.colcon_core.package_identification:_identify(src/ouster-ros/docs) by extensions ['ros']
[0.326s] Level 1:colcon.colcon_core.package_identification:_identify(src/ouster-ros/docs) by extension 'ros'
[0.326s] Level 1:colcon.colcon_core.package_identification:_identify(src/ouster-ros/docs) by extensions ['cmake', 'python']
[0.326s] Level 1:colcon.colcon_core.package_identification:_identify(src/ouster-ros/docs) by extension 'cmake'
[0.326s] Level 1:colcon.colcon_core.package_identification:_identify(src/ouster-ros/docs) by extension 'python'
[0.326s] Level 1:colcon.colcon_core.package_identification:_identify(src/ouster-ros/docs) by extensions ['python_setup_py']
[0.326s] Level 1:colcon.colcon_core.package_identification:_identify(src/ouster-ros/docs) by extension 'python_setup_py'
[0.326s] Level 1:colcon.colcon_core.package_identification:_identify(src/ouster-ros/docs/images) by extensions ['ignore', 'ignore_ament_install']
[0.326s] Level 1:colcon.colcon_core.package_identification:_identify(src/ouster-ros/docs/images) by extension 'ignore'
[0.326s] Level 1:colcon.colcon_core.package_identification:_identify(src/ouster-ros/docs/images) by extension 'ignore_ament_install'
[0.326s] Level 1:colcon.colcon_core.package_identification:_identify(src/ouster-ros/docs/images) by extensions ['colcon_pkg']
[0.326s] Level 1:colcon.colcon_core.package_identification:_identify(src/ouster-ros/docs/images) by extension 'colcon_pkg'
[0.326s] Level 1:colcon.colcon_core.package_identification:_identify(src/ouster-ros/docs/images) by extensions ['colcon_meta']
[0.326s] Level 1:colcon.colcon_core.package_identification:_identify(src/ouster-ros/docs/images) by extension 'colcon_meta'
[0.326s] Level 1:colcon.colcon_core.package_identification:_identify(src/ouster-ros/docs/images) by extensions ['ros']
[0.326s] Level 1:colcon.colcon_core.package_identification:_identify(src/ouster-ros/docs/images) by extension 'ros'
[0.326s] Level 1:colcon.colcon_core.package_identification:_identify(src/ouster-ros/docs/images) by extensions ['cmake', 'python']
[0.326s] Level 1:colcon.colcon_core.package_identification:_identify(src/ouster-ros/docs/images) by extension 'cmake'
[0.326s] Level 1:colcon.colcon_core.package_identification:_identify(src/ouster-ros/docs/images) by extension 'python'
[0.326s] Level 1:colcon.colcon_core.package_identification:_identify(src/ouster-ros/docs/images) by extensions ['python_setup_py']
[0.326s] Level 1:colcon.colcon_core.package_identification:_identify(src/ouster-ros/docs/images) by extension 'python_setup_py'
[0.326s] Level 1:colcon.colcon_core.package_identification:_identify(src/ouster-ros/ouster-ros) by extensions ['ignore', 'ignore_ament_install']
[0.326s] Level 1:colcon.colcon_core.package_identification:_identify(src/ouster-ros/ouster-ros) by extension 'ignore'
[0.327s] Level 1:colcon.colcon_core.package_identification:_identify(src/ouster-ros/ouster-ros) by extension 'ignore_ament_install'
[0.327s] Level 1:colcon.colcon_core.package_identification:_identify(src/ouster-ros/ouster-ros) by extensions ['colcon_pkg']
[0.327s] Level 1:colcon.colcon_core.package_identification:_identify(src/ouster-ros/ouster-ros) by extension 'colcon_pkg'
[0.327s] Level 1:colcon.colcon_core.package_identification:_identify(src/ouster-ros/ouster-ros) by extensions ['colcon_meta']
[0.327s] Level 1:colcon.colcon_core.package_identification:_identify(src/ouster-ros/ouster-ros) by extension 'colcon_meta'
[0.327s] Level 1:colcon.colcon_core.package_identification:_identify(src/ouster-ros/ouster-ros) by extensions ['ros']
[0.327s] Level 1:colcon.colcon_core.package_identification:_identify(src/ouster-ros/ouster-ros) by extension 'ros'
[0.328s] DEBUG:colcon.colcon_core.package_identification:Package 'src/ouster-ros/ouster-ros' with type 'ros.ament_cmake' and name 'ouster_ros'
[0.328s] Level 1:colcon.colcon_core.package_identification:_identify(src/ouster-ros/ouster-sensor-msgs) by extensions ['ignore', 'ignore_ament_install']
[0.328s] Level 1:colcon.colcon_core.package_identification:_identify(src/ouster-ros/ouster-sensor-msgs) by extension 'ignore'
[0.328s] Level 1:colcon.colcon_core.package_identification:_identify(src/ouster-ros/ouster-sensor-msgs) by extension 'ignore_ament_install'
[0.328s] Level 1:colcon.colcon_core.package_identification:_identify(src/ouster-ros/ouster-sensor-msgs) by extensions ['colcon_pkg']
[0.328s] Level 1:colcon.colcon_core.package_identification:_identify(src/ouster-ros/ouster-sensor-msgs) by extension 'colcon_pkg'
[0.328s] Level 1:colcon.colcon_core.package_identification:_identify(src/ouster-ros/ouster-sensor-msgs) by extensions ['colcon_meta']
[0.328s] Level 1:colcon.colcon_core.package_identification:_identify(src/ouster-ros/ouster-sensor-msgs) by extension 'colcon_meta'
[0.328s] Level 1:colcon.colcon_core.package_identification:_identify(src/ouster-ros/ouster-sensor-msgs) by extensions ['ros']
[0.328s] Level 1:colcon.colcon_core.package_identification:_identify(src/ouster-ros/ouster-sensor-msgs) by extension 'ros'
[0.329s] DEBUG:colcon.colcon_core.package_identification:Package 'src/ouster-ros/ouster-sensor-msgs' with type 'ros.ament_cmake' and name 'ouster_sensor_msgs'
[0.329s] Level 1:colcon.colcon_core.package_identification:_identify(src/rf2o_laser_odometry) by extensions ['ignore', 'ignore_ament_install']
[0.329s] Level 1:colcon.colcon_core.package_identification:_identify(src/rf2o_laser_odometry) by extension 'ignore'
[0.329s] Level 1:colcon.colcon_core.package_identification:_identify(src/rf2o_laser_odometry) by extension 'ignore_ament_install'
[0.329s] Level 1:colcon.colcon_core.package_identification:_identify(src/rf2o_laser_odometry) by extensions ['colcon_pkg']
[0.329s] Level 1:colcon.colcon_core.package_identification:_identify(src/rf2o_laser_odometry) by extension 'colcon_pkg'
[0.329s] Level 1:colcon.colcon_core.package_identification:_identify(src/rf2o_laser_odometry) by extensions ['colcon_meta']
[0.329s] Level 1:colcon.colcon_core.package_identification:_identify(src/rf2o_laser_odometry) by extension 'colcon_meta'
[0.329s] Level 1:colcon.colcon_core.package_identification:_identify(src/rf2o_laser_odometry) by extensions ['ros']
[0.329s] Level 1:colcon.colcon_core.package_identification:_identify(src/rf2o_laser_odometry) by extension 'ros'
[0.330s] DEBUG:colcon.colcon_core.package_identification:Package 'src/rf2o_laser_odometry' with type 'ros.ament_cmake' and name 'rf2o_laser_odometry'
[0.330s] Level 1:colcon.colcon_core.package_identification:_identify(src/slam_toolbox-foxy-devel) by extensions ['ignore', 'ignore_ament_install']
[0.330s] Level 1:colcon.colcon_core.package_identification:_identify(src/slam_toolbox-foxy-devel) by extension 'ignore'
[0.330s] Level 1:colcon.colcon_core.package_identification:_identify(src/slam_toolbox-foxy-devel) by extension 'ignore_ament_install'
[0.330s] Level 1:colcon.colcon_core.package_identification:_identify(src/slam_toolbox-foxy-devel) by extensions ['colcon_pkg']
[0.330s] Level 1:colcon.colcon_core.package_identification:_identify(src/slam_toolbox-foxy-devel) by extension 'colcon_pkg'
[0.330s] Level 1:colcon.colcon_core.package_identification:_identify(src/slam_toolbox-foxy-devel) by extensions ['colcon_meta']
[0.330s] Level 1:colcon.colcon_core.package_identification:_identify(src/slam_toolbox-foxy-devel) by extension 'colcon_meta'
[0.330s] Level 1:colcon.colcon_core.package_identification:_identify(src/slam_toolbox-foxy-devel) by extensions ['ros']
[0.330s] Level 1:colcon.colcon_core.package_identification:_identify(src/slam_toolbox-foxy-devel) by extension 'ros'
[0.331s] DEBUG:colcon.colcon_core.package_identification:Package 'src/slam_toolbox-foxy-devel' with type 'ros.ament_cmake' and name 'slam_toolbox'
[0.331s] Level 1:colcon.colcon_core.package_discovery:discover_packages(recursive) using defaults
[0.331s] Level 1:colcon.colcon_core.package_discovery:discover_packages(ignore) discover
[0.331s] Level 1:colcon.colcon_core.package_discovery:discover_packages(ignore) using defaults
[0.331s] Level 1:colcon.colcon_core.package_discovery:discover_packages(path) discover
[0.331s] Level 1:colcon.colcon_core.package_discovery:discover_packages(path) using defaults
[0.365s] Level 1:colcon.colcon_core.package_discovery:discover_packages(prefix_path) check parameters
[0.366s] Level 1:colcon.colcon_core.package_discovery:discover_packages(prefix_path) discover
[0.367s] DEBUG:colcon.colcon_installed_package_information.package_discovery:Found 7 installed packages in /home/salaheldinm/Penguins/install
[0.368s] DEBUG:colcon.colcon_installed_package_information.package_discovery:Found 305 installed packages in /opt/ros/foxy
[0.370s] Level 1:colcon.colcon_core.package_discovery:discover_packages(prefix_path) using defaults
[0.417s] Level 5:colcon.colcon_core.verb:set package 'fake_odometry_publisher' build argument 'cmake_args' from command line to 'None'
[0.417s] Level 5:colcon.colcon_core.verb:set package 'fake_odometry_publisher' build argument 'cmake_target' from command line to 'None'
[0.417s] Level 5:colcon.colcon_core.verb:set package 'fake_odometry_publisher' build argument 'cmake_target_skip_unavailable' from command line to 'False'
[0.417s] Level 5:colcon.colcon_core.verb:set package 'fake_odometry_publisher' build argument 'cmake_clean_cache' from command line to 'False'
[0.417s] Level 5:colcon.colcon_core.verb:set package 'fake_odometry_publisher' build argument 'cmake_clean_first' from command line to 'False'
[0.417s] Level 5:colcon.colcon_core.verb:set package 'fake_odometry_publisher' build argument 'cmake_force_configure' from command line to 'False'
[0.417s] Level 5:colcon.colcon_core.verb:set package 'fake_odometry_publisher' build argument 'ament_cmake_args' from command line to 'None'
[0.417s] Level 5:colcon.colcon_core.verb:set package 'fake_odometry_publisher' build argument 'catkin_cmake_args' from command line to 'None'
[0.417s] Level 5:colcon.colcon_core.verb:set package 'fake_odometry_publisher' build argument 'catkin_skip_building_tests' from command line to 'False'
[0.417s] DEBUG:colcon.colcon_core.verb:Building package 'fake_odometry_publisher' with the following arguments: {'ament_cmake_args': None, 'build_base': '/home/salaheldinm/Penguins/build/fake_odometry_publisher', 'catkin_cmake_args': None, 'catkin_skip_building_tests': False, 'cmake_args': None, 'cmake_clean_cache': False, 'cmake_clean_first': False, 'cmake_force_configure': False, 'cmake_target': None, 'cmake_target_skip_unavailable': False, 'install_base': '/home/salaheldinm/Penguins/install/fake_odometry_publisher', 'merge_install': False, 'path': '/home/salaheldinm/Penguins/src/fake_odometry_publisher/fake_odometry_publisher', 'symlink_install': False, 'test_result_base': None}
[0.417s] Level 5:colcon.colcon_core.verb:set package 'my_cpp_package' build argument 'cmake_args' from command line to 'None'
[0.417s] Level 5:colcon.colcon_core.verb:set package 'my_cpp_package' build argument 'cmake_target' from command line to 'None'
[0.417s] Level 5:colcon.colcon_core.verb:set package 'my_cpp_package' build argument 'cmake_target_skip_unavailable' from command line to 'False'
[0.417s] Level 5:colcon.colcon_core.verb:set package 'my_cpp_package' build argument 'cmake_clean_cache' from command line to 'False'
[0.417s] Level 5:colcon.colcon_core.verb:set package 'my_cpp_package' build argument 'cmake_clean_first' from command line to 'False'
[0.417s] Level 5:colcon.colcon_core.verb:set package 'my_cpp_package' build argument 'cmake_force_configure' from command line to 'False'
[0.417s] Level 5:colcon.colcon_core.verb:set package 'my_cpp_package' build argument 'ament_cmake_args' from command line to 'None'
[0.417s] Level 5:colcon.colcon_core.verb:set package 'my_cpp_package' build argument 'catkin_cmake_args' from command line to 'None'
[0.417s] Level 5:colcon.colcon_core.verb:set package 'my_cpp_package' build argument 'catkin_skip_building_tests' from command line to 'False'
[0.417s] DEBUG:colcon.colcon_core.verb:Building package 'my_cpp_package' with the following arguments: {'ament_cmake_args': None, 'build_base': '/home/salaheldinm/Penguins/build/my_cpp_package', 'catkin_cmake_args': None, 'catkin_skip_building_tests': False, 'cmake_args': None, 'cmake_clean_cache': False, 'cmake_clean_first': False, 'cmake_force_configure': False, 'cmake_target': None, 'cmake_target_skip_unavailable': False, 'install_base': '/home/salaheldinm/Penguins/install/my_cpp_package', 'merge_install': False, 'path': '/home/salaheldinm/Penguins/src/my_cpp_package', 'symlink_install': False, 'test_result_base': None}
[0.418s] Level 5:colcon.colcon_core.verb:set package 'ouster_sensor_msgs' build argument 'cmake_args' from command line to 'None'
[0.418s] Level 5:colcon.colcon_core.verb:set package 'ouster_sensor_msgs' build argument 'cmake_target' from command line to 'None'
[0.418s] Level 5:colcon.colcon_core.verb:set package 'ouster_sensor_msgs' build argument 'cmake_target_skip_unavailable' from command line to 'False'
[0.418s] Level 5:colcon.colcon_core.verb:set package 'ouster_sensor_msgs' build argument 'cmake_clean_cache' from command line to 'False'
[0.418s] Level 5:colcon.colcon_core.verb:set package 'ouster_sensor_msgs' build argument 'cmake_clean_first' from command line to 'False'
[0.418s] Level 5:colcon.colcon_core.verb:set package 'ouster_sensor_msgs' build argument 'cmake_force_configure' from command line to 'False'
[0.418s] Level 5:colcon.colcon_core.verb:set package 'ouster_sensor_msgs' build argument 'ament_cmake_args' from command line to 'None'
[0.418s] Level 5:colcon.colcon_core.verb:set package 'ouster_sensor_msgs' build argument 'catkin_cmake_args' from command line to 'None'
[0.418s] Level 5:colcon.colcon_core.verb:set package 'ouster_sensor_msgs' build argument 'catkin_skip_building_tests' from command line to 'False'
[0.418s] DEBUG:colcon.colcon_core.verb:Building package 'ouster_sensor_msgs' with the following arguments: {'ament_cmake_args': None, 'build_base': '/home/salaheldinm/Penguins/build/ouster_sensor_msgs', 'catkin_cmake_args': None, 'catkin_skip_building_tests': False, 'cmake_args': None, 'cmake_clean_cache': False, 'cmake_clean_first': False, 'cmake_force_configure': False, 'cmake_target': None, 'cmake_target_skip_unavailable': False, 'install_base': '/home/salaheldinm/Penguins/install/ouster_sensor_msgs', 'merge_install': False, 'path': '/home/salaheldinm/Penguins/src/ouster-ros/ouster-sensor-msgs', 'symlink_install': False, 'test_result_base': None}
[0.418s] Level 5:colcon.colcon_core.verb:set package 'rf2o_laser_odometry' build argument 'cmake_args' from command line to 'None'
[0.418s] Level 5:colcon.colcon_core.verb:set package 'rf2o_laser_odometry' build argument 'cmake_target' from command line to 'None'
[0.418s] Level 5:colcon.colcon_core.verb:set package 'rf2o_laser_odometry' build argument 'cmake_target_skip_unavailable' from command line to 'False'
[0.418s] Level 5:colcon.colcon_core.verb:set package 'rf2o_laser_odometry' build argument 'cmake_clean_cache' from command line to 'False'
[0.418s] Level 5:colcon.colcon_core.verb:set package 'rf2o_laser_odometry' build argument 'cmake_clean_first' from command line to 'False'
[0.418s] Level 5:colcon.colcon_core.verb:set package 'rf2o_laser_odometry' build argument 'cmake_force_configure' from command line to 'False'
[0.418s] Level 5:colcon.colcon_core.verb:set package 'rf2o_laser_odometry' build argument 'ament_cmake_args' from command line to 'None'
[0.418s] Level 5:colcon.colcon_core.verb:set package 'rf2o_laser_odometry' build argument 'catkin_cmake_args' from command line to 'None'
[0.418s] Level 5:colcon.colcon_core.verb:set package 'rf2o_laser_odometry' build argument 'catkin_skip_building_tests' from command line to 'False'
[0.418s] DEBUG:colcon.colcon_core.verb:Building package 'rf2o_laser_odometry' with the following arguments: {'ament_cmake_args': None, 'build_base': '/home/salaheldinm/Penguins/build/rf2o_laser_odometry', 'catkin_cmake_args': None, 'catkin_skip_building_tests': False, 'cmake_args': None, 'cmake_clean_cache': False, 'cmake_clean_first': False, 'cmake_force_configure': False, 'cmake_target': None, 'cmake_target_skip_unavailable': False, 'install_base': '/home/salaheldinm/Penguins/install/rf2o_laser_odometry', 'merge_install': False, 'path': '/home/salaheldinm/Penguins/src/rf2o_laser_odometry', 'symlink_install': False, 'test_result_base': None}
[0.418s] Level 5:colcon.colcon_core.verb:set package 'slam_toolbox' build argument 'cmake_args' from command line to 'None'
[0.418s] Level 5:colcon.colcon_core.verb:set package 'slam_toolbox' build argument 'cmake_target' from command line to 'None'
[0.418s] Level 5:colcon.colcon_core.verb:set package 'slam_toolbox' build argument 'cmake_target_skip_unavailable' from command line to 'False'
[0.418s] Level 5:colcon.colcon_core.verb:set package 'slam_toolbox' build argument 'cmake_clean_cache' from command line to 'False'
[0.418s] Level 5:colcon.colcon_core.verb:set package 'slam_toolbox' build argument 'cmake_clean_first' from command line to 'False'
[0.419s] Level 5:colcon.colcon_core.verb:set package 'slam_toolbox' build argument 'cmake_force_configure' from command line to 'False'
[0.419s] Level 5:colcon.colcon_core.verb:set package 'slam_toolbox' build argument 'ament_cmake_args' from command line to 'None'
[0.419s] Level 5:colcon.colcon_core.verb:set package 'slam_toolbox' build argument 'catkin_cmake_args' from command line to 'None'
[0.419s] Level 5:colcon.colcon_core.verb:set package 'slam_toolbox' build argument 'catkin_skip_building_tests' from command line to 'False'
[0.419s] DEBUG:colcon.colcon_core.verb:Building package 'slam_toolbox' with the following arguments: {'ament_cmake_args': None, 'build_base': '/home/salaheldinm/Penguins/build/slam_toolbox', 'catkin_cmake_args': None, 'catkin_skip_building_tests': False, 'cmake_args': None, 'cmake_clean_cache': False, 'cmake_clean_first': False, 'cmake_force_configure': False, 'cmake_target': None, 'cmake_target_skip_unavailable': False, 'install_base': '/home/salaheldinm/Penguins/install/slam_toolbox', 'merge_install': False, 'path': '/home/salaheldinm/Penguins/src/slam_toolbox-foxy-devel', 'symlink_install': False, 'test_result_base': None}
[0.419s] Level 5:colcon.colcon_core.verb:set package 'nav2_bringup' build argument 'cmake_args' from command line to 'None'
[0.419s] Level 5:colcon.colcon_core.verb:set package 'nav2_bringup' build argument 'cmake_target' from command line to 'None'
[0.419s] Level 5:colcon.colcon_core.verb:set package 'nav2_bringup' build argument 'cmake_target_skip_unavailable' from command line to 'False'
[0.419s] Level 5:colcon.colcon_core.verb:set package 'nav2_bringup' build argument 'cmake_clean_cache' from command line to 'False'
[0.419s] Level 5:colcon.colcon_core.verb:set package 'nav2_bringup' build argument 'cmake_clean_first' from command line to 'False'
[0.419s] Level 5:colcon.colcon_core.verb:set package 'nav2_bringup' build argument 'cmake_force_configure' from command line to 'False'
[0.419s] Level 5:colcon.colcon_core.verb:set package 'nav2_bringup' build argument 'ament_cmake_args' from command line to 'None'
[0.419s] Level 5:colcon.colcon_core.verb:set package 'nav2_bringup' build argument 'catkin_cmake_args' from command line to 'None'
[0.419s] Level 5:colcon.colcon_core.verb:set package 'nav2_bringup' build argument 'catkin_skip_building_tests' from command line to 'False'
[0.419s] DEBUG:colcon.colcon_core.verb:Building package 'nav2_bringup' with the following arguments: {'ament_cmake_args': None, 'build_base': '/home/salaheldinm/Penguins/build/nav2_bringup', 'catkin_cmake_args': None, 'catkin_skip_building_tests': False, 'cmake_args': None, 'cmake_clean_cache': False, 'cmake_clean_first': False, 'cmake_force_configure': False, 'cmake_target': None, 'cmake_target_skip_unavailable': False, 'install_base': '/home/salaheldinm/Penguins/install/nav2_bringup', 'merge_install': False, 'path': '/home/salaheldinm/Penguins/src/nav2_bringup', 'symlink_install': False, 'test_result_base': None}
[0.419s] Level 5:colcon.colcon_core.verb:set package 'ouster_ros' build argument 'cmake_args' from command line to 'None'
[0.419s] Level 5:colcon.colcon_core.verb:set package 'ouster_ros' build argument 'cmake_target' from command line to 'None'
[0.419s] Level 5:colcon.colcon_core.verb:set package 'ouster_ros' build argument 'cmake_target_skip_unavailable' from command line to 'False'
[0.419s] Level 5:colcon.colcon_core.verb:set package 'ouster_ros' build argument 'cmake_clean_cache' from command line to 'False'
[0.419s] Level 5:colcon.colcon_core.verb:set package 'ouster_ros' build argument 'cmake_clean_first' from command line to 'False'
[0.419s] Level 5:colcon.colcon_core.verb:set package 'ouster_ros' build argument 'cmake_force_configure' from command line to 'False'
[0.419s] Level 5:colcon.colcon_core.verb:set package 'ouster_ros' build argument 'ament_cmake_args' from command line to 'None'
[0.419s] Level 5:colcon.colcon_core.verb:set package 'ouster_ros' build argument 'catkin_cmake_args' from command line to 'None'
[0.419s] Level 5:colcon.colcon_core.verb:set package 'ouster_ros' build argument 'catkin_skip_building_tests' from command line to 'False'
[0.419s] DEBUG:colcon.colcon_core.verb:Building package 'ouster_ros' with the following arguments: {'ament_cmake_args': None, 'build_base': '/home/salaheldinm/Penguins/build/ouster_ros', 'catkin_cmake_args': None, 'catkin_skip_building_tests': False, 'cmake_args': None, 'cmake_clean_cache': False, 'cmake_clean_first': False, 'cmake_force_configure': False, 'cmake_target': None, 'cmake_target_skip_unavailable': False, 'install_base': '/home/salaheldinm/Penguins/install/ouster_ros', 'merge_install': False, 'path': '/home/salaheldinm/Penguins/src/ouster-ros/ouster-ros', 'symlink_install': False, 'test_result_base': None}
[0.419s] INFO:colcon.colcon_core.executor:Executing jobs using 'parallel' executor
[0.421s] DEBUG:colcon.colcon_parallel_executor.executor.parallel:run_until_complete
[0.421s] INFO:colcon.colcon_ros.task.ament_cmake.build:Building ROS package in '/home/salaheldinm/Penguins/src/ouster-ros/ouster-sensor-msgs' with build type 'ament_cmake'
[0.421s] INFO:colcon.colcon_cmake.task.cmake.build:Building CMake package in '/home/salaheldinm/Penguins/src/ouster-ros/ouster-sensor-msgs'
[0.424s] INFO:colcon.colcon_core.plugin_system:Skipping extension 'colcon_core.shell.bat': Not used on non-Windows systems
[0.424s] INFO:colcon.colcon_core.shell:Skip shell extension 'powershell' for command environment: Not usable outside of PowerShell
[0.424s] DEBUG:colcon.colcon_core.shell:Skip shell extension 'dsv' for command environment
[0.435s] INFO:colcon.colcon_ros.task.ament_cmake.build:Building ROS package in '/home/salaheldinm/Penguins/src/slam_toolbox-foxy-devel' with build type 'ament_cmake'
[0.436s] INFO:colcon.colcon_cmake.task.cmake.build:Building CMake package in '/home/salaheldinm/Penguins/src/slam_toolbox-foxy-devel'
[0.437s] INFO:colcon.colcon_core.shell:Skip shell extension 'powershell' for command environment: Not usable outside of PowerShell
[0.437s] DEBUG:colcon.colcon_core.shell:Skip shell extension 'dsv' for command environment
[0.444s] INFO:colcon.colcon_ros.task.ament_python.build:Building ROS package in '/home/salaheldinm/Penguins/src/fake_odometry_publisher/fake_odometry_publisher' with build type 'ament_python'
[0.445s] Level 1:colcon.colcon_core.shell:create_environment_hook('fake_odometry_publisher', 'ament_prefix_path')
[0.446s] INFO:colcon.colcon_core.shell:Creating environment hook '/home/salaheldinm/Penguins/install/fake_odometry_publisher/share/fake_odometry_publisher/hook/ament_prefix_path.ps1'
[0.448s] INFO:colcon.colcon_core.shell:Creating environment descriptor '/home/salaheldinm/Penguins/install/fake_odometry_publisher/share/fake_odometry_publisher/hook/ament_prefix_path.dsv'
[0.449s] INFO:colcon.colcon_core.shell:Creating environment hook '/home/salaheldinm/Penguins/install/fake_odometry_publisher/share/fake_odometry_publisher/hook/ament_prefix_path.sh'
[0.451s] INFO:colcon.colcon_core.shell:Skip shell extension 'powershell' for command environment: Not usable outside of PowerShell
[0.451s] DEBUG:colcon.colcon_core.shell:Skip shell extension 'dsv' for command environment
[0.462s] INFO:colcon.colcon_ros.task.ament_cmake.build:Building ROS package in '/home/salaheldinm/Penguins/src/my_cpp_package' with build type 'ament_cmake'
[0.463s] INFO:colcon.colcon_cmake.task.cmake.build:Building CMake package in '/home/salaheldinm/Penguins/src/my_cpp_package'
[0.463s] INFO:colcon.colcon_core.shell:Skip shell extension 'powershell' for command environment: Not usable outside of PowerShell
[0.463s] DEBUG:colcon.colcon_core.shell:Skip shell extension 'dsv' for command environment
[0.470s] INFO:colcon.colcon_ros.task.ament_cmake.build:Building ROS package in '/home/salaheldinm/Penguins/src/rf2o_laser_odometry' with build type 'ament_cmake'
[0.471s] INFO:colcon.colcon_cmake.task.cmake.build:Building CMake package in '/home/salaheldinm/Penguins/src/rf2o_laser_odometry'
[0.472s] INFO:colcon.colcon_core.shell:Skip shell extension 'powershell' for command environment: Not usable outside of PowerShell
[0.472s] DEBUG:colcon.colcon_core.shell:Skip shell extension 'dsv' for command environment
[0.501s] DEBUG:colcon.colcon_core.event_handler.log_command:Invoking command in '/home/salaheldinm/Penguins/build/ouster_sensor_msgs': CMAKE_PREFIX_PATH=${CMAKE_PREFIX_PATH}:/home/salaheldinm/Penguins/install/fake_odometry_publisher:/opt/ros/foxy /usr/bin/cmake --build /home/salaheldinm/Penguins/build/ouster_sensor_msgs -- -j16 -l16
[0.509s] DEBUG:colcon.colcon_core.event_handler.log_command:Invoking command in '/home/salaheldinm/Penguins/build/slam_toolbox': CMAKE_PREFIX_PATH=${CMAKE_PREFIX_PATH}:/home/salaheldinm/Penguins/install/fake_odometry_publisher:/opt/ros/foxy /usr/bin/cmake --build /home/salaheldinm/Penguins/build/slam_toolbox -- -j16 -l16
[0.758s] INFO:colcon.colcon_core.task.python.build:Building Python package in '/home/salaheldinm/Penguins/src/fake_odometry_publisher/fake_odometry_publisher'
[0.759s] INFO:colcon.colcon_core.shell:Skip shell extension 'powershell' for command environment: Not usable outside of PowerShell
[0.759s] DEBUG:colcon.colcon_core.shell:Skip shell extension 'dsv' for command environment
[0.770s] DEBUG:colcon.colcon_core.event_handler.log_command:Invoking command in '/home/salaheldinm/Penguins/build/my_cpp_package': CMAKE_PREFIX_PATH=${CMAKE_PREFIX_PATH}:/home/salaheldinm/Penguins/install/fake_odometry_publisher:/opt/ros/foxy /usr/bin/cmake --build /home/salaheldinm/Penguins/build/my_cpp_package -- -j16 -l16
[0.777s] DEBUG:colcon.colcon_core.event_handler.log_command:Invoking command in '/home/salaheldinm/Penguins/build/rf2o_laser_odometry': CMAKE_PREFIX_PATH=${CMAKE_PREFIX_PATH}:/home/salaheldinm/Penguins/install/fake_odometry_publisher:/opt/ros/foxy /usr/bin/cmake --build /home/salaheldinm/Penguins/build/rf2o_laser_odometry -- -j16 -l16
[0.849s] DEBUG:colcon.colcon_core.event_handler.log_command:Invoked command in '/home/salaheldinm/Penguins/build/ouster_sensor_msgs' returned '0': CMAKE_PREFIX_PATH=${CMAKE_PREFIX_PATH}:/home/salaheldinm/Penguins/install/fake_odometry_publisher:/opt/ros/foxy /usr/bin/cmake --build /home/salaheldinm/Penguins/build/ouster_sensor_msgs -- -j16 -l16
[0.889s] DEBUG:colcon.colcon_core.event_handler.log_command:Invoked command in '/home/salaheldinm/Penguins/build/rf2o_laser_odometry' returned '0': CMAKE_PREFIX_PATH=${CMAKE_PREFIX_PATH}:/home/salaheldinm/Penguins/install/fake_odometry_publisher:/opt/ros/foxy /usr/bin/cmake --build /home/salaheldinm/Penguins/build/rf2o_laser_odometry -- -j16 -l16
[0.946s] DEBUG:colcon.colcon_core.event_handler.log_command:Invoking command in '/home/salaheldinm/Penguins/build/rf2o_laser_odometry': CMAKE_PREFIX_PATH=${CMAKE_PREFIX_PATH}:/home/salaheldinm/Penguins/install/fake_odometry_publisher:/opt/ros/foxy /usr/bin/cmake --install /home/salaheldinm/Penguins/build/rf2o_laser_odometry
[0.963s] Level 1:colcon.colcon_core.environment:create_environment_scripts_only(rf2o_laser_odometry)
[0.964s] DEBUG:colcon.colcon_core.event_handler.log_command:Invoked command in '/home/salaheldinm/Penguins/build/rf2o_laser_odometry' returned '0': CMAKE_PREFIX_PATH=${CMAKE_PREFIX_PATH}:/home/salaheldinm/Penguins/install/fake_odometry_publisher:/opt/ros/foxy /usr/bin/cmake --install /home/salaheldinm/Penguins/build/rf2o_laser_odometry
[0.967s] Level 1:colcon.colcon_core.environment:checking '/home/salaheldinm/Penguins/install/rf2o_laser_odometry' for CMake module files
[0.968s] Level 1:colcon.colcon_core.environment:checking '/home/salaheldinm/Penguins/install/rf2o_laser_odometry' for CMake config files
[0.968s] Level 1:colcon.colcon_core.shell:create_environment_hook('rf2o_laser_odometry', 'cmake_prefix_path')
[0.969s] INFO:colcon.colcon_core.shell:Creating environment hook '/home/salaheldinm/Penguins/install/rf2o_laser_odometry/share/rf2o_laser_odometry/hook/cmake_prefix_path.ps1'
[0.970s] INFO:colcon.colcon_core.shell:Creating environment descriptor '/home/salaheldinm/Penguins/install/rf2o_laser_odometry/share/rf2o_laser_odometry/hook/cmake_prefix_path.dsv'
[0.970s] INFO:colcon.colcon_core.shell:Creating environment hook '/home/salaheldinm/Penguins/install/rf2o_laser_odometry/share/rf2o_laser_odometry/hook/cmake_prefix_path.sh'
[0.971s] Level 1:colcon.colcon_core.environment:checking '/home/salaheldinm/Penguins/install/rf2o_laser_odometry/lib'
[0.972s] Level 1:colcon.colcon_core.environment:checking '/home/salaheldinm/Penguins/install/rf2o_laser_odometry/bin'
[0.972s] Level 1:colcon.colcon_core.environment:checking '/home/salaheldinm/Penguins/install/rf2o_laser_odometry/lib/pkgconfig/rf2o_laser_odometry.pc'
[0.972s] Level 1:colcon.colcon_core.environment:checking '/home/salaheldinm/Penguins/install/rf2o_laser_odometry/lib/python3.8/site-packages'
[0.972s] Level 1:colcon.colcon_core.environment:checking '/home/salaheldinm/Penguins/install/rf2o_laser_odometry/bin'
[0.973s] INFO:colcon.colcon_core.shell:Creating package script '/home/salaheldinm/Penguins/install/rf2o_laser_odometry/share/rf2o_laser_odometry/package.ps1'
[0.974s] INFO:colcon.colcon_core.shell:Creating package descriptor '/home/salaheldinm/Penguins/install/rf2o_laser_odometry/share/rf2o_laser_odometry/package.dsv'
[0.974s] INFO:colcon.colcon_core.shell:Creating package script '/home/salaheldinm/Penguins/install/rf2o_laser_odometry/share/rf2o_laser_odometry/package.sh'
[0.975s] INFO:colcon.colcon_core.shell:Creating package script '/home/salaheldinm/Penguins/install/rf2o_laser_odometry/share/rf2o_laser_odometry/package.bash'
[0.975s] INFO:colcon.colcon_core.shell:Creating package script '/home/salaheldinm/Penguins/install/rf2o_laser_odometry/share/rf2o_laser_odometry/package.zsh'
[0.976s] Level 1:colcon.colcon_core.environment:create_file_with_runtime_dependencies(/home/salaheldinm/Penguins/install/rf2o_laser_odometry/share/colcon-core/packages/rf2o_laser_odometry)
[0.983s] DEBUG:colcon.colcon_core.event_handler.log_command:Invoking command in '/home/salaheldinm/Penguins/build/ouster_sensor_msgs': CMAKE_PREFIX_PATH=${CMAKE_PREFIX_PATH}:/home/salaheldinm/Penguins/install/fake_odometry_publisher:/opt/ros/foxy /usr/bin/cmake --install /home/salaheldinm/Penguins/build/ouster_sensor_msgs
[0.986s] DEBUG:colcon.colcon_core.event_handler.log_command:Invoked command in '/home/salaheldinm/Penguins/build/slam_toolbox' returned '0': CMAKE_PREFIX_PATH=${CMAKE_PREFIX_PATH}:/home/salaheldinm/Penguins/install/fake_odometry_publisher:/opt/ros/foxy /usr/bin/cmake --build /home/salaheldinm/Penguins/build/slam_toolbox -- -j16 -l16
[1.016s] Level 1:colcon.colcon_core.environment:create_environment_scripts_only(rf2o_laser_odometry)
[1.017s] Level 1:colcon.colcon_core.environment:checking '/home/salaheldinm/Penguins/install/rf2o_laser_odometry' for CMake module files
[1.018s] Level 1:colcon.colcon_core.environment:checking '/home/salaheldinm/Penguins/install/rf2o_laser_odometry' for CMake config files
[1.018s] Level 1:colcon.colcon_core.shell:create_environment_hook('rf2o_laser_odometry', 'cmake_prefix_path')
[1.019s] INFO:colcon.colcon_core.shell:Creating environment hook '/home/salaheldinm/Penguins/install/rf2o_laser_odometry/share/rf2o_laser_odometry/hook/cmake_prefix_path.ps1'
[1.020s] INFO:colcon.colcon_core.shell:Creating environment descriptor '/home/salaheldinm/Penguins/install/rf2o_laser_odometry/share/rf2o_laser_odometry/hook/cmake_prefix_path.dsv'
[1.021s] INFO:colcon.colcon_core.shell:Creating environment hook '/home/salaheldinm/Penguins/install/rf2o_laser_odometry/share/rf2o_laser_odometry/hook/cmake_prefix_path.sh'
[1.022s] Level 1:colcon.colcon_core.environment:checking '/home/salaheldinm/Penguins/install/rf2o_laser_odometry/lib'
[1.022s] Level 1:colcon.colcon_core.environment:checking '/home/salaheldinm/Penguins/install/rf2o_laser_odometry/bin'
[1.023s] Level 1:colcon.colcon_core.environment:checking '/home/salaheldinm/Penguins/install/rf2o_laser_odometry/lib/pkgconfig/rf2o_laser_odometry.pc'
[1.023s] Level 1:colcon.colcon_core.environment:checking '/home/salaheldinm/Penguins/install/rf2o_laser_odometry/lib/python3.8/site-packages'
[1.023s] Level 1:colcon.colcon_core.environment:checking '/home/salaheldinm/Penguins/install/rf2o_laser_odometry/bin'
[1.024s] INFO:colcon.colcon_core.shell:Creating package script '/home/salaheldinm/Penguins/install/rf2o_laser_odometry/share/rf2o_laser_odometry/package.ps1'
[1.024s] INFO:colcon.colcon_core.shell:Creating package descriptor '/home/salaheldinm/Penguins/install/rf2o_laser_odometry/share/rf2o_laser_odometry/package.dsv'
[1.025s] INFO:colcon.colcon_core.shell:Creating package script '/home/salaheldinm/Penguins/install/rf2o_laser_odometry/share/rf2o_laser_odometry/package.sh'
[1.025s] INFO:colcon.colcon_core.shell:Creating package script '/home/salaheldinm/Penguins/install/rf2o_laser_odometry/share/rf2o_laser_odometry/package.bash'
[1.026s] INFO:colcon.colcon_core.shell:Creating package script '/home/salaheldinm/Penguins/install/rf2o_laser_odometry/share/rf2o_laser_odometry/package.zsh'
[1.026s] Level 1:colcon.colcon_core.environment:create_file_with_runtime_dependencies(/home/salaheldinm/Penguins/install/rf2o_laser_odometry/share/colcon-core/packages/rf2o_laser_odometry)
[1.061s] Level 1:colcon.colcon_core.environment:create_environment_scripts_only(ouster_sensor_msgs)
[1.061s] Level 1:colcon.colcon_core.environment:checking '/home/salaheldinm/Penguins/install/ouster_sensor_msgs' for CMake module files
[1.062s] DEBUG:colcon.colcon_core.event_handler.log_command:Invoked command in '/home/salaheldinm/Penguins/build/ouster_sensor_msgs' returned '0': CMAKE_PREFIX_PATH=${CMAKE_PREFIX_PATH}:/home/salaheldinm/Penguins/install/fake_odometry_publisher:/opt/ros/foxy /usr/bin/cmake --install /home/salaheldinm/Penguins/build/ouster_sensor_msgs
[1.063s] Level 1:colcon.colcon_core.environment:checking '/home/salaheldinm/Penguins/install/ouster_sensor_msgs' for CMake config files
[1.064s] Level 1:colcon.colcon_core.shell:create_environment_hook('ouster_sensor_msgs', 'cmake_prefix_path')
[1.064s] INFO:colcon.colcon_core.shell:Creating environment hook '/home/salaheldinm/Penguins/install/ouster_sensor_msgs/share/ouster_sensor_msgs/hook/cmake_prefix_path.ps1'
[1.065s] INFO:colcon.colcon_core.shell:Creating environment descriptor '/home/salaheldinm/Penguins/install/ouster_sensor_msgs/share/ouster_sensor_msgs/hook/cmake_prefix_path.dsv'
[1.065s] INFO:colcon.colcon_core.shell:Creating environment hook '/home/salaheldinm/Penguins/install/ouster_sensor_msgs/share/ouster_sensor_msgs/hook/cmake_prefix_path.sh'
[1.066s] Level 1:colcon.colcon_core.environment:checking '/home/salaheldinm/Penguins/install/ouster_sensor_msgs/lib'
[1.066s] Level 1:colcon.colcon_core.shell:create_environment_hook('ouster_sensor_msgs', 'ld_library_path_lib')
[1.067s] INFO:colcon.colcon_core.shell:Creating environment hook '/home/salaheldinm/Penguins/install/ouster_sensor_msgs/share/ouster_sensor_msgs/hook/ld_library_path_lib.ps1'
[1.067s] INFO:colcon.colcon_core.shell:Creating environment descriptor '/home/salaheldinm/Penguins/install/ouster_sensor_msgs/share/ouster_sensor_msgs/hook/ld_library_path_lib.dsv'
[1.068s] INFO:colcon.colcon_core.shell:Creating environment hook '/home/salaheldinm/Penguins/install/ouster_sensor_msgs/share/ouster_sensor_msgs/hook/ld_library_path_lib.sh'
[1.068s] Level 1:colcon.colcon_core.environment:checking '/home/salaheldinm/Penguins/install/ouster_sensor_msgs/bin'
[1.069s] Level 1:colcon.colcon_core.environment:checking '/home/salaheldinm/Penguins/install/ouster_sensor_msgs/lib/pkgconfig/ouster_sensor_msgs.pc'
[1.069s] Level 1:colcon.colcon_core.environment:checking '/home/salaheldinm/Penguins/install/ouster_sensor_msgs/lib/python3.8/site-packages'
[1.069s] Level 1:colcon.colcon_core.shell:create_environment_hook('ouster_sensor_msgs', 'pythonpath')
[1.069s] INFO:colcon.colcon_core.shell:Creating environment hook '/home/salaheldinm/Penguins/install/ouster_sensor_msgs/share/ouster_sensor_msgs/hook/pythonpath.ps1'
[1.070s] INFO:colcon.colcon_core.shell:Creating environment descriptor '/home/salaheldinm/Penguins/install/ouster_sensor_msgs/share/ouster_sensor_msgs/hook/pythonpath.dsv'
[1.070s] INFO:colcon.colcon_core.shell:Creating environment hook '/home/salaheldinm/Penguins/install/ouster_sensor_msgs/share/ouster_sensor_msgs/hook/pythonpath.sh'
[1.071s] Level 1:colcon.colcon_core.environment:checking '/home/salaheldinm/Penguins/install/ouster_sensor_msgs/bin'
[1.072s] INFO:colcon.colcon_core.shell:Creating package script '/home/salaheldinm/Penguins/install/ouster_sensor_msgs/share/ouster_sensor_msgs/package.ps1'
[1.073s] INFO:colcon.colcon_core.shell:Creating package descriptor '/home/salaheldinm/Penguins/install/ouster_sensor_msgs/share/ouster_sensor_msgs/package.dsv'
[1.073s] INFO:colcon.colcon_core.shell:Creating package script '/home/salaheldinm/Penguins/install/ouster_sensor_msgs/share/ouster_sensor_msgs/package.sh'
[1.074s] INFO:colcon.colcon_core.shell:Creating package script '/home/salaheldinm/Penguins/install/ouster_sensor_msgs/share/ouster_sensor_msgs/package.bash'
[1.075s] INFO:colcon.colcon_core.shell:Creating package script '/home/salaheldinm/Penguins/install/ouster_sensor_msgs/share/ouster_sensor_msgs/package.zsh'
[1.075s] Level 1:colcon.colcon_core.environment:create_file_with_runtime_dependencies(/home/salaheldinm/Penguins/install/ouster_sensor_msgs/share/colcon-core/packages/ouster_sensor_msgs)
[1.182s] DEBUG:colcon.colcon_core.event_handler.log_command:Invoking command in '/home/salaheldinm/Penguins/src/fake_odometry_publisher/fake_odometry_publisher': PYTHONPATH=/home/salaheldinm/Penguins/build/fake_odometry_publisher/prefix_override:/home/salaheldinm/Penguins/install/fake_odometry_publisher/lib/python3.8/site-packages:${PYTHONPATH} /usr/bin/python3 -W ignore:setup.py install is deprecated setup.py egg_info --egg-base ../../../build/fake_odometry_publisher build --build-base /home/salaheldinm/Penguins/build/fake_odometry_publisher/build install --record /home/salaheldinm/Penguins/build/fake_odometry_publisher/install.log --single-version-externally-managed install_data
[1.217s] Level 1:colcon.colcon_core.environment:create_environment_scripts_only(ouster_sensor_msgs)
[1.217s] Level 1:colcon.colcon_core.environment:checking '/home/salaheldinm/Penguins/install/ouster_sensor_msgs' for CMake module files
[1.218s] Level 1:colcon.colcon_core.environment:checking '/home/salaheldinm/Penguins/install/ouster_sensor_msgs' for CMake config files
[1.219s] Level 1:colcon.colcon_core.shell:create_environment_hook('ouster_sensor_msgs', 'cmake_prefix_path')
[1.219s] INFO:colcon.colcon_core.shell:Creating environment hook '/home/salaheldinm/Penguins/install/ouster_sensor_msgs/share/ouster_sensor_msgs/hook/cmake_prefix_path.ps1'
[1.220s] INFO:colcon.colcon_core.shell:Creating environment descriptor '/home/salaheldinm/Penguins/install/ouster_sensor_msgs/share/ouster_sensor_msgs/hook/cmake_prefix_path.dsv'
[1.221s] INFO:colcon.colcon_core.shell:Creating environment hook '/home/salaheldinm/Penguins/install/ouster_sensor_msgs/share/ouster_sensor_msgs/hook/cmake_prefix_path.sh'
[1.222s] Level 1:colcon.colcon_core.environment:checking '/home/salaheldinm/Penguins/install/ouster_sensor_msgs/lib'
[1.222s] Level 1:colcon.colcon_core.shell:create_environment_hook('ouster_sensor_msgs', 'ld_library_path_lib')
[1.222s] INFO:colcon.colcon_core.shell:Creating environment hook '/home/salaheldinm/Penguins/install/ouster_sensor_msgs/share/ouster_sensor_msgs/hook/ld_library_path_lib.ps1'
[1.223s] INFO:colcon.colcon_core.shell:Creating environment descriptor '/home/salaheldinm/Penguins/install/ouster_sensor_msgs/share/ouster_sensor_msgs/hook/ld_library_path_lib.dsv'
[1.224s] INFO:colcon.colcon_core.shell:Creating environment hook '/home/salaheldinm/Penguins/install/ouster_sensor_msgs/share/ouster_sensor_msgs/hook/ld_library_path_lib.sh'
[1.224s] Level 1:colcon.colcon_core.environment:checking '/home/salaheldinm/Penguins/install/ouster_sensor_msgs/bin'
[1.224s] Level 1:colcon.colcon_core.environment:checking '/home/salaheldinm/Penguins/install/ouster_sensor_msgs/lib/pkgconfig/ouster_sensor_msgs.pc'
[1.225s] Level 1:colcon.colcon_core.environment:checking '/home/salaheldinm/Penguins/install/ouster_sensor_msgs/lib/python3.8/site-packages'
[1.225s] Level 1:colcon.colcon_core.shell:create_environment_hook('ouster_sensor_msgs', 'pythonpath')
[1.225s] INFO:colcon.colcon_core.shell:Creating environment hook '/home/salaheldinm/Penguins/install/ouster_sensor_msgs/share/ouster_sensor_msgs/hook/pythonpath.ps1'
[1.226s] INFO:colcon.colcon_core.shell:Creating environment descriptor '/home/salaheldinm/Penguins/install/ouster_sensor_msgs/share/ouster_sensor_msgs/hook/pythonpath.dsv'
[1.226s] INFO:colcon.colcon_core.shell:Creating environment hook '/home/salaheldinm/Penguins/install/ouster_sensor_msgs/share/ouster_sensor_msgs/hook/pythonpath.sh'
[1.227s] Level 1:colcon.colcon_core.environment:checking '/home/salaheldinm/Penguins/install/ouster_sensor_msgs/bin'
[1.227s] INFO:colcon.colcon_core.shell:Creating package script '/home/salaheldinm/Penguins/install/ouster_sensor_msgs/share/ouster_sensor_msgs/package.ps1'
[1.228s] INFO:colcon.colcon_core.shell:Creating package descriptor '/home/salaheldinm/Penguins/install/ouster_sensor_msgs/share/ouster_sensor_msgs/package.dsv'
[1.228s] INFO:colcon.colcon_core.shell:Creating package script '/home/salaheldinm/Penguins/install/ouster_sensor_msgs/share/ouster_sensor_msgs/package.sh'
[1.229s] INFO:colcon.colcon_core.shell:Creating package script '/home/salaheldinm/Penguins/install/ouster_sensor_msgs/share/ouster_sensor_msgs/package.bash'
[1.229s] INFO:colcon.colcon_core.shell:Creating package script '/home/salaheldinm/Penguins/install/ouster_sensor_msgs/share/ouster_sensor_msgs/package.zsh'
[1.229s] Level 1:colcon.colcon_core.environment:create_file_with_runtime_dependencies(/home/salaheldinm/Penguins/install/ouster_sensor_msgs/share/colcon-core/packages/ouster_sensor_msgs)
[1.229s] INFO:colcon.colcon_ros.task.ament_cmake.build:Building ROS package in '/home/salaheldinm/Penguins/src/ouster-ros/ouster-ros' with build type 'ament_cmake'
[1.230s] INFO:colcon.colcon_cmake.task.cmake.build:Building CMake package in '/home/salaheldinm/Penguins/src/ouster-ros/ouster-ros'
[1.230s] INFO:colcon.colcon_core.shell:Skip shell extension 'powershell' for command environment: Not usable outside of PowerShell
[1.230s] DEBUG:colcon.colcon_core.shell:Skip shell extension 'dsv' for command environment
[1.247s] DEBUG:colcon.colcon_core.event_handler.log_command:Invoking command in '/home/salaheldinm/Penguins/build/ouster_ros': CMAKE_PREFIX_PATH=/home/salaheldinm/Penguins/install/ouster_sensor_msgs:/home/salaheldinm/Penguins/install/nav2_bringup:/home/salaheldinm/Penguins/install/slam_toolbox:/home/salaheldinm/Penguins/install/rf2o_laser_odometry:/home/salaheldinm/Penguins/install/ouster_ros:/home/salaheldinm/Penguins/install/my_cpp_package:/home/salaheldinm/Penguins/install/fake_odometry_publisher:/opt/ros/foxy LD_LIBRARY_PATH=/home/salaheldinm/Penguins/install/ouster_sensor_msgs/lib:/home/salaheldinm/Penguins/install/slam_toolbox/lib:/home/salaheldinm/Penguins/install/ouster_ros/lib:/usr/lib/x86_64-linux-gnu/gazebo-11/plugins:/opt/ros/foxy/opt/yaml_cpp_vendor/lib:/opt/ros/foxy/opt/rviz_ogre_vendor/lib:/opt/ros/foxy/lib/x86_64-linux-gnu:/opt/ros/foxy/lib PYTHONPATH=/home/salaheldinm/Penguins/install/ouster_sensor_msgs/lib/python3.8/site-packages:/home/salaheldinm/Penguins/install/slam_toolbox/lib/python3.8/site-packages:/home/salaheldinm/Penguins/install/fake_odometry_publisher/lib/python3.8/site-packages:/opt/ros/foxy/lib/python3.8/site-packages /usr/bin/cmake --build /home/salaheldinm/Penguins/build/ouster_ros -- -j16 -l16
[1.275s] DEBUG:colcon.colcon_core.event_handler.log_command:Invoking command in '/home/salaheldinm/Penguins/build/slam_toolbox': CMAKE_PREFIX_PATH=${CMAKE_PREFIX_PATH}:/home/salaheldinm/Penguins/install/fake_odometry_publisher:/opt/ros/foxy /usr/bin/cmake --install /home/salaheldinm/Penguins/build/slam_toolbox
[1.359s] Level 1:colcon.colcon_core.environment:create_environment_scripts_only(slam_toolbox)
[1.360s] Level 1:colcon.colcon_core.environment:checking '/home/salaheldinm/Penguins/install/slam_toolbox' for CMake module files
[1.361s] Level 1:colcon.colcon_core.environment:checking '/home/salaheldinm/Penguins/install/slam_toolbox' for CMake config files
[1.362s] Level 1:colcon.colcon_core.shell:create_environment_hook('slam_toolbox', 'cmake_prefix_path')
[1.362s] INFO:colcon.colcon_core.shell:Creating environment hook '/home/salaheldinm/Penguins/install/slam_toolbox/share/slam_toolbox/hook/cmake_prefix_path.ps1'
[1.362s] INFO:colcon.colcon_core.shell:Creating environment descriptor '/home/salaheldinm/Penguins/install/slam_toolbox/share/slam_toolbox/hook/cmake_prefix_path.dsv'
[1.363s] INFO:colcon.colcon_core.shell:Creating environment hook '/home/salaheldinm/Penguins/install/slam_toolbox/share/slam_toolbox/hook/cmake_prefix_path.sh'
[1.364s] Level 1:colcon.colcon_core.environment:checking '/home/salaheldinm/Penguins/install/slam_toolbox/lib'
[1.364s] Level 1:colcon.colcon_core.shell:create_environment_hook('slam_toolbox', 'ld_library_path_lib')
[1.364s] INFO:colcon.colcon_core.shell:Creating environment hook '/home/salaheldinm/Penguins/install/slam_toolbox/share/slam_toolbox/hook/ld_library_path_lib.ps1'
[1.365s] INFO:colcon.colcon_core.shell:Creating environment descriptor '/home/salaheldinm/Penguins/install/slam_toolbox/share/slam_toolbox/hook/ld_library_path_lib.dsv'
[1.366s] INFO:colcon.colcon_core.shell:Creating environment hook '/home/salaheldinm/Penguins/install/slam_toolbox/share/slam_toolbox/hook/ld_library_path_lib.sh'
[1.368s] Level 1:colcon.colcon_core.environment:checking '/home/salaheldinm/Penguins/install/slam_toolbox/bin'
[1.369s] Level 1:colcon.colcon_core.environment:checking '/home/salaheldinm/Penguins/install/slam_toolbox/lib/pkgconfig/slam_toolbox.pc'
[1.370s] Level 1:colcon.colcon_core.environment:checking '/home/salaheldinm/Penguins/install/slam_toolbox/lib/python3.8/site-packages'
[1.370s] Level 1:colcon.colcon_core.shell:create_environment_hook('slam_toolbox', 'pythonpath')
[1.371s] INFO:colcon.colcon_core.shell:Creating environment hook '/home/salaheldinm/Penguins/install/slam_toolbox/share/slam_toolbox/hook/pythonpath.ps1'
[1.372s] DEBUG:colcon.colcon_core.event_handler.log_command:Invoked command in '/home/salaheldinm/Penguins/build/slam_toolbox' returned '0': CMAKE_PREFIX_PATH=${CMAKE_PREFIX_PATH}:/home/salaheldinm/Penguins/install/fake_odometry_publisher:/opt/ros/foxy /usr/bin/cmake --install /home/salaheldinm/Penguins/build/slam_toolbox
[1.372s] INFO:colcon.colcon_core.shell:Creating environment descriptor '/home/salaheldinm/Penguins/install/slam_toolbox/share/slam_toolbox/hook/pythonpath.dsv'
[1.373s] INFO:colcon.colcon_core.shell:Creating environment hook '/home/salaheldinm/Penguins/install/slam_toolbox/share/slam_toolbox/hook/pythonpath.sh'
[1.374s] Level 1:colcon.colcon_core.environment:checking '/home/salaheldinm/Penguins/install/slam_toolbox/bin'
[1.374s] INFO:colcon.colcon_core.shell:Creating package script '/home/salaheldinm/Penguins/install/slam_toolbox/share/slam_toolbox/package.ps1'
[1.375s] INFO:colcon.colcon_core.shell:Creating package descriptor '/home/salaheldinm/Penguins/install/slam_toolbox/share/slam_toolbox/package.dsv'
[1.376s] INFO:colcon.colcon_core.shell:Creating package script '/home/salaheldinm/Penguins/install/slam_toolbox/share/slam_toolbox/package.sh'
[1.376s] INFO:colcon.colcon_core.shell:Creating package script '/home/salaheldinm/Penguins/install/slam_toolbox/share/slam_toolbox/package.bash'
[1.377s] INFO:colcon.colcon_core.shell:Creating package script '/home/salaheldinm/Penguins/install/slam_toolbox/share/slam_toolbox/package.zsh'
[1.377s] Level 1:colcon.colcon_core.environment:create_file_with_runtime_dependencies(/home/salaheldinm/Penguins/install/slam_toolbox/share/colcon-core/packages/slam_toolbox)
[1.472s] Level 1:colcon.colcon_core.environment:checking '/home/salaheldinm/Penguins/install/fake_odometry_publisher' for CMake module files
[1.472s] DEBUG:colcon.colcon_core.event_handler.log_command:Invoked command in '/home/salaheldinm/Penguins/src/fake_odometry_publisher/fake_odometry_publisher' returned '0': PYTHONPATH=/home/salaheldinm/Penguins/build/fake_odometry_publisher/prefix_override:/home/salaheldinm/Penguins/install/fake_odometry_publisher/lib/python3.8/site-packages:${PYTHONPATH} /usr/bin/python3 -W ignore:setup.py install is deprecated setup.py egg_info --egg-base ../../../build/fake_odometry_publisher build --build-base /home/salaheldinm/Penguins/build/fake_odometry_publisher/build install --record /home/salaheldinm/Penguins/build/fake_odometry_publisher/install.log --single-version-externally-managed install_data
[1.473s] Level 1:colcon.colcon_core.environment:checking '/home/salaheldinm/Penguins/install/fake_odometry_publisher' for CMake config files
[1.473s] Level 1:colcon.colcon_core.environment:checking '/home/salaheldinm/Penguins/install/fake_odometry_publisher/lib'
[1.473s] Level 1:colcon.colcon_core.environment:checking '/home/salaheldinm/Penguins/install/fake_odometry_publisher/bin'
[1.473s] Level 1:colcon.colcon_core.environment:checking '/home/salaheldinm/Penguins/install/fake_odometry_publisher/lib/pkgconfig/fake_odometry_publisher.pc'
[1.473s] Level 1:colcon.colcon_core.environment:checking '/home/salaheldinm/Penguins/install/fake_odometry_publisher/lib/python3.8/site-packages'
[1.473s] Level 1:colcon.colcon_core.shell:create_environment_hook('fake_odometry_publisher', 'pythonpath')
[1.474s] INFO:colcon.colcon_core.shell:Creating environment hook '/home/salaheldinm/Penguins/install/fake_odometry_publisher/share/fake_odometry_publisher/hook/pythonpath.ps1'
[1.474s] INFO:colcon.colcon_core.shell:Creating environment descriptor '/home/salaheldinm/Penguins/install/fake_odometry_publisher/share/fake_odometry_publisher/hook/pythonpath.dsv'
[1.474s] INFO:colcon.colcon_core.shell:Creating environment hook '/home/salaheldinm/Penguins/install/fake_odometry_publisher/share/fake_odometry_publisher/hook/pythonpath.sh'
[1.475s] Level 1:colcon.colcon_core.environment:checking '/home/salaheldinm/Penguins/install/fake_odometry_publisher/bin'
[1.475s] Level 1:colcon.colcon_core.environment:create_environment_scripts_only(fake_odometry_publisher)
[1.476s] INFO:colcon.colcon_core.shell:Creating package script '/home/salaheldinm/Penguins/install/fake_odometry_publisher/share/fake_odometry_publisher/package.ps1'
[1.477s] INFO:colcon.colcon_core.shell:Creating package descriptor '/home/salaheldinm/Penguins/install/fake_odometry_publisher/share/fake_odometry_publisher/package.dsv'
[1.477s] INFO:colcon.colcon_core.shell:Creating package script '/home/salaheldinm/Penguins/install/fake_odometry_publisher/share/fake_odometry_publisher/package.sh'
[1.478s] INFO:colcon.colcon_core.shell:Creating package script '/home/salaheldinm/Penguins/install/fake_odometry_publisher/share/fake_odometry_publisher/package.bash'
[1.479s] INFO:colcon.colcon_core.shell:Creating package script '/home/salaheldinm/Penguins/install/fake_odometry_publisher/share/fake_odometry_publisher/package.zsh'
[1.479s] Level 1:colcon.colcon_core.environment:create_file_with_runtime_dependencies(/home/salaheldinm/Penguins/install/fake_odometry_publisher/share/colcon-core/packages/fake_odometry_publisher)
[1.548s] DEBUG:colcon.colcon_core.event_handler.log_command:Invoked command in '/home/salaheldinm/Penguins/build/ouster_ros' returned '0': CMAKE_PREFIX_PATH=/home/salaheldinm/Penguins/install/ouster_sensor_msgs:/home/salaheldinm/Penguins/install/nav2_bringup:/home/salaheldinm/Penguins/install/slam_toolbox:/home/salaheldinm/Penguins/install/rf2o_laser_odometry:/home/salaheldinm/Penguins/install/ouster_ros:/home/salaheldinm/Penguins/install/my_cpp_package:/home/salaheldinm/Penguins/install/fake_odometry_publisher:/opt/ros/foxy LD_LIBRARY_PATH=/home/salaheldinm/Penguins/install/ouster_sensor_msgs/lib:/home/salaheldinm/Penguins/install/slam_toolbox/lib:/home/salaheldinm/Penguins/install/ouster_ros/lib:/usr/lib/x86_64-linux-gnu/gazebo-11/plugins:/opt/ros/foxy/opt/yaml_cpp_vendor/lib:/opt/ros/foxy/opt/rviz_ogre_vendor/lib:/opt/ros/foxy/lib/x86_64-linux-gnu:/opt/ros/foxy/lib PYTHONPATH=/home/salaheldinm/Penguins/install/ouster_sensor_msgs/lib/python3.8/site-packages:/home/salaheldinm/Penguins/install/slam_toolbox/lib/python3.8/site-packages:/home/salaheldinm/Penguins/install/fake_odometry_publisher/lib/python3.8/site-packages:/opt/ros/foxy/lib/python3.8/site-packages /usr/bin/cmake --build /home/salaheldinm/Penguins/build/ouster_ros -- -j16 -l16
[1.658s] DEBUG:colcon.colcon_core.event_handler.log_command:Invoking command in '/home/salaheldinm/Penguins/build/ouster_ros': CMAKE_PREFIX_PATH=/home/salaheldinm/Penguins/install/ouster_sensor_msgs:/home/salaheldinm/Penguins/install/nav2_bringup:/home/salaheldinm/Penguins/install/slam_toolbox:/home/salaheldinm/Penguins/install/rf2o_laser_odometry:/home/salaheldinm/Penguins/install/ouster_ros:/home/salaheldinm/Penguins/install/my_cpp_package:/home/salaheldinm/Penguins/install/fake_odometry_publisher:/opt/ros/foxy LD_LIBRARY_PATH=/home/salaheldinm/Penguins/install/ouster_sensor_msgs/lib:/home/salaheldinm/Penguins/install/slam_toolbox/lib:/home/salaheldinm/Penguins/install/ouster_ros/lib:/usr/lib/x86_64-linux-gnu/gazebo-11/plugins:/opt/ros/foxy/opt/yaml_cpp_vendor/lib:/opt/ros/foxy/opt/rviz_ogre_vendor/lib:/opt/ros/foxy/lib/x86_64-linux-gnu:/opt/ros/foxy/lib PYTHONPATH=/home/salaheldinm/Penguins/install/ouster_sensor_msgs/lib/python3.8/site-packages:/home/salaheldinm/Penguins/install/slam_toolbox/lib/python3.8/site-packages:/home/salaheldinm/Penguins/install/fake_odometry_publisher/lib/python3.8/site-packages:/opt/ros/foxy/lib/python3.8/site-packages /usr/bin/cmake --install /home/salaheldinm/Penguins/build/ouster_ros
[1.682s] Level 1:colcon.colcon_core.environment:create_environment_scripts_only(ouster_ros)
[1.683s] Level 1:colcon.colcon_core.environment:checking '/home/salaheldinm/Penguins/install/ouster_ros' for CMake module files
[1.689s] DEBUG:colcon.colcon_core.event_handler.log_command:Invoked command in '/home/salaheldinm/Penguins/build/ouster_ros' returned '0': CMAKE_PREFIX_PATH=/home/salaheldinm/Penguins/install/ouster_sensor_msgs:/home/salaheldinm/Penguins/install/nav2_bringup:/home/salaheldinm/Penguins/install/slam_toolbox:/home/salaheldinm/Penguins/install/rf2o_laser_odometry:/home/salaheldinm/Penguins/install/ouster_ros:/home/salaheldinm/Penguins/install/my_cpp_package:/home/salaheldinm/Penguins/install/fake_odometry_publisher:/opt/ros/foxy LD_LIBRARY_PATH=/home/salaheldinm/Penguins/install/ouster_sensor_msgs/lib:/home/salaheldinm/Penguins/install/slam_toolbox/lib:/home/salaheldinm/Penguins/install/ouster_ros/lib:/usr/lib/x86_64-linux-gnu/gazebo-11/plugins:/opt/ros/foxy/opt/yaml_cpp_vendor/lib:/opt/ros/foxy/opt/rviz_ogre_vendor/lib:/opt/ros/foxy/lib/x86_64-linux-gnu:/opt/ros/foxy/lib PYTHONPATH=/home/salaheldinm/Penguins/install/ouster_sensor_msgs/lib/python3.8/site-packages:/home/salaheldinm/Penguins/install/slam_toolbox/lib/python3.8/site-packages:/home/salaheldinm/Penguins/install/fake_odometry_publisher/lib/python3.8/site-packages:/opt/ros/foxy/lib/python3.8/site-packages /usr/bin/cmake --install /home/salaheldinm/Penguins/build/ouster_ros
[1.689s] Level 1:colcon.colcon_core.environment:checking '/home/salaheldinm/Penguins/install/ouster_ros' for CMake config files
[1.689s] Level 1:colcon.colcon_core.shell:create_environment_hook('ouster_ros', 'cmake_prefix_path')
[1.690s] INFO:colcon.colcon_core.shell:Creating environment hook '/home/salaheldinm/Penguins/install/ouster_ros/share/ouster_ros/hook/cmake_prefix_path.ps1'
[1.691s] INFO:colcon.colcon_core.shell:Creating environment descriptor '/home/salaheldinm/Penguins/install/ouster_ros/share/ouster_ros/hook/cmake_prefix_path.dsv'
[1.691s] INFO:colcon.colcon_core.shell:Creating environment hook '/home/salaheldinm/Penguins/install/ouster_ros/share/ouster_ros/hook/cmake_prefix_path.sh'
[1.692s] Level 1:colcon.colcon_core.environment:checking '/home/salaheldinm/Penguins/install/ouster_ros/lib'
[1.692s] Level 1:colcon.colcon_core.shell:create_environment_hook('ouster_ros', 'ld_library_path_lib')
[1.692s] INFO:colcon.colcon_core.shell:Creating environment hook '/home/salaheldinm/Penguins/install/ouster_ros/share/ouster_ros/hook/ld_library_path_lib.ps1'
[1.693s] INFO:colcon.colcon_core.shell:Creating environment descriptor '/home/salaheldinm/Penguins/install/ouster_ros/share/ouster_ros/hook/ld_library_path_lib.dsv'
[1.693s] INFO:colcon.colcon_core.shell:Creating environment hook '/home/salaheldinm/Penguins/install/ouster_ros/share/ouster_ros/hook/ld_library_path_lib.sh'
[1.694s] Level 1:colcon.colcon_core.environment:checking '/home/salaheldinm/Penguins/install/ouster_ros/bin'
[1.694s] Level 1:colcon.colcon_core.environment:checking '/home/salaheldinm/Penguins/install/ouster_ros/lib/pkgconfig/ouster_ros.pc'
[1.694s] Level 1:colcon.colcon_core.environment:checking '/home/salaheldinm/Penguins/install/ouster_ros/lib/python3.8/site-packages'
[1.695s] Level 1:colcon.colcon_core.environment:checking '/home/salaheldinm/Penguins/install/ouster_ros/bin'
[1.695s] INFO:colcon.colcon_core.shell:Creating package script '/home/salaheldinm/Penguins/install/ouster_ros/share/ouster_ros/package.ps1'
[1.696s] INFO:colcon.colcon_core.shell:Creating package descriptor '/home/salaheldinm/Penguins/install/ouster_ros/share/ouster_ros/package.dsv'
[1.697s] INFO:colcon.colcon_core.shell:Creating package script '/home/salaheldinm/Penguins/install/ouster_ros/share/ouster_ros/package.sh'
[1.697s] INFO:colcon.colcon_core.shell:Creating package script '/home/salaheldinm/Penguins/install/ouster_ros/share/ouster_ros/package.bash'
[1.698s] INFO:colcon.colcon_core.shell:Creating package script '/home/salaheldinm/Penguins/install/ouster_ros/share/ouster_ros/package.zsh'
[1.698s] Level 1:colcon.colcon_core.environment:create_file_with_runtime_dependencies(/home/salaheldinm/Penguins/install/ouster_ros/share/colcon-core/packages/ouster_ros)
[1.703s] Level 1:colcon.colcon_core.environment:create_environment_scripts_only(slam_toolbox)
[1.704s] Level 1:colcon.colcon_core.environment:checking '/home/salaheldinm/Penguins/install/slam_toolbox' for CMake module files
[1.705s] Level 1:colcon.colcon_core.environment:checking '/home/salaheldinm/Penguins/install/slam_toolbox' for CMake config files
[1.705s] Level 1:colcon.colcon_core.shell:create_environment_hook('slam_toolbox', 'cmake_prefix_path')
[1.705s] INFO:colcon.colcon_core.shell:Creating environment hook '/home/salaheldinm/Penguins/install/slam_toolbox/share/slam_toolbox/hook/cmake_prefix_path.ps1'
[1.706s] INFO:colcon.colcon_core.shell:Creating environment descriptor '/home/salaheldinm/Penguins/install/slam_toolbox/share/slam_toolbox/hook/cmake_prefix_path.dsv'
[1.706s] INFO:colcon.colcon_core.shell:Creating environment hook '/home/salaheldinm/Penguins/install/slam_toolbox/share/slam_toolbox/hook/cmake_prefix_path.sh'
[1.707s] Level 1:colcon.colcon_core.environment:checking '/home/salaheldinm/Penguins/install/slam_toolbox/lib'
[1.707s] Level 1:colcon.colcon_core.shell:create_environment_hook('slam_toolbox', 'ld_library_path_lib')
[1.707s] INFO:colcon.colcon_core.shell:Creating environment hook '/home/salaheldinm/Penguins/install/slam_toolbox/share/slam_toolbox/hook/ld_library_path_lib.ps1'
[1.708s] INFO:colcon.colcon_core.shell:Creating environment descriptor '/home/salaheldinm/Penguins/install/slam_toolbox/share/slam_toolbox/hook/ld_library_path_lib.dsv'
[1.709s] INFO:colcon.colcon_core.shell:Creating environment hook '/home/salaheldinm/Penguins/install/slam_toolbox/share/slam_toolbox/hook/ld_library_path_lib.sh'
[1.709s] Level 1:colcon.colcon_core.environment:checking '/home/salaheldinm/Penguins/install/slam_toolbox/bin'
[1.709s] Level 1:colcon.colcon_core.environment:checking '/home/salaheldinm/Penguins/install/slam_toolbox/lib/pkgconfig/slam_toolbox.pc'
[1.710s] Level 1:colcon.colcon_core.environment:checking '/home/salaheldinm/Penguins/install/slam_toolbox/lib/python3.8/site-packages'
[1.710s] Level 1:colcon.colcon_core.shell:create_environment_hook('slam_toolbox', 'pythonpath')
[1.710s] INFO:colcon.colcon_core.shell:Creating environment hook '/home/salaheldinm/Penguins/install/slam_toolbox/share/slam_toolbox/hook/pythonpath.ps1'
[1.711s] INFO:colcon.colcon_core.shell:Creating environment descriptor '/home/salaheldinm/Penguins/install/slam_toolbox/share/slam_toolbox/hook/pythonpath.dsv'
[1.712s] INFO:colcon.colcon_core.shell:Creating environment hook '/home/salaheldinm/Penguins/install/slam_toolbox/share/slam_toolbox/hook/pythonpath.sh'
[1.713s] Level 1:colcon.colcon_core.environment:checking '/home/salaheldinm/Penguins/install/slam_toolbox/bin'
[1.714s] INFO:colcon.colcon_core.shell:Creating package script '/home/salaheldinm/Penguins/install/slam_toolbox/share/slam_toolbox/package.ps1'
[1.715s] INFO:colcon.colcon_core.shell:Creating package descriptor '/home/salaheldinm/Penguins/install/slam_toolbox/share/slam_toolbox/package.dsv'
[1.716s] INFO:colcon.colcon_core.shell:Creating package script '/home/salaheldinm/Penguins/install/slam_toolbox/share/slam_toolbox/package.sh'
[1.716s] INFO:colcon.colcon_core.shell:Creating package script '/home/salaheldinm/Penguins/install/slam_toolbox/share/slam_toolbox/package.bash'
[1.717s] INFO:colcon.colcon_core.shell:Creating package script '/home/salaheldinm/Penguins/install/slam_toolbox/share/slam_toolbox/package.zsh'
[1.717s] Level 1:colcon.colcon_core.environment:create_file_with_runtime_dependencies(/home/salaheldinm/Penguins/install/slam_toolbox/share/colcon-core/packages/slam_toolbox)
[1.717s] INFO:colcon.colcon_ros.task.ament_cmake.build:Building ROS package in '/home/salaheldinm/Penguins/src/nav2_bringup' with build type 'ament_cmake'
[1.717s] INFO:colcon.colcon_cmake.task.cmake.build:Building CMake package in '/home/salaheldinm/Penguins/src/nav2_bringup'
[1.718s] INFO:colcon.colcon_core.shell:Skip shell extension 'powershell' for command environment: Not usable outside of PowerShell
[1.718s] DEBUG:colcon.colcon_core.shell:Skip shell extension 'dsv' for command environment
[1.738s] DEBUG:colcon.colcon_core.event_handler.log_command:Invoking command in '/home/salaheldinm/Penguins/build/nav2_bringup': CMAKE_PREFIX_PATH=/home/salaheldinm/Penguins/install/slam_toolbox:/home/salaheldinm/Penguins/install/nav2_bringup:/home/salaheldinm/Penguins/install/rf2o_laser_odometry:/home/salaheldinm/Penguins/install/ouster_ros:/home/salaheldinm/Penguins/install/ouster_sensor_msgs:/home/salaheldinm/Penguins/install/my_cpp_package:/home/salaheldinm/Penguins/install/fake_odometry_publisher:/opt/ros/foxy /usr/bin/cmake --build /home/salaheldinm/Penguins/build/nav2_bringup -- -j16 -l16
[1.790s] Level 1:colcon.colcon_core.environment:create_environment_scripts_only(ouster_ros)
[1.791s] Level 1:colcon.colcon_core.environment:checking '/home/salaheldinm/Penguins/install/ouster_ros' for CMake module files
[1.791s] Level 1:colcon.colcon_core.environment:checking '/home/salaheldinm/Penguins/install/ouster_ros' for CMake config files
[1.792s] Level 1:colcon.colcon_core.shell:create_environment_hook('ouster_ros', 'cmake_prefix_path')
[1.792s] INFO:colcon.colcon_core.shell:Creating environment hook '/home/salaheldinm/Penguins/install/ouster_ros/share/ouster_ros/hook/cmake_prefix_path.ps1'
[1.793s] INFO:colcon.colcon_core.shell:Creating environment descriptor '/home/salaheldinm/Penguins/install/ouster_ros/share/ouster_ros/hook/cmake_prefix_path.dsv'
[1.794s] INFO:colcon.colcon_core.shell:Creating environment hook '/home/salaheldinm/Penguins/install/ouster_ros/share/ouster_ros/hook/cmake_prefix_path.sh'
[1.795s] Level 1:colcon.colcon_core.environment:checking '/home/salaheldinm/Penguins/install/ouster_ros/lib'
[1.795s] Level 1:colcon.colcon_core.shell:create_environment_hook('ouster_ros', 'ld_library_path_lib')
[1.795s] INFO:colcon.colcon_core.shell:Creating environment hook '/home/salaheldinm/Penguins/install/ouster_ros/share/ouster_ros/hook/ld_library_path_lib.ps1'
[1.796s] INFO:colcon.colcon_core.shell:Creating environment descriptor '/home/salaheldinm/Penguins/install/ouster_ros/share/ouster_ros/hook/ld_library_path_lib.dsv'
[1.797s] INFO:colcon.colcon_core.shell:Creating environment hook '/home/salaheldinm/Penguins/install/ouster_ros/share/ouster_ros/hook/ld_library_path_lib.sh'
[1.797s] Level 1:colcon.colcon_core.environment:checking '/home/salaheldinm/Penguins/install/ouster_ros/bin'
[1.797s] Level 1:colcon.colcon_core.environment:checking '/home/salaheldinm/Penguins/install/ouster_ros/lib/pkgconfig/ouster_ros.pc'
[1.798s] Level 1:colcon.colcon_core.environment:checking '/home/salaheldinm/Penguins/install/ouster_ros/lib/python3.8/site-packages'
[1.798s] Level 1:colcon.colcon_core.environment:checking '/home/salaheldinm/Penguins/install/ouster_ros/bin'
[1.799s] INFO:colcon.colcon_core.shell:Creating package script '/home/salaheldinm/Penguins/install/ouster_ros/share/ouster_ros/package.ps1'
[1.800s] INFO:colcon.colcon_core.shell:Creating package descriptor '/home/salaheldinm/Penguins/install/ouster_ros/share/ouster_ros/package.dsv'
[1.800s] INFO:colcon.colcon_core.shell:Creating package script '/home/salaheldinm/Penguins/install/ouster_ros/share/ouster_ros/package.sh'
[1.800s] INFO:colcon.colcon_core.shell:Creating package script '/home/salaheldinm/Penguins/install/ouster_ros/share/ouster_ros/package.bash'
[1.801s] INFO:colcon.colcon_core.shell:Creating package script '/home/salaheldinm/Penguins/install/ouster_ros/share/ouster_ros/package.zsh'
[1.801s] Level 1:colcon.colcon_core.environment:create_file_with_runtime_dependencies(/home/salaheldinm/Penguins/install/ouster_ros/share/colcon-core/packages/ouster_ros)
[1.805s] DEBUG:colcon.colcon_core.event_handler.log_command:Invoked command in '/home/salaheldinm/Penguins/build/nav2_bringup' returned '0': CMAKE_PREFIX_PATH=/home/salaheldinm/Penguins/install/slam_toolbox:/home/salaheldinm/Penguins/install/nav2_bringup:/home/salaheldinm/Penguins/install/rf2o_laser_odometry:/home/salaheldinm/Penguins/install/ouster_ros:/home/salaheldinm/Penguins/install/ouster_sensor_msgs:/home/salaheldinm/Penguins/install/my_cpp_package:/home/salaheldinm/Penguins/install/fake_odometry_publisher:/opt/ros/foxy /usr/bin/cmake --build /home/salaheldinm/Penguins/build/nav2_bringup -- -j16 -l16
[1.839s] DEBUG:colcon.colcon_core.event_handler.log_command:Invoking command in '/home/salaheldinm/Penguins/build/nav2_bringup': CMAKE_PREFIX_PATH=/home/salaheldinm/Penguins/install/slam_toolbox:/home/salaheldinm/Penguins/install/nav2_bringup:/home/salaheldinm/Penguins/install/rf2o_laser_odometry:/home/salaheldinm/Penguins/install/ouster_ros:/home/salaheldinm/Penguins/install/ouster_sensor_msgs:/home/salaheldinm/Penguins/install/my_cpp_package:/home/salaheldinm/Penguins/install/fake_odometry_publisher:/opt/ros/foxy /usr/bin/cmake --install /home/salaheldinm/Penguins/build/nav2_bringup
[1.859s] Level 1:colcon.colcon_core.environment:create_environment_scripts_only(nav2_bringup)
[1.859s] Level 1:colcon.colcon_core.environment:checking '/home/salaheldinm/Penguins/install/nav2_bringup' for CMake module files
[1.861s] DEBUG:colcon.colcon_core.event_handler.log_command:Invoked command in '/home/salaheldinm/Penguins/build/nav2_bringup' returned '0': CMAKE_PREFIX_PATH=/home/salaheldinm/Penguins/install/slam_toolbox:/home/salaheldinm/Penguins/install/nav2_bringup:/home/salaheldinm/Penguins/install/rf2o_laser_odometry:/home/salaheldinm/Penguins/install/ouster_ros:/home/salaheldinm/Penguins/install/ouster_sensor_msgs:/home/salaheldinm/Penguins/install/my_cpp_package:/home/salaheldinm/Penguins/install/fake_odometry_publisher:/opt/ros/foxy /usr/bin/cmake --install /home/salaheldinm/Penguins/build/nav2_bringup
[1.862s] Level 1:colcon.colcon_core.environment:checking '/home/salaheldinm/Penguins/install/nav2_bringup' for CMake config files
[1.862s] Level 1:colcon.colcon_core.shell:create_environment_hook('nav2_bringup', 'cmake_prefix_path')
[1.863s] INFO:colcon.colcon_core.shell:Creating environment hook '/home/salaheldinm/Penguins/install/nav2_bringup/share/nav2_bringup/hook/cmake_prefix_path.ps1'
[1.864s] INFO:colcon.colcon_core.shell:Creating environment descriptor '/home/salaheldinm/Penguins/install/nav2_bringup/share/nav2_bringup/hook/cmake_prefix_path.dsv'
[1.864s] INFO:colcon.colcon_core.shell:Creating environment hook '/home/salaheldinm/Penguins/install/nav2_bringup/share/nav2_bringup/hook/cmake_prefix_path.sh'
[1.865s] Level 1:colcon.colcon_core.environment:checking '/home/salaheldinm/Penguins/install/nav2_bringup/bin'
[1.865s] Level 1:colcon.colcon_core.environment:checking '/home/salaheldinm/Penguins/install/nav2_bringup/lib/pkgconfig/nav2_bringup.pc'
[1.866s] Level 1:colcon.colcon_core.environment:checking '/home/salaheldinm/Penguins/install/nav2_bringup/lib/python3.8/site-packages'
[1.866s] Level 1:colcon.colcon_core.environment:checking '/home/salaheldinm/Penguins/install/nav2_bringup/bin'
[1.867s] INFO:colcon.colcon_core.shell:Creating package script '/home/salaheldinm/Penguins/install/nav2_bringup/share/nav2_bringup/package.ps1'
[1.868s] INFO:colcon.colcon_core.shell:Creating package descriptor '/home/salaheldinm/Penguins/install/nav2_bringup/share/nav2_bringup/package.dsv'
[1.868s] INFO:colcon.colcon_core.shell:Creating package script '/home/salaheldinm/Penguins/install/nav2_bringup/share/nav2_bringup/package.sh'
[1.869s] INFO:colcon.colcon_core.shell:Creating package script '/home/salaheldinm/Penguins/install/nav2_bringup/share/nav2_bringup/package.bash'
[1.871s] INFO:colcon.colcon_core.shell:Creating package script '/home/salaheldinm/Penguins/install/nav2_bringup/share/nav2_bringup/package.zsh'
[1.871s] Level 1:colcon.colcon_core.environment:create_file_with_runtime_dependencies(/home/salaheldinm/Penguins/install/nav2_bringup/share/colcon-core/packages/nav2_bringup)
[1.904s] Level 1:colcon.colcon_core.environment:create_environment_scripts_only(nav2_bringup)
[1.905s] Level 1:colcon.colcon_core.environment:checking '/home/salaheldinm/Penguins/install/nav2_bringup' for CMake module files
[1.906s] Level 1:colcon.colcon_core.environment:checking '/home/salaheldinm/Penguins/install/nav2_bringup' for CMake config files
[1.906s] Level 1:colcon.colcon_core.shell:create_environment_hook('nav2_bringup', 'cmake_prefix_path')
[1.907s] INFO:colcon.colcon_core.shell:Creating environment hook '/home/salaheldinm/Penguins/install/nav2_bringup/share/nav2_bringup/hook/cmake_prefix_path.ps1'
[1.908s] INFO:colcon.colcon_core.shell:Creating environment descriptor '/home/salaheldinm/Penguins/install/nav2_bringup/share/nav2_bringup/hook/cmake_prefix_path.dsv'
[1.908s] INFO:colcon.colcon_core.shell:Creating environment hook '/home/salaheldinm/Penguins/install/nav2_bringup/share/nav2_bringup/hook/cmake_prefix_path.sh'
[1.910s] Level 1:colcon.colcon_core.environment:checking '/home/salaheldinm/Penguins/install/nav2_bringup/bin'
[1.910s] Level 1:colcon.colcon_core.environment:checking '/home/salaheldinm/Penguins/install/nav2_bringup/lib/pkgconfig/nav2_bringup.pc'
[1.910s] Level 1:colcon.colcon_core.environment:checking '/home/salaheldinm/Penguins/install/nav2_bringup/lib/python3.8/site-packages'
[1.911s] Level 1:colcon.colcon_core.environment:checking '/home/salaheldinm/Penguins/install/nav2_bringup/bin'
[1.911s] INFO:colcon.colcon_core.shell:Creating package script '/home/salaheldinm/Penguins/install/nav2_bringup/share/nav2_bringup/package.ps1'
[1.912s] INFO:colcon.colcon_core.shell:Creating package descriptor '/home/salaheldinm/Penguins/install/nav2_bringup/share/nav2_bringup/package.dsv'
[1.913s] INFO:colcon.colcon_core.shell:Creating package script '/home/salaheldinm/Penguins/install/nav2_bringup/share/nav2_bringup/package.sh'
[1.913s] INFO:colcon.colcon_core.shell:Creating package script '/home/salaheldinm/Penguins/install/nav2_bringup/share/nav2_bringup/package.bash'
[1.914s] INFO:colcon.colcon_core.shell:Creating package script '/home/salaheldinm/Penguins/install/nav2_bringup/share/nav2_bringup/package.zsh'
[1.915s] Level 1:colcon.colcon_core.environment:create_file_with_runtime_dependencies(/home/salaheldinm/Penguins/install/nav2_bringup/share/colcon-core/packages/nav2_bringup)
[4.065s] DEBUG:colcon.colcon_core.event_handler.log_command:Invoked command in '/home/salaheldinm/Penguins/build/my_cpp_package' returned '0': CMAKE_PREFIX_PATH=${CMAKE_PREFIX_PATH}:/home/salaheldinm/Penguins/install/fake_odometry_publisher:/opt/ros/foxy /usr/bin/cmake --build /home/salaheldinm/Penguins/build/my_cpp_package -- -j16 -l16
[4.100s] DEBUG:colcon.colcon_core.event_handler.log_command:Invoking command in '/home/salaheldinm/Penguins/build/my_cpp_package': CMAKE_PREFIX_PATH=${CMAKE_PREFIX_PATH}:/home/salaheldinm/Penguins/install/fake_odometry_publisher:/opt/ros/foxy /usr/bin/cmake --install /home/salaheldinm/Penguins/build/my_cpp_package
[4.118s] Level 1:colcon.colcon_core.environment:create_environment_scripts_only(my_cpp_package)
[4.119s] Level 1:colcon.colcon_core.environment:checking '/home/salaheldinm/Penguins/install/my_cpp_package' for CMake module files
[4.120s] DEBUG:colcon.colcon_core.event_handler.log_command:Invoked command in '/home/salaheldinm/Penguins/build/my_cpp_package' returned '0': CMAKE_PREFIX_PATH=${CMAKE_PREFIX_PATH}:/home/salaheldinm/Penguins/install/fake_odometry_publisher:/opt/ros/foxy /usr/bin/cmake --install /home/salaheldinm/Penguins/build/my_cpp_package
[4.121s] Level 1:colcon.colcon_core.environment:checking '/home/salaheldinm/Penguins/install/my_cpp_package' for CMake config files
[4.121s] Level 1:colcon.colcon_core.shell:create_environment_hook('my_cpp_package', 'cmake_prefix_path')
[4.122s] INFO:colcon.colcon_core.shell:Creating environment hook '/home/salaheldinm/Penguins/install/my_cpp_package/share/my_cpp_package/hook/cmake_prefix_path.ps1'
[4.123s] INFO:colcon.colcon_core.shell:Creating environment descriptor '/home/salaheldinm/Penguins/install/my_cpp_package/share/my_cpp_package/hook/cmake_prefix_path.dsv'
[4.123s] INFO:colcon.colcon_core.shell:Creating environment hook '/home/salaheldinm/Penguins/install/my_cpp_package/share/my_cpp_package/hook/cmake_prefix_path.sh'
[4.124s] Level 1:colcon.colcon_core.environment:checking '/home/salaheldinm/Penguins/install/my_cpp_package/lib'
[4.124s] Level 1:colcon.colcon_core.environment:checking '/home/salaheldinm/Penguins/install/my_cpp_package/bin'
[4.124s] Level 1:colcon.colcon_core.environment:checking '/home/salaheldinm/Penguins/install/my_cpp_package/lib/pkgconfig/my_cpp_package.pc'
[4.125s] Level 1:colcon.colcon_core.environment:checking '/home/salaheldinm/Penguins/install/my_cpp_package/lib/python3.8/site-packages'
[4.125s] Level 1:colcon.colcon_core.environment:checking '/home/salaheldinm/Penguins/install/my_cpp_package/bin'
[4.126s] INFO:colcon.colcon_core.shell:Creating package script '/home/salaheldinm/Penguins/install/my_cpp_package/share/my_cpp_package/package.ps1'
[4.127s] INFO:colcon.colcon_core.shell:Creating package descriptor '/home/salaheldinm/Penguins/install/my_cpp_package/share/my_cpp_package/package.dsv'
[4.127s] INFO:colcon.colcon_core.shell:Creating package script '/home/salaheldinm/Penguins/install/my_cpp_package/share/my_cpp_package/package.sh'
[4.128s] INFO:colcon.colcon_core.shell:Creating package script '/home/salaheldinm/Penguins/install/my_cpp_package/share/my_cpp_package/package.bash'
[4.128s] INFO:colcon.colcon_core.shell:Creating package script '/home/salaheldinm/Penguins/install/my_cpp_package/share/my_cpp_package/package.zsh'
[4.129s] Level 1:colcon.colcon_core.environment:create_file_with_runtime_dependencies(/home/salaheldinm/Penguins/install/my_cpp_package/share/colcon-core/packages/my_cpp_package)
[4.164s] Level 1:colcon.colcon_core.environment:create_environment_scripts_only(my_cpp_package)
[4.165s] Level 1:colcon.colcon_core.environment:checking '/home/salaheldinm/Penguins/install/my_cpp_package' for CMake module files
[4.166s] Level 1:colcon.colcon_core.environment:checking '/home/salaheldinm/Penguins/install/my_cpp_package' for CMake config files
[4.166s] Level 1:colcon.colcon_core.shell:create_environment_hook('my_cpp_package', 'cmake_prefix_path')
[4.167s] INFO:colcon.colcon_core.shell:Creating environment hook '/home/salaheldinm/Penguins/install/my_cpp_package/share/my_cpp_package/hook/cmake_prefix_path.ps1'
[4.168s] INFO:colcon.colcon_core.shell:Creating environment descriptor '/home/salaheldinm/Penguins/install/my_cpp_package/share/my_cpp_package/hook/cmake_prefix_path.dsv'
[4.168s] INFO:colcon.colcon_core.shell:Creating environment hook '/home/salaheldinm/Penguins/install/my_cpp_package/share/my_cpp_package/hook/cmake_prefix_path.sh'
[4.169s] Level 1:colcon.colcon_core.environment:checking '/home/salaheldinm/Penguins/install/my_cpp_package/lib'
[4.169s] Level 1:colcon.colcon_core.environment:checking '/home/salaheldinm/Penguins/install/my_cpp_package/bin'
[4.169s] Level 1:colcon.colcon_core.environment:checking '/home/salaheldinm/Penguins/install/my_cpp_package/lib/pkgconfig/my_cpp_package.pc'
[4.170s] Level 1:colcon.colcon_core.environment:checking '/home/salaheldinm/Penguins/install/my_cpp_package/lib/python3.8/site-packages'
[4.170s] Level 1:colcon.colcon_core.environment:checking '/home/salaheldinm/Penguins/install/my_cpp_package/bin'
[4.171s] INFO:colcon.colcon_core.shell:Creating package script '/home/salaheldinm/Penguins/install/my_cpp_package/share/my_cpp_package/package.ps1'
[4.172s] INFO:colcon.colcon_core.shell:Creating package descriptor '/home/salaheldinm/Penguins/install/my_cpp_package/share/my_cpp_package/package.dsv'
[4.173s] INFO:colcon.colcon_core.shell:Creating package script '/home/salaheldinm/Penguins/install/my_cpp_package/share/my_cpp_package/package.sh'
[4.174s] INFO:colcon.colcon_core.shell:Creating package script '/home/salaheldinm/Penguins/install/my_cpp_package/share/my_cpp_package/package.bash'
[4.174s] INFO:colcon.colcon_core.shell:Creating package script '/home/salaheldinm/Penguins/install/my_cpp_package/share/my_cpp_package/package.zsh'
[4.175s] Level 1:colcon.colcon_core.environment:create_file_with_runtime_dependencies(/home/salaheldinm/Penguins/install/my_cpp_package/share/colcon-core/packages/my_cpp_package)
[4.175s] DEBUG:colcon.colcon_parallel_executor.executor.parallel:closing loop
[4.176s] DEBUG:colcon.colcon_parallel_executor.executor.parallel:loop closed
[4.176s] DEBUG:colcon.colcon_parallel_executor.executor.parallel:run_until_complete finished with '0'
[4.176s] DEBUG:colcon.colcon_core.event_reactor:joining thread
[4.186s] INFO:colcon.colcon_core.plugin_system:Skipping extension 'colcon_notification.desktop_notification.terminal_notifier': Not used on non-Darwin systems
[4.186s] INFO:colcon.colcon_core.plugin_system:Skipping extension 'colcon_notification.desktop_notification.win32': Not used on non-Windows systems
[4.186s] INFO:colcon.colcon_notification.desktop_notification:Sending desktop notification using 'notify2'
[4.215s] DEBUG:colcon.colcon_core.event_reactor:joined thread
[4.216s] INFO:colcon.colcon_core.shell:Creating prefix script '/home/salaheldinm/Penguins/install/local_setup.ps1'
[4.217s] INFO:colcon.colcon_core.shell:Creating prefix util module '/home/salaheldinm/Penguins/install/_local_setup_util_ps1.py'
[4.218s] INFO:colcon.colcon_core.shell:Creating prefix chain script '/home/salaheldinm/Penguins/install/setup.ps1'
[4.219s] INFO:colcon.colcon_core.shell:Creating prefix script '/home/salaheldinm/Penguins/install/local_setup.sh'
[4.219s] INFO:colcon.colcon_core.shell:Creating prefix util module '/home/salaheldinm/Penguins/install/_local_setup_util_sh.py'
[4.220s] INFO:colcon.colcon_core.shell:Creating prefix chain script '/home/salaheldinm/Penguins/install/setup.sh'
[4.221s] INFO:colcon.colcon_core.shell:Creating prefix script '/home/salaheldinm/Penguins/install/local_setup.bash'
[4.221s] INFO:colcon.colcon_core.shell:Creating prefix chain script '/home/salaheldinm/Penguins/install/setup.bash'
[4.222s] INFO:colcon.colcon_core.shell:Creating prefix script '/home/salaheldinm/Penguins/install/local_setup.zsh'
[4.222s] INFO:colcon.colcon_core.shell:Creating prefix chain script '/home/salaheldinm/Penguins/install/setup.zsh'
