[0.183s] DEBUG:colcon:Command line arguments: ['/usr/bin/colcon', 'build']
[0.183s] DEBUG:colcon:Parsed command line arguments: Namespace(allow_overriding=[], ament_cmake_args=None, base_paths=['.'], build_base='build', catkin_cmake_args=None, catkin_skip_building_tests=False, cmake_args=None, cmake_clean_cache=False, cmake_clean_first=False, cmake_force_configure=False, cmake_target=None, cmake_target_skip_unavailable=False, continue_on_error=False, event_handlers=None, executor='parallel', ignore_user_meta=False, install_base='install', log_base=None, log_level=None, main=<bound method BuildVerb.main of <colcon_core.verb.build.BuildVerb object at 0x7f0213d809d0>>, merge_install=False, metas=['./colcon.meta'], mixin=None, mixin_files=None, mixin_verb=('build',), packages_above=None, packages_above_and_dependencies=None, packages_above_depth=None, packages_end=None, packages_ignore=None, packages_ignore_regex=None, packages_select=None, packages_select_build_failed=False, packages_select_by_dep=None, packages_select_regex=None, packages_select_test_failures=False, packages_skip=None, packages_skip_build_finished=False, packages_skip_by_dep=None, packages_skip_regex=None, packages_skip_test_passed=False, packages_skip_up_to=None, packages_start=None, packages_up_to=None, packages_up_to_regex=None, parallel_workers=16, paths=None, symlink_install=False, test_result_base=None, verb_extension=<colcon_core.verb.build.BuildVerb object at 0x7f0213d809d0>, verb_name='build', verb_parser=<colcon_mixin.mixin.mixin_argument.MixinArgumentDecorator object at 0x7f0213d80f10>)
[0.317s] Level 1:colcon.colcon_core.package_discovery:discover_packages(colcon_meta) check parameters
[0.317s] Level 1:colcon.colcon_core.package_discovery:discover_packages(recursive) check parameters
[0.317s] Level 1:colcon.colcon_core.package_discovery:discover_packages(ignore) check parameters
[0.317s] Level 1:colcon.colcon_core.package_discovery:discover_packages(path) check parameters
[0.317s] Level 1:colcon.colcon_core.package_discovery:discover_packages(colcon_meta) discover
[0.317s] Level 1:colcon.colcon_core.package_discovery:discover_packages(recursive) discover
[0.317s] INFO:colcon.colcon_core.package_discovery:Crawling recursively for packages in '/home/salaheldinm/Penguins'
[0.317s] Level 1:colcon.colcon_core.package_identification:_identify(.) by extensions ['ignore', 'ignore_ament_install']
[0.317s] Level 1:colcon.colcon_core.package_identification:_identify(.) by extension 'ignore'
[0.317s] Level 1:colcon.colcon_core.package_identification:_identify(.) by extension 'ignore_ament_install'
[0.317s] Level 1:colcon.colcon_core.package_identification:_identify(.) by extensions ['colcon_pkg']
[0.318s] Level 1:colcon.colcon_core.package_identification:_identify(.) by extension 'colcon_pkg'
[0.318s] Level 1:colcon.colcon_core.package_identification:_identify(.) by extensions ['colcon_meta']
[0.318s] Level 1:colcon.colcon_core.package_identification:_identify(.) by extension 'colcon_meta'
[0.318s] Level 1:colcon.colcon_core.package_identification:_identify(.) by extensions ['ros']
[0.318s] Level 1:colcon.colcon_core.package_identification:_identify(.) by extension 'ros'
[0.327s] Level 1:colcon.colcon_core.package_identification:_identify(.) by extensions ['cmake', 'python']
[0.327s] Level 1:colcon.colcon_core.package_identification:_identify(.) by extension 'cmake'
[0.327s] Level 1:colcon.colcon_core.package_identification:_identify(.) by extension 'python'
[0.327s] Level 1:colcon.colcon_core.package_identification:_identify(.) by extensions ['python_setup_py']
[0.327s] Level 1:colcon.colcon_core.package_identification:_identify(.) by extension 'python_setup_py'
[0.327s] Level 1:colcon.colcon_core.package_identification:_identify(build) by extensions ['ignore', 'ignore_ament_install']
[0.327s] Level 1:colcon.colcon_core.package_identification:_identify(build) by extension 'ignore'
[0.327s] Level 1:colcon.colcon_core.package_identification:_identify(build) ignored
[0.327s] Level 1:colcon.colcon_core.package_identification:_identify(install) by extensions ['ignore', 'ignore_ament_install']
[0.327s] Level 1:colcon.colcon_core.package_identification:_identify(install) by extension 'ignore'
[0.327s] Level 1:colcon.colcon_core.package_identification:_identify(install) ignored
[0.327s] Level 1:colcon.colcon_core.package_identification:_identify(log) by extensions ['ignore', 'ignore_ament_install']
[0.327s] Level 1:colcon.colcon_core.package_identification:_identify(log) by extension 'ignore'
[0.327s] Level 1:colcon.colcon_core.package_identification:_identify(log) ignored
[0.327s] Level 1:colcon.colcon_core.package_identification:_identify(src) by extensions ['ignore', 'ignore_ament_install']
[0.327s] Level 1:colcon.colcon_core.package_identification:_identify(src) by extension 'ignore'
[0.327s] Level 1:colcon.colcon_core.package_identification:_identify(src) by extension 'ignore_ament_install'
[0.328s] Level 1:colcon.colcon_core.package_identification:_identify(src) by extensions ['colcon_pkg']
[0.328s] Level 1:colcon.colcon_core.package_identification:_identify(src) by extension 'colcon_pkg'
[0.328s] Level 1:colcon.colcon_core.package_identification:_identify(src) by extensions ['colcon_meta']
[0.328s] Level 1:colcon.colcon_core.package_identification:_identify(src) by extension 'colcon_meta'
[0.328s] Level 1:colcon.colcon_core.package_identification:_identify(src) by extensions ['ros']
[0.328s] Level 1:colcon.colcon_core.package_identification:_identify(src) by extension 'ros'
[0.328s] Level 1:colcon.colcon_core.package_identification:_identify(src) by extensions ['cmake', 'python']
[0.328s] Level 1:colcon.colcon_core.package_identification:_identify(src) by extension 'cmake'
[0.328s] Level 1:colcon.colcon_core.package_identification:_identify(src) by extension 'python'
[0.328s] Level 1:colcon.colcon_core.package_identification:_identify(src) by extensions ['python_setup_py']
[0.328s] Level 1:colcon.colcon_core.package_identification:_identify(src) by extension 'python_setup_py'
[0.328s] Level 1:colcon.colcon_core.package_identification:_identify(src/fake_odometry_publisher) by extensions ['ignore', 'ignore_ament_install']
[0.328s] Level 1:colcon.colcon_core.package_identification:_identify(src/fake_odometry_publisher) by extension 'ignore'
[0.328s] Level 1:colcon.colcon_core.package_identification:_identify(src/fake_odometry_publisher) by extension 'ignore_ament_install'
[0.328s] Level 1:colcon.colcon_core.package_identification:_identify(src/fake_odometry_publisher) by extensions ['colcon_pkg']
[0.328s] Level 1:colcon.colcon_core.package_identification:_identify(src/fake_odometry_publisher) by extension 'colcon_pkg'
[0.328s] Level 1:colcon.colcon_core.package_identification:_identify(src/fake_odometry_publisher) by extensions ['colcon_meta']
[0.328s] Level 1:colcon.colcon_core.package_identification:_identify(src/fake_odometry_publisher) by extension 'colcon_meta'
[0.328s] Level 1:colcon.colcon_core.package_identification:_identify(src/fake_odometry_publisher) by extensions ['ros']
[0.328s] Level 1:colcon.colcon_core.package_identification:_identify(src/fake_odometry_publisher) by extension 'ros'
[0.328s] Level 1:colcon.colcon_core.package_identification:_identify(src/fake_odometry_publisher) by extensions ['cmake', 'python']
[0.328s] Level 1:colcon.colcon_core.package_identification:_identify(src/fake_odometry_publisher) by extension 'cmake'
[0.328s] Level 1:colcon.colcon_core.package_identification:_identify(src/fake_odometry_publisher) by extension 'python'
[0.328s] Level 1:colcon.colcon_core.package_identification:_identify(src/fake_odometry_publisher) by extensions ['python_setup_py']
[0.328s] Level 1:colcon.colcon_core.package_identification:_identify(src/fake_odometry_publisher) by extension 'python_setup_py'
[0.328s] Level 1:colcon.colcon_core.package_identification:_identify(src/fake_odometry_publisher/fake_odometry_publisher) by extensions ['ignore', 'ignore_ament_install']
[0.328s] Level 1:colcon.colcon_core.package_identification:_identify(src/fake_odometry_publisher/fake_odometry_publisher) by extension 'ignore'
[0.328s] Level 1:colcon.colcon_core.package_identification:_identify(src/fake_odometry_publisher/fake_odometry_publisher) by extension 'ignore_ament_install'
[0.328s] Level 1:colcon.colcon_core.package_identification:_identify(src/fake_odometry_publisher/fake_odometry_publisher) by extensions ['colcon_pkg']
[0.329s] Level 1:colcon.colcon_core.package_identification:_identify(src/fake_odometry_publisher/fake_odometry_publisher) by extension 'colcon_pkg'
[0.329s] Level 1:colcon.colcon_core.package_identification:_identify(src/fake_odometry_publisher/fake_odometry_publisher) by extensions ['colcon_meta']
[0.329s] Level 1:colcon.colcon_core.package_identification:_identify(src/fake_odometry_publisher/fake_odometry_publisher) by extension 'colcon_meta'
[0.329s] Level 1:colcon.colcon_core.package_identification:_identify(src/fake_odometry_publisher/fake_odometry_publisher) by extensions ['ros']
[0.329s] Level 1:colcon.colcon_core.package_identification:_identify(src/fake_odometry_publisher/fake_odometry_publisher) by extension 'ros'
[0.331s] DEBUG:colcon.colcon_core.package_identification:Package 'src/fake_odometry_publisher/fake_odometry_publisher' with type 'ros.ament_python' and name 'fake_odometry_publisher'
[0.331s] Level 1:colcon.colcon_core.package_identification:_identify(src/my_cpp_package) by extensions ['ignore', 'ignore_ament_install']
[0.331s] Level 1:colcon.colcon_core.package_identification:_identify(src/my_cpp_package) by extension 'ignore'
[0.331s] Level 1:colcon.colcon_core.package_identification:_identify(src/my_cpp_package) by extension 'ignore_ament_install'
[0.331s] Level 1:colcon.colcon_core.package_identification:_identify(src/my_cpp_package) by extensions ['colcon_pkg']
[0.331s] Level 1:colcon.colcon_core.package_identification:_identify(src/my_cpp_package) by extension 'colcon_pkg'
[0.331s] Level 1:colcon.colcon_core.package_identification:_identify(src/my_cpp_package) by extensions ['colcon_meta']
[0.331s] Level 1:colcon.colcon_core.package_identification:_identify(src/my_cpp_package) by extension 'colcon_meta'
[0.331s] Level 1:colcon.colcon_core.package_identification:_identify(src/my_cpp_package) by extensions ['ros']
[0.331s] Level 1:colcon.colcon_core.package_identification:_identify(src/my_cpp_package) by extension 'ros'
[0.332s] DEBUG:colcon.colcon_core.package_identification:Package 'src/my_cpp_package' with type 'ros.ament_cmake' and name 'my_cpp_package'
[0.332s] Level 1:colcon.colcon_core.package_identification:_identify(src/nav2_bringup) by extensions ['ignore', 'ignore_ament_install']
[0.332s] Level 1:colcon.colcon_core.package_identification:_identify(src/nav2_bringup) by extension 'ignore'
[0.332s] Level 1:colcon.colcon_core.package_identification:_identify(src/nav2_bringup) by extension 'ignore_ament_install'
[0.332s] Level 1:colcon.colcon_core.package_identification:_identify(src/nav2_bringup) by extensions ['colcon_pkg']
[0.332s] Level 1:colcon.colcon_core.package_identification:_identify(src/nav2_bringup) by extension 'colcon_pkg'
[0.332s] Level 1:colcon.colcon_core.package_identification:_identify(src/nav2_bringup) by extensions ['colcon_meta']
[0.332s] Level 1:colcon.colcon_core.package_identification:_identify(src/nav2_bringup) by extension 'colcon_meta'
[0.332s] Level 1:colcon.colcon_core.package_identification:_identify(src/nav2_bringup) by extensions ['ros']
[0.332s] Level 1:colcon.colcon_core.package_identification:_identify(src/nav2_bringup) by extension 'ros'
[0.333s] DEBUG:colcon.colcon_core.package_identification:Package 'src/nav2_bringup' with type 'ros.ament_cmake' and name 'nav2_bringup'
[0.333s] Level 1:colcon.colcon_core.package_identification:_identify(src/ouster-ros) by extensions ['ignore', 'ignore_ament_install']
[0.333s] Level 1:colcon.colcon_core.package_identification:_identify(src/ouster-ros) by extension 'ignore'
[0.333s] Level 1:colcon.colcon_core.package_identification:_identify(src/ouster-ros) by extension 'ignore_ament_install'
[0.333s] Level 1:colcon.colcon_core.package_identification:_identify(src/ouster-ros) by extensions ['colcon_pkg']
[0.333s] Level 1:colcon.colcon_core.package_identification:_identify(src/ouster-ros) by extension 'colcon_pkg'
[0.333s] Level 1:colcon.colcon_core.package_identification:_identify(src/ouster-ros) by extensions ['colcon_meta']
[0.333s] Level 1:colcon.colcon_core.package_identification:_identify(src/ouster-ros) by extension 'colcon_meta'
[0.333s] Level 1:colcon.colcon_core.package_identification:_identify(src/ouster-ros) by extensions ['ros']
[0.333s] Level 1:colcon.colcon_core.package_identification:_identify(src/ouster-ros) by extension 'ros'
[0.333s] Level 1:colcon.colcon_core.package_identification:_identify(src/ouster-ros) by extensions ['cmake', 'python']
[0.333s] Level 1:colcon.colcon_core.package_identification:_identify(src/ouster-ros) by extension 'cmake'
[0.333s] Level 1:colcon.colcon_core.package_identification:_identify(src/ouster-ros) by extension 'python'
[0.333s] Level 1:colcon.colcon_core.package_identification:_identify(src/ouster-ros) by extensions ['python_setup_py']
[0.333s] Level 1:colcon.colcon_core.package_identification:_identify(src/ouster-ros) by extension 'python_setup_py'
[0.333s] Level 1:colcon.colcon_core.package_identification:_identify(src/ouster-ros/docs) by extensions ['ignore', 'ignore_ament_install']
[0.333s] Level 1:colcon.colcon_core.package_identification:_identify(src/ouster-ros/docs) by extension 'ignore'
[0.333s] Level 1:colcon.colcon_core.package_identification:_identify(src/ouster-ros/docs) by extension 'ignore_ament_install'
[0.334s] Level 1:colcon.colcon_core.package_identification:_identify(src/ouster-ros/docs) by extensions ['colcon_pkg']
[0.334s] Level 1:colcon.colcon_core.package_identification:_identify(src/ouster-ros/docs) by extension 'colcon_pkg'
[0.334s] Level 1:colcon.colcon_core.package_identification:_identify(src/ouster-ros/docs) by extensions ['colcon_meta']
[0.334s] Level 1:colcon.colcon_core.package_identification:_identify(src/ouster-ros/docs) by extension 'colcon_meta'
[0.334s] Level 1:colcon.colcon_core.package_identification:_identify(src/ouster-ros/docs) by extensions ['ros']
[0.334s] Level 1:colcon.colcon_core.package_identification:_identify(src/ouster-ros/docs) by extension 'ros'
[0.334s] Level 1:colcon.colcon_core.package_identification:_identify(src/ouster-ros/docs) by extensions ['cmake', 'python']
[0.334s] Level 1:colcon.colcon_core.package_identification:_identify(src/ouster-ros/docs) by extension 'cmake'
[0.334s] Level 1:colcon.colcon_core.package_identification:_identify(src/ouster-ros/docs) by extension 'python'
[0.334s] Level 1:colcon.colcon_core.package_identification:_identify(src/ouster-ros/docs) by extensions ['python_setup_py']
[0.334s] Level 1:colcon.colcon_core.package_identification:_identify(src/ouster-ros/docs) by extension 'python_setup_py'
[0.334s] Level 1:colcon.colcon_core.package_identification:_identify(src/ouster-ros/docs/images) by extensions ['ignore', 'ignore_ament_install']
[0.334s] Level 1:colcon.colcon_core.package_identification:_identify(src/ouster-ros/docs/images) by extension 'ignore'
[0.334s] Level 1:colcon.colcon_core.package_identification:_identify(src/ouster-ros/docs/images) by extension 'ignore_ament_install'
[0.334s] Level 1:colcon.colcon_core.package_identification:_identify(src/ouster-ros/docs/images) by extensions ['colcon_pkg']
[0.334s] Level 1:colcon.colcon_core.package_identification:_identify(src/ouster-ros/docs/images) by extension 'colcon_pkg'
[0.334s] Level 1:colcon.colcon_core.package_identification:_identify(src/ouster-ros/docs/images) by extensions ['colcon_meta']
[0.334s] Level 1:colcon.colcon_core.package_identification:_identify(src/ouster-ros/docs/images) by extension 'colcon_meta'
[0.334s] Level 1:colcon.colcon_core.package_identification:_identify(src/ouster-ros/docs/images) by extensions ['ros']
[0.334s] Level 1:colcon.colcon_core.package_identification:_identify(src/ouster-ros/docs/images) by extension 'ros'
[0.334s] Level 1:colcon.colcon_core.package_identification:_identify(src/ouster-ros/docs/images) by extensions ['cmake', 'python']
[0.334s] Level 1:colcon.colcon_core.package_identification:_identify(src/ouster-ros/docs/images) by extension 'cmake'
[0.334s] Level 1:colcon.colcon_core.package_identification:_identify(src/ouster-ros/docs/images) by extension 'python'
[0.334s] Level 1:colcon.colcon_core.package_identification:_identify(src/ouster-ros/docs/images) by extensions ['python_setup_py']
[0.334s] Level 1:colcon.colcon_core.package_identification:_identify(src/ouster-ros/docs/images) by extension 'python_setup_py'
[0.334s] Level 1:colcon.colcon_core.package_identification:_identify(src/ouster-ros/ouster-ros) by extensions ['ignore', 'ignore_ament_install']
[0.334s] Level 1:colcon.colcon_core.package_identification:_identify(src/ouster-ros/ouster-ros) by extension 'ignore'
[0.334s] Level 1:colcon.colcon_core.package_identification:_identify(src/ouster-ros/ouster-ros) by extension 'ignore_ament_install'
[0.334s] Level 1:colcon.colcon_core.package_identification:_identify(src/ouster-ros/ouster-ros) by extensions ['colcon_pkg']
[0.334s] Level 1:colcon.colcon_core.package_identification:_identify(src/ouster-ros/ouster-ros) by extension 'colcon_pkg'
[0.335s] Level 1:colcon.colcon_core.package_identification:_identify(src/ouster-ros/ouster-ros) by extensions ['colcon_meta']
[0.335s] Level 1:colcon.colcon_core.package_identification:_identify(src/ouster-ros/ouster-ros) by extension 'colcon_meta'
[0.335s] Level 1:colcon.colcon_core.package_identification:_identify(src/ouster-ros/ouster-ros) by extensions ['ros']
[0.335s] Level 1:colcon.colcon_core.package_identification:_identify(src/ouster-ros/ouster-ros) by extension 'ros'
[0.336s] DEBUG:colcon.colcon_core.package_identification:Package 'src/ouster-ros/ouster-ros' with type 'ros.ament_cmake' and name 'ouster_ros'
[0.336s] Level 1:colcon.colcon_core.package_identification:_identify(src/ouster-ros/ouster-sensor-msgs) by extensions ['ignore', 'ignore_ament_install']
[0.336s] Level 1:colcon.colcon_core.package_identification:_identify(src/ouster-ros/ouster-sensor-msgs) by extension 'ignore'
[0.336s] Level 1:colcon.colcon_core.package_identification:_identify(src/ouster-ros/ouster-sensor-msgs) by extension 'ignore_ament_install'
[0.336s] Level 1:colcon.colcon_core.package_identification:_identify(src/ouster-ros/ouster-sensor-msgs) by extensions ['colcon_pkg']
[0.336s] Level 1:colcon.colcon_core.package_identification:_identify(src/ouster-ros/ouster-sensor-msgs) by extension 'colcon_pkg'
[0.336s] Level 1:colcon.colcon_core.package_identification:_identify(src/ouster-ros/ouster-sensor-msgs) by extensions ['colcon_meta']
[0.336s] Level 1:colcon.colcon_core.package_identification:_identify(src/ouster-ros/ouster-sensor-msgs) by extension 'colcon_meta'
[0.336s] Level 1:colcon.colcon_core.package_identification:_identify(src/ouster-ros/ouster-sensor-msgs) by extensions ['ros']
[0.336s] Level 1:colcon.colcon_core.package_identification:_identify(src/ouster-ros/ouster-sensor-msgs) by extension 'ros'
[0.337s] DEBUG:colcon.colcon_core.package_identification:Package 'src/ouster-ros/ouster-sensor-msgs' with type 'ros.ament_cmake' and name 'ouster_sensor_msgs'
[0.337s] Level 1:colcon.colcon_core.package_identification:_identify(src/rf2o_laser_odometry) by extensions ['ignore', 'ignore_ament_install']
[0.337s] Level 1:colcon.colcon_core.package_identification:_identify(src/rf2o_laser_odometry) by extension 'ignore'
[0.337s] Level 1:colcon.colcon_core.package_identification:_identify(src/rf2o_laser_odometry) by extension 'ignore_ament_install'
[0.337s] Level 1:colcon.colcon_core.package_identification:_identify(src/rf2o_laser_odometry) by extensions ['colcon_pkg']
[0.337s] Level 1:colcon.colcon_core.package_identification:_identify(src/rf2o_laser_odometry) by extension 'colcon_pkg'
[0.337s] Level 1:colcon.colcon_core.package_identification:_identify(src/rf2o_laser_odometry) by extensions ['colcon_meta']
[0.337s] Level 1:colcon.colcon_core.package_identification:_identify(src/rf2o_laser_odometry) by extension 'colcon_meta'
[0.337s] Level 1:colcon.colcon_core.package_identification:_identify(src/rf2o_laser_odometry) by extensions ['ros']
[0.337s] Level 1:colcon.colcon_core.package_identification:_identify(src/rf2o_laser_odometry) by extension 'ros'
[0.338s] DEBUG:colcon.colcon_core.package_identification:Package 'src/rf2o_laser_odometry' with type 'ros.ament_cmake' and name 'rf2o_laser_odometry'
[0.338s] Level 1:colcon.colcon_core.package_identification:_identify(src/slam_toolbox-foxy-devel) by extensions ['ignore', 'ignore_ament_install']
[0.338s] Level 1:colcon.colcon_core.package_identification:_identify(src/slam_toolbox-foxy-devel) by extension 'ignore'
[0.338s] Level 1:colcon.colcon_core.package_identification:_identify(src/slam_toolbox-foxy-devel) by extension 'ignore_ament_install'
[0.338s] Level 1:colcon.colcon_core.package_identification:_identify(src/slam_toolbox-foxy-devel) by extensions ['colcon_pkg']
[0.338s] Level 1:colcon.colcon_core.package_identification:_identify(src/slam_toolbox-foxy-devel) by extension 'colcon_pkg'
[0.338s] Level 1:colcon.colcon_core.package_identification:_identify(src/slam_toolbox-foxy-devel) by extensions ['colcon_meta']
[0.338s] Level 1:colcon.colcon_core.package_identification:_identify(src/slam_toolbox-foxy-devel) by extension 'colcon_meta'
[0.338s] Level 1:colcon.colcon_core.package_identification:_identify(src/slam_toolbox-foxy-devel) by extensions ['ros']
[0.338s] Level 1:colcon.colcon_core.package_identification:_identify(src/slam_toolbox-foxy-devel) by extension 'ros'
[0.340s] DEBUG:colcon.colcon_core.package_identification:Package 'src/slam_toolbox-foxy-devel' with type 'ros.ament_cmake' and name 'slam_toolbox'
[0.340s] Level 1:colcon.colcon_core.package_discovery:discover_packages(recursive) using defaults
[0.340s] Level 1:colcon.colcon_core.package_discovery:discover_packages(ignore) discover
[0.340s] Level 1:colcon.colcon_core.package_discovery:discover_packages(ignore) using defaults
[0.340s] Level 1:colcon.colcon_core.package_discovery:discover_packages(path) discover
[0.340s] Level 1:colcon.colcon_core.package_discovery:discover_packages(path) using defaults
[0.375s] Level 1:colcon.colcon_core.package_discovery:discover_packages(prefix_path) check parameters
[0.375s] Level 1:colcon.colcon_core.package_discovery:discover_packages(prefix_path) discover
[0.376s] DEBUG:colcon.colcon_installed_package_information.package_discovery:Found 7 installed packages in /home/salaheldinm/Penguins/install
[0.377s] DEBUG:colcon.colcon_installed_package_information.package_discovery:Found 305 installed packages in /opt/ros/foxy
[0.381s] Level 1:colcon.colcon_core.package_discovery:discover_packages(prefix_path) using defaults
[0.429s] Level 5:colcon.colcon_core.verb:set package 'fake_odometry_publisher' build argument 'cmake_args' from command line to 'None'
[0.429s] Level 5:colcon.colcon_core.verb:set package 'fake_odometry_publisher' build argument 'cmake_target' from command line to 'None'
[0.429s] Level 5:colcon.colcon_core.verb:set package 'fake_odometry_publisher' build argument 'cmake_target_skip_unavailable' from command line to 'False'
[0.429s] Level 5:colcon.colcon_core.verb:set package 'fake_odometry_publisher' build argument 'cmake_clean_cache' from command line to 'False'
[0.429s] Level 5:colcon.colcon_core.verb:set package 'fake_odometry_publisher' build argument 'cmake_clean_first' from command line to 'False'
[0.429s] Level 5:colcon.colcon_core.verb:set package 'fake_odometry_publisher' build argument 'cmake_force_configure' from command line to 'False'
[0.429s] Level 5:colcon.colcon_core.verb:set package 'fake_odometry_publisher' build argument 'ament_cmake_args' from command line to 'None'
[0.429s] Level 5:colcon.colcon_core.verb:set package 'fake_odometry_publisher' build argument 'catkin_cmake_args' from command line to 'None'
[0.429s] Level 5:colcon.colcon_core.verb:set package 'fake_odometry_publisher' build argument 'catkin_skip_building_tests' from command line to 'False'
[0.429s] DEBUG:colcon.colcon_core.verb:Building package 'fake_odometry_publisher' with the following arguments: {'ament_cmake_args': None, 'build_base': '/home/salaheldinm/Penguins/build/fake_odometry_publisher', 'catkin_cmake_args': None, 'catkin_skip_building_tests': False, 'cmake_args': None, 'cmake_clean_cache': False, 'cmake_clean_first': False, 'cmake_force_configure': False, 'cmake_target': None, 'cmake_target_skip_unavailable': False, 'install_base': '/home/salaheldinm/Penguins/install/fake_odometry_publisher', 'merge_install': False, 'path': '/home/salaheldinm/Penguins/src/fake_odometry_publisher/fake_odometry_publisher', 'symlink_install': False, 'test_result_base': None}
[0.429s] Level 5:colcon.colcon_core.verb:set package 'my_cpp_package' build argument 'cmake_args' from command line to 'None'
[0.429s] Level 5:colcon.colcon_core.verb:set package 'my_cpp_package' build argument 'cmake_target' from command line to 'None'
[0.429s] Level 5:colcon.colcon_core.verb:set package 'my_cpp_package' build argument 'cmake_target_skip_unavailable' from command line to 'False'
[0.429s] Level 5:colcon.colcon_core.verb:set package 'my_cpp_package' build argument 'cmake_clean_cache' from command line to 'False'
[0.429s] Level 5:colcon.colcon_core.verb:set package 'my_cpp_package' build argument 'cmake_clean_first' from command line to 'False'
[0.429s] Level 5:colcon.colcon_core.verb:set package 'my_cpp_package' build argument 'cmake_force_configure' from command line to 'False'
[0.429s] Level 5:colcon.colcon_core.verb:set package 'my_cpp_package' build argument 'ament_cmake_args' from command line to 'None'
[0.429s] Level 5:colcon.colcon_core.verb:set package 'my_cpp_package' build argument 'catkin_cmake_args' from command line to 'None'
[0.429s] Level 5:colcon.colcon_core.verb:set package 'my_cpp_package' build argument 'catkin_skip_building_tests' from command line to 'False'
[0.429s] DEBUG:colcon.colcon_core.verb:Building package 'my_cpp_package' with the following arguments: {'ament_cmake_args': None, 'build_base': '/home/salaheldinm/Penguins/build/my_cpp_package', 'catkin_cmake_args': None, 'catkin_skip_building_tests': False, 'cmake_args': None, 'cmake_clean_cache': False, 'cmake_clean_first': False, 'cmake_force_configure': False, 'cmake_target': None, 'cmake_target_skip_unavailable': False, 'install_base': '/home/salaheldinm/Penguins/install/my_cpp_package', 'merge_install': False, 'path': '/home/salaheldinm/Penguins/src/my_cpp_package', 'symlink_install': False, 'test_result_base': None}
[0.430s] Level 5:colcon.colcon_core.verb:set package 'ouster_sensor_msgs' build argument 'cmake_args' from command line to 'None'
[0.430s] Level 5:colcon.colcon_core.verb:set package 'ouster_sensor_msgs' build argument 'cmake_target' from command line to 'None'
[0.430s] Level 5:colcon.colcon_core.verb:set package 'ouster_sensor_msgs' build argument 'cmake_target_skip_unavailable' from command line to 'False'
[0.430s] Level 5:colcon.colcon_core.verb:set package 'ouster_sensor_msgs' build argument 'cmake_clean_cache' from command line to 'False'
[0.430s] Level 5:colcon.colcon_core.verb:set package 'ouster_sensor_msgs' build argument 'cmake_clean_first' from command line to 'False'
[0.430s] Level 5:colcon.colcon_core.verb:set package 'ouster_sensor_msgs' build argument 'cmake_force_configure' from command line to 'False'
[0.430s] Level 5:colcon.colcon_core.verb:set package 'ouster_sensor_msgs' build argument 'ament_cmake_args' from command line to 'None'
[0.430s] Level 5:colcon.colcon_core.verb:set package 'ouster_sensor_msgs' build argument 'catkin_cmake_args' from command line to 'None'
[0.430s] Level 5:colcon.colcon_core.verb:set package 'ouster_sensor_msgs' build argument 'catkin_skip_building_tests' from command line to 'False'
[0.430s] DEBUG:colcon.colcon_core.verb:Building package 'ouster_sensor_msgs' with the following arguments: {'ament_cmake_args': None, 'build_base': '/home/salaheldinm/Penguins/build/ouster_sensor_msgs', 'catkin_cmake_args': None, 'catkin_skip_building_tests': False, 'cmake_args': None, 'cmake_clean_cache': False, 'cmake_clean_first': False, 'cmake_force_configure': False, 'cmake_target': None, 'cmake_target_skip_unavailable': False, 'install_base': '/home/salaheldinm/Penguins/install/ouster_sensor_msgs', 'merge_install': False, 'path': '/home/salaheldinm/Penguins/src/ouster-ros/ouster-sensor-msgs', 'symlink_install': False, 'test_result_base': None}
[0.430s] Level 5:colcon.colcon_core.verb:set package 'rf2o_laser_odometry' build argument 'cmake_args' from command line to 'None'
[0.430s] Level 5:colcon.colcon_core.verb:set package 'rf2o_laser_odometry' build argument 'cmake_target' from command line to 'None'
[0.430s] Level 5:colcon.colcon_core.verb:set package 'rf2o_laser_odometry' build argument 'cmake_target_skip_unavailable' from command line to 'False'
[0.430s] Level 5:colcon.colcon_core.verb:set package 'rf2o_laser_odometry' build argument 'cmake_clean_cache' from command line to 'False'
[0.430s] Level 5:colcon.colcon_core.verb:set package 'rf2o_laser_odometry' build argument 'cmake_clean_first' from command line to 'False'
[0.430s] Level 5:colcon.colcon_core.verb:set package 'rf2o_laser_odometry' build argument 'cmake_force_configure' from command line to 'False'
[0.430s] Level 5:colcon.colcon_core.verb:set package 'rf2o_laser_odometry' build argument 'ament_cmake_args' from command line to 'None'
[0.430s] Level 5:colcon.colcon_core.verb:set package 'rf2o_laser_odometry' build argument 'catkin_cmake_args' from command line to 'None'
[0.430s] Level 5:colcon.colcon_core.verb:set package 'rf2o_laser_odometry' build argument 'catkin_skip_building_tests' from command line to 'False'
[0.430s] DEBUG:colcon.colcon_core.verb:Building package 'rf2o_laser_odometry' with the following arguments: {'ament_cmake_args': None, 'build_base': '/home/salaheldinm/Penguins/build/rf2o_laser_odometry', 'catkin_cmake_args': None, 'catkin_skip_building_tests': False, 'cmake_args': None, 'cmake_clean_cache': False, 'cmake_clean_first': False, 'cmake_force_configure': False, 'cmake_target': None, 'cmake_target_skip_unavailable': False, 'install_base': '/home/salaheldinm/Penguins/install/rf2o_laser_odometry', 'merge_install': False, 'path': '/home/salaheldinm/Penguins/src/rf2o_laser_odometry', 'symlink_install': False, 'test_result_base': None}
[0.430s] Level 5:colcon.colcon_core.verb:set package 'slam_toolbox' build argument 'cmake_args' from command line to 'None'
[0.430s] Level 5:colcon.colcon_core.verb:set package 'slam_toolbox' build argument 'cmake_target' from command line to 'None'
[0.431s] Level 5:colcon.colcon_core.verb:set package 'slam_toolbox' build argument 'cmake_target_skip_unavailable' from command line to 'False'
[0.431s] Level 5:colcon.colcon_core.verb:set package 'slam_toolbox' build argument 'cmake_clean_cache' from command line to 'False'
[0.431s] Level 5:colcon.colcon_core.verb:set package 'slam_toolbox' build argument 'cmake_clean_first' from command line to 'False'
[0.431s] Level 5:colcon.colcon_core.verb:set package 'slam_toolbox' build argument 'cmake_force_configure' from command line to 'False'
[0.431s] Level 5:colcon.colcon_core.verb:set package 'slam_toolbox' build argument 'ament_cmake_args' from command line to 'None'
[0.431s] Level 5:colcon.colcon_core.verb:set package 'slam_toolbox' build argument 'catkin_cmake_args' from command line to 'None'
[0.431s] Level 5:colcon.colcon_core.verb:set package 'slam_toolbox' build argument 'catkin_skip_building_tests' from command line to 'False'
[0.431s] DEBUG:colcon.colcon_core.verb:Building package 'slam_toolbox' with the following arguments: {'ament_cmake_args': None, 'build_base': '/home/salaheldinm/Penguins/build/slam_toolbox', 'catkin_cmake_args': None, 'catkin_skip_building_tests': False, 'cmake_args': None, 'cmake_clean_cache': False, 'cmake_clean_first': False, 'cmake_force_configure': False, 'cmake_target': None, 'cmake_target_skip_unavailable': False, 'install_base': '/home/salaheldinm/Penguins/install/slam_toolbox', 'merge_install': False, 'path': '/home/salaheldinm/Penguins/src/slam_toolbox-foxy-devel', 'symlink_install': False, 'test_result_base': None}
[0.431s] Level 5:colcon.colcon_core.verb:set package 'nav2_bringup' build argument 'cmake_args' from command line to 'None'
[0.431s] Level 5:colcon.colcon_core.verb:set package 'nav2_bringup' build argument 'cmake_target' from command line to 'None'
[0.431s] Level 5:colcon.colcon_core.verb:set package 'nav2_bringup' build argument 'cmake_target_skip_unavailable' from command line to 'False'
[0.431s] Level 5:colcon.colcon_core.verb:set package 'nav2_bringup' build argument 'cmake_clean_cache' from command line to 'False'
[0.431s] Level 5:colcon.colcon_core.verb:set package 'nav2_bringup' build argument 'cmake_clean_first' from command line to 'False'
[0.431s] Level 5:colcon.colcon_core.verb:set package 'nav2_bringup' build argument 'cmake_force_configure' from command line to 'False'
[0.431s] Level 5:colcon.colcon_core.verb:set package 'nav2_bringup' build argument 'ament_cmake_args' from command line to 'None'
[0.431s] Level 5:colcon.colcon_core.verb:set package 'nav2_bringup' build argument 'catkin_cmake_args' from command line to 'None'
[0.431s] Level 5:colcon.colcon_core.verb:set package 'nav2_bringup' build argument 'catkin_skip_building_tests' from command line to 'False'
[0.431s] DEBUG:colcon.colcon_core.verb:Building package 'nav2_bringup' with the following arguments: {'ament_cmake_args': None, 'build_base': '/home/salaheldinm/Penguins/build/nav2_bringup', 'catkin_cmake_args': None, 'catkin_skip_building_tests': False, 'cmake_args': None, 'cmake_clean_cache': False, 'cmake_clean_first': False, 'cmake_force_configure': False, 'cmake_target': None, 'cmake_target_skip_unavailable': False, 'install_base': '/home/salaheldinm/Penguins/install/nav2_bringup', 'merge_install': False, 'path': '/home/salaheldinm/Penguins/src/nav2_bringup', 'symlink_install': False, 'test_result_base': None}
[0.431s] Level 5:colcon.colcon_core.verb:set package 'ouster_ros' build argument 'cmake_args' from command line to 'None'
[0.431s] Level 5:colcon.colcon_core.verb:set package 'ouster_ros' build argument 'cmake_target' from command line to 'None'
[0.431s] Level 5:colcon.colcon_core.verb:set package 'ouster_ros' build argument 'cmake_target_skip_unavailable' from command line to 'False'
[0.431s] Level 5:colcon.colcon_core.verb:set package 'ouster_ros' build argument 'cmake_clean_cache' from command line to 'False'
[0.431s] Level 5:colcon.colcon_core.verb:set package 'ouster_ros' build argument 'cmake_clean_first' from command line to 'False'
[0.431s] Level 5:colcon.colcon_core.verb:set package 'ouster_ros' build argument 'cmake_force_configure' from command line to 'False'
[0.431s] Level 5:colcon.colcon_core.verb:set package 'ouster_ros' build argument 'ament_cmake_args' from command line to 'None'
[0.431s] Level 5:colcon.colcon_core.verb:set package 'ouster_ros' build argument 'catkin_cmake_args' from command line to 'None'
[0.431s] Level 5:colcon.colcon_core.verb:set package 'ouster_ros' build argument 'catkin_skip_building_tests' from command line to 'False'
[0.431s] DEBUG:colcon.colcon_core.verb:Building package 'ouster_ros' with the following arguments: {'ament_cmake_args': None, 'build_base': '/home/salaheldinm/Penguins/build/ouster_ros', 'catkin_cmake_args': None, 'catkin_skip_building_tests': False, 'cmake_args': None, 'cmake_clean_cache': False, 'cmake_clean_first': False, 'cmake_force_configure': False, 'cmake_target': None, 'cmake_target_skip_unavailable': False, 'install_base': '/home/salaheldinm/Penguins/install/ouster_ros', 'merge_install': False, 'path': '/home/salaheldinm/Penguins/src/ouster-ros/ouster-ros', 'symlink_install': False, 'test_result_base': None}
[0.432s] INFO:colcon.colcon_core.executor:Executing jobs using 'parallel' executor
[0.433s] DEBUG:colcon.colcon_parallel_executor.executor.parallel:run_until_complete
[0.434s] INFO:colcon.colcon_ros.task.ament_cmake.build:Building ROS package in '/home/salaheldinm/Penguins/src/ouster-ros/ouster-sensor-msgs' with build type 'ament_cmake'
[0.434s] INFO:colcon.colcon_cmake.task.cmake.build:Building CMake package in '/home/salaheldinm/Penguins/src/ouster-ros/ouster-sensor-msgs'
[0.436s] INFO:colcon.colcon_core.plugin_system:Skipping extension 'colcon_core.shell.bat': Not used on non-Windows systems
[0.436s] INFO:colcon.colcon_core.shell:Skip shell extension 'powershell' for command environment: Not usable outside of PowerShell
[0.436s] DEBUG:colcon.colcon_core.shell:Skip shell extension 'dsv' for command environment
[0.443s] INFO:colcon.colcon_ros.task.ament_cmake.build:Building ROS package in '/home/salaheldinm/Penguins/src/slam_toolbox-foxy-devel' with build type 'ament_cmake'
[0.444s] INFO:colcon.colcon_cmake.task.cmake.build:Building CMake package in '/home/salaheldinm/Penguins/src/slam_toolbox-foxy-devel'
[0.445s] INFO:colcon.colcon_core.shell:Skip shell extension 'powershell' for command environment: Not usable outside of PowerShell
[0.445s] DEBUG:colcon.colcon_core.shell:Skip shell extension 'dsv' for command environment
[0.456s] INFO:colcon.colcon_ros.task.ament_python.build:Building ROS package in '/home/salaheldinm/Penguins/src/fake_odometry_publisher/fake_odometry_publisher' with build type 'ament_python'
[0.457s] Level 1:colcon.colcon_core.shell:create_environment_hook('fake_odometry_publisher', 'ament_prefix_path')
[0.458s] INFO:colcon.colcon_core.shell:Creating environment hook '/home/salaheldinm/Penguins/install/fake_odometry_publisher/share/fake_odometry_publisher/hook/ament_prefix_path.ps1'
[0.459s] INFO:colcon.colcon_core.shell:Creating environment descriptor '/home/salaheldinm/Penguins/install/fake_odometry_publisher/share/fake_odometry_publisher/hook/ament_prefix_path.dsv'
[0.460s] INFO:colcon.colcon_core.shell:Creating environment hook '/home/salaheldinm/Penguins/install/fake_odometry_publisher/share/fake_odometry_publisher/hook/ament_prefix_path.sh'
[0.462s] INFO:colcon.colcon_core.shell:Skip shell extension 'powershell' for command environment: Not usable outside of PowerShell
[0.462s] DEBUG:colcon.colcon_core.shell:Skip shell extension 'dsv' for command environment
[0.472s] INFO:colcon.colcon_ros.task.ament_cmake.build:Building ROS package in '/home/salaheldinm/Penguins/src/my_cpp_package' with build type 'ament_cmake'
[0.473s] INFO:colcon.colcon_cmake.task.cmake.build:Building CMake package in '/home/salaheldinm/Penguins/src/my_cpp_package'
[0.473s] INFO:colcon.colcon_core.shell:Skip shell extension 'powershell' for command environment: Not usable outside of PowerShell
[0.474s] DEBUG:colcon.colcon_core.shell:Skip shell extension 'dsv' for command environment
[0.484s] INFO:colcon.colcon_ros.task.ament_cmake.build:Building ROS package in '/home/salaheldinm/Penguins/src/rf2o_laser_odometry' with build type 'ament_cmake'
[0.485s] INFO:colcon.colcon_cmake.task.cmake.build:Building CMake package in '/home/salaheldinm/Penguins/src/rf2o_laser_odometry'
[0.486s] INFO:colcon.colcon_core.shell:Skip shell extension 'powershell' for command environment: Not usable outside of PowerShell
[0.486s] DEBUG:colcon.colcon_core.shell:Skip shell extension 'dsv' for command environment
[0.508s] DEBUG:colcon.colcon_core.event_handler.log_command:Invoking command in '/home/salaheldinm/Penguins/build/ouster_sensor_msgs': CMAKE_PREFIX_PATH=${CMAKE_PREFIX_PATH}:/home/salaheldinm/Penguins/install/fake_odometry_publisher:/opt/ros/foxy /usr/bin/cmake --build /home/salaheldinm/Penguins/build/ouster_sensor_msgs -- -j16 -l16
[0.516s] DEBUG:colcon.colcon_core.event_handler.log_command:Invoking command in '/home/salaheldinm/Penguins/build/slam_toolbox': CMAKE_PREFIX_PATH=${CMAKE_PREFIX_PATH}:/home/salaheldinm/Penguins/install/fake_odometry_publisher:/opt/ros/foxy /usr/bin/cmake --build /home/salaheldinm/Penguins/build/slam_toolbox -- -j16 -l16
[0.776s] INFO:colcon.colcon_core.task.python.build:Building Python package in '/home/salaheldinm/Penguins/src/fake_odometry_publisher/fake_odometry_publisher'
[0.777s] INFO:colcon.colcon_core.shell:Skip shell extension 'powershell' for command environment: Not usable outside of PowerShell
[0.777s] DEBUG:colcon.colcon_core.shell:Skip shell extension 'dsv' for command environment
[0.791s] DEBUG:colcon.colcon_core.event_handler.log_command:Invoking command in '/home/salaheldinm/Penguins/build/my_cpp_package': CMAKE_PREFIX_PATH=${CMAKE_PREFIX_PATH}:/home/salaheldinm/Penguins/install/fake_odometry_publisher:/opt/ros/foxy /usr/bin/cmake --build /home/salaheldinm/Penguins/build/my_cpp_package -- -j16 -l16
[0.798s] DEBUG:colcon.colcon_core.event_handler.log_command:Invoking command in '/home/salaheldinm/Penguins/build/rf2o_laser_odometry': CMAKE_PREFIX_PATH=${CMAKE_PREFIX_PATH}:/home/salaheldinm/Penguins/install/fake_odometry_publisher:/opt/ros/foxy /usr/bin/cmake --build /home/salaheldinm/Penguins/build/rf2o_laser_odometry -- -j16 -l16
[0.844s] DEBUG:colcon.colcon_core.event_handler.log_command:Invoked command in '/home/salaheldinm/Penguins/build/ouster_sensor_msgs' returned '0': CMAKE_PREFIX_PATH=${CMAKE_PREFIX_PATH}:/home/salaheldinm/Penguins/install/fake_odometry_publisher:/opt/ros/foxy /usr/bin/cmake --build /home/salaheldinm/Penguins/build/ouster_sensor_msgs -- -j16 -l16
[0.910s] DEBUG:colcon.colcon_core.event_handler.log_command:Invoked command in '/home/salaheldinm/Penguins/build/rf2o_laser_odometry' returned '0': CMAKE_PREFIX_PATH=${CMAKE_PREFIX_PATH}:/home/salaheldinm/Penguins/install/fake_odometry_publisher:/opt/ros/foxy /usr/bin/cmake --build /home/salaheldinm/Penguins/build/rf2o_laser_odometry -- -j16 -l16
[0.961s] DEBUG:colcon.colcon_core.event_handler.log_command:Invoking command in '/home/salaheldinm/Penguins/build/rf2o_laser_odometry': CMAKE_PREFIX_PATH=${CMAKE_PREFIX_PATH}:/home/salaheldinm/Penguins/install/fake_odometry_publisher:/opt/ros/foxy /usr/bin/cmake --install /home/salaheldinm/Penguins/build/rf2o_laser_odometry
[0.970s] DEBUG:colcon.colcon_core.event_handler.log_command:Invoking command in '/home/salaheldinm/Penguins/build/ouster_sensor_msgs': CMAKE_PREFIX_PATH=${CMAKE_PREFIX_PATH}:/home/salaheldinm/Penguins/install/fake_odometry_publisher:/opt/ros/foxy /usr/bin/cmake --install /home/salaheldinm/Penguins/build/ouster_sensor_msgs
[0.972s] DEBUG:colcon.colcon_core.event_handler.log_command:Invoked command in '/home/salaheldinm/Penguins/build/slam_toolbox' returned '0': CMAKE_PREFIX_PATH=${CMAKE_PREFIX_PATH}:/home/salaheldinm/Penguins/install/fake_odometry_publisher:/opt/ros/foxy /usr/bin/cmake --build /home/salaheldinm/Penguins/build/slam_toolbox -- -j16 -l16
[0.981s] Level 1:colcon.colcon_core.environment:create_environment_scripts_only(rf2o_laser_odometry)
[0.982s] DEBUG:colcon.colcon_core.event_handler.log_command:Invoked command in '/home/salaheldinm/Penguins/build/rf2o_laser_odometry' returned '0': CMAKE_PREFIX_PATH=${CMAKE_PREFIX_PATH}:/home/salaheldinm/Penguins/install/fake_odometry_publisher:/opt/ros/foxy /usr/bin/cmake --install /home/salaheldinm/Penguins/build/rf2o_laser_odometry
[0.990s] Level 1:colcon.colcon_core.environment:checking '/home/salaheldinm/Penguins/install/rf2o_laser_odometry' for CMake module files
[0.993s] Level 1:colcon.colcon_core.environment:checking '/home/salaheldinm/Penguins/install/rf2o_laser_odometry' for CMake config files
[0.995s] Level 1:colcon.colcon_core.shell:create_environment_hook('rf2o_laser_odometry', 'cmake_prefix_path')
[0.995s] INFO:colcon.colcon_core.shell:Creating environment hook '/home/salaheldinm/Penguins/install/rf2o_laser_odometry/share/rf2o_laser_odometry/hook/cmake_prefix_path.ps1'
[0.997s] INFO:colcon.colcon_core.shell:Creating environment descriptor '/home/salaheldinm/Penguins/install/rf2o_laser_odometry/share/rf2o_laser_odometry/hook/cmake_prefix_path.dsv'
[0.998s] INFO:colcon.colcon_core.shell:Creating environment hook '/home/salaheldinm/Penguins/install/rf2o_laser_odometry/share/rf2o_laser_odometry/hook/cmake_prefix_path.sh'
[1.000s] Level 1:colcon.colcon_core.environment:checking '/home/salaheldinm/Penguins/install/rf2o_laser_odometry/lib'
[1.001s] Level 1:colcon.colcon_core.environment:checking '/home/salaheldinm/Penguins/install/rf2o_laser_odometry/bin'
[1.001s] Level 1:colcon.colcon_core.environment:checking '/home/salaheldinm/Penguins/install/rf2o_laser_odometry/lib/pkgconfig/rf2o_laser_odometry.pc'
[1.002s] Level 1:colcon.colcon_core.environment:checking '/home/salaheldinm/Penguins/install/rf2o_laser_odometry/lib/python3.8/site-packages'
[1.002s] Level 1:colcon.colcon_core.environment:checking '/home/salaheldinm/Penguins/install/rf2o_laser_odometry/bin'
[1.003s] INFO:colcon.colcon_core.shell:Creating package script '/home/salaheldinm/Penguins/install/rf2o_laser_odometry/share/rf2o_laser_odometry/package.ps1'
[1.005s] INFO:colcon.colcon_core.shell:Creating package descriptor '/home/salaheldinm/Penguins/install/rf2o_laser_odometry/share/rf2o_laser_odometry/package.dsv'
[1.007s] INFO:colcon.colcon_core.shell:Creating package script '/home/salaheldinm/Penguins/install/rf2o_laser_odometry/share/rf2o_laser_odometry/package.sh'
[1.008s] INFO:colcon.colcon_core.shell:Creating package script '/home/salaheldinm/Penguins/install/rf2o_laser_odometry/share/rf2o_laser_odometry/package.bash'
[1.009s] INFO:colcon.colcon_core.shell:Creating package script '/home/salaheldinm/Penguins/install/rf2o_laser_odometry/share/rf2o_laser_odometry/package.zsh'
[1.010s] Level 1:colcon.colcon_core.environment:create_file_with_runtime_dependencies(/home/salaheldinm/Penguins/install/rf2o_laser_odometry/share/colcon-core/packages/rf2o_laser_odometry)
[1.039s] Level 1:colcon.colcon_core.environment:create_environment_scripts_only(ouster_sensor_msgs)
[1.040s] Level 1:colcon.colcon_core.environment:checking '/home/salaheldinm/Penguins/install/ouster_sensor_msgs' for CMake module files
[1.042s] Level 1:colcon.colcon_core.environment:checking '/home/salaheldinm/Penguins/install/ouster_sensor_msgs' for CMake config files
[1.044s] DEBUG:colcon.colcon_core.event_handler.log_command:Invoked command in '/home/salaheldinm/Penguins/build/ouster_sensor_msgs' returned '0': CMAKE_PREFIX_PATH=${CMAKE_PREFIX_PATH}:/home/salaheldinm/Penguins/install/fake_odometry_publisher:/opt/ros/foxy /usr/bin/cmake --install /home/salaheldinm/Penguins/build/ouster_sensor_msgs
[1.044s] Level 1:colcon.colcon_core.shell:create_environment_hook('ouster_sensor_msgs', 'cmake_prefix_path')
[1.045s] INFO:colcon.colcon_core.shell:Creating environment hook '/home/salaheldinm/Penguins/install/ouster_sensor_msgs/share/ouster_sensor_msgs/hook/cmake_prefix_path.ps1'
[1.046s] INFO:colcon.colcon_core.shell:Creating environment descriptor '/home/salaheldinm/Penguins/install/ouster_sensor_msgs/share/ouster_sensor_msgs/hook/cmake_prefix_path.dsv'
[1.046s] INFO:colcon.colcon_core.shell:Creating environment hook '/home/salaheldinm/Penguins/install/ouster_sensor_msgs/share/ouster_sensor_msgs/hook/cmake_prefix_path.sh'
[1.047s] Level 1:colcon.colcon_core.environment:checking '/home/salaheldinm/Penguins/install/ouster_sensor_msgs/lib'
[1.047s] Level 1:colcon.colcon_core.shell:create_environment_hook('ouster_sensor_msgs', 'ld_library_path_lib')
[1.048s] INFO:colcon.colcon_core.shell:Creating environment hook '/home/salaheldinm/Penguins/install/ouster_sensor_msgs/share/ouster_sensor_msgs/hook/ld_library_path_lib.ps1'
[1.048s] INFO:colcon.colcon_core.shell:Creating environment descriptor '/home/salaheldinm/Penguins/install/ouster_sensor_msgs/share/ouster_sensor_msgs/hook/ld_library_path_lib.dsv'
[1.049s] INFO:colcon.colcon_core.shell:Creating environment hook '/home/salaheldinm/Penguins/install/ouster_sensor_msgs/share/ouster_sensor_msgs/hook/ld_library_path_lib.sh'
[1.049s] Level 1:colcon.colcon_core.environment:checking '/home/salaheldinm/Penguins/install/ouster_sensor_msgs/bin'
[1.050s] Level 1:colcon.colcon_core.environment:checking '/home/salaheldinm/Penguins/install/ouster_sensor_msgs/lib/pkgconfig/ouster_sensor_msgs.pc'
[1.050s] Level 1:colcon.colcon_core.environment:checking '/home/salaheldinm/Penguins/install/ouster_sensor_msgs/lib/python3.8/site-packages'
[1.050s] Level 1:colcon.colcon_core.shell:create_environment_hook('ouster_sensor_msgs', 'pythonpath')
[1.050s] INFO:colcon.colcon_core.shell:Creating environment hook '/home/salaheldinm/Penguins/install/ouster_sensor_msgs/share/ouster_sensor_msgs/hook/pythonpath.ps1'
[1.051s] INFO:colcon.colcon_core.shell:Creating environment descriptor '/home/salaheldinm/Penguins/install/ouster_sensor_msgs/share/ouster_sensor_msgs/hook/pythonpath.dsv'
[1.051s] INFO:colcon.colcon_core.shell:Creating environment hook '/home/salaheldinm/Penguins/install/ouster_sensor_msgs/share/ouster_sensor_msgs/hook/pythonpath.sh'
[1.052s] Level 1:colcon.colcon_core.environment:checking '/home/salaheldinm/Penguins/install/ouster_sensor_msgs/bin'
[1.053s] INFO:colcon.colcon_core.shell:Creating package script '/home/salaheldinm/Penguins/install/ouster_sensor_msgs/share/ouster_sensor_msgs/package.ps1'
[1.054s] INFO:colcon.colcon_core.shell:Creating package descriptor '/home/salaheldinm/Penguins/install/ouster_sensor_msgs/share/ouster_sensor_msgs/package.dsv'
[1.054s] INFO:colcon.colcon_core.shell:Creating package script '/home/salaheldinm/Penguins/install/ouster_sensor_msgs/share/ouster_sensor_msgs/package.sh'
[1.055s] INFO:colcon.colcon_core.shell:Creating package script '/home/salaheldinm/Penguins/install/ouster_sensor_msgs/share/ouster_sensor_msgs/package.bash'
[1.056s] INFO:colcon.colcon_core.shell:Creating package script '/home/salaheldinm/Penguins/install/ouster_sensor_msgs/share/ouster_sensor_msgs/package.zsh'
[1.057s] Level 1:colcon.colcon_core.environment:create_file_with_runtime_dependencies(/home/salaheldinm/Penguins/install/ouster_sensor_msgs/share/colcon-core/packages/ouster_sensor_msgs)
[1.062s] Level 1:colcon.colcon_core.environment:create_environment_scripts_only(rf2o_laser_odometry)
[1.063s] Level 1:colcon.colcon_core.environment:checking '/home/salaheldinm/Penguins/install/rf2o_laser_odometry' for CMake module files
[1.063s] Level 1:colcon.colcon_core.environment:checking '/home/salaheldinm/Penguins/install/rf2o_laser_odometry' for CMake config files
[1.064s] Level 1:colcon.colcon_core.shell:create_environment_hook('rf2o_laser_odometry', 'cmake_prefix_path')
[1.064s] INFO:colcon.colcon_core.shell:Creating environment hook '/home/salaheldinm/Penguins/install/rf2o_laser_odometry/share/rf2o_laser_odometry/hook/cmake_prefix_path.ps1'
[1.065s] INFO:colcon.colcon_core.shell:Creating environment descriptor '/home/salaheldinm/Penguins/install/rf2o_laser_odometry/share/rf2o_laser_odometry/hook/cmake_prefix_path.dsv'
[1.065s] INFO:colcon.colcon_core.shell:Creating environment hook '/home/salaheldinm/Penguins/install/rf2o_laser_odometry/share/rf2o_laser_odometry/hook/cmake_prefix_path.sh'
[1.066s] Level 1:colcon.colcon_core.environment:checking '/home/salaheldinm/Penguins/install/rf2o_laser_odometry/lib'
[1.066s] Level 1:colcon.colcon_core.environment:checking '/home/salaheldinm/Penguins/install/rf2o_laser_odometry/bin'
[1.066s] Level 1:colcon.colcon_core.environment:checking '/home/salaheldinm/Penguins/install/rf2o_laser_odometry/lib/pkgconfig/rf2o_laser_odometry.pc'
[1.066s] Level 1:colcon.colcon_core.environment:checking '/home/salaheldinm/Penguins/install/rf2o_laser_odometry/lib/python3.8/site-packages'
[1.067s] Level 1:colcon.colcon_core.environment:checking '/home/salaheldinm/Penguins/install/rf2o_laser_odometry/bin'
[1.067s] INFO:colcon.colcon_core.shell:Creating package script '/home/salaheldinm/Penguins/install/rf2o_laser_odometry/share/rf2o_laser_odometry/package.ps1'
[1.068s] INFO:colcon.colcon_core.shell:Creating package descriptor '/home/salaheldinm/Penguins/install/rf2o_laser_odometry/share/rf2o_laser_odometry/package.dsv'
[1.068s] INFO:colcon.colcon_core.shell:Creating package script '/home/salaheldinm/Penguins/install/rf2o_laser_odometry/share/rf2o_laser_odometry/package.sh'
[1.069s] INFO:colcon.colcon_core.shell:Creating package script '/home/salaheldinm/Penguins/install/rf2o_laser_odometry/share/rf2o_laser_odometry/package.bash'
[1.069s] INFO:colcon.colcon_core.shell:Creating package script '/home/salaheldinm/Penguins/install/rf2o_laser_odometry/share/rf2o_laser_odometry/package.zsh'
[1.070s] Level 1:colcon.colcon_core.environment:create_file_with_runtime_dependencies(/home/salaheldinm/Penguins/install/rf2o_laser_odometry/share/colcon-core/packages/rf2o_laser_odometry)
[1.185s] Level 1:colcon.colcon_core.environment:create_environment_scripts_only(ouster_sensor_msgs)
[1.185s] Level 1:colcon.colcon_core.environment:checking '/home/salaheldinm/Penguins/install/ouster_sensor_msgs' for CMake module files
[1.186s] Level 1:colcon.colcon_core.environment:checking '/home/salaheldinm/Penguins/install/ouster_sensor_msgs' for CMake config files
[1.187s] Level 1:colcon.colcon_core.shell:create_environment_hook('ouster_sensor_msgs', 'cmake_prefix_path')
[1.187s] INFO:colcon.colcon_core.shell:Creating environment hook '/home/salaheldinm/Penguins/install/ouster_sensor_msgs/share/ouster_sensor_msgs/hook/cmake_prefix_path.ps1'
[1.188s] INFO:colcon.colcon_core.shell:Creating environment descriptor '/home/salaheldinm/Penguins/install/ouster_sensor_msgs/share/ouster_sensor_msgs/hook/cmake_prefix_path.dsv'
[1.188s] INFO:colcon.colcon_core.shell:Creating environment hook '/home/salaheldinm/Penguins/install/ouster_sensor_msgs/share/ouster_sensor_msgs/hook/cmake_prefix_path.sh'
[1.189s] Level 1:colcon.colcon_core.environment:checking '/home/salaheldinm/Penguins/install/ouster_sensor_msgs/lib'
[1.189s] Level 1:colcon.colcon_core.shell:create_environment_hook('ouster_sensor_msgs', 'ld_library_path_lib')
[1.190s] INFO:colcon.colcon_core.shell:Creating environment hook '/home/salaheldinm/Penguins/install/ouster_sensor_msgs/share/ouster_sensor_msgs/hook/ld_library_path_lib.ps1'
[1.190s] INFO:colcon.colcon_core.shell:Creating environment descriptor '/home/salaheldinm/Penguins/install/ouster_sensor_msgs/share/ouster_sensor_msgs/hook/ld_library_path_lib.dsv'
[1.191s] INFO:colcon.colcon_core.shell:Creating environment hook '/home/salaheldinm/Penguins/install/ouster_sensor_msgs/share/ouster_sensor_msgs/hook/ld_library_path_lib.sh'
[1.191s] Level 1:colcon.colcon_core.environment:checking '/home/salaheldinm/Penguins/install/ouster_sensor_msgs/bin'
[1.192s] Level 1:colcon.colcon_core.environment:checking '/home/salaheldinm/Penguins/install/ouster_sensor_msgs/lib/pkgconfig/ouster_sensor_msgs.pc'
[1.192s] Level 1:colcon.colcon_core.environment:checking '/home/salaheldinm/Penguins/install/ouster_sensor_msgs/lib/python3.8/site-packages'
[1.192s] Level 1:colcon.colcon_core.shell:create_environment_hook('ouster_sensor_msgs', 'pythonpath')
[1.192s] INFO:colcon.colcon_core.shell:Creating environment hook '/home/salaheldinm/Penguins/install/ouster_sensor_msgs/share/ouster_sensor_msgs/hook/pythonpath.ps1'
[1.193s] INFO:colcon.colcon_core.shell:Creating environment descriptor '/home/salaheldinm/Penguins/install/ouster_sensor_msgs/share/ouster_sensor_msgs/hook/pythonpath.dsv'
[1.193s] INFO:colcon.colcon_core.shell:Creating environment hook '/home/salaheldinm/Penguins/install/ouster_sensor_msgs/share/ouster_sensor_msgs/hook/pythonpath.sh'
[1.194s] Level 1:colcon.colcon_core.environment:checking '/home/salaheldinm/Penguins/install/ouster_sensor_msgs/bin'
[1.194s] INFO:colcon.colcon_core.shell:Creating package script '/home/salaheldinm/Penguins/install/ouster_sensor_msgs/share/ouster_sensor_msgs/package.ps1'
[1.195s] INFO:colcon.colcon_core.shell:Creating package descriptor '/home/salaheldinm/Penguins/install/ouster_sensor_msgs/share/ouster_sensor_msgs/package.dsv'
[1.195s] INFO:colcon.colcon_core.shell:Creating package script '/home/salaheldinm/Penguins/install/ouster_sensor_msgs/share/ouster_sensor_msgs/package.sh'
[1.195s] INFO:colcon.colcon_core.shell:Creating package script '/home/salaheldinm/Penguins/install/ouster_sensor_msgs/share/ouster_sensor_msgs/package.bash'
[1.196s] INFO:colcon.colcon_core.shell:Creating package script '/home/salaheldinm/Penguins/install/ouster_sensor_msgs/share/ouster_sensor_msgs/package.zsh'
[1.196s] Level 1:colcon.colcon_core.environment:create_file_with_runtime_dependencies(/home/salaheldinm/Penguins/install/ouster_sensor_msgs/share/colcon-core/packages/ouster_sensor_msgs)
[1.197s] INFO:colcon.colcon_ros.task.ament_cmake.build:Building ROS package in '/home/salaheldinm/Penguins/src/ouster-ros/ouster-ros' with build type 'ament_cmake'
[1.197s] INFO:colcon.colcon_cmake.task.cmake.build:Building CMake package in '/home/salaheldinm/Penguins/src/ouster-ros/ouster-ros'
[1.197s] INFO:colcon.colcon_core.shell:Skip shell extension 'powershell' for command environment: Not usable outside of PowerShell
[1.197s] DEBUG:colcon.colcon_core.shell:Skip shell extension 'dsv' for command environment
[1.209s] DEBUG:colcon.colcon_core.event_handler.log_command:Invoking command in '/home/salaheldinm/Penguins/src/fake_odometry_publisher/fake_odometry_publisher': PYTHONPATH=/home/salaheldinm/Penguins/build/fake_odometry_publisher/prefix_override:/home/salaheldinm/Penguins/install/fake_odometry_publisher/lib/python3.8/site-packages:${PYTHONPATH} /usr/bin/python3 -W ignore:setup.py install is deprecated setup.py egg_info --egg-base ../../../build/fake_odometry_publisher build --build-base /home/salaheldinm/Penguins/build/fake_odometry_publisher/build install --record /home/salaheldinm/Penguins/build/fake_odometry_publisher/install.log --single-version-externally-managed install_data
[1.218s] DEBUG:colcon.colcon_core.event_handler.log_command:Invoking command in '/home/salaheldinm/Penguins/build/ouster_ros': CMAKE_PREFIX_PATH=/home/salaheldinm/Penguins/install/ouster_sensor_msgs:/home/salaheldinm/Penguins/install/nav2_bringup:/home/salaheldinm/Penguins/install/slam_toolbox:/home/salaheldinm/Penguins/install/rf2o_laser_odometry:/home/salaheldinm/Penguins/install/ouster_ros:/home/salaheldinm/Penguins/install/my_cpp_package:/home/salaheldinm/Penguins/install/fake_odometry_publisher:/opt/ros/foxy LD_LIBRARY_PATH=/home/salaheldinm/Penguins/install/ouster_sensor_msgs/lib:/home/salaheldinm/Penguins/install/slam_toolbox/lib:/home/salaheldinm/Penguins/install/ouster_ros/lib:/usr/lib/x86_64-linux-gnu/gazebo-11/plugins:/opt/ros/foxy/opt/yaml_cpp_vendor/lib:/opt/ros/foxy/opt/rviz_ogre_vendor/lib:/opt/ros/foxy/lib/x86_64-linux-gnu:/opt/ros/foxy/lib PYTHONPATH=/home/salaheldinm/Penguins/install/ouster_sensor_msgs/lib/python3.8/site-packages:/home/salaheldinm/Penguins/install/slam_toolbox/lib/python3.8/site-packages:/home/salaheldinm/Penguins/install/fake_odometry_publisher/lib/python3.8/site-packages:/opt/ros/foxy/lib/python3.8/site-packages /usr/bin/cmake --build /home/salaheldinm/Penguins/build/ouster_ros -- -j16 -l16
[1.303s] DEBUG:colcon.colcon_core.event_handler.log_command:Invoking command in '/home/salaheldinm/Penguins/build/slam_toolbox': CMAKE_PREFIX_PATH=${CMAKE_PREFIX_PATH}:/home/salaheldinm/Penguins/install/fake_odometry_publisher:/opt/ros/foxy /usr/bin/cmake --install /home/salaheldinm/Penguins/build/slam_toolbox
[1.382s] Level 1:colcon.colcon_core.environment:create_environment_scripts_only(slam_toolbox)
[1.382s] Level 1:colcon.colcon_core.environment:checking '/home/salaheldinm/Penguins/install/slam_toolbox' for CMake module files
[1.383s] DEBUG:colcon.colcon_core.event_handler.log_command:Invoked command in '/home/salaheldinm/Penguins/build/slam_toolbox' returned '0': CMAKE_PREFIX_PATH=${CMAKE_PREFIX_PATH}:/home/salaheldinm/Penguins/install/fake_odometry_publisher:/opt/ros/foxy /usr/bin/cmake --install /home/salaheldinm/Penguins/build/slam_toolbox
[1.384s] Level 1:colcon.colcon_core.environment:checking '/home/salaheldinm/Penguins/install/slam_toolbox' for CMake config files
[1.385s] Level 1:colcon.colcon_core.shell:create_environment_hook('slam_toolbox', 'cmake_prefix_path')
[1.386s] INFO:colcon.colcon_core.shell:Creating environment hook '/home/salaheldinm/Penguins/install/slam_toolbox/share/slam_toolbox/hook/cmake_prefix_path.ps1'
[1.387s] INFO:colcon.colcon_core.shell:Creating environment descriptor '/home/salaheldinm/Penguins/install/slam_toolbox/share/slam_toolbox/hook/cmake_prefix_path.dsv'
[1.387s] INFO:colcon.colcon_core.shell:Creating environment hook '/home/salaheldinm/Penguins/install/slam_toolbox/share/slam_toolbox/hook/cmake_prefix_path.sh'
[1.389s] Level 1:colcon.colcon_core.environment:checking '/home/salaheldinm/Penguins/install/slam_toolbox/lib'
[1.389s] Level 1:colcon.colcon_core.shell:create_environment_hook('slam_toolbox', 'ld_library_path_lib')
[1.389s] INFO:colcon.colcon_core.shell:Creating environment hook '/home/salaheldinm/Penguins/install/slam_toolbox/share/slam_toolbox/hook/ld_library_path_lib.ps1'
[1.390s] INFO:colcon.colcon_core.shell:Creating environment descriptor '/home/salaheldinm/Penguins/install/slam_toolbox/share/slam_toolbox/hook/ld_library_path_lib.dsv'
[1.390s] INFO:colcon.colcon_core.shell:Creating environment hook '/home/salaheldinm/Penguins/install/slam_toolbox/share/slam_toolbox/hook/ld_library_path_lib.sh'
[1.391s] Level 1:colcon.colcon_core.environment:checking '/home/salaheldinm/Penguins/install/slam_toolbox/bin'
[1.391s] Level 1:colcon.colcon_core.environment:checking '/home/salaheldinm/Penguins/install/slam_toolbox/lib/pkgconfig/slam_toolbox.pc'
[1.391s] Level 1:colcon.colcon_core.environment:checking '/home/salaheldinm/Penguins/install/slam_toolbox/lib/python3.8/site-packages'
[1.391s] Level 1:colcon.colcon_core.shell:create_environment_hook('slam_toolbox', 'pythonpath')
[1.391s] INFO:colcon.colcon_core.shell:Creating environment hook '/home/salaheldinm/Penguins/install/slam_toolbox/share/slam_toolbox/hook/pythonpath.ps1'
[1.392s] INFO:colcon.colcon_core.shell:Creating environment descriptor '/home/salaheldinm/Penguins/install/slam_toolbox/share/slam_toolbox/hook/pythonpath.dsv'
[1.392s] INFO:colcon.colcon_core.shell:Creating environment hook '/home/salaheldinm/Penguins/install/slam_toolbox/share/slam_toolbox/hook/pythonpath.sh'
[1.392s] Level 1:colcon.colcon_core.environment:checking '/home/salaheldinm/Penguins/install/slam_toolbox/bin'
[1.393s] INFO:colcon.colcon_core.shell:Creating package script '/home/salaheldinm/Penguins/install/slam_toolbox/share/slam_toolbox/package.ps1'
[1.393s] INFO:colcon.colcon_core.shell:Creating package descriptor '/home/salaheldinm/Penguins/install/slam_toolbox/share/slam_toolbox/package.dsv'
[1.394s] INFO:colcon.colcon_core.shell:Creating package script '/home/salaheldinm/Penguins/install/slam_toolbox/share/slam_toolbox/package.sh'
[1.394s] INFO:colcon.colcon_core.shell:Creating package script '/home/salaheldinm/Penguins/install/slam_toolbox/share/slam_toolbox/package.bash'
[1.394s] INFO:colcon.colcon_core.shell:Creating package script '/home/salaheldinm/Penguins/install/slam_toolbox/share/slam_toolbox/package.zsh'
[1.395s] Level 1:colcon.colcon_core.environment:create_file_with_runtime_dependencies(/home/salaheldinm/Penguins/install/slam_toolbox/share/colcon-core/packages/slam_toolbox)
[1.494s] Level 1:colcon.colcon_core.environment:checking '/home/salaheldinm/Penguins/install/fake_odometry_publisher' for CMake module files
[1.495s] DEBUG:colcon.colcon_core.event_handler.log_command:Invoked command in '/home/salaheldinm/Penguins/src/fake_odometry_publisher/fake_odometry_publisher' returned '0': PYTHONPATH=/home/salaheldinm/Penguins/build/fake_odometry_publisher/prefix_override:/home/salaheldinm/Penguins/install/fake_odometry_publisher/lib/python3.8/site-packages:${PYTHONPATH} /usr/bin/python3 -W ignore:setup.py install is deprecated setup.py egg_info --egg-base ../../../build/fake_odometry_publisher build --build-base /home/salaheldinm/Penguins/build/fake_odometry_publisher/build install --record /home/salaheldinm/Penguins/build/fake_odometry_publisher/install.log --single-version-externally-managed install_data
[1.495s] Level 1:colcon.colcon_core.environment:checking '/home/salaheldinm/Penguins/install/fake_odometry_publisher' for CMake config files
[1.496s] Level 1:colcon.colcon_core.environment:checking '/home/salaheldinm/Penguins/install/fake_odometry_publisher/lib'
[1.496s] Level 1:colcon.colcon_core.environment:checking '/home/salaheldinm/Penguins/install/fake_odometry_publisher/bin'
[1.496s] Level 1:colcon.colcon_core.environment:checking '/home/salaheldinm/Penguins/install/fake_odometry_publisher/lib/pkgconfig/fake_odometry_publisher.pc'
[1.496s] Level 1:colcon.colcon_core.environment:checking '/home/salaheldinm/Penguins/install/fake_odometry_publisher/lib/python3.8/site-packages'
[1.496s] Level 1:colcon.colcon_core.shell:create_environment_hook('fake_odometry_publisher', 'pythonpath')
[1.497s] INFO:colcon.colcon_core.shell:Creating environment hook '/home/salaheldinm/Penguins/install/fake_odometry_publisher/share/fake_odometry_publisher/hook/pythonpath.ps1'
[1.497s] INFO:colcon.colcon_core.shell:Creating environment descriptor '/home/salaheldinm/Penguins/install/fake_odometry_publisher/share/fake_odometry_publisher/hook/pythonpath.dsv'
[1.497s] INFO:colcon.colcon_core.shell:Creating environment hook '/home/salaheldinm/Penguins/install/fake_odometry_publisher/share/fake_odometry_publisher/hook/pythonpath.sh'
[1.498s] Level 1:colcon.colcon_core.environment:checking '/home/salaheldinm/Penguins/install/fake_odometry_publisher/bin'
[1.498s] Level 1:colcon.colcon_core.environment:create_environment_scripts_only(fake_odometry_publisher)
[1.498s] INFO:colcon.colcon_core.shell:Creating package script '/home/salaheldinm/Penguins/install/fake_odometry_publisher/share/fake_odometry_publisher/package.ps1'
[1.499s] INFO:colcon.colcon_core.shell:Creating package descriptor '/home/salaheldinm/Penguins/install/fake_odometry_publisher/share/fake_odometry_publisher/package.dsv'
[1.500s] INFO:colcon.colcon_core.shell:Creating package script '/home/salaheldinm/Penguins/install/fake_odometry_publisher/share/fake_odometry_publisher/package.sh'
[1.501s] INFO:colcon.colcon_core.shell:Creating package script '/home/salaheldinm/Penguins/install/fake_odometry_publisher/share/fake_odometry_publisher/package.bash'
[1.501s] INFO:colcon.colcon_core.shell:Creating package script '/home/salaheldinm/Penguins/install/fake_odometry_publisher/share/fake_odometry_publisher/package.zsh'
[1.502s] Level 1:colcon.colcon_core.environment:create_file_with_runtime_dependencies(/home/salaheldinm/Penguins/install/fake_odometry_publisher/share/colcon-core/packages/fake_odometry_publisher)
[1.520s] DEBUG:colcon.colcon_core.event_handler.log_command:Invoked command in '/home/salaheldinm/Penguins/build/ouster_ros' returned '0': CMAKE_PREFIX_PATH=/home/salaheldinm/Penguins/install/ouster_sensor_msgs:/home/salaheldinm/Penguins/install/nav2_bringup:/home/salaheldinm/Penguins/install/slam_toolbox:/home/salaheldinm/Penguins/install/rf2o_laser_odometry:/home/salaheldinm/Penguins/install/ouster_ros:/home/salaheldinm/Penguins/install/my_cpp_package:/home/salaheldinm/Penguins/install/fake_odometry_publisher:/opt/ros/foxy LD_LIBRARY_PATH=/home/salaheldinm/Penguins/install/ouster_sensor_msgs/lib:/home/salaheldinm/Penguins/install/slam_toolbox/lib:/home/salaheldinm/Penguins/install/ouster_ros/lib:/usr/lib/x86_64-linux-gnu/gazebo-11/plugins:/opt/ros/foxy/opt/yaml_cpp_vendor/lib:/opt/ros/foxy/opt/rviz_ogre_vendor/lib:/opt/ros/foxy/lib/x86_64-linux-gnu:/opt/ros/foxy/lib PYTHONPATH=/home/salaheldinm/Penguins/install/ouster_sensor_msgs/lib/python3.8/site-packages:/home/salaheldinm/Penguins/install/slam_toolbox/lib/python3.8/site-packages:/home/salaheldinm/Penguins/install/fake_odometry_publisher/lib/python3.8/site-packages:/opt/ros/foxy/lib/python3.8/site-packages /usr/bin/cmake --build /home/salaheldinm/Penguins/build/ouster_ros -- -j16 -l16
[1.619s] DEBUG:colcon.colcon_core.event_handler.log_command:Invoking command in '/home/salaheldinm/Penguins/build/ouster_ros': CMAKE_PREFIX_PATH=/home/salaheldinm/Penguins/install/ouster_sensor_msgs:/home/salaheldinm/Penguins/install/nav2_bringup:/home/salaheldinm/Penguins/install/slam_toolbox:/home/salaheldinm/Penguins/install/rf2o_laser_odometry:/home/salaheldinm/Penguins/install/ouster_ros:/home/salaheldinm/Penguins/install/my_cpp_package:/home/salaheldinm/Penguins/install/fake_odometry_publisher:/opt/ros/foxy LD_LIBRARY_PATH=/home/salaheldinm/Penguins/install/ouster_sensor_msgs/lib:/home/salaheldinm/Penguins/install/slam_toolbox/lib:/home/salaheldinm/Penguins/install/ouster_ros/lib:/usr/lib/x86_64-linux-gnu/gazebo-11/plugins:/opt/ros/foxy/opt/yaml_cpp_vendor/lib:/opt/ros/foxy/opt/rviz_ogre_vendor/lib:/opt/ros/foxy/lib/x86_64-linux-gnu:/opt/ros/foxy/lib PYTHONPATH=/home/salaheldinm/Penguins/install/ouster_sensor_msgs/lib/python3.8/site-packages:/home/salaheldinm/Penguins/install/slam_toolbox/lib/python3.8/site-packages:/home/salaheldinm/Penguins/install/fake_odometry_publisher/lib/python3.8/site-packages:/opt/ros/foxy/lib/python3.8/site-packages /usr/bin/cmake --install /home/salaheldinm/Penguins/build/ouster_ros
[1.641s] Level 1:colcon.colcon_core.environment:create_environment_scripts_only(ouster_ros)
[1.641s] Level 1:colcon.colcon_core.environment:checking '/home/salaheldinm/Penguins/install/ouster_ros' for CMake module files
[1.643s] Level 1:colcon.colcon_core.environment:checking '/home/salaheldinm/Penguins/install/ouster_ros' for CMake config files
[1.646s] Level 1:colcon.colcon_core.shell:create_environment_hook('ouster_ros', 'cmake_prefix_path')
[1.646s] INFO:colcon.colcon_core.shell:Creating environment hook '/home/salaheldinm/Penguins/install/ouster_ros/share/ouster_ros/hook/cmake_prefix_path.ps1'
[1.648s] INFO:colcon.colcon_core.shell:Creating environment descriptor '/home/salaheldinm/Penguins/install/ouster_ros/share/ouster_ros/hook/cmake_prefix_path.dsv'
[1.649s] INFO:colcon.colcon_core.shell:Creating environment hook '/home/salaheldinm/Penguins/install/ouster_ros/share/ouster_ros/hook/cmake_prefix_path.sh'
[1.650s] Level 1:colcon.colcon_core.environment:checking '/home/salaheldinm/Penguins/install/ouster_ros/lib'
[1.651s] Level 1:colcon.colcon_core.shell:create_environment_hook('ouster_ros', 'ld_library_path_lib')
[1.652s] INFO:colcon.colcon_core.shell:Creating environment hook '/home/salaheldinm/Penguins/install/ouster_ros/share/ouster_ros/hook/ld_library_path_lib.ps1'
[1.652s] DEBUG:colcon.colcon_core.event_handler.log_command:Invoked command in '/home/salaheldinm/Penguins/build/ouster_ros' returned '0': CMAKE_PREFIX_PATH=/home/salaheldinm/Penguins/install/ouster_sensor_msgs:/home/salaheldinm/Penguins/install/nav2_bringup:/home/salaheldinm/Penguins/install/slam_toolbox:/home/salaheldinm/Penguins/install/rf2o_laser_odometry:/home/salaheldinm/Penguins/install/ouster_ros:/home/salaheldinm/Penguins/install/my_cpp_package:/home/salaheldinm/Penguins/install/fake_odometry_publisher:/opt/ros/foxy LD_LIBRARY_PATH=/home/salaheldinm/Penguins/install/ouster_sensor_msgs/lib:/home/salaheldinm/Penguins/install/slam_toolbox/lib:/home/salaheldinm/Penguins/install/ouster_ros/lib:/usr/lib/x86_64-linux-gnu/gazebo-11/plugins:/opt/ros/foxy/opt/yaml_cpp_vendor/lib:/opt/ros/foxy/opt/rviz_ogre_vendor/lib:/opt/ros/foxy/lib/x86_64-linux-gnu:/opt/ros/foxy/lib PYTHONPATH=/home/salaheldinm/Penguins/install/ouster_sensor_msgs/lib/python3.8/site-packages:/home/salaheldinm/Penguins/install/slam_toolbox/lib/python3.8/site-packages:/home/salaheldinm/Penguins/install/fake_odometry_publisher/lib/python3.8/site-packages:/opt/ros/foxy/lib/python3.8/site-packages /usr/bin/cmake --install /home/salaheldinm/Penguins/build/ouster_ros
[1.652s] INFO:colcon.colcon_core.shell:Creating environment descriptor '/home/salaheldinm/Penguins/install/ouster_ros/share/ouster_ros/hook/ld_library_path_lib.dsv'
[1.653s] INFO:colcon.colcon_core.shell:Creating environment hook '/home/salaheldinm/Penguins/install/ouster_ros/share/ouster_ros/hook/ld_library_path_lib.sh'
[1.653s] Level 1:colcon.colcon_core.environment:checking '/home/salaheldinm/Penguins/install/ouster_ros/bin'
[1.653s] Level 1:colcon.colcon_core.environment:checking '/home/salaheldinm/Penguins/install/ouster_ros/lib/pkgconfig/ouster_ros.pc'
[1.654s] Level 1:colcon.colcon_core.environment:checking '/home/salaheldinm/Penguins/install/ouster_ros/lib/python3.8/site-packages'
[1.654s] Level 1:colcon.colcon_core.environment:checking '/home/salaheldinm/Penguins/install/ouster_ros/bin'
[1.655s] INFO:colcon.colcon_core.shell:Creating package script '/home/salaheldinm/Penguins/install/ouster_ros/share/ouster_ros/package.ps1'
[1.655s] INFO:colcon.colcon_core.shell:Creating package descriptor '/home/salaheldinm/Penguins/install/ouster_ros/share/ouster_ros/package.dsv'
[1.656s] INFO:colcon.colcon_core.shell:Creating package script '/home/salaheldinm/Penguins/install/ouster_ros/share/ouster_ros/package.sh'
[1.656s] INFO:colcon.colcon_core.shell:Creating package script '/home/salaheldinm/Penguins/install/ouster_ros/share/ouster_ros/package.bash'
[1.657s] INFO:colcon.colcon_core.shell:Creating package script '/home/salaheldinm/Penguins/install/ouster_ros/share/ouster_ros/package.zsh'
[1.657s] Level 1:colcon.colcon_core.environment:create_file_with_runtime_dependencies(/home/salaheldinm/Penguins/install/ouster_ros/share/colcon-core/packages/ouster_ros)
[1.692s] Level 1:colcon.colcon_core.environment:create_environment_scripts_only(slam_toolbox)
[1.692s] Level 1:colcon.colcon_core.environment:checking '/home/salaheldinm/Penguins/install/slam_toolbox' for CMake module files
[1.693s] Level 1:colcon.colcon_core.environment:checking '/home/salaheldinm/Penguins/install/slam_toolbox' for CMake config files
[1.694s] Level 1:colcon.colcon_core.shell:create_environment_hook('slam_toolbox', 'cmake_prefix_path')
[1.694s] INFO:colcon.colcon_core.shell:Creating environment hook '/home/salaheldinm/Penguins/install/slam_toolbox/share/slam_toolbox/hook/cmake_prefix_path.ps1'
[1.695s] INFO:colcon.colcon_core.shell:Creating environment descriptor '/home/salaheldinm/Penguins/install/slam_toolbox/share/slam_toolbox/hook/cmake_prefix_path.dsv'
[1.696s] INFO:colcon.colcon_core.shell:Creating environment hook '/home/salaheldinm/Penguins/install/slam_toolbox/share/slam_toolbox/hook/cmake_prefix_path.sh'
[1.696s] Level 1:colcon.colcon_core.environment:checking '/home/salaheldinm/Penguins/install/slam_toolbox/lib'
[1.697s] Level 1:colcon.colcon_core.shell:create_environment_hook('slam_toolbox', 'ld_library_path_lib')
[1.697s] INFO:colcon.colcon_core.shell:Creating environment hook '/home/salaheldinm/Penguins/install/slam_toolbox/share/slam_toolbox/hook/ld_library_path_lib.ps1'
[1.698s] INFO:colcon.colcon_core.shell:Creating environment descriptor '/home/salaheldinm/Penguins/install/slam_toolbox/share/slam_toolbox/hook/ld_library_path_lib.dsv'
[1.698s] INFO:colcon.colcon_core.shell:Creating environment hook '/home/salaheldinm/Penguins/install/slam_toolbox/share/slam_toolbox/hook/ld_library_path_lib.sh'
[1.699s] Level 1:colcon.colcon_core.environment:checking '/home/salaheldinm/Penguins/install/slam_toolbox/bin'
[1.699s] Level 1:colcon.colcon_core.environment:checking '/home/salaheldinm/Penguins/install/slam_toolbox/lib/pkgconfig/slam_toolbox.pc'
[1.699s] Level 1:colcon.colcon_core.environment:checking '/home/salaheldinm/Penguins/install/slam_toolbox/lib/python3.8/site-packages'
[1.700s] Level 1:colcon.colcon_core.shell:create_environment_hook('slam_toolbox', 'pythonpath')
[1.700s] INFO:colcon.colcon_core.shell:Creating environment hook '/home/salaheldinm/Penguins/install/slam_toolbox/share/slam_toolbox/hook/pythonpath.ps1'
[1.701s] INFO:colcon.colcon_core.shell:Creating environment descriptor '/home/salaheldinm/Penguins/install/slam_toolbox/share/slam_toolbox/hook/pythonpath.dsv'
[1.701s] INFO:colcon.colcon_core.shell:Creating environment hook '/home/salaheldinm/Penguins/install/slam_toolbox/share/slam_toolbox/hook/pythonpath.sh'
[1.702s] Level 1:colcon.colcon_core.environment:checking '/home/salaheldinm/Penguins/install/slam_toolbox/bin'
[1.702s] INFO:colcon.colcon_core.shell:Creating package script '/home/salaheldinm/Penguins/install/slam_toolbox/share/slam_toolbox/package.ps1'
[1.703s] INFO:colcon.colcon_core.shell:Creating package descriptor '/home/salaheldinm/Penguins/install/slam_toolbox/share/slam_toolbox/package.dsv'
[1.703s] INFO:colcon.colcon_core.shell:Creating package script '/home/salaheldinm/Penguins/install/slam_toolbox/share/slam_toolbox/package.sh'
[1.703s] INFO:colcon.colcon_core.shell:Creating package script '/home/salaheldinm/Penguins/install/slam_toolbox/share/slam_toolbox/package.bash'
[1.703s] INFO:colcon.colcon_core.shell:Creating package script '/home/salaheldinm/Penguins/install/slam_toolbox/share/slam_toolbox/package.zsh'
[1.704s] Level 1:colcon.colcon_core.environment:create_file_with_runtime_dependencies(/home/salaheldinm/Penguins/install/slam_toolbox/share/colcon-core/packages/slam_toolbox)
[1.704s] INFO:colcon.colcon_ros.task.ament_cmake.build:Building ROS package in '/home/salaheldinm/Penguins/src/nav2_bringup' with build type 'ament_cmake'
[1.704s] INFO:colcon.colcon_cmake.task.cmake.build:Building CMake package in '/home/salaheldinm/Penguins/src/nav2_bringup'
[1.704s] INFO:colcon.colcon_core.shell:Skip shell extension 'powershell' for command environment: Not usable outside of PowerShell
[1.704s] DEBUG:colcon.colcon_core.shell:Skip shell extension 'dsv' for command environment
[1.724s] DEBUG:colcon.colcon_core.event_handler.log_command:Invoking command in '/home/salaheldinm/Penguins/build/nav2_bringup': CMAKE_PREFIX_PATH=/home/salaheldinm/Penguins/install/slam_toolbox:/home/salaheldinm/Penguins/install/nav2_bringup:/home/salaheldinm/Penguins/install/rf2o_laser_odometry:/home/salaheldinm/Penguins/install/ouster_ros:/home/salaheldinm/Penguins/install/ouster_sensor_msgs:/home/salaheldinm/Penguins/install/my_cpp_package:/home/salaheldinm/Penguins/install/fake_odometry_publisher:/opt/ros/foxy /usr/bin/cmake --build /home/salaheldinm/Penguins/build/nav2_bringup -- -j16 -l16
[1.753s] Level 1:colcon.colcon_core.environment:create_environment_scripts_only(ouster_ros)
[1.754s] Level 1:colcon.colcon_core.environment:checking '/home/salaheldinm/Penguins/install/ouster_ros' for CMake module files
[1.754s] Level 1:colcon.colcon_core.environment:checking '/home/salaheldinm/Penguins/install/ouster_ros' for CMake config files
[1.755s] Level 1:colcon.colcon_core.shell:create_environment_hook('ouster_ros', 'cmake_prefix_path')
[1.755s] INFO:colcon.colcon_core.shell:Creating environment hook '/home/salaheldinm/Penguins/install/ouster_ros/share/ouster_ros/hook/cmake_prefix_path.ps1'
[1.756s] INFO:colcon.colcon_core.shell:Creating environment descriptor '/home/salaheldinm/Penguins/install/ouster_ros/share/ouster_ros/hook/cmake_prefix_path.dsv'
[1.756s] INFO:colcon.colcon_core.shell:Creating environment hook '/home/salaheldinm/Penguins/install/ouster_ros/share/ouster_ros/hook/cmake_prefix_path.sh'
[1.757s] Level 1:colcon.colcon_core.environment:checking '/home/salaheldinm/Penguins/install/ouster_ros/lib'
[1.757s] Level 1:colcon.colcon_core.shell:create_environment_hook('ouster_ros', 'ld_library_path_lib')
[1.757s] INFO:colcon.colcon_core.shell:Creating environment hook '/home/salaheldinm/Penguins/install/ouster_ros/share/ouster_ros/hook/ld_library_path_lib.ps1'
[1.758s] INFO:colcon.colcon_core.shell:Creating environment descriptor '/home/salaheldinm/Penguins/install/ouster_ros/share/ouster_ros/hook/ld_library_path_lib.dsv'
[1.758s] INFO:colcon.colcon_core.shell:Creating environment hook '/home/salaheldinm/Penguins/install/ouster_ros/share/ouster_ros/hook/ld_library_path_lib.sh'
[1.759s] Level 1:colcon.colcon_core.environment:checking '/home/salaheldinm/Penguins/install/ouster_ros/bin'
[1.759s] Level 1:colcon.colcon_core.environment:checking '/home/salaheldinm/Penguins/install/ouster_ros/lib/pkgconfig/ouster_ros.pc'
[1.759s] Level 1:colcon.colcon_core.environment:checking '/home/salaheldinm/Penguins/install/ouster_ros/lib/python3.8/site-packages'
[1.759s] Level 1:colcon.colcon_core.environment:checking '/home/salaheldinm/Penguins/install/ouster_ros/bin'
[1.760s] INFO:colcon.colcon_core.shell:Creating package script '/home/salaheldinm/Penguins/install/ouster_ros/share/ouster_ros/package.ps1'
[1.761s] INFO:colcon.colcon_core.shell:Creating package descriptor '/home/salaheldinm/Penguins/install/ouster_ros/share/ouster_ros/package.dsv'
[1.762s] INFO:colcon.colcon_core.shell:Creating package script '/home/salaheldinm/Penguins/install/ouster_ros/share/ouster_ros/package.sh'
[1.762s] INFO:colcon.colcon_core.shell:Creating package script '/home/salaheldinm/Penguins/install/ouster_ros/share/ouster_ros/package.bash'
[1.763s] INFO:colcon.colcon_core.shell:Creating package script '/home/salaheldinm/Penguins/install/ouster_ros/share/ouster_ros/package.zsh'
[1.763s] Level 1:colcon.colcon_core.environment:create_file_with_runtime_dependencies(/home/salaheldinm/Penguins/install/ouster_ros/share/colcon-core/packages/ouster_ros)
[1.783s] DEBUG:colcon.colcon_core.event_handler.log_command:Invoked command in '/home/salaheldinm/Penguins/build/nav2_bringup' returned '0': CMAKE_PREFIX_PATH=/home/salaheldinm/Penguins/install/slam_toolbox:/home/salaheldinm/Penguins/install/nav2_bringup:/home/salaheldinm/Penguins/install/rf2o_laser_odometry:/home/salaheldinm/Penguins/install/ouster_ros:/home/salaheldinm/Penguins/install/ouster_sensor_msgs:/home/salaheldinm/Penguins/install/my_cpp_package:/home/salaheldinm/Penguins/install/fake_odometry_publisher:/opt/ros/foxy /usr/bin/cmake --build /home/salaheldinm/Penguins/build/nav2_bringup -- -j16 -l16
[1.825s] DEBUG:colcon.colcon_core.event_handler.log_command:Invoking command in '/home/salaheldinm/Penguins/build/nav2_bringup': CMAKE_PREFIX_PATH=/home/salaheldinm/Penguins/install/slam_toolbox:/home/salaheldinm/Penguins/install/nav2_bringup:/home/salaheldinm/Penguins/install/rf2o_laser_odometry:/home/salaheldinm/Penguins/install/ouster_ros:/home/salaheldinm/Penguins/install/ouster_sensor_msgs:/home/salaheldinm/Penguins/install/my_cpp_package:/home/salaheldinm/Penguins/install/fake_odometry_publisher:/opt/ros/foxy /usr/bin/cmake --install /home/salaheldinm/Penguins/build/nav2_bringup
[1.846s] Level 1:colcon.colcon_core.environment:create_environment_scripts_only(nav2_bringup)
[1.847s] Level 1:colcon.colcon_core.environment:checking '/home/salaheldinm/Penguins/install/nav2_bringup' for CMake module files
[1.847s] DEBUG:colcon.colcon_core.event_handler.log_command:Invoked command in '/home/salaheldinm/Penguins/build/nav2_bringup' returned '0': CMAKE_PREFIX_PATH=/home/salaheldinm/Penguins/install/slam_toolbox:/home/salaheldinm/Penguins/install/nav2_bringup:/home/salaheldinm/Penguins/install/rf2o_laser_odometry:/home/salaheldinm/Penguins/install/ouster_ros:/home/salaheldinm/Penguins/install/ouster_sensor_msgs:/home/salaheldinm/Penguins/install/my_cpp_package:/home/salaheldinm/Penguins/install/fake_odometry_publisher:/opt/ros/foxy /usr/bin/cmake --install /home/salaheldinm/Penguins/build/nav2_bringup
[1.848s] Level 1:colcon.colcon_core.environment:checking '/home/salaheldinm/Penguins/install/nav2_bringup' for CMake config files
[1.848s] Level 1:colcon.colcon_core.shell:create_environment_hook('nav2_bringup', 'cmake_prefix_path')
[1.849s] INFO:colcon.colcon_core.shell:Creating environment hook '/home/salaheldinm/Penguins/install/nav2_bringup/share/nav2_bringup/hook/cmake_prefix_path.ps1'
[1.849s] INFO:colcon.colcon_core.shell:Creating environment descriptor '/home/salaheldinm/Penguins/install/nav2_bringup/share/nav2_bringup/hook/cmake_prefix_path.dsv'
[1.850s] INFO:colcon.colcon_core.shell:Creating environment hook '/home/salaheldinm/Penguins/install/nav2_bringup/share/nav2_bringup/hook/cmake_prefix_path.sh'
[1.851s] Level 1:colcon.colcon_core.environment:checking '/home/salaheldinm/Penguins/install/nav2_bringup/bin'
[1.851s] Level 1:colcon.colcon_core.environment:checking '/home/salaheldinm/Penguins/install/nav2_bringup/lib/pkgconfig/nav2_bringup.pc'
[1.851s] Level 1:colcon.colcon_core.environment:checking '/home/salaheldinm/Penguins/install/nav2_bringup/lib/python3.8/site-packages'
[1.851s] Level 1:colcon.colcon_core.environment:checking '/home/salaheldinm/Penguins/install/nav2_bringup/bin'
[1.852s] INFO:colcon.colcon_core.shell:Creating package script '/home/salaheldinm/Penguins/install/nav2_bringup/share/nav2_bringup/package.ps1'
[1.852s] INFO:colcon.colcon_core.shell:Creating package descriptor '/home/salaheldinm/Penguins/install/nav2_bringup/share/nav2_bringup/package.dsv'
[1.853s] INFO:colcon.colcon_core.shell:Creating package script '/home/salaheldinm/Penguins/install/nav2_bringup/share/nav2_bringup/package.sh'
[1.853s] INFO:colcon.colcon_core.shell:Creating package script '/home/salaheldinm/Penguins/install/nav2_bringup/share/nav2_bringup/package.bash'
[1.855s] INFO:colcon.colcon_core.shell:Creating package script '/home/salaheldinm/Penguins/install/nav2_bringup/share/nav2_bringup/package.zsh'
[1.855s] Level 1:colcon.colcon_core.environment:create_file_with_runtime_dependencies(/home/salaheldinm/Penguins/install/nav2_bringup/share/colcon-core/packages/nav2_bringup)
[1.889s] Level 1:colcon.colcon_core.environment:create_environment_scripts_only(nav2_bringup)
[1.890s] Level 1:colcon.colcon_core.environment:checking '/home/salaheldinm/Penguins/install/nav2_bringup' for CMake module files
[1.890s] Level 1:colcon.colcon_core.environment:checking '/home/salaheldinm/Penguins/install/nav2_bringup' for CMake config files
[1.891s] Level 1:colcon.colcon_core.shell:create_environment_hook('nav2_bringup', 'cmake_prefix_path')
[1.891s] INFO:colcon.colcon_core.shell:Creating environment hook '/home/salaheldinm/Penguins/install/nav2_bringup/share/nav2_bringup/hook/cmake_prefix_path.ps1'
[1.891s] INFO:colcon.colcon_core.shell:Creating environment descriptor '/home/salaheldinm/Penguins/install/nav2_bringup/share/nav2_bringup/hook/cmake_prefix_path.dsv'
[1.892s] INFO:colcon.colcon_core.shell:Creating environment hook '/home/salaheldinm/Penguins/install/nav2_bringup/share/nav2_bringup/hook/cmake_prefix_path.sh'
[1.893s] Level 1:colcon.colcon_core.environment:checking '/home/salaheldinm/Penguins/install/nav2_bringup/bin'
[1.893s] Level 1:colcon.colcon_core.environment:checking '/home/salaheldinm/Penguins/install/nav2_bringup/lib/pkgconfig/nav2_bringup.pc'
[1.893s] Level 1:colcon.colcon_core.environment:checking '/home/salaheldinm/Penguins/install/nav2_bringup/lib/python3.8/site-packages'
[1.893s] Level 1:colcon.colcon_core.environment:checking '/home/salaheldinm/Penguins/install/nav2_bringup/bin'
[1.894s] INFO:colcon.colcon_core.shell:Creating package script '/home/salaheldinm/Penguins/install/nav2_bringup/share/nav2_bringup/package.ps1'
[1.895s] INFO:colcon.colcon_core.shell:Creating package descriptor '/home/salaheldinm/Penguins/install/nav2_bringup/share/nav2_bringup/package.dsv'
[1.896s] INFO:colcon.colcon_core.shell:Creating package script '/home/salaheldinm/Penguins/install/nav2_bringup/share/nav2_bringup/package.sh'
[1.896s] INFO:colcon.colcon_core.shell:Creating package script '/home/salaheldinm/Penguins/install/nav2_bringup/share/nav2_bringup/package.bash'
[1.897s] INFO:colcon.colcon_core.shell:Creating package script '/home/salaheldinm/Penguins/install/nav2_bringup/share/nav2_bringup/package.zsh'
[1.897s] Level 1:colcon.colcon_core.environment:create_file_with_runtime_dependencies(/home/salaheldinm/Penguins/install/nav2_bringup/share/colcon-core/packages/nav2_bringup)
[7.054s] DEBUG:colcon.colcon_core.event_handler.log_command:Invoked command in '/home/salaheldinm/Penguins/build/my_cpp_package' returned '0': CMAKE_PREFIX_PATH=${CMAKE_PREFIX_PATH}:/home/salaheldinm/Penguins/install/fake_odometry_publisher:/opt/ros/foxy /usr/bin/cmake --build /home/salaheldinm/Penguins/build/my_cpp_package -- -j16 -l16
[7.094s] DEBUG:colcon.colcon_core.event_handler.log_command:Invoking command in '/home/salaheldinm/Penguins/build/my_cpp_package': CMAKE_PREFIX_PATH=${CMAKE_PREFIX_PATH}:/home/salaheldinm/Penguins/install/fake_odometry_publisher:/opt/ros/foxy /usr/bin/cmake --install /home/salaheldinm/Penguins/build/my_cpp_package
[7.110s] Level 1:colcon.colcon_core.environment:create_environment_scripts_only(my_cpp_package)
[7.111s] Level 1:colcon.colcon_core.environment:checking '/home/salaheldinm/Penguins/install/my_cpp_package' for CMake module files
[7.111s] DEBUG:colcon.colcon_core.event_handler.log_command:Invoked command in '/home/salaheldinm/Penguins/build/my_cpp_package' returned '0': CMAKE_PREFIX_PATH=${CMAKE_PREFIX_PATH}:/home/salaheldinm/Penguins/install/fake_odometry_publisher:/opt/ros/foxy /usr/bin/cmake --install /home/salaheldinm/Penguins/build/my_cpp_package
[7.112s] Level 1:colcon.colcon_core.environment:checking '/home/salaheldinm/Penguins/install/my_cpp_package' for CMake config files
[7.113s] Level 1:colcon.colcon_core.shell:create_environment_hook('my_cpp_package', 'cmake_prefix_path')
[7.113s] INFO:colcon.colcon_core.shell:Creating environment hook '/home/salaheldinm/Penguins/install/my_cpp_package/share/my_cpp_package/hook/cmake_prefix_path.ps1'
[7.114s] INFO:colcon.colcon_core.shell:Creating environment descriptor '/home/salaheldinm/Penguins/install/my_cpp_package/share/my_cpp_package/hook/cmake_prefix_path.dsv'
[7.115s] INFO:colcon.colcon_core.shell:Creating environment hook '/home/salaheldinm/Penguins/install/my_cpp_package/share/my_cpp_package/hook/cmake_prefix_path.sh'
[7.116s] Level 1:colcon.colcon_core.environment:checking '/home/salaheldinm/Penguins/install/my_cpp_package/lib'
[7.116s] Level 1:colcon.colcon_core.environment:checking '/home/salaheldinm/Penguins/install/my_cpp_package/bin'
[7.116s] Level 1:colcon.colcon_core.environment:checking '/home/salaheldinm/Penguins/install/my_cpp_package/lib/pkgconfig/my_cpp_package.pc'
[7.116s] Level 1:colcon.colcon_core.environment:checking '/home/salaheldinm/Penguins/install/my_cpp_package/lib/python3.8/site-packages'
[7.117s] Level 1:colcon.colcon_core.environment:checking '/home/salaheldinm/Penguins/install/my_cpp_package/bin'
[7.117s] INFO:colcon.colcon_core.shell:Creating package script '/home/salaheldinm/Penguins/install/my_cpp_package/share/my_cpp_package/package.ps1'
[7.118s] INFO:colcon.colcon_core.shell:Creating package descriptor '/home/salaheldinm/Penguins/install/my_cpp_package/share/my_cpp_package/package.dsv'
[7.119s] INFO:colcon.colcon_core.shell:Creating package script '/home/salaheldinm/Penguins/install/my_cpp_package/share/my_cpp_package/package.sh'
[7.119s] INFO:colcon.colcon_core.shell:Creating package script '/home/salaheldinm/Penguins/install/my_cpp_package/share/my_cpp_package/package.bash'
[7.120s] INFO:colcon.colcon_core.shell:Creating package script '/home/salaheldinm/Penguins/install/my_cpp_package/share/my_cpp_package/package.zsh'
[7.120s] Level 1:colcon.colcon_core.environment:create_file_with_runtime_dependencies(/home/salaheldinm/Penguins/install/my_cpp_package/share/colcon-core/packages/my_cpp_package)
[7.152s] Level 1:colcon.colcon_core.environment:create_environment_scripts_only(my_cpp_package)
[7.153s] Level 1:colcon.colcon_core.environment:checking '/home/salaheldinm/Penguins/install/my_cpp_package' for CMake module files
[7.154s] Level 1:colcon.colcon_core.environment:checking '/home/salaheldinm/Penguins/install/my_cpp_package' for CMake config files
[7.155s] Level 1:colcon.colcon_core.shell:create_environment_hook('my_cpp_package', 'cmake_prefix_path')
[7.155s] INFO:colcon.colcon_core.shell:Creating environment hook '/home/salaheldinm/Penguins/install/my_cpp_package/share/my_cpp_package/hook/cmake_prefix_path.ps1'
[7.156s] INFO:colcon.colcon_core.shell:Creating environment descriptor '/home/salaheldinm/Penguins/install/my_cpp_package/share/my_cpp_package/hook/cmake_prefix_path.dsv'
[7.157s] INFO:colcon.colcon_core.shell:Creating environment hook '/home/salaheldinm/Penguins/install/my_cpp_package/share/my_cpp_package/hook/cmake_prefix_path.sh'
[7.158s] Level 1:colcon.colcon_core.environment:checking '/home/salaheldinm/Penguins/install/my_cpp_package/lib'
[7.158s] Level 1:colcon.colcon_core.environment:checking '/home/salaheldinm/Penguins/install/my_cpp_package/bin'
[7.158s] Level 1:colcon.colcon_core.environment:checking '/home/salaheldinm/Penguins/install/my_cpp_package/lib/pkgconfig/my_cpp_package.pc'
[7.158s] Level 1:colcon.colcon_core.environment:checking '/home/salaheldinm/Penguins/install/my_cpp_package/lib/python3.8/site-packages'
[7.159s] Level 1:colcon.colcon_core.environment:checking '/home/salaheldinm/Penguins/install/my_cpp_package/bin'
[7.159s] INFO:colcon.colcon_core.shell:Creating package script '/home/salaheldinm/Penguins/install/my_cpp_package/share/my_cpp_package/package.ps1'
[7.160s] INFO:colcon.colcon_core.shell:Creating package descriptor '/home/salaheldinm/Penguins/install/my_cpp_package/share/my_cpp_package/package.dsv'
[7.160s] INFO:colcon.colcon_core.shell:Creating package script '/home/salaheldinm/Penguins/install/my_cpp_package/share/my_cpp_package/package.sh'
[7.162s] INFO:colcon.colcon_core.shell:Creating package script '/home/salaheldinm/Penguins/install/my_cpp_package/share/my_cpp_package/package.bash'
[7.162s] INFO:colcon.colcon_core.shell:Creating package script '/home/salaheldinm/Penguins/install/my_cpp_package/share/my_cpp_package/package.zsh'
[7.163s] Level 1:colcon.colcon_core.environment:create_file_with_runtime_dependencies(/home/salaheldinm/Penguins/install/my_cpp_package/share/colcon-core/packages/my_cpp_package)
[7.164s] DEBUG:colcon.colcon_parallel_executor.executor.parallel:closing loop
[7.164s] DEBUG:colcon.colcon_parallel_executor.executor.parallel:loop closed
[7.164s] DEBUG:colcon.colcon_parallel_executor.executor.parallel:run_until_complete finished with '0'
[7.164s] DEBUG:colcon.colcon_core.event_reactor:joining thread
[7.173s] INFO:colcon.colcon_core.plugin_system:Skipping extension 'colcon_notification.desktop_notification.terminal_notifier': Not used on non-Darwin systems
[7.174s] INFO:colcon.colcon_core.plugin_system:Skipping extension 'colcon_notification.desktop_notification.win32': Not used on non-Windows systems
[7.174s] INFO:colcon.colcon_notification.desktop_notification:Sending desktop notification using 'notify2'
[7.200s] DEBUG:colcon.colcon_core.event_reactor:joined thread
[7.201s] INFO:colcon.colcon_core.shell:Creating prefix script '/home/salaheldinm/Penguins/install/local_setup.ps1'
[7.203s] INFO:colcon.colcon_core.shell:Creating prefix util module '/home/salaheldinm/Penguins/install/_local_setup_util_ps1.py'
[7.205s] INFO:colcon.colcon_core.shell:Creating prefix chain script '/home/salaheldinm/Penguins/install/setup.ps1'
[7.208s] INFO:colcon.colcon_core.shell:Creating prefix script '/home/salaheldinm/Penguins/install/local_setup.sh'
[7.209s] INFO:colcon.colcon_core.shell:Creating prefix util module '/home/salaheldinm/Penguins/install/_local_setup_util_sh.py'
[7.210s] INFO:colcon.colcon_core.shell:Creating prefix chain script '/home/salaheldinm/Penguins/install/setup.sh'
[7.212s] INFO:colcon.colcon_core.shell:Creating prefix script '/home/salaheldinm/Penguins/install/local_setup.bash'
[7.213s] INFO:colcon.colcon_core.shell:Creating prefix chain script '/home/salaheldinm/Penguins/install/setup.bash'
[7.214s] INFO:colcon.colcon_core.shell:Creating prefix script '/home/salaheldinm/Penguins/install/local_setup.zsh'
[7.214s] INFO:colcon.colcon_core.shell:Creating prefix chain script '/home/salaheldinm/Penguins/install/setup.zsh'
