[0.015s] Invoking command in '/home/salaheldinm/Penguins/build/nav2_bringup': AMENT_PREFIX_PATH=/home/salaheldinm/Penguins/install/slam_toolbox:${AMENT_PREFIX_PATH} CMAKE_PREFIX_PATH=/home/salaheldinm/Penguins/install/slam_toolbox:/opt/ros/foxy LD_LIBRARY_PATH=/home/salaheldinm/Penguins/install/slam_toolbox/lib:${LD_LIBRARY_PATH} PYTHONPATH=/home/salaheldinm/Penguins/install/slam_toolbox/lib/python3.8/site-packages:${PYTHONPATH} /usr/bin/cmake /home/salaheldinm/Penguins/src/nav2_bringup -DCMAKE_INSTALL_PREFIX=/home/salaheldinm/Penguins/install/nav2_bringup
[0.156s] -- The C compiler identification is GNU 9.4.0
[0.234s] -- The CXX compiler identification is GNU 9.4.0
[0.242s] -- Check for working C compiler: /usr/bin/cc
[0.355s] -- Check for working C compiler: /usr/bin/cc -- works
[0.357s] -- Detecting C compiler ABI info
[0.457s] -- Detecting C compiler ABI info - done
[0.472s] -- Detecting C compile features
[0.472s] -- Detecting C compile features - done
[0.474s] -- Check for working CXX compiler: /usr/bin/c++
[0.576s] -- Check for working CXX compiler: /usr/bin/c++ -- works
[0.578s] -- Detecting CXX compiler ABI info
[0.700s] -- Detecting CXX compiler ABI info - done
[0.720s] -- Detecting CXX compile features
[0.721s] -- Detecting CXX compile features - done
[0.730s] -- Found ament_cmake: 0.9.12 (/opt/ros/foxy/share/ament_cmake/cmake)
[0.764s] -- Found PythonInterp: /usr/bin/python3 (found suitable version "3.8.10", minimum required is "3") 
[0.764s] -- Using PYTHON_EXECUTABLE: /usr/bin/python3
[1.132s] -- Found nav2_common: 0.4.7 (/opt/ros/foxy/share/nav2_common/cmake)
[1.135s] -- Found navigation2: 0.4.7 (/opt/ros/foxy/share/navigation2/cmake)
[1.136s] -- Setting build type to Release as none was specified.
[1.139s] -- Found ament_lint_auto: 0.9.8 (/opt/ros/foxy/share/ament_lint_auto/cmake)
[1.254s] -- Added test 'copyright' to check source files copyright and LICENSE
[1.256s] -- Added test 'flake8' to check Python code syntax and style conventions
[1.257s] -- Added test 'lint_cmake' to check CMake code style
[1.257s] -- Added test 'pep257' to check Python code against some of the style conventions in PEP 257
[1.259s] -- Added test 'xmllint' to check XML markup files
[1.260s] -- Configuring done
[1.262s] -- Generating done
[1.262s] -- Build files have been written to: /home/salaheldinm/Penguins/build/nav2_bringup
[1.267s] Invoked command in '/home/salaheldinm/Penguins/build/nav2_bringup' returned '0': AMENT_PREFIX_PATH=/home/salaheldinm/Penguins/install/slam_toolbox:${AMENT_PREFIX_PATH} CMAKE_PREFIX_PATH=/home/salaheldinm/Penguins/install/slam_toolbox:/opt/ros/foxy LD_LIBRARY_PATH=/home/salaheldinm/Penguins/install/slam_toolbox/lib:${LD_LIBRARY_PATH} PYTHONPATH=/home/salaheldinm/Penguins/install/slam_toolbox/lib/python3.8/site-packages:${PYTHONPATH} /usr/bin/cmake /home/salaheldinm/Penguins/src/nav2_bringup -DCMAKE_INSTALL_PREFIX=/home/salaheldinm/Penguins/install/nav2_bringup
[1.271s] Invoking command in '/home/salaheldinm/Penguins/build/nav2_bringup': AMENT_PREFIX_PATH=/home/salaheldinm/Penguins/install/slam_toolbox:${AMENT_PREFIX_PATH} CMAKE_PREFIX_PATH=/home/salaheldinm/Penguins/install/slam_toolbox:/opt/ros/foxy LD_LIBRARY_PATH=/home/salaheldinm/Penguins/install/slam_toolbox/lib:${LD_LIBRARY_PATH} PYTHONPATH=/home/salaheldinm/Penguins/install/slam_toolbox/lib/python3.8/site-packages:${PYTHONPATH} /usr/bin/cmake --build /home/salaheldinm/Penguins/build/nav2_bringup -- -j16 -l16
[1.312s] Invoked command in '/home/salaheldinm/Penguins/build/nav2_bringup' returned '0': AMENT_PREFIX_PATH=/home/salaheldinm/Penguins/install/slam_toolbox:${AMENT_PREFIX_PATH} CMAKE_PREFIX_PATH=/home/salaheldinm/Penguins/install/slam_toolbox:/opt/ros/foxy LD_LIBRARY_PATH=/home/salaheldinm/Penguins/install/slam_toolbox/lib:${LD_LIBRARY_PATH} PYTHONPATH=/home/salaheldinm/Penguins/install/slam_toolbox/lib/python3.8/site-packages:${PYTHONPATH} /usr/bin/cmake --build /home/salaheldinm/Penguins/build/nav2_bringup -- -j16 -l16
[1.342s] Invoking command in '/home/salaheldinm/Penguins/build/nav2_bringup': AMENT_PREFIX_PATH=/home/salaheldinm/Penguins/install/slam_toolbox:${AMENT_PREFIX_PATH} CMAKE_PREFIX_PATH=/home/salaheldinm/Penguins/install/slam_toolbox:/opt/ros/foxy LD_LIBRARY_PATH=/home/salaheldinm/Penguins/install/slam_toolbox/lib:${LD_LIBRARY_PATH} PYTHONPATH=/home/salaheldinm/Penguins/install/slam_toolbox/lib/python3.8/site-packages:${PYTHONPATH} /usr/bin/cmake --install /home/salaheldinm/Penguins/build/nav2_bringup
[1.349s] -- Install configuration: "Release"
[1.349s] -- Installing: /home/salaheldinm/Penguins/install/nav2_bringup/share/nav2_bringup/launch
[1.349s] -- Installing: /home/salaheldinm/Penguins/install/nav2_bringup/share/nav2_bringup/launch/localization_launch.py
[1.349s] -- Installing: /home/salaheldinm/Penguins/install/nav2_bringup/share/nav2_bringup/launch/unique_multi_tb3_simulation_launch.py
[1.349s] -- Installing: /home/salaheldinm/Penguins/install/nav2_bringup/share/nav2_bringup/launch/slam_launch.py
[1.350s] -- Installing: /home/salaheldinm/Penguins/install/nav2_bringup/share/nav2_bringup/launch/cloned_multi_tb3_simulation_launch.py
[1.350s] -- Installing: /home/salaheldinm/Penguins/install/nav2_bringup/share/nav2_bringup/launch/navigation_launch.py
[1.350s] -- Installing: /home/salaheldinm/Penguins/install/nav2_bringup/share/nav2_bringup/launch/bringup_launch.py
[1.350s] -- Installing: /home/salaheldinm/Penguins/install/nav2_bringup/share/nav2_bringup/launch/tb3_simulation_launch.py
[1.350s] -- Installing: /home/salaheldinm/Penguins/install/nav2_bringup/share/nav2_bringup/launch/rviz_launch.py
[1.350s] -- Installing: /home/salaheldinm/Penguins/install/nav2_bringup/share/nav2_bringup/maps
[1.351s] -- Installing: /home/salaheldinm/Penguins/install/nav2_bringup/share/nav2_bringup/maps/turtlebot3_world.yaml
[1.351s] -- Installing: /home/salaheldinm/Penguins/install/nav2_bringup/share/nav2_bringup/maps/turtlebot3_world.pgm
[1.351s] -- Installing: /home/salaheldinm/Penguins/install/nav2_bringup/share/nav2_bringup/rviz
[1.352s] -- Installing: /home/salaheldinm/Penguins/install/nav2_bringup/share/nav2_bringup/rviz/nav2_default_view.rviz
[1.352s] -- Installing: /home/salaheldinm/Penguins/install/nav2_bringup/share/nav2_bringup/rviz/nav2_namespaced_view.rviz
[1.352s] -- Installing: /home/salaheldinm/Penguins/install/nav2_bringup/share/nav2_bringup/worlds
[1.352s] -- Installing: /home/salaheldinm/Penguins/install/nav2_bringup/share/nav2_bringup/worlds/world_only.model
[1.353s] -- Installing: /home/salaheldinm/Penguins/install/nav2_bringup/share/nav2_bringup/worlds/waffle.model
[1.353s] -- Installing: /home/salaheldinm/Penguins/install/nav2_bringup/share/nav2_bringup/params
[1.353s] -- Installing: /home/salaheldinm/Penguins/install/nav2_bringup/share/nav2_bringup/params/nav2_params.yaml
[1.353s] -- Installing: /home/salaheldinm/Penguins/install/nav2_bringup/share/nav2_bringup/params/nav2_multirobot_params_2.yaml
[1.354s] -- Installing: /home/salaheldinm/Penguins/install/nav2_bringup/share/nav2_bringup/params/nav2_multirobot_params_all.yaml
[1.354s] -- Installing: /home/salaheldinm/Penguins/install/nav2_bringup/share/nav2_bringup/params/nav2_multirobot_params_1.yaml
[1.354s] -- Installing: /home/salaheldinm/Penguins/install/nav2_bringup/share/nav2_bringup/urdf
[1.354s] -- Installing: /home/salaheldinm/Penguins/install/nav2_bringup/share/nav2_bringup/urdf/turtlebot3_waffle.urdf
[1.355s] -- Installing: /home/salaheldinm/Penguins/install/nav2_bringup/share/ament_index/resource_index/package_run_dependencies/nav2_bringup
[1.355s] -- Installing: /home/salaheldinm/Penguins/install/nav2_bringup/share/ament_index/resource_index/parent_prefix_path/nav2_bringup
[1.355s] -- Installing: /home/salaheldinm/Penguins/install/nav2_bringup/share/nav2_bringup/environment/ament_prefix_path.sh
[1.355s] -- Installing: /home/salaheldinm/Penguins/install/nav2_bringup/share/nav2_bringup/environment/ament_prefix_path.dsv
[1.356s] -- Installing: /home/salaheldinm/Penguins/install/nav2_bringup/share/nav2_bringup/environment/path.sh
[1.356s] -- Installing: /home/salaheldinm/Penguins/install/nav2_bringup/share/nav2_bringup/environment/path.dsv
[1.356s] -- Installing: /home/salaheldinm/Penguins/install/nav2_bringup/share/nav2_bringup/local_setup.bash
[1.356s] -- Installing: /home/salaheldinm/Penguins/install/nav2_bringup/share/nav2_bringup/local_setup.sh
[1.356s] -- Installing: /home/salaheldinm/Penguins/install/nav2_bringup/share/nav2_bringup/local_setup.zsh
[1.357s] -- Installing: /home/salaheldinm/Penguins/install/nav2_bringup/share/nav2_bringup/local_setup.dsv
[1.357s] -- Installing: /home/salaheldinm/Penguins/install/nav2_bringup/share/nav2_bringup/package.dsv
[1.357s] -- Installing: /home/salaheldinm/Penguins/install/nav2_bringup/share/ament_index/resource_index/packages/nav2_bringup
[1.357s] -- Installing: /home/salaheldinm/Penguins/install/nav2_bringup/share/nav2_bringup/cmake/nav2_bringupConfig.cmake
[1.357s] -- Installing: /home/salaheldinm/Penguins/install/nav2_bringup/share/nav2_bringup/cmake/nav2_bringupConfig-version.cmake
[1.358s] -- Installing: /home/salaheldinm/Penguins/install/nav2_bringup/share/nav2_bringup/package.xml
[1.361s] Invoked command in '/home/salaheldinm/Penguins/build/nav2_bringup' returned '0': AMENT_PREFIX_PATH=/home/salaheldinm/Penguins/install/slam_toolbox:${AMENT_PREFIX_PATH} CMAKE_PREFIX_PATH=/home/salaheldinm/Penguins/install/slam_toolbox:/opt/ros/foxy LD_LIBRARY_PATH=/home/salaheldinm/Penguins/install/slam_toolbox/lib:${LD_LIBRARY_PATH} PYTHONPATH=/home/salaheldinm/Penguins/install/slam_toolbox/lib/python3.8/site-packages:${PYTHONPATH} /usr/bin/cmake --install /home/salaheldinm/Penguins/build/nav2_bringup
