[0.018s] Invoking command in '/home/salaheldinm/Penguins/build/ouster_ros': AMENT_PREFIX_PATH=/home/salaheldinm/Penguins/install/ouster_sensor_msgs:${AMENT_PREFIX_PATH} CMAKE_PREFIX_PATH=/home/salaheldinm/Penguins/install/ouster_sensor_msgs:/opt/ros/foxy LD_LIBRARY_PATH=/home/salaheldinm/Penguins/install/ouster_sensor_msgs/lib:${LD_LIBRARY_PATH} PYTHONPATH=/home/salaheldinm/Penguins/install/ouster_sensor_msgs/lib/python3.8/site-packages:${PYTHONPATH} /usr/bin/cmake --build /home/salaheldinm/Penguins/build/ouster_ros -- -j16 -l16
[0.092s] [  3%] Built target gtest
[0.094s] [  7%] Built target gtest_main
[0.096s] [34m[1mGenerating build info header[0m
[0.104s] [ 11%] Built target os_replay
[0.105s] [ 18%] Built target os_cloud
[0.105s] [ 18%] Built target os_image
[0.105s] [ 22%] Built target os_sensor
[0.110s] [ 26%] Built target os_driver
[0.142s] [ 26%] Built target ouster_generate_header
[0.193s] [ 54%] Built target ouster_client
[0.245s] [ 58%] Built target ouster_ros_library
[0.291s] [ 64%] Built target os_sensor_component
[0.294s] [ 69%] Built target os_image_component
[0.301s] [ 77%] Built target os_driver_component
[0.302s] [ 83%] Built target os_replay_component
[0.302s] [ 88%] Built target os_cloud_component
[0.307s] [100%] Built target ouster_ros_test
[0.325s] Invoked command in '/home/salaheldinm/Penguins/build/ouster_ros' returned '0': AMENT_PREFIX_PATH=/home/salaheldinm/Penguins/install/ouster_sensor_msgs:${AMENT_PREFIX_PATH} CMAKE_PREFIX_PATH=/home/salaheldinm/Penguins/install/ouster_sensor_msgs:/opt/ros/foxy LD_LIBRARY_PATH=/home/salaheldinm/Penguins/install/ouster_sensor_msgs/lib:${LD_LIBRARY_PATH} PYTHONPATH=/home/salaheldinm/Penguins/install/ouster_sensor_msgs/lib/python3.8/site-packages:${PYTHONPATH} /usr/bin/cmake --build /home/salaheldinm/Penguins/build/ouster_ros -- -j16 -l16
[0.417s] Invoking command in '/home/salaheldinm/Penguins/build/ouster_ros': AMENT_PREFIX_PATH=/home/salaheldinm/Penguins/install/ouster_sensor_msgs:${AMENT_PREFIX_PATH} CMAKE_PREFIX_PATH=/home/salaheldinm/Penguins/install/ouster_sensor_msgs:/opt/ros/foxy LD_LIBRARY_PATH=/home/salaheldinm/Penguins/install/ouster_sensor_msgs/lib:${LD_LIBRARY_PATH} PYTHONPATH=/home/salaheldinm/Penguins/install/ouster_sensor_msgs/lib/python3.8/site-packages:${PYTHONPATH} /usr/bin/cmake --install /home/salaheldinm/Penguins/build/ouster_ros
[0.433s] -- Install configuration: "Release"
[0.433s] -- Up-to-date: /home/salaheldinm/Penguins/install/ouster_ros/lib/ouster_ros/os_sensor
[0.434s] -- Up-to-date: /home/salaheldinm/Penguins/install/ouster_ros/lib/ouster_ros/os_replay
[0.434s] -- Up-to-date: /home/salaheldinm/Penguins/install/ouster_ros/lib/ouster_ros/os_cloud
[0.434s] -- Up-to-date: /home/salaheldinm/Penguins/install/ouster_ros/lib/ouster_ros/os_image
[0.434s] -- Up-to-date: /home/salaheldinm/Penguins/install/ouster_ros/lib/ouster_ros/os_driver
[0.434s] -- Up-to-date: /home/salaheldinm/Penguins/install/ouster_ros/lib/libouster_ros_library.so
[0.435s] -- Up-to-date: /home/salaheldinm/Penguins/install/ouster_ros/lib/libos_sensor_component.so
[0.435s] -- Up-to-date: /home/salaheldinm/Penguins/install/ouster_ros/lib/libos_replay_component.so
[0.435s] -- Up-to-date: /home/salaheldinm/Penguins/install/ouster_ros/lib/libos_cloud_component.so
[0.435s] -- Up-to-date: /home/salaheldinm/Penguins/install/ouster_ros/lib/libos_image_component.so
[0.435s] -- Up-to-date: /home/salaheldinm/Penguins/install/ouster_ros/lib/libos_driver_component.so
[0.436s] -- Up-to-date: /home/salaheldinm/Penguins/install/ouster_ros/include/ouster_ros/include
[0.436s] -- Up-to-date: /home/salaheldinm/Penguins/install/ouster_ros/include/ouster_ros/include/ouster_ros
[0.436s] -- Up-to-date: /home/salaheldinm/Penguins/install/ouster_ros/include/ouster_ros/include/ouster_ros/os_ros.h
[0.437s] -- Up-to-date: /home/salaheldinm/Penguins/install/ouster_ros/include/ouster_ros/include/ouster_ros/sensor_point_types.h
[0.437s] -- Up-to-date: /home/salaheldinm/Penguins/install/ouster_ros/include/ouster_ros/include/ouster_ros/os_processing_node_base.h
[0.437s] -- Up-to-date: /home/salaheldinm/Penguins/install/ouster_ros/include/ouster_ros/include/ouster_ros/os_point.h
[0.437s] -- Up-to-date: /home/salaheldinm/Penguins/install/ouster_ros/include/ouster_ros/include/ouster_ros/visibility_control.h
[0.437s] -- Up-to-date: /home/salaheldinm/Penguins/install/ouster_ros/include/ouster_ros/include/ouster_ros/common_point_types.h
[0.437s] -- Up-to-date: /home/salaheldinm/Penguins/install/ouster_ros/include/ouster_ros/include/ouster_ros/os_sensor_node_base.h
[0.437s] -- Up-to-date: /home/salaheldinm/Penguins/install/ouster_ros/include/ouster_ros/include
[0.437s] -- Up-to-date: /home/salaheldinm/Penguins/install/ouster_ros/include/ouster_ros/include/optional-lite
[0.438s] -- Up-to-date: /home/salaheldinm/Penguins/install/ouster_ros/include/ouster_ros/include/optional-lite/nonstd
[0.438s] -- Up-to-date: /home/salaheldinm/Penguins/install/ouster_ros/include/ouster_ros/include/optional-lite/nonstd/optional.hpp
[0.438s] -- Up-to-date: /home/salaheldinm/Penguins/install/ouster_ros/include/ouster_ros/include/ouster
[0.438s] -- Up-to-date: /home/salaheldinm/Penguins/install/ouster_ros/include/ouster_ros/include/ouster/image_processing.h
[0.438s] -- Up-to-date: /home/salaheldinm/Penguins/install/ouster_ros/include/ouster_ros/include/ouster/types.h
[0.438s] -- Up-to-date: /home/salaheldinm/Penguins/install/ouster_ros/include/ouster_ros/include/ouster/impl
[0.438s] -- Up-to-date: /home/salaheldinm/Penguins/install/ouster_ros/include/ouster_ros/include/ouster/impl/lidar_scan_impl.h
[0.438s] -- Up-to-date: /home/salaheldinm/Penguins/install/ouster_ros/include/ouster_ros/include/ouster/impl/packet_writer.h
[0.438s] -- Up-to-date: /home/salaheldinm/Penguins/install/ouster_ros/include/ouster_ros/include/ouster/impl/cartesian.h
[0.438s] -- Up-to-date: /home/salaheldinm/Penguins/install/ouster_ros/include/ouster_ros/include/ouster/impl/profile_extension.h
[0.438s] -- Up-to-date: /home/salaheldinm/Penguins/install/ouster_ros/include/ouster_ros/include/ouster/lidar_scan.h
[0.438s] -- Up-to-date: /home/salaheldinm/Penguins/install/ouster_ros/include/ouster_ros/include/ouster/buffered_udp_source.h
[0.438s] -- Up-to-date: /home/salaheldinm/Penguins/install/ouster_ros/include/ouster_ros/include/ouster/version.h
[0.438s] -- Up-to-date: /home/salaheldinm/Penguins/install/ouster_ros/include/ouster_ros/include/ouster/defaults.h
[0.438s] -- Up-to-date: /home/salaheldinm/Penguins/install/ouster_ros/include/ouster_ros/include/ouster/client.h
[0.438s] -- Up-to-date: /home/salaheldinm/Penguins/install/ouster_ros/include/ouster_ros/include/ouster/util.h
[0.439s] -- Up-to-date: /home/salaheldinm/Penguins/install/ouster_ros/include/ouster_ros/include/ouster/sensor_http.h
[0.439s] -- Up-to-date: /home/salaheldinm/Penguins/install/ouster_ros/include/ouster_ros/optional-lite
[0.439s] -- Up-to-date: /home/salaheldinm/Penguins/install/ouster_ros/include/ouster_ros/optional-lite/nonstd
[0.439s] -- Up-to-date: /home/salaheldinm/Penguins/install/ouster_ros/include/ouster_ros/optional-lite/nonstd/optional.hpp
[0.439s] -- Up-to-date: /home/salaheldinm/Penguins/install/ouster_ros/share/ouster_ros/LICENSE
[0.439s] -- Up-to-date: /home/salaheldinm/Penguins/install/ouster_ros/share/ouster_ros/launch
[0.439s] -- Up-to-date: /home/salaheldinm/Penguins/install/ouster_ros/share/ouster_ros/launch/sensor.launch.xml
[0.439s] -- Up-to-date: /home/salaheldinm/Penguins/install/ouster_ros/share/ouster_ros/launch/replay.independent.launch.xml
[0.439s] -- Up-to-date: /home/salaheldinm/Penguins/install/ouster_ros/share/ouster_ros/launch/sensor.composite.launch.xml
[0.439s] -- Up-to-date: /home/salaheldinm/Penguins/install/ouster_ros/share/ouster_ros/launch/record.launch.xml
[0.439s] -- Up-to-date: /home/salaheldinm/Penguins/install/ouster_ros/share/ouster_ros/launch/sensor_mtp.launch.xml
[0.439s] -- Up-to-date: /home/salaheldinm/Penguins/install/ouster_ros/share/ouster_ros/launch/record.independent.launch.xml
[0.439s] -- Up-to-date: /home/salaheldinm/Penguins/install/ouster_ros/share/ouster_ros/launch/sensor.composite.launch.py
[0.439s] -- Up-to-date: /home/salaheldinm/Penguins/install/ouster_ros/share/ouster_ros/launch/driver_launch.py
[0.439s] -- Up-to-date: /home/salaheldinm/Penguins/install/ouster_ros/share/ouster_ros/launch/sensor.independent.launch.py
[0.440s] -- Up-to-date: /home/salaheldinm/Penguins/install/ouster_ros/share/ouster_ros/launch/driver.launch.py
[0.440s] -- Up-to-date: /home/salaheldinm/Penguins/install/ouster_ros/share/ouster_ros/launch/replay.launch.xml
[0.440s] -- Up-to-date: /home/salaheldinm/Penguins/install/ouster_ros/share/ouster_ros/launch/rviz.launch.xml
[0.440s] -- Up-to-date: /home/salaheldinm/Penguins/install/ouster_ros/share/ouster_ros/launch/sensor.independent.launch.xml
[0.440s] -- Up-to-date: /home/salaheldinm/Penguins/install/ouster_ros/share/ouster_ros/launch/rviz.launch.py
[0.440s] -- Up-to-date: /home/salaheldinm/Penguins/install/ouster_ros/share/ouster_ros/config
[0.440s] -- Up-to-date: /home/salaheldinm/Penguins/install/ouster_ros/share/ouster_ros/config/viz.rviz
[0.440s] -- Up-to-date: /home/salaheldinm/Penguins/install/ouster_ros/share/ouster_ros/config/community_driver.rviz
[0.440s] -- Up-to-date: /home/salaheldinm/Penguins/install/ouster_ros/share/ouster_ros/config/driver_params.yaml
[0.440s] -- Up-to-date: /home/salaheldinm/Penguins/install/ouster_ros/share/ouster_ros/config/viz-reliable.rviz
[0.440s] -- Up-to-date: /home/salaheldinm/Penguins/install/ouster_ros/share/ouster_ros/config/metadata-qos-override.yaml
[0.440s] -- Up-to-date: /home/salaheldinm/Penguins/install/ouster_ros/share/ouster_ros/config/community_driver_config.yaml
[0.440s] -- Up-to-date: /home/salaheldinm/Penguins/install/ouster_ros/share/ouster_ros/config/os_sensor_cloud_image_params.yaml
[0.440s] -- Up-to-date: /home/salaheldinm/Penguins/install/ouster_ros/share/ouster_ros/config/mapper_params_online_async.yaml
[0.440s] -- Up-to-date: /home/salaheldinm/Penguins/install/ouster_ros/share/ouster_ros/environment/library_path.sh
[0.440s] -- Up-to-date: /home/salaheldinm/Penguins/install/ouster_ros/share/ouster_ros/environment/library_path.dsv
[0.440s] -- Up-to-date: /home/salaheldinm/Penguins/install/ouster_ros/share/ament_index/resource_index/package_run_dependencies/ouster_ros
[0.440s] -- Up-to-date: /home/salaheldinm/Penguins/install/ouster_ros/share/ament_index/resource_index/parent_prefix_path/ouster_ros
[0.440s] -- Up-to-date: /home/salaheldinm/Penguins/install/ouster_ros/share/ouster_ros/environment/ament_prefix_path.sh
[0.441s] -- Up-to-date: /home/salaheldinm/Penguins/install/ouster_ros/share/ouster_ros/environment/ament_prefix_path.dsv
[0.441s] -- Up-to-date: /home/salaheldinm/Penguins/install/ouster_ros/share/ouster_ros/environment/path.sh
[0.441s] -- Up-to-date: /home/salaheldinm/Penguins/install/ouster_ros/share/ouster_ros/environment/path.dsv
[0.441s] -- Up-to-date: /home/salaheldinm/Penguins/install/ouster_ros/share/ouster_ros/local_setup.bash
[0.441s] -- Up-to-date: /home/salaheldinm/Penguins/install/ouster_ros/share/ouster_ros/local_setup.sh
[0.441s] -- Up-to-date: /home/salaheldinm/Penguins/install/ouster_ros/share/ouster_ros/local_setup.zsh
[0.441s] -- Up-to-date: /home/salaheldinm/Penguins/install/ouster_ros/share/ouster_ros/local_setup.dsv
[0.441s] -- Installing: /home/salaheldinm/Penguins/install/ouster_ros/share/ouster_ros/package.dsv
[0.441s] -- Up-to-date: /home/salaheldinm/Penguins/install/ouster_ros/share/ament_index/resource_index/packages/ouster_ros
[0.442s] -- Up-to-date: /home/salaheldinm/Penguins/install/ouster_ros/share/ament_index/resource_index/rclcpp_components/ouster_ros
[0.442s] -- Up-to-date: /home/salaheldinm/Penguins/install/ouster_ros/share/ouster_ros/cmake/ament_cmake_export_include_directories-extras.cmake
[0.442s] -- Up-to-date: /home/salaheldinm/Penguins/install/ouster_ros/share/ouster_ros/cmake/ament_cmake_export_dependencies-extras.cmake
[0.442s] -- Up-to-date: /home/salaheldinm/Penguins/install/ouster_ros/share/ouster_ros/cmake/ament_cmake_export_libraries-extras.cmake
[0.442s] -- Up-to-date: /home/salaheldinm/Penguins/install/ouster_ros/share/ouster_ros/cmake/ouster_rosConfig.cmake
[0.442s] -- Up-to-date: /home/salaheldinm/Penguins/install/ouster_ros/share/ouster_ros/cmake/ouster_rosConfig-version.cmake
[0.442s] -- Up-to-date: /home/salaheldinm/Penguins/install/ouster_ros/share/ouster_ros/package.xml
[0.443s] Invoked command in '/home/salaheldinm/Penguins/build/ouster_ros' returned '0': AMENT_PREFIX_PATH=/home/salaheldinm/Penguins/install/ouster_sensor_msgs:${AMENT_PREFIX_PATH} CMAKE_PREFIX_PATH=/home/salaheldinm/Penguins/install/ouster_sensor_msgs:/opt/ros/foxy LD_LIBRARY_PATH=/home/salaheldinm/Penguins/install/ouster_sensor_msgs/lib:${LD_LIBRARY_PATH} PYTHONPATH=/home/salaheldinm/Penguins/install/ouster_sensor_msgs/lib/python3.8/site-packages:${PYTHONPATH} /usr/bin/cmake --install /home/salaheldinm/Penguins/build/ouster_ros
