[0.009s] Invoking command in '/home/yusef/Desktop/test/build/my_package': CMAKE_PREFIX_PATH=/opt/ros/foxy /usr/bin/cmake /home/yusef/Desktop/test/src/my_package -DCMAKE_INSTALL_PREFIX=/home/yusef/Desktop/test/install/my_package
[0.051s] -- The C compiler identification is GNU 9.4.0
[0.097s] -- The CXX compiler identification is GNU 9.4.0
[0.101s] -- Check for working C compiler: /usr/bin/cc
[0.154s] -- Check for working C compiler: /usr/bin/cc -- works
[0.155s] -- Detecting C compiler ABI info
[0.241s] -- Detecting C compiler ABI info - done
[0.261s] -- Detecting C compile features
[0.261s] -- Detecting C compile features - done
[0.264s] -- Check for working CXX compiler: /usr/bin/c++
[0.326s] -- Check for working CXX compiler: /usr/bin/c++ -- works
[0.327s] -- Detecting CXX compiler ABI info
[0.389s] -- Detecting CXX compiler ABI info - done
[0.400s] -- Detecting CXX compile features
[0.401s] -- Detecting CXX compile features - done
[0.402s] -- Found ament_cmake: 0.9.12 (/opt/ros/foxy/share/ament_cmake/cmake)
[0.422s] -- Found PythonInterp: /usr/bin/python3 (found suitable version "3.8.10", minimum required is "3") 
[0.422s] -- Using PYTHON_EXECUTABLE: /usr/bin/python3
[0.589s] -- Found ament_lint_auto: 0.9.8 (/opt/ros/foxy/share/ament_lint_auto/cmake)
[0.649s] -- Added test 'copyright' to check source files copyright and LICENSE
[0.649s] -- Added test 'cppcheck' to perform static code analysis on C / C++ code
[0.650s] -- Configured cppcheck include dirs: $<BUILD_INTERFACE:/home/yusef/Desktop/test/src/my_package/include>
[0.650s] -- Configured cppcheck exclude dirs and/or files: 
[0.650s] -- Added test 'cpplint' to check C / C++ code against the Google style
[0.651s] -- Configured cpplint exclude dirs and/or files: 
[0.651s] -- Added test 'lint_cmake' to check CMake code style
[0.652s] -- Added test 'uncrustify' to check C / C++ code style
[0.652s] -- Configured uncrustify additional arguments: 
[0.652s] -- Added test 'xmllint' to check XML markup files
[0.654s] -- Configuring done
[0.657s] -- Generating done
[0.657s] -- Build files have been written to: /home/yusef/Desktop/test/build/my_package
[0.660s] Invoked command in '/home/yusef/Desktop/test/build/my_package' returned '0': CMAKE_PREFIX_PATH=/opt/ros/foxy /usr/bin/cmake /home/yusef/Desktop/test/src/my_package -DCMAKE_INSTALL_PREFIX=/home/yusef/Desktop/test/install/my_package
[0.663s] Invoking command in '/home/yusef/Desktop/test/build/my_package': CMAKE_PREFIX_PATH=/opt/ros/foxy /usr/bin/cmake --build /home/yusef/Desktop/test/build/my_package -- -j12 -l12
[0.691s] [35m[1mScanning dependencies of target my_node[0m
[0.699s] [ 50%] [32mBuilding CXX object CMakeFiles/my_node.dir/src/my_node.cpp.o[0m
[0.725s] [100%] [32m[1mLinking CXX executable my_node[0m
[0.763s] [100%] Built target my_node
[0.772s] Invoked command in '/home/yusef/Desktop/test/build/my_package' returned '0': CMAKE_PREFIX_PATH=/opt/ros/foxy /usr/bin/cmake --build /home/yusef/Desktop/test/build/my_package -- -j12 -l12
[0.798s] Invoking command in '/home/yusef/Desktop/test/build/my_package': CMAKE_PREFIX_PATH=/opt/ros/foxy /usr/bin/cmake --install /home/yusef/Desktop/test/build/my_package
[0.804s] -- Install configuration: ""
[0.804s] -- Installing: /home/yusef/Desktop/test/install/my_package/lib/my_package/my_node
[0.805s] -- Installing: /home/yusef/Desktop/test/install/my_package/share/ament_index/resource_index/package_run_dependencies/my_package
[0.805s] -- Installing: /home/yusef/Desktop/test/install/my_package/share/ament_index/resource_index/parent_prefix_path/my_package
[0.805s] -- Installing: /home/yusef/Desktop/test/install/my_package/share/my_package/environment/ament_prefix_path.sh
[0.805s] -- Installing: /home/yusef/Desktop/test/install/my_package/share/my_package/environment/ament_prefix_path.dsv
[0.805s] -- Installing: /home/yusef/Desktop/test/install/my_package/share/my_package/environment/path.sh
[0.805s] -- Installing: /home/yusef/Desktop/test/install/my_package/share/my_package/environment/path.dsv
[0.805s] -- Installing: /home/yusef/Desktop/test/install/my_package/share/my_package/local_setup.bash
[0.805s] -- Installing: /home/yusef/Desktop/test/install/my_package/share/my_package/local_setup.sh
[0.805s] -- Installing: /home/yusef/Desktop/test/install/my_package/share/my_package/local_setup.zsh
[0.805s] -- Installing: /home/yusef/Desktop/test/install/my_package/share/my_package/local_setup.dsv
[0.806s] -- Installing: /home/yusef/Desktop/test/install/my_package/share/my_package/package.dsv
[0.806s] -- Installing: /home/yusef/Desktop/test/install/my_package/share/ament_index/resource_index/packages/my_package
[0.806s] -- Installing: /home/yusef/Desktop/test/install/my_package/share/my_package/cmake/my_packageConfig.cmake
[0.806s] -- Installing: /home/yusef/Desktop/test/install/my_package/share/my_package/cmake/my_packageConfig-version.cmake
[0.806s] -- Installing: /home/yusef/Desktop/test/install/my_package/share/my_package/package.xml
[0.808s] Invoked command in '/home/yusef/Desktop/test/build/my_package' returned '0': CMAKE_PREFIX_PATH=/opt/ros/foxy /usr/bin/cmake --install /home/yusef/Desktop/test/build/my_package
