[0.174s] DEBUG:colcon:Command line arguments: ['/usr/bin/colcon', 'build']
[0.174s] DEBUG:colcon:Parsed command line arguments: Namespace(allow_overriding=[], ament_cmake_args=None, base_paths=['.'], build_base='build', catkin_cmake_args=None, catkin_skip_building_tests=False, cmake_args=None, cmake_clean_cache=False, cmake_clean_first=False, cmake_force_configure=False, cmake_target=None, cmake_target_skip_unavailable=False, continue_on_error=False, event_handlers=None, executor='parallel', ignore_user_meta=False, install_base='install', log_base=None, log_level=None, main=<bound method BuildVerb.main of <colcon_core.verb.build.BuildVerb object at 0x7f14f82839d0>>, merge_install=False, metas=['./colcon.meta'], mixin=None, mixin_files=None, mixin_verb=('build',), packages_above=None, packages_above_and_dependencies=None, packages_above_depth=None, packages_end=None, packages_ignore=None, packages_ignore_regex=None, packages_select=None, packages_select_build_failed=False, packages_select_by_dep=None, packages_select_regex=None, packages_select_test_failures=False, packages_skip=None, packages_skip_build_finished=False, packages_skip_by_dep=None, packages_skip_regex=None, packages_skip_test_passed=False, packages_skip_up_to=None, packages_start=None, packages_up_to=None, packages_up_to_regex=None, parallel_workers=16, paths=None, symlink_install=False, test_result_base=None, verb_extension=<colcon_core.verb.build.BuildVerb object at 0x7f14f82839d0>, verb_name='build', verb_parser=<colcon_mixin.mixin.mixin_argument.MixinArgumentDecorator object at 0x7f14f8283f10>)
[0.305s] Level 1:colcon.colcon_core.package_discovery:discover_packages(colcon_meta) check parameters
[0.305s] Level 1:colcon.colcon_core.package_discovery:discover_packages(recursive) check parameters
[0.305s] Level 1:colcon.colcon_core.package_discovery:discover_packages(ignore) check parameters
[0.305s] Level 1:colcon.colcon_core.package_discovery:discover_packages(path) check parameters
[0.305s] Level 1:colcon.colcon_core.package_discovery:discover_packages(colcon_meta) discover
[0.305s] Level 1:colcon.colcon_core.package_discovery:discover_packages(recursive) discover
[0.305s] INFO:colcon.colcon_core.package_discovery:Crawling recursively for packages in '/home/salaheldinm/Penguins'
[0.305s] Level 1:colcon.colcon_core.package_identification:_identify(.) by extensions ['ignore', 'ignore_ament_install']
[0.305s] Level 1:colcon.colcon_core.package_identification:_identify(.) by extension 'ignore'
[0.305s] Level 1:colcon.colcon_core.package_identification:_identify(.) by extension 'ignore_ament_install'
[0.305s] Level 1:colcon.colcon_core.package_identification:_identify(.) by extensions ['colcon_pkg']
[0.305s] Level 1:colcon.colcon_core.package_identification:_identify(.) by extension 'colcon_pkg'
[0.305s] Level 1:colcon.colcon_core.package_identification:_identify(.) by extensions ['colcon_meta']
[0.305s] Level 1:colcon.colcon_core.package_identification:_identify(.) by extension 'colcon_meta'
[0.305s] Level 1:colcon.colcon_core.package_identification:_identify(.) by extensions ['ros']
[0.305s] Level 1:colcon.colcon_core.package_identification:_identify(.) by extension 'ros'
[0.314s] Level 1:colcon.colcon_core.package_identification:_identify(.) by extensions ['cmake', 'python']
[0.314s] Level 1:colcon.colcon_core.package_identification:_identify(.) by extension 'cmake'
[0.314s] Level 1:colcon.colcon_core.package_identification:_identify(.) by extension 'python'
[0.314s] Level 1:colcon.colcon_core.package_identification:_identify(.) by extensions ['python_setup_py']
[0.314s] Level 1:colcon.colcon_core.package_identification:_identify(.) by extension 'python_setup_py'
[0.314s] Level 1:colcon.colcon_core.package_identification:_identify(build) by extensions ['ignore', 'ignore_ament_install']
[0.314s] Level 1:colcon.colcon_core.package_identification:_identify(build) by extension 'ignore'
[0.314s] Level 1:colcon.colcon_core.package_identification:_identify(build) ignored
[0.314s] Level 1:colcon.colcon_core.package_identification:_identify(install) by extensions ['ignore', 'ignore_ament_install']
[0.314s] Level 1:colcon.colcon_core.package_identification:_identify(install) by extension 'ignore'
[0.314s] Level 1:colcon.colcon_core.package_identification:_identify(install) ignored
[0.315s] Level 1:colcon.colcon_core.package_identification:_identify(log) by extensions ['ignore', 'ignore_ament_install']
[0.315s] Level 1:colcon.colcon_core.package_identification:_identify(log) by extension 'ignore'
[0.315s] Level 1:colcon.colcon_core.package_identification:_identify(log) ignored
[0.315s] Level 1:colcon.colcon_core.package_identification:_identify(src) by extensions ['ignore', 'ignore_ament_install']
[0.315s] Level 1:colcon.colcon_core.package_identification:_identify(src) by extension 'ignore'
[0.315s] Level 1:colcon.colcon_core.package_identification:_identify(src) by extension 'ignore_ament_install'
[0.315s] Level 1:colcon.colcon_core.package_identification:_identify(src) by extensions ['colcon_pkg']
[0.315s] Level 1:colcon.colcon_core.package_identification:_identify(src) by extension 'colcon_pkg'
[0.315s] Level 1:colcon.colcon_core.package_identification:_identify(src) by extensions ['colcon_meta']
[0.315s] Level 1:colcon.colcon_core.package_identification:_identify(src) by extension 'colcon_meta'
[0.315s] Level 1:colcon.colcon_core.package_identification:_identify(src) by extensions ['ros']
[0.315s] Level 1:colcon.colcon_core.package_identification:_identify(src) by extension 'ros'
[0.315s] Level 1:colcon.colcon_core.package_identification:_identify(src) by extensions ['cmake', 'python']
[0.315s] Level 1:colcon.colcon_core.package_identification:_identify(src) by extension 'cmake'
[0.315s] Level 1:colcon.colcon_core.package_identification:_identify(src) by extension 'python'
[0.315s] Level 1:colcon.colcon_core.package_identification:_identify(src) by extensions ['python_setup_py']
[0.315s] Level 1:colcon.colcon_core.package_identification:_identify(src) by extension 'python_setup_py'
[0.315s] Level 1:colcon.colcon_core.package_identification:_identify(src/fake_odometry_publisher) by extensions ['ignore', 'ignore_ament_install']
[0.315s] Level 1:colcon.colcon_core.package_identification:_identify(src/fake_odometry_publisher) by extension 'ignore'
[0.315s] Level 1:colcon.colcon_core.package_identification:_identify(src/fake_odometry_publisher) by extension 'ignore_ament_install'
[0.315s] Level 1:colcon.colcon_core.package_identification:_identify(src/fake_odometry_publisher) by extensions ['colcon_pkg']
[0.315s] Level 1:colcon.colcon_core.package_identification:_identify(src/fake_odometry_publisher) by extension 'colcon_pkg'
[0.315s] Level 1:colcon.colcon_core.package_identification:_identify(src/fake_odometry_publisher) by extensions ['colcon_meta']
[0.315s] Level 1:colcon.colcon_core.package_identification:_identify(src/fake_odometry_publisher) by extension 'colcon_meta'
[0.315s] Level 1:colcon.colcon_core.package_identification:_identify(src/fake_odometry_publisher) by extensions ['ros']
[0.315s] Level 1:colcon.colcon_core.package_identification:_identify(src/fake_odometry_publisher) by extension 'ros'
[0.316s] Level 1:colcon.colcon_core.package_identification:_identify(src/fake_odometry_publisher) by extensions ['cmake', 'python']
[0.316s] Level 1:colcon.colcon_core.package_identification:_identify(src/fake_odometry_publisher) by extension 'cmake'
[0.316s] Level 1:colcon.colcon_core.package_identification:_identify(src/fake_odometry_publisher) by extension 'python'
[0.316s] Level 1:colcon.colcon_core.package_identification:_identify(src/fake_odometry_publisher) by extensions ['python_setup_py']
[0.316s] Level 1:colcon.colcon_core.package_identification:_identify(src/fake_odometry_publisher) by extension 'python_setup_py'
[0.316s] Level 1:colcon.colcon_core.package_identification:_identify(src/fake_odometry_publisher/fake_odometry_publisher) by extensions ['ignore', 'ignore_ament_install']
[0.316s] Level 1:colcon.colcon_core.package_identification:_identify(src/fake_odometry_publisher/fake_odometry_publisher) by extension 'ignore'
[0.316s] Level 1:colcon.colcon_core.package_identification:_identify(src/fake_odometry_publisher/fake_odometry_publisher) by extension 'ignore_ament_install'
[0.316s] Level 1:colcon.colcon_core.package_identification:_identify(src/fake_odometry_publisher/fake_odometry_publisher) by extensions ['colcon_pkg']
[0.316s] Level 1:colcon.colcon_core.package_identification:_identify(src/fake_odometry_publisher/fake_odometry_publisher) by extension 'colcon_pkg'
[0.316s] Level 1:colcon.colcon_core.package_identification:_identify(src/fake_odometry_publisher/fake_odometry_publisher) by extensions ['colcon_meta']
[0.316s] Level 1:colcon.colcon_core.package_identification:_identify(src/fake_odometry_publisher/fake_odometry_publisher) by extension 'colcon_meta'
[0.316s] Level 1:colcon.colcon_core.package_identification:_identify(src/fake_odometry_publisher/fake_odometry_publisher) by extensions ['ros']
[0.316s] Level 1:colcon.colcon_core.package_identification:_identify(src/fake_odometry_publisher/fake_odometry_publisher) by extension 'ros'
[0.318s] DEBUG:colcon.colcon_core.package_identification:Package 'src/fake_odometry_publisher/fake_odometry_publisher' with type 'ros.ament_python' and name 'fake_odometry_publisher'
[0.318s] Level 1:colcon.colcon_core.package_identification:_identify(src/my_cpp_package) by extensions ['ignore', 'ignore_ament_install']
[0.318s] Level 1:colcon.colcon_core.package_identification:_identify(src/my_cpp_package) by extension 'ignore'
[0.318s] Level 1:colcon.colcon_core.package_identification:_identify(src/my_cpp_package) by extension 'ignore_ament_install'
[0.318s] Level 1:colcon.colcon_core.package_identification:_identify(src/my_cpp_package) by extensions ['colcon_pkg']
[0.318s] Level 1:colcon.colcon_core.package_identification:_identify(src/my_cpp_package) by extension 'colcon_pkg'
[0.318s] Level 1:colcon.colcon_core.package_identification:_identify(src/my_cpp_package) by extensions ['colcon_meta']
[0.318s] Level 1:colcon.colcon_core.package_identification:_identify(src/my_cpp_package) by extension 'colcon_meta'
[0.318s] Level 1:colcon.colcon_core.package_identification:_identify(src/my_cpp_package) by extensions ['ros']
[0.318s] Level 1:colcon.colcon_core.package_identification:_identify(src/my_cpp_package) by extension 'ros'
[0.319s] DEBUG:colcon.colcon_core.package_identification:Package 'src/my_cpp_package' with type 'ros.ament_cmake' and name 'my_cpp_package'
[0.320s] Level 1:colcon.colcon_core.package_identification:_identify(src/nav2_bringup) by extensions ['ignore', 'ignore_ament_install']
[0.320s] Level 1:colcon.colcon_core.package_identification:_identify(src/nav2_bringup) by extension 'ignore'
[0.320s] Level 1:colcon.colcon_core.package_identification:_identify(src/nav2_bringup) by extension 'ignore_ament_install'
[0.320s] Level 1:colcon.colcon_core.package_identification:_identify(src/nav2_bringup) by extensions ['colcon_pkg']
[0.320s] Level 1:colcon.colcon_core.package_identification:_identify(src/nav2_bringup) by extension 'colcon_pkg'
[0.320s] Level 1:colcon.colcon_core.package_identification:_identify(src/nav2_bringup) by extensions ['colcon_meta']
[0.320s] Level 1:colcon.colcon_core.package_identification:_identify(src/nav2_bringup) by extension 'colcon_meta'
[0.320s] Level 1:colcon.colcon_core.package_identification:_identify(src/nav2_bringup) by extensions ['ros']
[0.320s] Level 1:colcon.colcon_core.package_identification:_identify(src/nav2_bringup) by extension 'ros'
[0.320s] DEBUG:colcon.colcon_core.package_identification:Package 'src/nav2_bringup' with type 'ros.ament_cmake' and name 'nav2_bringup'
[0.320s] Level 1:colcon.colcon_core.package_identification:_identify(src/ouster-ros) by extensions ['ignore', 'ignore_ament_install']
[0.320s] Level 1:colcon.colcon_core.package_identification:_identify(src/ouster-ros) by extension 'ignore'
[0.320s] Level 1:colcon.colcon_core.package_identification:_identify(src/ouster-ros) by extension 'ignore_ament_install'
[0.321s] Level 1:colcon.colcon_core.package_identification:_identify(src/ouster-ros) by extensions ['colcon_pkg']
[0.321s] Level 1:colcon.colcon_core.package_identification:_identify(src/ouster-ros) by extension 'colcon_pkg'
[0.321s] Level 1:colcon.colcon_core.package_identification:_identify(src/ouster-ros) by extensions ['colcon_meta']
[0.321s] Level 1:colcon.colcon_core.package_identification:_identify(src/ouster-ros) by extension 'colcon_meta'
[0.321s] Level 1:colcon.colcon_core.package_identification:_identify(src/ouster-ros) by extensions ['ros']
[0.321s] Level 1:colcon.colcon_core.package_identification:_identify(src/ouster-ros) by extension 'ros'
[0.321s] Level 1:colcon.colcon_core.package_identification:_identify(src/ouster-ros) by extensions ['cmake', 'python']
[0.321s] Level 1:colcon.colcon_core.package_identification:_identify(src/ouster-ros) by extension 'cmake'
[0.321s] Level 1:colcon.colcon_core.package_identification:_identify(src/ouster-ros) by extension 'python'
[0.321s] Level 1:colcon.colcon_core.package_identification:_identify(src/ouster-ros) by extensions ['python_setup_py']
[0.321s] Level 1:colcon.colcon_core.package_identification:_identify(src/ouster-ros) by extension 'python_setup_py'
[0.321s] Level 1:colcon.colcon_core.package_identification:_identify(src/ouster-ros/docs) by extensions ['ignore', 'ignore_ament_install']
[0.321s] Level 1:colcon.colcon_core.package_identification:_identify(src/ouster-ros/docs) by extension 'ignore'
[0.321s] Level 1:colcon.colcon_core.package_identification:_identify(src/ouster-ros/docs) by extension 'ignore_ament_install'
[0.321s] Level 1:colcon.colcon_core.package_identification:_identify(src/ouster-ros/docs) by extensions ['colcon_pkg']
[0.321s] Level 1:colcon.colcon_core.package_identification:_identify(src/ouster-ros/docs) by extension 'colcon_pkg'
[0.321s] Level 1:colcon.colcon_core.package_identification:_identify(src/ouster-ros/docs) by extensions ['colcon_meta']
[0.321s] Level 1:colcon.colcon_core.package_identification:_identify(src/ouster-ros/docs) by extension 'colcon_meta'
[0.321s] Level 1:colcon.colcon_core.package_identification:_identify(src/ouster-ros/docs) by extensions ['ros']
[0.321s] Level 1:colcon.colcon_core.package_identification:_identify(src/ouster-ros/docs) by extension 'ros'
[0.321s] Level 1:colcon.colcon_core.package_identification:_identify(src/ouster-ros/docs) by extensions ['cmake', 'python']
[0.321s] Level 1:colcon.colcon_core.package_identification:_identify(src/ouster-ros/docs) by extension 'cmake'
[0.321s] Level 1:colcon.colcon_core.package_identification:_identify(src/ouster-ros/docs) by extension 'python'
[0.321s] Level 1:colcon.colcon_core.package_identification:_identify(src/ouster-ros/docs) by extensions ['python_setup_py']
[0.321s] Level 1:colcon.colcon_core.package_identification:_identify(src/ouster-ros/docs) by extension 'python_setup_py'
[0.321s] Level 1:colcon.colcon_core.package_identification:_identify(src/ouster-ros/docs/images) by extensions ['ignore', 'ignore_ament_install']
[0.321s] Level 1:colcon.colcon_core.package_identification:_identify(src/ouster-ros/docs/images) by extension 'ignore'
[0.321s] Level 1:colcon.colcon_core.package_identification:_identify(src/ouster-ros/docs/images) by extension 'ignore_ament_install'
[0.322s] Level 1:colcon.colcon_core.package_identification:_identify(src/ouster-ros/docs/images) by extensions ['colcon_pkg']
[0.322s] Level 1:colcon.colcon_core.package_identification:_identify(src/ouster-ros/docs/images) by extension 'colcon_pkg'
[0.322s] Level 1:colcon.colcon_core.package_identification:_identify(src/ouster-ros/docs/images) by extensions ['colcon_meta']
[0.322s] Level 1:colcon.colcon_core.package_identification:_identify(src/ouster-ros/docs/images) by extension 'colcon_meta'
[0.322s] Level 1:colcon.colcon_core.package_identification:_identify(src/ouster-ros/docs/images) by extensions ['ros']
[0.322s] Level 1:colcon.colcon_core.package_identification:_identify(src/ouster-ros/docs/images) by extension 'ros'
[0.322s] Level 1:colcon.colcon_core.package_identification:_identify(src/ouster-ros/docs/images) by extensions ['cmake', 'python']
[0.322s] Level 1:colcon.colcon_core.package_identification:_identify(src/ouster-ros/docs/images) by extension 'cmake'
[0.322s] Level 1:colcon.colcon_core.package_identification:_identify(src/ouster-ros/docs/images) by extension 'python'
[0.322s] Level 1:colcon.colcon_core.package_identification:_identify(src/ouster-ros/docs/images) by extensions ['python_setup_py']
[0.322s] Level 1:colcon.colcon_core.package_identification:_identify(src/ouster-ros/docs/images) by extension 'python_setup_py'
[0.322s] Level 1:colcon.colcon_core.package_identification:_identify(src/ouster-ros/ouster-ros) by extensions ['ignore', 'ignore_ament_install']
[0.322s] Level 1:colcon.colcon_core.package_identification:_identify(src/ouster-ros/ouster-ros) by extension 'ignore'
[0.322s] Level 1:colcon.colcon_core.package_identification:_identify(src/ouster-ros/ouster-ros) by extension 'ignore_ament_install'
[0.322s] Level 1:colcon.colcon_core.package_identification:_identify(src/ouster-ros/ouster-ros) by extensions ['colcon_pkg']
[0.322s] Level 1:colcon.colcon_core.package_identification:_identify(src/ouster-ros/ouster-ros) by extension 'colcon_pkg'
[0.322s] Level 1:colcon.colcon_core.package_identification:_identify(src/ouster-ros/ouster-ros) by extensions ['colcon_meta']
[0.322s] Level 1:colcon.colcon_core.package_identification:_identify(src/ouster-ros/ouster-ros) by extension 'colcon_meta'
[0.322s] Level 1:colcon.colcon_core.package_identification:_identify(src/ouster-ros/ouster-ros) by extensions ['ros']
[0.322s] Level 1:colcon.colcon_core.package_identification:_identify(src/ouster-ros/ouster-ros) by extension 'ros'
[0.323s] DEBUG:colcon.colcon_core.package_identification:Package 'src/ouster-ros/ouster-ros' with type 'ros.ament_cmake' and name 'ouster_ros'
[0.323s] Level 1:colcon.colcon_core.package_identification:_identify(src/ouster-ros/ouster-sensor-msgs) by extensions ['ignore', 'ignore_ament_install']
[0.324s] Level 1:colcon.colcon_core.package_identification:_identify(src/ouster-ros/ouster-sensor-msgs) by extension 'ignore'
[0.324s] Level 1:colcon.colcon_core.package_identification:_identify(src/ouster-ros/ouster-sensor-msgs) by extension 'ignore_ament_install'
[0.324s] Level 1:colcon.colcon_core.package_identification:_identify(src/ouster-ros/ouster-sensor-msgs) by extensions ['colcon_pkg']
[0.324s] Level 1:colcon.colcon_core.package_identification:_identify(src/ouster-ros/ouster-sensor-msgs) by extension 'colcon_pkg'
[0.324s] Level 1:colcon.colcon_core.package_identification:_identify(src/ouster-ros/ouster-sensor-msgs) by extensions ['colcon_meta']
[0.324s] Level 1:colcon.colcon_core.package_identification:_identify(src/ouster-ros/ouster-sensor-msgs) by extension 'colcon_meta'
[0.324s] Level 1:colcon.colcon_core.package_identification:_identify(src/ouster-ros/ouster-sensor-msgs) by extensions ['ros']
[0.324s] Level 1:colcon.colcon_core.package_identification:_identify(src/ouster-ros/ouster-sensor-msgs) by extension 'ros'
[0.324s] DEBUG:colcon.colcon_core.package_identification:Package 'src/ouster-ros/ouster-sensor-msgs' with type 'ros.ament_cmake' and name 'ouster_sensor_msgs'
[0.324s] Level 1:colcon.colcon_core.package_identification:_identify(src/rf2o_laser_odometry) by extensions ['ignore', 'ignore_ament_install']
[0.324s] Level 1:colcon.colcon_core.package_identification:_identify(src/rf2o_laser_odometry) by extension 'ignore'
[0.324s] Level 1:colcon.colcon_core.package_identification:_identify(src/rf2o_laser_odometry) by extension 'ignore_ament_install'
[0.324s] Level 1:colcon.colcon_core.package_identification:_identify(src/rf2o_laser_odometry) by extensions ['colcon_pkg']
[0.324s] Level 1:colcon.colcon_core.package_identification:_identify(src/rf2o_laser_odometry) by extension 'colcon_pkg'
[0.324s] Level 1:colcon.colcon_core.package_identification:_identify(src/rf2o_laser_odometry) by extensions ['colcon_meta']
[0.324s] Level 1:colcon.colcon_core.package_identification:_identify(src/rf2o_laser_odometry) by extension 'colcon_meta'
[0.324s] Level 1:colcon.colcon_core.package_identification:_identify(src/rf2o_laser_odometry) by extensions ['ros']
[0.325s] Level 1:colcon.colcon_core.package_identification:_identify(src/rf2o_laser_odometry) by extension 'ros'
[0.325s] DEBUG:colcon.colcon_core.package_identification:Package 'src/rf2o_laser_odometry' with type 'ros.ament_cmake' and name 'rf2o_laser_odometry'
[0.325s] Level 1:colcon.colcon_core.package_identification:_identify(src/slam_toolbox-foxy-devel) by extensions ['ignore', 'ignore_ament_install']
[0.325s] Level 1:colcon.colcon_core.package_identification:_identify(src/slam_toolbox-foxy-devel) by extension 'ignore'
[0.325s] Level 1:colcon.colcon_core.package_identification:_identify(src/slam_toolbox-foxy-devel) by extension 'ignore_ament_install'
[0.325s] Level 1:colcon.colcon_core.package_identification:_identify(src/slam_toolbox-foxy-devel) by extensions ['colcon_pkg']
[0.325s] Level 1:colcon.colcon_core.package_identification:_identify(src/slam_toolbox-foxy-devel) by extension 'colcon_pkg'
[0.325s] Level 1:colcon.colcon_core.package_identification:_identify(src/slam_toolbox-foxy-devel) by extensions ['colcon_meta']
[0.325s] Level 1:colcon.colcon_core.package_identification:_identify(src/slam_toolbox-foxy-devel) by extension 'colcon_meta'
[0.326s] Level 1:colcon.colcon_core.package_identification:_identify(src/slam_toolbox-foxy-devel) by extensions ['ros']
[0.326s] Level 1:colcon.colcon_core.package_identification:_identify(src/slam_toolbox-foxy-devel) by extension 'ros'
[0.327s] DEBUG:colcon.colcon_core.package_identification:Package 'src/slam_toolbox-foxy-devel' with type 'ros.ament_cmake' and name 'slam_toolbox'
[0.327s] Level 1:colcon.colcon_core.package_discovery:discover_packages(recursive) using defaults
[0.327s] Level 1:colcon.colcon_core.package_discovery:discover_packages(ignore) discover
[0.327s] Level 1:colcon.colcon_core.package_discovery:discover_packages(ignore) using defaults
[0.327s] Level 1:colcon.colcon_core.package_discovery:discover_packages(path) discover
[0.327s] Level 1:colcon.colcon_core.package_discovery:discover_packages(path) using defaults
[0.360s] Level 1:colcon.colcon_core.package_discovery:discover_packages(prefix_path) check parameters
[0.360s] Level 1:colcon.colcon_core.package_discovery:discover_packages(prefix_path) discover
[0.362s] DEBUG:colcon.colcon_installed_package_information.package_discovery:Found 7 installed packages in /home/salaheldinm/Penguins/install
[0.363s] DEBUG:colcon.colcon_installed_package_information.package_discovery:Found 305 installed packages in /opt/ros/foxy
[0.364s] Level 1:colcon.colcon_core.package_discovery:discover_packages(prefix_path) using defaults
[0.410s] Level 5:colcon.colcon_core.verb:set package 'fake_odometry_publisher' build argument 'cmake_args' from command line to 'None'
[0.411s] Level 5:colcon.colcon_core.verb:set package 'fake_odometry_publisher' build argument 'cmake_target' from command line to 'None'
[0.411s] Level 5:colcon.colcon_core.verb:set package 'fake_odometry_publisher' build argument 'cmake_target_skip_unavailable' from command line to 'False'
[0.411s] Level 5:colcon.colcon_core.verb:set package 'fake_odometry_publisher' build argument 'cmake_clean_cache' from command line to 'False'
[0.411s] Level 5:colcon.colcon_core.verb:set package 'fake_odometry_publisher' build argument 'cmake_clean_first' from command line to 'False'
[0.411s] Level 5:colcon.colcon_core.verb:set package 'fake_odometry_publisher' build argument 'cmake_force_configure' from command line to 'False'
[0.411s] Level 5:colcon.colcon_core.verb:set package 'fake_odometry_publisher' build argument 'ament_cmake_args' from command line to 'None'
[0.411s] Level 5:colcon.colcon_core.verb:set package 'fake_odometry_publisher' build argument 'catkin_cmake_args' from command line to 'None'
[0.411s] Level 5:colcon.colcon_core.verb:set package 'fake_odometry_publisher' build argument 'catkin_skip_building_tests' from command line to 'False'
[0.411s] DEBUG:colcon.colcon_core.verb:Building package 'fake_odometry_publisher' with the following arguments: {'ament_cmake_args': None, 'build_base': '/home/salaheldinm/Penguins/build/fake_odometry_publisher', 'catkin_cmake_args': None, 'catkin_skip_building_tests': False, 'cmake_args': None, 'cmake_clean_cache': False, 'cmake_clean_first': False, 'cmake_force_configure': False, 'cmake_target': None, 'cmake_target_skip_unavailable': False, 'install_base': '/home/salaheldinm/Penguins/install/fake_odometry_publisher', 'merge_install': False, 'path': '/home/salaheldinm/Penguins/src/fake_odometry_publisher/fake_odometry_publisher', 'symlink_install': False, 'test_result_base': None}
[0.411s] Level 5:colcon.colcon_core.verb:set package 'my_cpp_package' build argument 'cmake_args' from command line to 'None'
[0.411s] Level 5:colcon.colcon_core.verb:set package 'my_cpp_package' build argument 'cmake_target' from command line to 'None'
[0.411s] Level 5:colcon.colcon_core.verb:set package 'my_cpp_package' build argument 'cmake_target_skip_unavailable' from command line to 'False'
[0.411s] Level 5:colcon.colcon_core.verb:set package 'my_cpp_package' build argument 'cmake_clean_cache' from command line to 'False'
[0.411s] Level 5:colcon.colcon_core.verb:set package 'my_cpp_package' build argument 'cmake_clean_first' from command line to 'False'
[0.411s] Level 5:colcon.colcon_core.verb:set package 'my_cpp_package' build argument 'cmake_force_configure' from command line to 'False'
[0.411s] Level 5:colcon.colcon_core.verb:set package 'my_cpp_package' build argument 'ament_cmake_args' from command line to 'None'
[0.411s] Level 5:colcon.colcon_core.verb:set package 'my_cpp_package' build argument 'catkin_cmake_args' from command line to 'None'
[0.411s] Level 5:colcon.colcon_core.verb:set package 'my_cpp_package' build argument 'catkin_skip_building_tests' from command line to 'False'
[0.411s] DEBUG:colcon.colcon_core.verb:Building package 'my_cpp_package' with the following arguments: {'ament_cmake_args': None, 'build_base': '/home/salaheldinm/Penguins/build/my_cpp_package', 'catkin_cmake_args': None, 'catkin_skip_building_tests': False, 'cmake_args': None, 'cmake_clean_cache': False, 'cmake_clean_first': False, 'cmake_force_configure': False, 'cmake_target': None, 'cmake_target_skip_unavailable': False, 'install_base': '/home/salaheldinm/Penguins/install/my_cpp_package', 'merge_install': False, 'path': '/home/salaheldinm/Penguins/src/my_cpp_package', 'symlink_install': False, 'test_result_base': None}
[0.412s] Level 5:colcon.colcon_core.verb:set package 'ouster_sensor_msgs' build argument 'cmake_args' from command line to 'None'
[0.412s] Level 5:colcon.colcon_core.verb:set package 'ouster_sensor_msgs' build argument 'cmake_target' from command line to 'None'
[0.412s] Level 5:colcon.colcon_core.verb:set package 'ouster_sensor_msgs' build argument 'cmake_target_skip_unavailable' from command line to 'False'
[0.412s] Level 5:colcon.colcon_core.verb:set package 'ouster_sensor_msgs' build argument 'cmake_clean_cache' from command line to 'False'
[0.412s] Level 5:colcon.colcon_core.verb:set package 'ouster_sensor_msgs' build argument 'cmake_clean_first' from command line to 'False'
[0.412s] Level 5:colcon.colcon_core.verb:set package 'ouster_sensor_msgs' build argument 'cmake_force_configure' from command line to 'False'
[0.412s] Level 5:colcon.colcon_core.verb:set package 'ouster_sensor_msgs' build argument 'ament_cmake_args' from command line to 'None'
[0.412s] Level 5:colcon.colcon_core.verb:set package 'ouster_sensor_msgs' build argument 'catkin_cmake_args' from command line to 'None'
[0.412s] Level 5:colcon.colcon_core.verb:set package 'ouster_sensor_msgs' build argument 'catkin_skip_building_tests' from command line to 'False'
[0.412s] DEBUG:colcon.colcon_core.verb:Building package 'ouster_sensor_msgs' with the following arguments: {'ament_cmake_args': None, 'build_base': '/home/salaheldinm/Penguins/build/ouster_sensor_msgs', 'catkin_cmake_args': None, 'catkin_skip_building_tests': False, 'cmake_args': None, 'cmake_clean_cache': False, 'cmake_clean_first': False, 'cmake_force_configure': False, 'cmake_target': None, 'cmake_target_skip_unavailable': False, 'install_base': '/home/salaheldinm/Penguins/install/ouster_sensor_msgs', 'merge_install': False, 'path': '/home/salaheldinm/Penguins/src/ouster-ros/ouster-sensor-msgs', 'symlink_install': False, 'test_result_base': None}
[0.412s] Level 5:colcon.colcon_core.verb:set package 'rf2o_laser_odometry' build argument 'cmake_args' from command line to 'None'
[0.412s] Level 5:colcon.colcon_core.verb:set package 'rf2o_laser_odometry' build argument 'cmake_target' from command line to 'None'
[0.412s] Level 5:colcon.colcon_core.verb:set package 'rf2o_laser_odometry' build argument 'cmake_target_skip_unavailable' from command line to 'False'
[0.412s] Level 5:colcon.colcon_core.verb:set package 'rf2o_laser_odometry' build argument 'cmake_clean_cache' from command line to 'False'
[0.412s] Level 5:colcon.colcon_core.verb:set package 'rf2o_laser_odometry' build argument 'cmake_clean_first' from command line to 'False'
[0.412s] Level 5:colcon.colcon_core.verb:set package 'rf2o_laser_odometry' build argument 'cmake_force_configure' from command line to 'False'
[0.412s] Level 5:colcon.colcon_core.verb:set package 'rf2o_laser_odometry' build argument 'ament_cmake_args' from command line to 'None'
[0.412s] Level 5:colcon.colcon_core.verb:set package 'rf2o_laser_odometry' build argument 'catkin_cmake_args' from command line to 'None'
[0.412s] Level 5:colcon.colcon_core.verb:set package 'rf2o_laser_odometry' build argument 'catkin_skip_building_tests' from command line to 'False'
[0.412s] DEBUG:colcon.colcon_core.verb:Building package 'rf2o_laser_odometry' with the following arguments: {'ament_cmake_args': None, 'build_base': '/home/salaheldinm/Penguins/build/rf2o_laser_odometry', 'catkin_cmake_args': None, 'catkin_skip_building_tests': False, 'cmake_args': None, 'cmake_clean_cache': False, 'cmake_clean_first': False, 'cmake_force_configure': False, 'cmake_target': None, 'cmake_target_skip_unavailable': False, 'install_base': '/home/salaheldinm/Penguins/install/rf2o_laser_odometry', 'merge_install': False, 'path': '/home/salaheldinm/Penguins/src/rf2o_laser_odometry', 'symlink_install': False, 'test_result_base': None}
[0.412s] Level 5:colcon.colcon_core.verb:set package 'slam_toolbox' build argument 'cmake_args' from command line to 'None'
[0.412s] Level 5:colcon.colcon_core.verb:set package 'slam_toolbox' build argument 'cmake_target' from command line to 'None'
[0.412s] Level 5:colcon.colcon_core.verb:set package 'slam_toolbox' build argument 'cmake_target_skip_unavailable' from command line to 'False'
[0.412s] Level 5:colcon.colcon_core.verb:set package 'slam_toolbox' build argument 'cmake_clean_cache' from command line to 'False'
[0.412s] Level 5:colcon.colcon_core.verb:set package 'slam_toolbox' build argument 'cmake_clean_first' from command line to 'False'
[0.412s] Level 5:colcon.colcon_core.verb:set package 'slam_toolbox' build argument 'cmake_force_configure' from command line to 'False'
[0.412s] Level 5:colcon.colcon_core.verb:set package 'slam_toolbox' build argument 'ament_cmake_args' from command line to 'None'
[0.412s] Level 5:colcon.colcon_core.verb:set package 'slam_toolbox' build argument 'catkin_cmake_args' from command line to 'None'
[0.413s] Level 5:colcon.colcon_core.verb:set package 'slam_toolbox' build argument 'catkin_skip_building_tests' from command line to 'False'
[0.413s] DEBUG:colcon.colcon_core.verb:Building package 'slam_toolbox' with the following arguments: {'ament_cmake_args': None, 'build_base': '/home/salaheldinm/Penguins/build/slam_toolbox', 'catkin_cmake_args': None, 'catkin_skip_building_tests': False, 'cmake_args': None, 'cmake_clean_cache': False, 'cmake_clean_first': False, 'cmake_force_configure': False, 'cmake_target': None, 'cmake_target_skip_unavailable': False, 'install_base': '/home/salaheldinm/Penguins/install/slam_toolbox', 'merge_install': False, 'path': '/home/salaheldinm/Penguins/src/slam_toolbox-foxy-devel', 'symlink_install': False, 'test_result_base': None}
[0.413s] Level 5:colcon.colcon_core.verb:set package 'nav2_bringup' build argument 'cmake_args' from command line to 'None'
[0.413s] Level 5:colcon.colcon_core.verb:set package 'nav2_bringup' build argument 'cmake_target' from command line to 'None'
[0.413s] Level 5:colcon.colcon_core.verb:set package 'nav2_bringup' build argument 'cmake_target_skip_unavailable' from command line to 'False'
[0.413s] Level 5:colcon.colcon_core.verb:set package 'nav2_bringup' build argument 'cmake_clean_cache' from command line to 'False'
[0.413s] Level 5:colcon.colcon_core.verb:set package 'nav2_bringup' build argument 'cmake_clean_first' from command line to 'False'
[0.413s] Level 5:colcon.colcon_core.verb:set package 'nav2_bringup' build argument 'cmake_force_configure' from command line to 'False'
[0.413s] Level 5:colcon.colcon_core.verb:set package 'nav2_bringup' build argument 'ament_cmake_args' from command line to 'None'
[0.413s] Level 5:colcon.colcon_core.verb:set package 'nav2_bringup' build argument 'catkin_cmake_args' from command line to 'None'
[0.413s] Level 5:colcon.colcon_core.verb:set package 'nav2_bringup' build argument 'catkin_skip_building_tests' from command line to 'False'
[0.413s] DEBUG:colcon.colcon_core.verb:Building package 'nav2_bringup' with the following arguments: {'ament_cmake_args': None, 'build_base': '/home/salaheldinm/Penguins/build/nav2_bringup', 'catkin_cmake_args': None, 'catkin_skip_building_tests': False, 'cmake_args': None, 'cmake_clean_cache': False, 'cmake_clean_first': False, 'cmake_force_configure': False, 'cmake_target': None, 'cmake_target_skip_unavailable': False, 'install_base': '/home/salaheldinm/Penguins/install/nav2_bringup', 'merge_install': False, 'path': '/home/salaheldinm/Penguins/src/nav2_bringup', 'symlink_install': False, 'test_result_base': None}
[0.413s] Level 5:colcon.colcon_core.verb:set package 'ouster_ros' build argument 'cmake_args' from command line to 'None'
[0.413s] Level 5:colcon.colcon_core.verb:set package 'ouster_ros' build argument 'cmake_target' from command line to 'None'
[0.413s] Level 5:colcon.colcon_core.verb:set package 'ouster_ros' build argument 'cmake_target_skip_unavailable' from command line to 'False'
[0.413s] Level 5:colcon.colcon_core.verb:set package 'ouster_ros' build argument 'cmake_clean_cache' from command line to 'False'
[0.413s] Level 5:colcon.colcon_core.verb:set package 'ouster_ros' build argument 'cmake_clean_first' from command line to 'False'
[0.413s] Level 5:colcon.colcon_core.verb:set package 'ouster_ros' build argument 'cmake_force_configure' from command line to 'False'
[0.413s] Level 5:colcon.colcon_core.verb:set package 'ouster_ros' build argument 'ament_cmake_args' from command line to 'None'
[0.413s] Level 5:colcon.colcon_core.verb:set package 'ouster_ros' build argument 'catkin_cmake_args' from command line to 'None'
[0.413s] Level 5:colcon.colcon_core.verb:set package 'ouster_ros' build argument 'catkin_skip_building_tests' from command line to 'False'
[0.413s] DEBUG:colcon.colcon_core.verb:Building package 'ouster_ros' with the following arguments: {'ament_cmake_args': None, 'build_base': '/home/salaheldinm/Penguins/build/ouster_ros', 'catkin_cmake_args': None, 'catkin_skip_building_tests': False, 'cmake_args': None, 'cmake_clean_cache': False, 'cmake_clean_first': False, 'cmake_force_configure': False, 'cmake_target': None, 'cmake_target_skip_unavailable': False, 'install_base': '/home/salaheldinm/Penguins/install/ouster_ros', 'merge_install': False, 'path': '/home/salaheldinm/Penguins/src/ouster-ros/ouster-ros', 'symlink_install': False, 'test_result_base': None}
[0.413s] INFO:colcon.colcon_core.executor:Executing jobs using 'parallel' executor
[0.415s] DEBUG:colcon.colcon_parallel_executor.executor.parallel:run_until_complete
[0.415s] INFO:colcon.colcon_ros.task.ament_cmake.build:Building ROS package in '/home/salaheldinm/Penguins/src/ouster-ros/ouster-sensor-msgs' with build type 'ament_cmake'
[0.415s] INFO:colcon.colcon_cmake.task.cmake.build:Building CMake package in '/home/salaheldinm/Penguins/src/ouster-ros/ouster-sensor-msgs'
[0.417s] INFO:colcon.colcon_core.plugin_system:Skipping extension 'colcon_core.shell.bat': Not used on non-Windows systems
[0.418s] INFO:colcon.colcon_core.shell:Skip shell extension 'powershell' for command environment: Not usable outside of PowerShell
[0.418s] DEBUG:colcon.colcon_core.shell:Skip shell extension 'dsv' for command environment
[0.425s] INFO:colcon.colcon_ros.task.ament_cmake.build:Building ROS package in '/home/salaheldinm/Penguins/src/slam_toolbox-foxy-devel' with build type 'ament_cmake'
[0.426s] INFO:colcon.colcon_cmake.task.cmake.build:Building CMake package in '/home/salaheldinm/Penguins/src/slam_toolbox-foxy-devel'
[0.426s] INFO:colcon.colcon_core.shell:Skip shell extension 'powershell' for command environment: Not usable outside of PowerShell
[0.427s] DEBUG:colcon.colcon_core.shell:Skip shell extension 'dsv' for command environment
[0.437s] INFO:colcon.colcon_ros.task.ament_python.build:Building ROS package in '/home/salaheldinm/Penguins/src/fake_odometry_publisher/fake_odometry_publisher' with build type 'ament_python'
[0.437s] Level 1:colcon.colcon_core.shell:create_environment_hook('fake_odometry_publisher', 'ament_prefix_path')
[0.438s] INFO:colcon.colcon_core.shell:Creating environment hook '/home/salaheldinm/Penguins/install/fake_odometry_publisher/share/fake_odometry_publisher/hook/ament_prefix_path.ps1'
[0.440s] INFO:colcon.colcon_core.shell:Creating environment descriptor '/home/salaheldinm/Penguins/install/fake_odometry_publisher/share/fake_odometry_publisher/hook/ament_prefix_path.dsv'
[0.441s] INFO:colcon.colcon_core.shell:Creating environment hook '/home/salaheldinm/Penguins/install/fake_odometry_publisher/share/fake_odometry_publisher/hook/ament_prefix_path.sh'
[0.442s] INFO:colcon.colcon_core.shell:Skip shell extension 'powershell' for command environment: Not usable outside of PowerShell
[0.442s] DEBUG:colcon.colcon_core.shell:Skip shell extension 'dsv' for command environment
[0.451s] INFO:colcon.colcon_ros.task.ament_cmake.build:Building ROS package in '/home/salaheldinm/Penguins/src/my_cpp_package' with build type 'ament_cmake'
[0.451s] INFO:colcon.colcon_cmake.task.cmake.build:Building CMake package in '/home/salaheldinm/Penguins/src/my_cpp_package'
[0.452s] INFO:colcon.colcon_core.shell:Skip shell extension 'powershell' for command environment: Not usable outside of PowerShell
[0.452s] DEBUG:colcon.colcon_core.shell:Skip shell extension 'dsv' for command environment
[0.458s] INFO:colcon.colcon_ros.task.ament_cmake.build:Building ROS package in '/home/salaheldinm/Penguins/src/rf2o_laser_odometry' with build type 'ament_cmake'
[0.459s] INFO:colcon.colcon_cmake.task.cmake.build:Building CMake package in '/home/salaheldinm/Penguins/src/rf2o_laser_odometry'
[0.460s] INFO:colcon.colcon_core.shell:Skip shell extension 'powershell' for command environment: Not usable outside of PowerShell
[0.460s] DEBUG:colcon.colcon_core.shell:Skip shell extension 'dsv' for command environment
[0.484s] DEBUG:colcon.colcon_core.event_handler.log_command:Invoking command in '/home/salaheldinm/Penguins/build/ouster_sensor_msgs': CMAKE_PREFIX_PATH=${CMAKE_PREFIX_PATH}:/home/salaheldinm/Penguins/install/fake_odometry_publisher:/opt/ros/foxy /usr/bin/cmake --build /home/salaheldinm/Penguins/build/ouster_sensor_msgs -- -j16 -l16
[0.495s] DEBUG:colcon.colcon_core.event_handler.log_command:Invoking command in '/home/salaheldinm/Penguins/build/slam_toolbox': CMAKE_PREFIX_PATH=${CMAKE_PREFIX_PATH}:/home/salaheldinm/Penguins/install/fake_odometry_publisher:/opt/ros/foxy /usr/bin/cmake --build /home/salaheldinm/Penguins/build/slam_toolbox -- -j16 -l16
[0.735s] INFO:colcon.colcon_core.task.python.build:Building Python package in '/home/salaheldinm/Penguins/src/fake_odometry_publisher/fake_odometry_publisher'
[0.735s] INFO:colcon.colcon_core.shell:Skip shell extension 'powershell' for command environment: Not usable outside of PowerShell
[0.736s] DEBUG:colcon.colcon_core.shell:Skip shell extension 'dsv' for command environment
[0.753s] DEBUG:colcon.colcon_core.event_handler.log_command:Invoking command in '/home/salaheldinm/Penguins/build/my_cpp_package': CMAKE_PREFIX_PATH=${CMAKE_PREFIX_PATH}:/home/salaheldinm/Penguins/install/fake_odometry_publisher:/opt/ros/foxy /usr/bin/cmake --build /home/salaheldinm/Penguins/build/my_cpp_package -- -j16 -l16
[0.763s] DEBUG:colcon.colcon_core.event_handler.log_command:Invoking command in '/home/salaheldinm/Penguins/build/rf2o_laser_odometry': CMAKE_PREFIX_PATH=${CMAKE_PREFIX_PATH}:/home/salaheldinm/Penguins/install/fake_odometry_publisher:/opt/ros/foxy /usr/bin/cmake --build /home/salaheldinm/Penguins/build/rf2o_laser_odometry -- -j16 -l16
[0.809s] DEBUG:colcon.colcon_core.event_handler.log_command:Invoked command in '/home/salaheldinm/Penguins/build/ouster_sensor_msgs' returned '0': CMAKE_PREFIX_PATH=${CMAKE_PREFIX_PATH}:/home/salaheldinm/Penguins/install/fake_odometry_publisher:/opt/ros/foxy /usr/bin/cmake --build /home/salaheldinm/Penguins/build/ouster_sensor_msgs -- -j16 -l16
[0.881s] DEBUG:colcon.colcon_core.event_handler.log_command:Invoked command in '/home/salaheldinm/Penguins/build/rf2o_laser_odometry' returned '0': CMAKE_PREFIX_PATH=${CMAKE_PREFIX_PATH}:/home/salaheldinm/Penguins/install/fake_odometry_publisher:/opt/ros/foxy /usr/bin/cmake --build /home/salaheldinm/Penguins/build/rf2o_laser_odometry -- -j16 -l16
[0.913s] DEBUG:colcon.colcon_core.event_handler.log_command:Invoked command in '/home/salaheldinm/Penguins/build/slam_toolbox' returned '0': CMAKE_PREFIX_PATH=${CMAKE_PREFIX_PATH}:/home/salaheldinm/Penguins/install/fake_odometry_publisher:/opt/ros/foxy /usr/bin/cmake --build /home/salaheldinm/Penguins/build/slam_toolbox -- -j16 -l16
[0.936s] DEBUG:colcon.colcon_core.event_handler.log_command:Invoking command in '/home/salaheldinm/Penguins/build/rf2o_laser_odometry': CMAKE_PREFIX_PATH=${CMAKE_PREFIX_PATH}:/home/salaheldinm/Penguins/install/fake_odometry_publisher:/opt/ros/foxy /usr/bin/cmake --install /home/salaheldinm/Penguins/build/rf2o_laser_odometry
[0.942s] DEBUG:colcon.colcon_core.event_handler.log_command:Invoking command in '/home/salaheldinm/Penguins/build/ouster_sensor_msgs': CMAKE_PREFIX_PATH=${CMAKE_PREFIX_PATH}:/home/salaheldinm/Penguins/install/fake_odometry_publisher:/opt/ros/foxy /usr/bin/cmake --install /home/salaheldinm/Penguins/build/ouster_sensor_msgs
[0.951s] Level 1:colcon.colcon_core.environment:create_environment_scripts_only(rf2o_laser_odometry)
[0.952s] DEBUG:colcon.colcon_core.event_handler.log_command:Invoked command in '/home/salaheldinm/Penguins/build/rf2o_laser_odometry' returned '0': CMAKE_PREFIX_PATH=${CMAKE_PREFIX_PATH}:/home/salaheldinm/Penguins/install/fake_odometry_publisher:/opt/ros/foxy /usr/bin/cmake --install /home/salaheldinm/Penguins/build/rf2o_laser_odometry
[0.962s] Level 1:colcon.colcon_core.environment:checking '/home/salaheldinm/Penguins/install/rf2o_laser_odometry' for CMake module files
[0.963s] Level 1:colcon.colcon_core.environment:checking '/home/salaheldinm/Penguins/install/rf2o_laser_odometry' for CMake config files
[0.965s] Level 1:colcon.colcon_core.shell:create_environment_hook('rf2o_laser_odometry', 'cmake_prefix_path')
[0.965s] INFO:colcon.colcon_core.shell:Creating environment hook '/home/salaheldinm/Penguins/install/rf2o_laser_odometry/share/rf2o_laser_odometry/hook/cmake_prefix_path.ps1'
[0.966s] INFO:colcon.colcon_core.shell:Creating environment descriptor '/home/salaheldinm/Penguins/install/rf2o_laser_odometry/share/rf2o_laser_odometry/hook/cmake_prefix_path.dsv'
[0.967s] INFO:colcon.colcon_core.shell:Creating environment hook '/home/salaheldinm/Penguins/install/rf2o_laser_odometry/share/rf2o_laser_odometry/hook/cmake_prefix_path.sh'
[0.969s] Level 1:colcon.colcon_core.environment:checking '/home/salaheldinm/Penguins/install/rf2o_laser_odometry/lib'
[0.969s] Level 1:colcon.colcon_core.environment:checking '/home/salaheldinm/Penguins/install/rf2o_laser_odometry/bin'
[0.970s] Level 1:colcon.colcon_core.environment:checking '/home/salaheldinm/Penguins/install/rf2o_laser_odometry/lib/pkgconfig/rf2o_laser_odometry.pc'
[0.970s] Level 1:colcon.colcon_core.environment:checking '/home/salaheldinm/Penguins/install/rf2o_laser_odometry/lib/python3.8/site-packages'
[0.970s] Level 1:colcon.colcon_core.environment:checking '/home/salaheldinm/Penguins/install/rf2o_laser_odometry/bin'
[0.970s] INFO:colcon.colcon_core.shell:Creating package script '/home/salaheldinm/Penguins/install/rf2o_laser_odometry/share/rf2o_laser_odometry/package.ps1'
[0.971s] INFO:colcon.colcon_core.shell:Creating package descriptor '/home/salaheldinm/Penguins/install/rf2o_laser_odometry/share/rf2o_laser_odometry/package.dsv'
[0.972s] INFO:colcon.colcon_core.shell:Creating package script '/home/salaheldinm/Penguins/install/rf2o_laser_odometry/share/rf2o_laser_odometry/package.sh'
[0.975s] INFO:colcon.colcon_core.shell:Creating package script '/home/salaheldinm/Penguins/install/rf2o_laser_odometry/share/rf2o_laser_odometry/package.bash'
[0.976s] INFO:colcon.colcon_core.shell:Creating package script '/home/salaheldinm/Penguins/install/rf2o_laser_odometry/share/rf2o_laser_odometry/package.zsh'
[0.977s] Level 1:colcon.colcon_core.environment:create_file_with_runtime_dependencies(/home/salaheldinm/Penguins/install/rf2o_laser_odometry/share/colcon-core/packages/rf2o_laser_odometry)
[1.011s] Level 1:colcon.colcon_core.environment:create_environment_scripts_only(ouster_sensor_msgs)
[1.011s] Level 1:colcon.colcon_core.environment:checking '/home/salaheldinm/Penguins/install/ouster_sensor_msgs' for CMake module files
[1.012s] DEBUG:colcon.colcon_core.event_handler.log_command:Invoked command in '/home/salaheldinm/Penguins/build/ouster_sensor_msgs' returned '0': CMAKE_PREFIX_PATH=${CMAKE_PREFIX_PATH}:/home/salaheldinm/Penguins/install/fake_odometry_publisher:/opt/ros/foxy /usr/bin/cmake --install /home/salaheldinm/Penguins/build/ouster_sensor_msgs
[1.012s] Level 1:colcon.colcon_core.environment:checking '/home/salaheldinm/Penguins/install/ouster_sensor_msgs' for CMake config files
[1.013s] Level 1:colcon.colcon_core.shell:create_environment_hook('ouster_sensor_msgs', 'cmake_prefix_path')
[1.013s] INFO:colcon.colcon_core.shell:Creating environment hook '/home/salaheldinm/Penguins/install/ouster_sensor_msgs/share/ouster_sensor_msgs/hook/cmake_prefix_path.ps1'
[1.013s] INFO:colcon.colcon_core.shell:Creating environment descriptor '/home/salaheldinm/Penguins/install/ouster_sensor_msgs/share/ouster_sensor_msgs/hook/cmake_prefix_path.dsv'
[1.014s] INFO:colcon.colcon_core.shell:Creating environment hook '/home/salaheldinm/Penguins/install/ouster_sensor_msgs/share/ouster_sensor_msgs/hook/cmake_prefix_path.sh'
[1.014s] Level 1:colcon.colcon_core.environment:checking '/home/salaheldinm/Penguins/install/ouster_sensor_msgs/lib'
[1.014s] Level 1:colcon.colcon_core.shell:create_environment_hook('ouster_sensor_msgs', 'ld_library_path_lib')
[1.014s] INFO:colcon.colcon_core.shell:Creating environment hook '/home/salaheldinm/Penguins/install/ouster_sensor_msgs/share/ouster_sensor_msgs/hook/ld_library_path_lib.ps1'
[1.015s] INFO:colcon.colcon_core.shell:Creating environment descriptor '/home/salaheldinm/Penguins/install/ouster_sensor_msgs/share/ouster_sensor_msgs/hook/ld_library_path_lib.dsv'
[1.015s] INFO:colcon.colcon_core.shell:Creating environment hook '/home/salaheldinm/Penguins/install/ouster_sensor_msgs/share/ouster_sensor_msgs/hook/ld_library_path_lib.sh'
[1.016s] Level 1:colcon.colcon_core.environment:checking '/home/salaheldinm/Penguins/install/ouster_sensor_msgs/bin'
[1.016s] Level 1:colcon.colcon_core.environment:checking '/home/salaheldinm/Penguins/install/ouster_sensor_msgs/lib/pkgconfig/ouster_sensor_msgs.pc'
[1.016s] Level 1:colcon.colcon_core.environment:checking '/home/salaheldinm/Penguins/install/ouster_sensor_msgs/lib/python3.8/site-packages'
[1.016s] Level 1:colcon.colcon_core.shell:create_environment_hook('ouster_sensor_msgs', 'pythonpath')
[1.016s] INFO:colcon.colcon_core.shell:Creating environment hook '/home/salaheldinm/Penguins/install/ouster_sensor_msgs/share/ouster_sensor_msgs/hook/pythonpath.ps1'
[1.017s] INFO:colcon.colcon_core.shell:Creating environment descriptor '/home/salaheldinm/Penguins/install/ouster_sensor_msgs/share/ouster_sensor_msgs/hook/pythonpath.dsv'
[1.018s] INFO:colcon.colcon_core.shell:Creating environment hook '/home/salaheldinm/Penguins/install/ouster_sensor_msgs/share/ouster_sensor_msgs/hook/pythonpath.sh'
[1.019s] Level 1:colcon.colcon_core.environment:checking '/home/salaheldinm/Penguins/install/ouster_sensor_msgs/bin'
[1.019s] INFO:colcon.colcon_core.shell:Creating package script '/home/salaheldinm/Penguins/install/ouster_sensor_msgs/share/ouster_sensor_msgs/package.ps1'
[1.020s] INFO:colcon.colcon_core.shell:Creating package descriptor '/home/salaheldinm/Penguins/install/ouster_sensor_msgs/share/ouster_sensor_msgs/package.dsv'
[1.021s] INFO:colcon.colcon_core.shell:Creating package script '/home/salaheldinm/Penguins/install/ouster_sensor_msgs/share/ouster_sensor_msgs/package.sh'
[1.021s] INFO:colcon.colcon_core.shell:Creating package script '/home/salaheldinm/Penguins/install/ouster_sensor_msgs/share/ouster_sensor_msgs/package.bash'
[1.022s] INFO:colcon.colcon_core.shell:Creating package script '/home/salaheldinm/Penguins/install/ouster_sensor_msgs/share/ouster_sensor_msgs/package.zsh'
[1.022s] Level 1:colcon.colcon_core.environment:create_file_with_runtime_dependencies(/home/salaheldinm/Penguins/install/ouster_sensor_msgs/share/colcon-core/packages/ouster_sensor_msgs)
[1.027s] Level 1:colcon.colcon_core.environment:create_environment_scripts_only(rf2o_laser_odometry)
[1.028s] Level 1:colcon.colcon_core.environment:checking '/home/salaheldinm/Penguins/install/rf2o_laser_odometry' for CMake module files
[1.028s] Level 1:colcon.colcon_core.environment:checking '/home/salaheldinm/Penguins/install/rf2o_laser_odometry' for CMake config files
[1.028s] Level 1:colcon.colcon_core.shell:create_environment_hook('rf2o_laser_odometry', 'cmake_prefix_path')
[1.028s] INFO:colcon.colcon_core.shell:Creating environment hook '/home/salaheldinm/Penguins/install/rf2o_laser_odometry/share/rf2o_laser_odometry/hook/cmake_prefix_path.ps1'
[1.029s] INFO:colcon.colcon_core.shell:Creating environment descriptor '/home/salaheldinm/Penguins/install/rf2o_laser_odometry/share/rf2o_laser_odometry/hook/cmake_prefix_path.dsv'
[1.029s] INFO:colcon.colcon_core.shell:Creating environment hook '/home/salaheldinm/Penguins/install/rf2o_laser_odometry/share/rf2o_laser_odometry/hook/cmake_prefix_path.sh'
[1.030s] Level 1:colcon.colcon_core.environment:checking '/home/salaheldinm/Penguins/install/rf2o_laser_odometry/lib'
[1.030s] Level 1:colcon.colcon_core.environment:checking '/home/salaheldinm/Penguins/install/rf2o_laser_odometry/bin'
[1.030s] Level 1:colcon.colcon_core.environment:checking '/home/salaheldinm/Penguins/install/rf2o_laser_odometry/lib/pkgconfig/rf2o_laser_odometry.pc'
[1.030s] Level 1:colcon.colcon_core.environment:checking '/home/salaheldinm/Penguins/install/rf2o_laser_odometry/lib/python3.8/site-packages'
[1.030s] Level 1:colcon.colcon_core.environment:checking '/home/salaheldinm/Penguins/install/rf2o_laser_odometry/bin'
[1.031s] INFO:colcon.colcon_core.shell:Creating package script '/home/salaheldinm/Penguins/install/rf2o_laser_odometry/share/rf2o_laser_odometry/package.ps1'
[1.031s] INFO:colcon.colcon_core.shell:Creating package descriptor '/home/salaheldinm/Penguins/install/rf2o_laser_odometry/share/rf2o_laser_odometry/package.dsv'
[1.031s] INFO:colcon.colcon_core.shell:Creating package script '/home/salaheldinm/Penguins/install/rf2o_laser_odometry/share/rf2o_laser_odometry/package.sh'
[1.032s] INFO:colcon.colcon_core.shell:Creating package script '/home/salaheldinm/Penguins/install/rf2o_laser_odometry/share/rf2o_laser_odometry/package.bash'
[1.032s] INFO:colcon.colcon_core.shell:Creating package script '/home/salaheldinm/Penguins/install/rf2o_laser_odometry/share/rf2o_laser_odometry/package.zsh'
[1.032s] Level 1:colcon.colcon_core.environment:create_file_with_runtime_dependencies(/home/salaheldinm/Penguins/install/rf2o_laser_odometry/share/colcon-core/packages/rf2o_laser_odometry)
[1.163s] Level 1:colcon.colcon_core.environment:create_environment_scripts_only(ouster_sensor_msgs)
[1.163s] Level 1:colcon.colcon_core.environment:checking '/home/salaheldinm/Penguins/install/ouster_sensor_msgs' for CMake module files
[1.164s] Level 1:colcon.colcon_core.environment:checking '/home/salaheldinm/Penguins/install/ouster_sensor_msgs' for CMake config files
[1.165s] Level 1:colcon.colcon_core.shell:create_environment_hook('ouster_sensor_msgs', 'cmake_prefix_path')
[1.165s] INFO:colcon.colcon_core.shell:Creating environment hook '/home/salaheldinm/Penguins/install/ouster_sensor_msgs/share/ouster_sensor_msgs/hook/cmake_prefix_path.ps1'
[1.166s] INFO:colcon.colcon_core.shell:Creating environment descriptor '/home/salaheldinm/Penguins/install/ouster_sensor_msgs/share/ouster_sensor_msgs/hook/cmake_prefix_path.dsv'
[1.166s] INFO:colcon.colcon_core.shell:Creating environment hook '/home/salaheldinm/Penguins/install/ouster_sensor_msgs/share/ouster_sensor_msgs/hook/cmake_prefix_path.sh'
[1.167s] Level 1:colcon.colcon_core.environment:checking '/home/salaheldinm/Penguins/install/ouster_sensor_msgs/lib'
[1.168s] Level 1:colcon.colcon_core.shell:create_environment_hook('ouster_sensor_msgs', 'ld_library_path_lib')
[1.168s] INFO:colcon.colcon_core.shell:Creating environment hook '/home/salaheldinm/Penguins/install/ouster_sensor_msgs/share/ouster_sensor_msgs/hook/ld_library_path_lib.ps1'
[1.169s] INFO:colcon.colcon_core.shell:Creating environment descriptor '/home/salaheldinm/Penguins/install/ouster_sensor_msgs/share/ouster_sensor_msgs/hook/ld_library_path_lib.dsv'
[1.169s] INFO:colcon.colcon_core.shell:Creating environment hook '/home/salaheldinm/Penguins/install/ouster_sensor_msgs/share/ouster_sensor_msgs/hook/ld_library_path_lib.sh'
[1.169s] Level 1:colcon.colcon_core.environment:checking '/home/salaheldinm/Penguins/install/ouster_sensor_msgs/bin'
[1.170s] Level 1:colcon.colcon_core.environment:checking '/home/salaheldinm/Penguins/install/ouster_sensor_msgs/lib/pkgconfig/ouster_sensor_msgs.pc'
[1.170s] Level 1:colcon.colcon_core.environment:checking '/home/salaheldinm/Penguins/install/ouster_sensor_msgs/lib/python3.8/site-packages'
[1.170s] Level 1:colcon.colcon_core.shell:create_environment_hook('ouster_sensor_msgs', 'pythonpath')
[1.170s] INFO:colcon.colcon_core.shell:Creating environment hook '/home/salaheldinm/Penguins/install/ouster_sensor_msgs/share/ouster_sensor_msgs/hook/pythonpath.ps1'
[1.171s] INFO:colcon.colcon_core.shell:Creating environment descriptor '/home/salaheldinm/Penguins/install/ouster_sensor_msgs/share/ouster_sensor_msgs/hook/pythonpath.dsv'
[1.171s] INFO:colcon.colcon_core.shell:Creating environment hook '/home/salaheldinm/Penguins/install/ouster_sensor_msgs/share/ouster_sensor_msgs/hook/pythonpath.sh'
[1.172s] Level 1:colcon.colcon_core.environment:checking '/home/salaheldinm/Penguins/install/ouster_sensor_msgs/bin'
[1.173s] INFO:colcon.colcon_core.shell:Creating package script '/home/salaheldinm/Penguins/install/ouster_sensor_msgs/share/ouster_sensor_msgs/package.ps1'
[1.174s] INFO:colcon.colcon_core.shell:Creating package descriptor '/home/salaheldinm/Penguins/install/ouster_sensor_msgs/share/ouster_sensor_msgs/package.dsv'
[1.174s] INFO:colcon.colcon_core.shell:Creating package script '/home/salaheldinm/Penguins/install/ouster_sensor_msgs/share/ouster_sensor_msgs/package.sh'
[1.175s] INFO:colcon.colcon_core.shell:Creating package script '/home/salaheldinm/Penguins/install/ouster_sensor_msgs/share/ouster_sensor_msgs/package.bash'
[1.176s] INFO:colcon.colcon_core.shell:Creating package script '/home/salaheldinm/Penguins/install/ouster_sensor_msgs/share/ouster_sensor_msgs/package.zsh'
[1.176s] Level 1:colcon.colcon_core.environment:create_file_with_runtime_dependencies(/home/salaheldinm/Penguins/install/ouster_sensor_msgs/share/colcon-core/packages/ouster_sensor_msgs)
[1.177s] INFO:colcon.colcon_ros.task.ament_cmake.build:Building ROS package in '/home/salaheldinm/Penguins/src/ouster-ros/ouster-ros' with build type 'ament_cmake'
[1.178s] INFO:colcon.colcon_cmake.task.cmake.build:Building CMake package in '/home/salaheldinm/Penguins/src/ouster-ros/ouster-ros'
[1.178s] INFO:colcon.colcon_core.shell:Skip shell extension 'powershell' for command environment: Not usable outside of PowerShell
[1.178s] DEBUG:colcon.colcon_core.shell:Skip shell extension 'dsv' for command environment
[1.188s] DEBUG:colcon.colcon_core.event_handler.log_command:Invoking command in '/home/salaheldinm/Penguins/src/fake_odometry_publisher/fake_odometry_publisher': PYTHONPATH=/home/salaheldinm/Penguins/build/fake_odometry_publisher/prefix_override:/home/salaheldinm/Penguins/install/fake_odometry_publisher/lib/python3.8/site-packages:${PYTHONPATH} /usr/bin/python3 -W ignore:setup.py install is deprecated setup.py egg_info --egg-base ../../../build/fake_odometry_publisher build --build-base /home/salaheldinm/Penguins/build/fake_odometry_publisher/build install --record /home/salaheldinm/Penguins/build/fake_odometry_publisher/install.log --single-version-externally-managed install_data
[1.197s] DEBUG:colcon.colcon_core.event_handler.log_command:Invoking command in '/home/salaheldinm/Penguins/build/ouster_ros': CMAKE_PREFIX_PATH=/home/salaheldinm/Penguins/install/ouster_sensor_msgs:/home/salaheldinm/Penguins/install/nav2_bringup:/home/salaheldinm/Penguins/install/slam_toolbox:/home/salaheldinm/Penguins/install/rf2o_laser_odometry:/home/salaheldinm/Penguins/install/ouster_ros:/home/salaheldinm/Penguins/install/my_cpp_package:/home/salaheldinm/Penguins/install/fake_odometry_publisher:/opt/ros/foxy LD_LIBRARY_PATH=/home/salaheldinm/Penguins/install/ouster_sensor_msgs/lib:/home/salaheldinm/Penguins/install/slam_toolbox/lib:/home/salaheldinm/Penguins/install/ouster_ros/lib:/usr/lib/x86_64-linux-gnu/gazebo-11/plugins:/opt/ros/foxy/opt/yaml_cpp_vendor/lib:/opt/ros/foxy/opt/rviz_ogre_vendor/lib:/opt/ros/foxy/lib/x86_64-linux-gnu:/opt/ros/foxy/lib PYTHONPATH=/home/salaheldinm/Penguins/install/ouster_sensor_msgs/lib/python3.8/site-packages:/home/salaheldinm/Penguins/install/slam_toolbox/lib/python3.8/site-packages:/home/salaheldinm/Penguins/install/fake_odometry_publisher/lib/python3.8/site-packages:/opt/ros/foxy/lib/python3.8/site-packages /usr/bin/cmake --build /home/salaheldinm/Penguins/build/ouster_ros -- -j16 -l16
[1.221s] DEBUG:colcon.colcon_core.event_handler.log_command:Invoking command in '/home/salaheldinm/Penguins/build/slam_toolbox': CMAKE_PREFIX_PATH=${CMAKE_PREFIX_PATH}:/home/salaheldinm/Penguins/install/fake_odometry_publisher:/opt/ros/foxy /usr/bin/cmake --install /home/salaheldinm/Penguins/build/slam_toolbox
[1.305s] Level 1:colcon.colcon_core.environment:create_environment_scripts_only(slam_toolbox)
[1.306s] Level 1:colcon.colcon_core.environment:checking '/home/salaheldinm/Penguins/install/slam_toolbox' for CMake module files
[1.308s] Level 1:colcon.colcon_core.environment:checking '/home/salaheldinm/Penguins/install/slam_toolbox' for CMake config files
[1.309s] Level 1:colcon.colcon_core.shell:create_environment_hook('slam_toolbox', 'cmake_prefix_path')
[1.309s] INFO:colcon.colcon_core.shell:Creating environment hook '/home/salaheldinm/Penguins/install/slam_toolbox/share/slam_toolbox/hook/cmake_prefix_path.ps1'
[1.310s] INFO:colcon.colcon_core.shell:Creating environment descriptor '/home/salaheldinm/Penguins/install/slam_toolbox/share/slam_toolbox/hook/cmake_prefix_path.dsv'
[1.310s] INFO:colcon.colcon_core.shell:Creating environment hook '/home/salaheldinm/Penguins/install/slam_toolbox/share/slam_toolbox/hook/cmake_prefix_path.sh'
[1.311s] Level 1:colcon.colcon_core.environment:checking '/home/salaheldinm/Penguins/install/slam_toolbox/lib'
[1.312s] Level 1:colcon.colcon_core.shell:create_environment_hook('slam_toolbox', 'ld_library_path_lib')
[1.312s] INFO:colcon.colcon_core.shell:Creating environment hook '/home/salaheldinm/Penguins/install/slam_toolbox/share/slam_toolbox/hook/ld_library_path_lib.ps1'
[1.313s] INFO:colcon.colcon_core.shell:Creating environment descriptor '/home/salaheldinm/Penguins/install/slam_toolbox/share/slam_toolbox/hook/ld_library_path_lib.dsv'
[1.314s] INFO:colcon.colcon_core.shell:Creating environment hook '/home/salaheldinm/Penguins/install/slam_toolbox/share/slam_toolbox/hook/ld_library_path_lib.sh'
[1.315s] Level 1:colcon.colcon_core.environment:checking '/home/salaheldinm/Penguins/install/slam_toolbox/bin'
[1.315s] Level 1:colcon.colcon_core.environment:checking '/home/salaheldinm/Penguins/install/slam_toolbox/lib/pkgconfig/slam_toolbox.pc'
[1.316s] Level 1:colcon.colcon_core.environment:checking '/home/salaheldinm/Penguins/install/slam_toolbox/lib/python3.8/site-packages'
[1.316s] Level 1:colcon.colcon_core.shell:create_environment_hook('slam_toolbox', 'pythonpath')
[1.316s] INFO:colcon.colcon_core.shell:Creating environment hook '/home/salaheldinm/Penguins/install/slam_toolbox/share/slam_toolbox/hook/pythonpath.ps1'
[1.317s] INFO:colcon.colcon_core.shell:Creating environment descriptor '/home/salaheldinm/Penguins/install/slam_toolbox/share/slam_toolbox/hook/pythonpath.dsv'
[1.318s] INFO:colcon.colcon_core.shell:Creating environment hook '/home/salaheldinm/Penguins/install/slam_toolbox/share/slam_toolbox/hook/pythonpath.sh'
[1.322s] DEBUG:colcon.colcon_core.event_handler.log_command:Invoked command in '/home/salaheldinm/Penguins/build/slam_toolbox' returned '0': CMAKE_PREFIX_PATH=${CMAKE_PREFIX_PATH}:/home/salaheldinm/Penguins/install/fake_odometry_publisher:/opt/ros/foxy /usr/bin/cmake --install /home/salaheldinm/Penguins/build/slam_toolbox
[1.322s] Level 1:colcon.colcon_core.environment:checking '/home/salaheldinm/Penguins/install/slam_toolbox/bin'
[1.324s] INFO:colcon.colcon_core.shell:Creating package script '/home/salaheldinm/Penguins/install/slam_toolbox/share/slam_toolbox/package.ps1'
[1.325s] INFO:colcon.colcon_core.shell:Creating package descriptor '/home/salaheldinm/Penguins/install/slam_toolbox/share/slam_toolbox/package.dsv'
[1.325s] INFO:colcon.colcon_core.shell:Creating package script '/home/salaheldinm/Penguins/install/slam_toolbox/share/slam_toolbox/package.sh'
[1.326s] INFO:colcon.colcon_core.shell:Creating package script '/home/salaheldinm/Penguins/install/slam_toolbox/share/slam_toolbox/package.bash'
[1.327s] INFO:colcon.colcon_core.shell:Creating package script '/home/salaheldinm/Penguins/install/slam_toolbox/share/slam_toolbox/package.zsh'
[1.327s] Level 1:colcon.colcon_core.environment:create_file_with_runtime_dependencies(/home/salaheldinm/Penguins/install/slam_toolbox/share/colcon-core/packages/slam_toolbox)
[1.475s] Level 1:colcon.colcon_core.environment:checking '/home/salaheldinm/Penguins/install/fake_odometry_publisher' for CMake module files
[1.476s] DEBUG:colcon.colcon_core.event_handler.log_command:Invoked command in '/home/salaheldinm/Penguins/src/fake_odometry_publisher/fake_odometry_publisher' returned '0': PYTHONPATH=/home/salaheldinm/Penguins/build/fake_odometry_publisher/prefix_override:/home/salaheldinm/Penguins/install/fake_odometry_publisher/lib/python3.8/site-packages:${PYTHONPATH} /usr/bin/python3 -W ignore:setup.py install is deprecated setup.py egg_info --egg-base ../../../build/fake_odometry_publisher build --build-base /home/salaheldinm/Penguins/build/fake_odometry_publisher/build install --record /home/salaheldinm/Penguins/build/fake_odometry_publisher/install.log --single-version-externally-managed install_data
[1.477s] Level 1:colcon.colcon_core.environment:checking '/home/salaheldinm/Penguins/install/fake_odometry_publisher' for CMake config files
[1.477s] Level 1:colcon.colcon_core.environment:checking '/home/salaheldinm/Penguins/install/fake_odometry_publisher/lib'
[1.478s] Level 1:colcon.colcon_core.environment:checking '/home/salaheldinm/Penguins/install/fake_odometry_publisher/bin'
[1.478s] Level 1:colcon.colcon_core.environment:checking '/home/salaheldinm/Penguins/install/fake_odometry_publisher/lib/pkgconfig/fake_odometry_publisher.pc'
[1.478s] Level 1:colcon.colcon_core.environment:checking '/home/salaheldinm/Penguins/install/fake_odometry_publisher/lib/python3.8/site-packages'
[1.478s] Level 1:colcon.colcon_core.shell:create_environment_hook('fake_odometry_publisher', 'pythonpath')
[1.478s] INFO:colcon.colcon_core.shell:Creating environment hook '/home/salaheldinm/Penguins/install/fake_odometry_publisher/share/fake_odometry_publisher/hook/pythonpath.ps1'
[1.479s] INFO:colcon.colcon_core.shell:Creating environment descriptor '/home/salaheldinm/Penguins/install/fake_odometry_publisher/share/fake_odometry_publisher/hook/pythonpath.dsv'
[1.480s] INFO:colcon.colcon_core.shell:Creating environment hook '/home/salaheldinm/Penguins/install/fake_odometry_publisher/share/fake_odometry_publisher/hook/pythonpath.sh'
[1.480s] Level 1:colcon.colcon_core.environment:checking '/home/salaheldinm/Penguins/install/fake_odometry_publisher/bin'
[1.481s] Level 1:colcon.colcon_core.environment:create_environment_scripts_only(fake_odometry_publisher)
[1.481s] INFO:colcon.colcon_core.shell:Creating package script '/home/salaheldinm/Penguins/install/fake_odometry_publisher/share/fake_odometry_publisher/package.ps1'
[1.482s] INFO:colcon.colcon_core.shell:Creating package descriptor '/home/salaheldinm/Penguins/install/fake_odometry_publisher/share/fake_odometry_publisher/package.dsv'
[1.483s] INFO:colcon.colcon_core.shell:Creating package script '/home/salaheldinm/Penguins/install/fake_odometry_publisher/share/fake_odometry_publisher/package.sh'
[1.483s] INFO:colcon.colcon_core.shell:Creating package script '/home/salaheldinm/Penguins/install/fake_odometry_publisher/share/fake_odometry_publisher/package.bash'
[1.484s] INFO:colcon.colcon_core.shell:Creating package script '/home/salaheldinm/Penguins/install/fake_odometry_publisher/share/fake_odometry_publisher/package.zsh'
[1.485s] Level 1:colcon.colcon_core.environment:create_file_with_runtime_dependencies(/home/salaheldinm/Penguins/install/fake_odometry_publisher/share/colcon-core/packages/fake_odometry_publisher)
[1.500s] DEBUG:colcon.colcon_core.event_handler.log_command:Invoked command in '/home/salaheldinm/Penguins/build/ouster_ros' returned '0': CMAKE_PREFIX_PATH=/home/salaheldinm/Penguins/install/ouster_sensor_msgs:/home/salaheldinm/Penguins/install/nav2_bringup:/home/salaheldinm/Penguins/install/slam_toolbox:/home/salaheldinm/Penguins/install/rf2o_laser_odometry:/home/salaheldinm/Penguins/install/ouster_ros:/home/salaheldinm/Penguins/install/my_cpp_package:/home/salaheldinm/Penguins/install/fake_odometry_publisher:/opt/ros/foxy LD_LIBRARY_PATH=/home/salaheldinm/Penguins/install/ouster_sensor_msgs/lib:/home/salaheldinm/Penguins/install/slam_toolbox/lib:/home/salaheldinm/Penguins/install/ouster_ros/lib:/usr/lib/x86_64-linux-gnu/gazebo-11/plugins:/opt/ros/foxy/opt/yaml_cpp_vendor/lib:/opt/ros/foxy/opt/rviz_ogre_vendor/lib:/opt/ros/foxy/lib/x86_64-linux-gnu:/opt/ros/foxy/lib PYTHONPATH=/home/salaheldinm/Penguins/install/ouster_sensor_msgs/lib/python3.8/site-packages:/home/salaheldinm/Penguins/install/slam_toolbox/lib/python3.8/site-packages:/home/salaheldinm/Penguins/install/fake_odometry_publisher/lib/python3.8/site-packages:/opt/ros/foxy/lib/python3.8/site-packages /usr/bin/cmake --build /home/salaheldinm/Penguins/build/ouster_ros -- -j16 -l16
[1.610s] DEBUG:colcon.colcon_core.event_handler.log_command:Invoking command in '/home/salaheldinm/Penguins/build/ouster_ros': CMAKE_PREFIX_PATH=/home/salaheldinm/Penguins/install/ouster_sensor_msgs:/home/salaheldinm/Penguins/install/nav2_bringup:/home/salaheldinm/Penguins/install/slam_toolbox:/home/salaheldinm/Penguins/install/rf2o_laser_odometry:/home/salaheldinm/Penguins/install/ouster_ros:/home/salaheldinm/Penguins/install/my_cpp_package:/home/salaheldinm/Penguins/install/fake_odometry_publisher:/opt/ros/foxy LD_LIBRARY_PATH=/home/salaheldinm/Penguins/install/ouster_sensor_msgs/lib:/home/salaheldinm/Penguins/install/slam_toolbox/lib:/home/salaheldinm/Penguins/install/ouster_ros/lib:/usr/lib/x86_64-linux-gnu/gazebo-11/plugins:/opt/ros/foxy/opt/yaml_cpp_vendor/lib:/opt/ros/foxy/opt/rviz_ogre_vendor/lib:/opt/ros/foxy/lib/x86_64-linux-gnu:/opt/ros/foxy/lib PYTHONPATH=/home/salaheldinm/Penguins/install/ouster_sensor_msgs/lib/python3.8/site-packages:/home/salaheldinm/Penguins/install/slam_toolbox/lib/python3.8/site-packages:/home/salaheldinm/Penguins/install/fake_odometry_publisher/lib/python3.8/site-packages:/opt/ros/foxy/lib/python3.8/site-packages /usr/bin/cmake --install /home/salaheldinm/Penguins/build/ouster_ros
[1.629s] Level 1:colcon.colcon_core.environment:create_environment_scripts_only(ouster_ros)
[1.630s] Level 1:colcon.colcon_core.environment:checking '/home/salaheldinm/Penguins/install/ouster_ros' for CMake module files
[1.633s] Level 1:colcon.colcon_core.environment:checking '/home/salaheldinm/Penguins/install/ouster_ros' for CMake config files
[1.635s] Level 1:colcon.colcon_core.shell:create_environment_hook('ouster_ros', 'cmake_prefix_path')
[1.635s] INFO:colcon.colcon_core.shell:Creating environment hook '/home/salaheldinm/Penguins/install/ouster_ros/share/ouster_ros/hook/cmake_prefix_path.ps1'
[1.638s] INFO:colcon.colcon_core.shell:Creating environment descriptor '/home/salaheldinm/Penguins/install/ouster_ros/share/ouster_ros/hook/cmake_prefix_path.dsv'
[1.640s] DEBUG:colcon.colcon_core.event_handler.log_command:Invoked command in '/home/salaheldinm/Penguins/build/ouster_ros' returned '0': CMAKE_PREFIX_PATH=/home/salaheldinm/Penguins/install/ouster_sensor_msgs:/home/salaheldinm/Penguins/install/nav2_bringup:/home/salaheldinm/Penguins/install/slam_toolbox:/home/salaheldinm/Penguins/install/rf2o_laser_odometry:/home/salaheldinm/Penguins/install/ouster_ros:/home/salaheldinm/Penguins/install/my_cpp_package:/home/salaheldinm/Penguins/install/fake_odometry_publisher:/opt/ros/foxy LD_LIBRARY_PATH=/home/salaheldinm/Penguins/install/ouster_sensor_msgs/lib:/home/salaheldinm/Penguins/install/slam_toolbox/lib:/home/salaheldinm/Penguins/install/ouster_ros/lib:/usr/lib/x86_64-linux-gnu/gazebo-11/plugins:/opt/ros/foxy/opt/yaml_cpp_vendor/lib:/opt/ros/foxy/opt/rviz_ogre_vendor/lib:/opt/ros/foxy/lib/x86_64-linux-gnu:/opt/ros/foxy/lib PYTHONPATH=/home/salaheldinm/Penguins/install/ouster_sensor_msgs/lib/python3.8/site-packages:/home/salaheldinm/Penguins/install/slam_toolbox/lib/python3.8/site-packages:/home/salaheldinm/Penguins/install/fake_odometry_publisher/lib/python3.8/site-packages:/opt/ros/foxy/lib/python3.8/site-packages /usr/bin/cmake --install /home/salaheldinm/Penguins/build/ouster_ros
[1.641s] INFO:colcon.colcon_core.shell:Creating environment hook '/home/salaheldinm/Penguins/install/ouster_ros/share/ouster_ros/hook/cmake_prefix_path.sh'
[1.642s] Level 1:colcon.colcon_core.environment:checking '/home/salaheldinm/Penguins/install/ouster_ros/lib'
[1.642s] Level 1:colcon.colcon_core.shell:create_environment_hook('ouster_ros', 'ld_library_path_lib')
[1.642s] INFO:colcon.colcon_core.shell:Creating environment hook '/home/salaheldinm/Penguins/install/ouster_ros/share/ouster_ros/hook/ld_library_path_lib.ps1'
[1.643s] INFO:colcon.colcon_core.shell:Creating environment descriptor '/home/salaheldinm/Penguins/install/ouster_ros/share/ouster_ros/hook/ld_library_path_lib.dsv'
[1.643s] INFO:colcon.colcon_core.shell:Creating environment hook '/home/salaheldinm/Penguins/install/ouster_ros/share/ouster_ros/hook/ld_library_path_lib.sh'
[1.644s] Level 1:colcon.colcon_core.environment:checking '/home/salaheldinm/Penguins/install/ouster_ros/bin'
[1.644s] Level 1:colcon.colcon_core.environment:checking '/home/salaheldinm/Penguins/install/ouster_ros/lib/pkgconfig/ouster_ros.pc'
[1.644s] Level 1:colcon.colcon_core.environment:checking '/home/salaheldinm/Penguins/install/ouster_ros/lib/python3.8/site-packages'
[1.644s] Level 1:colcon.colcon_core.environment:checking '/home/salaheldinm/Penguins/install/ouster_ros/bin'
[1.645s] INFO:colcon.colcon_core.shell:Creating package script '/home/salaheldinm/Penguins/install/ouster_ros/share/ouster_ros/package.ps1'
[1.646s] INFO:colcon.colcon_core.shell:Creating package descriptor '/home/salaheldinm/Penguins/install/ouster_ros/share/ouster_ros/package.dsv'
[1.646s] INFO:colcon.colcon_core.shell:Creating package script '/home/salaheldinm/Penguins/install/ouster_ros/share/ouster_ros/package.sh'
[1.647s] INFO:colcon.colcon_core.shell:Creating package script '/home/salaheldinm/Penguins/install/ouster_ros/share/ouster_ros/package.bash'
[1.648s] INFO:colcon.colcon_core.shell:Creating package script '/home/salaheldinm/Penguins/install/ouster_ros/share/ouster_ros/package.zsh'
[1.648s] Level 1:colcon.colcon_core.environment:create_file_with_runtime_dependencies(/home/salaheldinm/Penguins/install/ouster_ros/share/colcon-core/packages/ouster_ros)
[1.654s] Level 1:colcon.colcon_core.environment:create_environment_scripts_only(slam_toolbox)
[1.655s] Level 1:colcon.colcon_core.environment:checking '/home/salaheldinm/Penguins/install/slam_toolbox' for CMake module files
[1.656s] Level 1:colcon.colcon_core.environment:checking '/home/salaheldinm/Penguins/install/slam_toolbox' for CMake config files
[1.656s] Level 1:colcon.colcon_core.shell:create_environment_hook('slam_toolbox', 'cmake_prefix_path')
[1.657s] INFO:colcon.colcon_core.shell:Creating environment hook '/home/salaheldinm/Penguins/install/slam_toolbox/share/slam_toolbox/hook/cmake_prefix_path.ps1'
[1.657s] INFO:colcon.colcon_core.shell:Creating environment descriptor '/home/salaheldinm/Penguins/install/slam_toolbox/share/slam_toolbox/hook/cmake_prefix_path.dsv'
[1.658s] INFO:colcon.colcon_core.shell:Creating environment hook '/home/salaheldinm/Penguins/install/slam_toolbox/share/slam_toolbox/hook/cmake_prefix_path.sh'
[1.659s] Level 1:colcon.colcon_core.environment:checking '/home/salaheldinm/Penguins/install/slam_toolbox/lib'
[1.659s] Level 1:colcon.colcon_core.shell:create_environment_hook('slam_toolbox', 'ld_library_path_lib')
[1.659s] INFO:colcon.colcon_core.shell:Creating environment hook '/home/salaheldinm/Penguins/install/slam_toolbox/share/slam_toolbox/hook/ld_library_path_lib.ps1'
[1.660s] INFO:colcon.colcon_core.shell:Creating environment descriptor '/home/salaheldinm/Penguins/install/slam_toolbox/share/slam_toolbox/hook/ld_library_path_lib.dsv'
[1.660s] INFO:colcon.colcon_core.shell:Creating environment hook '/home/salaheldinm/Penguins/install/slam_toolbox/share/slam_toolbox/hook/ld_library_path_lib.sh'
[1.661s] Level 1:colcon.colcon_core.environment:checking '/home/salaheldinm/Penguins/install/slam_toolbox/bin'
[1.661s] Level 1:colcon.colcon_core.environment:checking '/home/salaheldinm/Penguins/install/slam_toolbox/lib/pkgconfig/slam_toolbox.pc'
[1.661s] Level 1:colcon.colcon_core.environment:checking '/home/salaheldinm/Penguins/install/slam_toolbox/lib/python3.8/site-packages'
[1.661s] Level 1:colcon.colcon_core.shell:create_environment_hook('slam_toolbox', 'pythonpath')
[1.662s] INFO:colcon.colcon_core.shell:Creating environment hook '/home/salaheldinm/Penguins/install/slam_toolbox/share/slam_toolbox/hook/pythonpath.ps1'
[1.662s] INFO:colcon.colcon_core.shell:Creating environment descriptor '/home/salaheldinm/Penguins/install/slam_toolbox/share/slam_toolbox/hook/pythonpath.dsv'
[1.662s] INFO:colcon.colcon_core.shell:Creating environment hook '/home/salaheldinm/Penguins/install/slam_toolbox/share/slam_toolbox/hook/pythonpath.sh'
[1.663s] Level 1:colcon.colcon_core.environment:checking '/home/salaheldinm/Penguins/install/slam_toolbox/bin'
[1.664s] INFO:colcon.colcon_core.shell:Creating package script '/home/salaheldinm/Penguins/install/slam_toolbox/share/slam_toolbox/package.ps1'
[1.664s] INFO:colcon.colcon_core.shell:Creating package descriptor '/home/salaheldinm/Penguins/install/slam_toolbox/share/slam_toolbox/package.dsv'
[1.664s] INFO:colcon.colcon_core.shell:Creating package script '/home/salaheldinm/Penguins/install/slam_toolbox/share/slam_toolbox/package.sh'
[1.665s] INFO:colcon.colcon_core.shell:Creating package script '/home/salaheldinm/Penguins/install/slam_toolbox/share/slam_toolbox/package.bash'
[1.665s] INFO:colcon.colcon_core.shell:Creating package script '/home/salaheldinm/Penguins/install/slam_toolbox/share/slam_toolbox/package.zsh'
[1.665s] Level 1:colcon.colcon_core.environment:create_file_with_runtime_dependencies(/home/salaheldinm/Penguins/install/slam_toolbox/share/colcon-core/packages/slam_toolbox)
[1.666s] INFO:colcon.colcon_ros.task.ament_cmake.build:Building ROS package in '/home/salaheldinm/Penguins/src/nav2_bringup' with build type 'ament_cmake'
[1.666s] INFO:colcon.colcon_cmake.task.cmake.build:Building CMake package in '/home/salaheldinm/Penguins/src/nav2_bringup'
[1.666s] INFO:colcon.colcon_core.shell:Skip shell extension 'powershell' for command environment: Not usable outside of PowerShell
[1.666s] DEBUG:colcon.colcon_core.shell:Skip shell extension 'dsv' for command environment
[1.680s] DEBUG:colcon.colcon_core.event_handler.log_command:Invoking command in '/home/salaheldinm/Penguins/build/nav2_bringup': CMAKE_PREFIX_PATH=/home/salaheldinm/Penguins/install/slam_toolbox:/home/salaheldinm/Penguins/install/nav2_bringup:/home/salaheldinm/Penguins/install/rf2o_laser_odometry:/home/salaheldinm/Penguins/install/ouster_ros:/home/salaheldinm/Penguins/install/ouster_sensor_msgs:/home/salaheldinm/Penguins/install/my_cpp_package:/home/salaheldinm/Penguins/install/fake_odometry_publisher:/opt/ros/foxy /usr/bin/cmake --build /home/salaheldinm/Penguins/build/nav2_bringup -- -j16 -l16
[1.745s] DEBUG:colcon.colcon_core.event_handler.log_command:Invoked command in '/home/salaheldinm/Penguins/build/nav2_bringup' returned '0': CMAKE_PREFIX_PATH=/home/salaheldinm/Penguins/install/slam_toolbox:/home/salaheldinm/Penguins/install/nav2_bringup:/home/salaheldinm/Penguins/install/rf2o_laser_odometry:/home/salaheldinm/Penguins/install/ouster_ros:/home/salaheldinm/Penguins/install/ouster_sensor_msgs:/home/salaheldinm/Penguins/install/my_cpp_package:/home/salaheldinm/Penguins/install/fake_odometry_publisher:/opt/ros/foxy /usr/bin/cmake --build /home/salaheldinm/Penguins/build/nav2_bringup -- -j16 -l16
[1.757s] Level 1:colcon.colcon_core.environment:create_environment_scripts_only(ouster_ros)
[1.757s] Level 1:colcon.colcon_core.environment:checking '/home/salaheldinm/Penguins/install/ouster_ros' for CMake module files
[1.758s] Level 1:colcon.colcon_core.environment:checking '/home/salaheldinm/Penguins/install/ouster_ros' for CMake config files
[1.758s] Level 1:colcon.colcon_core.shell:create_environment_hook('ouster_ros', 'cmake_prefix_path')
[1.759s] INFO:colcon.colcon_core.shell:Creating environment hook '/home/salaheldinm/Penguins/install/ouster_ros/share/ouster_ros/hook/cmake_prefix_path.ps1'
[1.759s] INFO:colcon.colcon_core.shell:Creating environment descriptor '/home/salaheldinm/Penguins/install/ouster_ros/share/ouster_ros/hook/cmake_prefix_path.dsv'
[1.760s] INFO:colcon.colcon_core.shell:Creating environment hook '/home/salaheldinm/Penguins/install/ouster_ros/share/ouster_ros/hook/cmake_prefix_path.sh'
[1.761s] Level 1:colcon.colcon_core.environment:checking '/home/salaheldinm/Penguins/install/ouster_ros/lib'
[1.761s] Level 1:colcon.colcon_core.shell:create_environment_hook('ouster_ros', 'ld_library_path_lib')
[1.761s] INFO:colcon.colcon_core.shell:Creating environment hook '/home/salaheldinm/Penguins/install/ouster_ros/share/ouster_ros/hook/ld_library_path_lib.ps1'
[1.762s] INFO:colcon.colcon_core.shell:Creating environment descriptor '/home/salaheldinm/Penguins/install/ouster_ros/share/ouster_ros/hook/ld_library_path_lib.dsv'
[1.762s] INFO:colcon.colcon_core.shell:Creating environment hook '/home/salaheldinm/Penguins/install/ouster_ros/share/ouster_ros/hook/ld_library_path_lib.sh'
[1.763s] Level 1:colcon.colcon_core.environment:checking '/home/salaheldinm/Penguins/install/ouster_ros/bin'
[1.763s] Level 1:colcon.colcon_core.environment:checking '/home/salaheldinm/Penguins/install/ouster_ros/lib/pkgconfig/ouster_ros.pc'
[1.763s] Level 1:colcon.colcon_core.environment:checking '/home/salaheldinm/Penguins/install/ouster_ros/lib/python3.8/site-packages'
[1.764s] Level 1:colcon.colcon_core.environment:checking '/home/salaheldinm/Penguins/install/ouster_ros/bin'
[1.764s] INFO:colcon.colcon_core.shell:Creating package script '/home/salaheldinm/Penguins/install/ouster_ros/share/ouster_ros/package.ps1'
[1.765s] INFO:colcon.colcon_core.shell:Creating package descriptor '/home/salaheldinm/Penguins/install/ouster_ros/share/ouster_ros/package.dsv'
[1.766s] INFO:colcon.colcon_core.shell:Creating package script '/home/salaheldinm/Penguins/install/ouster_ros/share/ouster_ros/package.sh'
[1.767s] INFO:colcon.colcon_core.shell:Creating package script '/home/salaheldinm/Penguins/install/ouster_ros/share/ouster_ros/package.bash'
[1.767s] INFO:colcon.colcon_core.shell:Creating package script '/home/salaheldinm/Penguins/install/ouster_ros/share/ouster_ros/package.zsh'
[1.768s] Level 1:colcon.colcon_core.environment:create_file_with_runtime_dependencies(/home/salaheldinm/Penguins/install/ouster_ros/share/colcon-core/packages/ouster_ros)
[1.777s] DEBUG:colcon.colcon_core.event_handler.log_command:Invoking command in '/home/salaheldinm/Penguins/build/nav2_bringup': CMAKE_PREFIX_PATH=/home/salaheldinm/Penguins/install/slam_toolbox:/home/salaheldinm/Penguins/install/nav2_bringup:/home/salaheldinm/Penguins/install/rf2o_laser_odometry:/home/salaheldinm/Penguins/install/ouster_ros:/home/salaheldinm/Penguins/install/ouster_sensor_msgs:/home/salaheldinm/Penguins/install/my_cpp_package:/home/salaheldinm/Penguins/install/fake_odometry_publisher:/opt/ros/foxy /usr/bin/cmake --install /home/salaheldinm/Penguins/build/nav2_bringup
[1.800s] Level 1:colcon.colcon_core.environment:create_environment_scripts_only(nav2_bringup)
[1.801s] Level 1:colcon.colcon_core.environment:checking '/home/salaheldinm/Penguins/install/nav2_bringup' for CMake module files
[1.802s] DEBUG:colcon.colcon_core.event_handler.log_command:Invoked command in '/home/salaheldinm/Penguins/build/nav2_bringup' returned '0': CMAKE_PREFIX_PATH=/home/salaheldinm/Penguins/install/slam_toolbox:/home/salaheldinm/Penguins/install/nav2_bringup:/home/salaheldinm/Penguins/install/rf2o_laser_odometry:/home/salaheldinm/Penguins/install/ouster_ros:/home/salaheldinm/Penguins/install/ouster_sensor_msgs:/home/salaheldinm/Penguins/install/my_cpp_package:/home/salaheldinm/Penguins/install/fake_odometry_publisher:/opt/ros/foxy /usr/bin/cmake --install /home/salaheldinm/Penguins/build/nav2_bringup
[1.803s] Level 1:colcon.colcon_core.environment:checking '/home/salaheldinm/Penguins/install/nav2_bringup' for CMake config files
[1.803s] Level 1:colcon.colcon_core.shell:create_environment_hook('nav2_bringup', 'cmake_prefix_path')
[1.804s] INFO:colcon.colcon_core.shell:Creating environment hook '/home/salaheldinm/Penguins/install/nav2_bringup/share/nav2_bringup/hook/cmake_prefix_path.ps1'
[1.805s] INFO:colcon.colcon_core.shell:Creating environment descriptor '/home/salaheldinm/Penguins/install/nav2_bringup/share/nav2_bringup/hook/cmake_prefix_path.dsv'
[1.805s] INFO:colcon.colcon_core.shell:Creating environment hook '/home/salaheldinm/Penguins/install/nav2_bringup/share/nav2_bringup/hook/cmake_prefix_path.sh'
[1.806s] Level 1:colcon.colcon_core.environment:checking '/home/salaheldinm/Penguins/install/nav2_bringup/bin'
[1.806s] Level 1:colcon.colcon_core.environment:checking '/home/salaheldinm/Penguins/install/nav2_bringup/lib/pkgconfig/nav2_bringup.pc'
[1.807s] Level 1:colcon.colcon_core.environment:checking '/home/salaheldinm/Penguins/install/nav2_bringup/lib/python3.8/site-packages'
[1.807s] Level 1:colcon.colcon_core.environment:checking '/home/salaheldinm/Penguins/install/nav2_bringup/bin'
[1.808s] INFO:colcon.colcon_core.shell:Creating package script '/home/salaheldinm/Penguins/install/nav2_bringup/share/nav2_bringup/package.ps1'
[1.809s] INFO:colcon.colcon_core.shell:Creating package descriptor '/home/salaheldinm/Penguins/install/nav2_bringup/share/nav2_bringup/package.dsv'
[1.809s] INFO:colcon.colcon_core.shell:Creating package script '/home/salaheldinm/Penguins/install/nav2_bringup/share/nav2_bringup/package.sh'
[1.810s] INFO:colcon.colcon_core.shell:Creating package script '/home/salaheldinm/Penguins/install/nav2_bringup/share/nav2_bringup/package.bash'
[1.812s] INFO:colcon.colcon_core.shell:Creating package script '/home/salaheldinm/Penguins/install/nav2_bringup/share/nav2_bringup/package.zsh'
[1.812s] Level 1:colcon.colcon_core.environment:create_file_with_runtime_dependencies(/home/salaheldinm/Penguins/install/nav2_bringup/share/colcon-core/packages/nav2_bringup)
[1.850s] Level 1:colcon.colcon_core.environment:create_environment_scripts_only(nav2_bringup)
[1.850s] Level 1:colcon.colcon_core.environment:checking '/home/salaheldinm/Penguins/install/nav2_bringup' for CMake module files
[1.851s] Level 1:colcon.colcon_core.environment:checking '/home/salaheldinm/Penguins/install/nav2_bringup' for CMake config files
[1.852s] Level 1:colcon.colcon_core.shell:create_environment_hook('nav2_bringup', 'cmake_prefix_path')
[1.852s] INFO:colcon.colcon_core.shell:Creating environment hook '/home/salaheldinm/Penguins/install/nav2_bringup/share/nav2_bringup/hook/cmake_prefix_path.ps1'
[1.853s] INFO:colcon.colcon_core.shell:Creating environment descriptor '/home/salaheldinm/Penguins/install/nav2_bringup/share/nav2_bringup/hook/cmake_prefix_path.dsv'
[1.853s] INFO:colcon.colcon_core.shell:Creating environment hook '/home/salaheldinm/Penguins/install/nav2_bringup/share/nav2_bringup/hook/cmake_prefix_path.sh'
[1.854s] Level 1:colcon.colcon_core.environment:checking '/home/salaheldinm/Penguins/install/nav2_bringup/bin'
[1.854s] Level 1:colcon.colcon_core.environment:checking '/home/salaheldinm/Penguins/install/nav2_bringup/lib/pkgconfig/nav2_bringup.pc'
[1.854s] Level 1:colcon.colcon_core.environment:checking '/home/salaheldinm/Penguins/install/nav2_bringup/lib/python3.8/site-packages'
[1.855s] Level 1:colcon.colcon_core.environment:checking '/home/salaheldinm/Penguins/install/nav2_bringup/bin'
[1.855s] INFO:colcon.colcon_core.shell:Creating package script '/home/salaheldinm/Penguins/install/nav2_bringup/share/nav2_bringup/package.ps1'
[1.857s] INFO:colcon.colcon_core.shell:Creating package descriptor '/home/salaheldinm/Penguins/install/nav2_bringup/share/nav2_bringup/package.dsv'
[1.857s] INFO:colcon.colcon_core.shell:Creating package script '/home/salaheldinm/Penguins/install/nav2_bringup/share/nav2_bringup/package.sh'
[1.858s] INFO:colcon.colcon_core.shell:Creating package script '/home/salaheldinm/Penguins/install/nav2_bringup/share/nav2_bringup/package.bash'
[1.858s] INFO:colcon.colcon_core.shell:Creating package script '/home/salaheldinm/Penguins/install/nav2_bringup/share/nav2_bringup/package.zsh'
[1.859s] Level 1:colcon.colcon_core.environment:create_file_with_runtime_dependencies(/home/salaheldinm/Penguins/install/nav2_bringup/share/colcon-core/packages/nav2_bringup)
[9.792s] DEBUG:colcon.colcon_core.event_handler.log_command:Invoked command in '/home/salaheldinm/Penguins/build/my_cpp_package' returned '0': CMAKE_PREFIX_PATH=${CMAKE_PREFIX_PATH}:/home/salaheldinm/Penguins/install/fake_odometry_publisher:/opt/ros/foxy /usr/bin/cmake --build /home/salaheldinm/Penguins/build/my_cpp_package -- -j16 -l16
[9.830s] DEBUG:colcon.colcon_core.event_handler.log_command:Invoking command in '/home/salaheldinm/Penguins/build/my_cpp_package': CMAKE_PREFIX_PATH=${CMAKE_PREFIX_PATH}:/home/salaheldinm/Penguins/install/fake_odometry_publisher:/opt/ros/foxy /usr/bin/cmake --install /home/salaheldinm/Penguins/build/my_cpp_package
[9.848s] Level 1:colcon.colcon_core.environment:create_environment_scripts_only(my_cpp_package)
[9.848s] Level 1:colcon.colcon_core.environment:checking '/home/salaheldinm/Penguins/install/my_cpp_package' for CMake module files
[9.849s] DEBUG:colcon.colcon_core.event_handler.log_command:Invoked command in '/home/salaheldinm/Penguins/build/my_cpp_package' returned '0': CMAKE_PREFIX_PATH=${CMAKE_PREFIX_PATH}:/home/salaheldinm/Penguins/install/fake_odometry_publisher:/opt/ros/foxy /usr/bin/cmake --install /home/salaheldinm/Penguins/build/my_cpp_package
[9.850s] Level 1:colcon.colcon_core.environment:checking '/home/salaheldinm/Penguins/install/my_cpp_package' for CMake config files
[9.851s] Level 1:colcon.colcon_core.shell:create_environment_hook('my_cpp_package', 'cmake_prefix_path')
[9.851s] INFO:colcon.colcon_core.shell:Creating environment hook '/home/salaheldinm/Penguins/install/my_cpp_package/share/my_cpp_package/hook/cmake_prefix_path.ps1'
[9.852s] INFO:colcon.colcon_core.shell:Creating environment descriptor '/home/salaheldinm/Penguins/install/my_cpp_package/share/my_cpp_package/hook/cmake_prefix_path.dsv'
[9.853s] INFO:colcon.colcon_core.shell:Creating environment hook '/home/salaheldinm/Penguins/install/my_cpp_package/share/my_cpp_package/hook/cmake_prefix_path.sh'
[9.854s] Level 1:colcon.colcon_core.environment:checking '/home/salaheldinm/Penguins/install/my_cpp_package/lib'
[9.854s] Level 1:colcon.colcon_core.environment:checking '/home/salaheldinm/Penguins/install/my_cpp_package/bin'
[9.854s] Level 1:colcon.colcon_core.environment:checking '/home/salaheldinm/Penguins/install/my_cpp_package/lib/pkgconfig/my_cpp_package.pc'
[9.855s] Level 1:colcon.colcon_core.environment:checking '/home/salaheldinm/Penguins/install/my_cpp_package/lib/python3.8/site-packages'
[9.855s] Level 1:colcon.colcon_core.environment:checking '/home/salaheldinm/Penguins/install/my_cpp_package/bin'
[9.856s] INFO:colcon.colcon_core.shell:Creating package script '/home/salaheldinm/Penguins/install/my_cpp_package/share/my_cpp_package/package.ps1'
[9.857s] INFO:colcon.colcon_core.shell:Creating package descriptor '/home/salaheldinm/Penguins/install/my_cpp_package/share/my_cpp_package/package.dsv'
[9.857s] INFO:colcon.colcon_core.shell:Creating package script '/home/salaheldinm/Penguins/install/my_cpp_package/share/my_cpp_package/package.sh'
[9.858s] INFO:colcon.colcon_core.shell:Creating package script '/home/salaheldinm/Penguins/install/my_cpp_package/share/my_cpp_package/package.bash'
[9.858s] INFO:colcon.colcon_core.shell:Creating package script '/home/salaheldinm/Penguins/install/my_cpp_package/share/my_cpp_package/package.zsh'
[9.858s] Level 1:colcon.colcon_core.environment:create_file_with_runtime_dependencies(/home/salaheldinm/Penguins/install/my_cpp_package/share/colcon-core/packages/my_cpp_package)
[9.901s] Level 1:colcon.colcon_core.environment:create_environment_scripts_only(my_cpp_package)
[9.902s] Level 1:colcon.colcon_core.environment:checking '/home/salaheldinm/Penguins/install/my_cpp_package' for CMake module files
[9.903s] Level 1:colcon.colcon_core.environment:checking '/home/salaheldinm/Penguins/install/my_cpp_package' for CMake config files
[9.904s] Level 1:colcon.colcon_core.shell:create_environment_hook('my_cpp_package', 'cmake_prefix_path')
[9.904s] INFO:colcon.colcon_core.shell:Creating environment hook '/home/salaheldinm/Penguins/install/my_cpp_package/share/my_cpp_package/hook/cmake_prefix_path.ps1'
[9.905s] INFO:colcon.colcon_core.shell:Creating environment descriptor '/home/salaheldinm/Penguins/install/my_cpp_package/share/my_cpp_package/hook/cmake_prefix_path.dsv'
[9.905s] INFO:colcon.colcon_core.shell:Creating environment hook '/home/salaheldinm/Penguins/install/my_cpp_package/share/my_cpp_package/hook/cmake_prefix_path.sh'
[9.906s] Level 1:colcon.colcon_core.environment:checking '/home/salaheldinm/Penguins/install/my_cpp_package/lib'
[9.907s] Level 1:colcon.colcon_core.environment:checking '/home/salaheldinm/Penguins/install/my_cpp_package/bin'
[9.907s] Level 1:colcon.colcon_core.environment:checking '/home/salaheldinm/Penguins/install/my_cpp_package/lib/pkgconfig/my_cpp_package.pc'
[9.907s] Level 1:colcon.colcon_core.environment:checking '/home/salaheldinm/Penguins/install/my_cpp_package/lib/python3.8/site-packages'
[9.907s] Level 1:colcon.colcon_core.environment:checking '/home/salaheldinm/Penguins/install/my_cpp_package/bin'
[9.908s] INFO:colcon.colcon_core.shell:Creating package script '/home/salaheldinm/Penguins/install/my_cpp_package/share/my_cpp_package/package.ps1'
[9.909s] INFO:colcon.colcon_core.shell:Creating package descriptor '/home/salaheldinm/Penguins/install/my_cpp_package/share/my_cpp_package/package.dsv'
[9.910s] INFO:colcon.colcon_core.shell:Creating package script '/home/salaheldinm/Penguins/install/my_cpp_package/share/my_cpp_package/package.sh'
[9.911s] INFO:colcon.colcon_core.shell:Creating package script '/home/salaheldinm/Penguins/install/my_cpp_package/share/my_cpp_package/package.bash'
[9.911s] INFO:colcon.colcon_core.shell:Creating package script '/home/salaheldinm/Penguins/install/my_cpp_package/share/my_cpp_package/package.zsh'
[9.912s] Level 1:colcon.colcon_core.environment:create_file_with_runtime_dependencies(/home/salaheldinm/Penguins/install/my_cpp_package/share/colcon-core/packages/my_cpp_package)
[9.912s] DEBUG:colcon.colcon_parallel_executor.executor.parallel:closing loop
[9.912s] DEBUG:colcon.colcon_parallel_executor.executor.parallel:loop closed
[9.912s] DEBUG:colcon.colcon_parallel_executor.executor.parallel:run_until_complete finished with '0'
[9.912s] DEBUG:colcon.colcon_core.event_reactor:joining thread
[9.922s] INFO:colcon.colcon_core.plugin_system:Skipping extension 'colcon_notification.desktop_notification.terminal_notifier': Not used on non-Darwin systems
[9.923s] INFO:colcon.colcon_core.plugin_system:Skipping extension 'colcon_notification.desktop_notification.win32': Not used on non-Windows systems
[9.923s] INFO:colcon.colcon_notification.desktop_notification:Sending desktop notification using 'notify2'
[9.946s] DEBUG:colcon.colcon_core.event_reactor:joined thread
[9.947s] INFO:colcon.colcon_core.shell:Creating prefix script '/home/salaheldinm/Penguins/install/local_setup.ps1'
[9.948s] INFO:colcon.colcon_core.shell:Creating prefix util module '/home/salaheldinm/Penguins/install/_local_setup_util_ps1.py'
[9.951s] INFO:colcon.colcon_core.shell:Creating prefix chain script '/home/salaheldinm/Penguins/install/setup.ps1'
[9.953s] INFO:colcon.colcon_core.shell:Creating prefix script '/home/salaheldinm/Penguins/install/local_setup.sh'
[9.954s] INFO:colcon.colcon_core.shell:Creating prefix util module '/home/salaheldinm/Penguins/install/_local_setup_util_sh.py'
[9.955s] INFO:colcon.colcon_core.shell:Creating prefix chain script '/home/salaheldinm/Penguins/install/setup.sh'
[9.957s] INFO:colcon.colcon_core.shell:Creating prefix script '/home/salaheldinm/Penguins/install/local_setup.bash'
[9.958s] INFO:colcon.colcon_core.shell:Creating prefix chain script '/home/salaheldinm/Penguins/install/setup.bash'
[9.959s] INFO:colcon.colcon_core.shell:Creating prefix script '/home/salaheldinm/Penguins/install/local_setup.zsh'
[9.960s] INFO:colcon.colcon_core.shell:Creating prefix chain script '/home/salaheldinm/Penguins/install/setup.zsh'
