-- The C compiler identification is GNU 9.4.0
-- The CXX compiler identification is GNU 9.4.0
-- Check for working C compiler: /usr/bin/cc
-- Check for working C compiler: /usr/bin/cc -- works
-- Detecting C compiler ABI info
-- Detecting C compiler ABI info - done
-- Detecting C compile features
-- Detecting C compile features - done
-- Check for working CXX compiler: /usr/bin/c++
-- Check for working CXX compiler: /usr/bin/c++ -- works
-- Detecting CXX compiler ABI info
-- Detecting CXX compiler ABI info - done
-- Detecting CXX compile features
-- Detecting CXX compile features - done
-- Found ament_cmake: 0.9.12 (/opt/ros/foxy/share/ament_cmake/cmake)
-- Found PythonInterp: /usr/bin/python3 (found suitable version "3.8.10", minimum required is "3") 
-- Using PYTHON_EXECUTABLE: /usr/bin/python3
-- Found std_msgs: 2.0.5 (/opt/ros/foxy/share/std_msgs/cmake)
-- Using all available rosidl_typesupport_c: rosidl_typesupport_fastrtps_c;rosidl_typesupport_introspection_c
-- Found rosidl_adapter: 1.3.1 (/opt/ros/foxy/share/rosidl_adapter/cmake)
-- Found OpenSSL: /usr/lib/x86_64-linux-gnu/libcrypto.so (found version "1.1.1f")  
-- Found FastRTPS: /opt/ros/foxy/include  
-- Using all available rosidl_typesupport_cpp: rosidl_typesupport_fastrtps_cpp;rosidl_typesupport_introspection_cpp
-- Found rosidl_default_generators: 1.0.1 (/opt/ros/foxy/share/rosidl_default_generators/cmake)
-- Found PythonInterp: /usr/bin/python3 (found version "3.8.10") 
-- Found ament_cmake_ros: 0.9.2 (/opt/ros/foxy/share/ament_cmake_ros/cmake)
-- Using all available rosidl_typesupport_c: rosidl_typesupport_fastrtps_c;rosidl_typesupport_introspection_c
-- Using all available rosidl_typesupport_cpp: rosidl_typesupport_fastrtps_cpp;rosidl_typesupport_introspection_cpp
-- Found PythonInterp: /usr/bin/python3 (found suitable version "3.8.10", minimum required is "3.5") 
-- Found python_cmake_module: 0.8.1 (/opt/ros/foxy/share/python_cmake_module/cmake)
-- Found PythonLibs: /usr/lib/x86_64-linux-gnu/libpython3.8.so (found suitable version "3.8.10", minimum required is "3.5") 
-- Using PYTHON_EXECUTABLE: /usr/bin/python3
-- Using PYTHON_INCLUDE_DIRS: /usr/include/python3.8
-- Using PYTHON_LIBRARIES: /usr/lib/x86_64-linux-gnu/libpython3.8.so
-- Found PythonExtra: .so  
-- Configuring done
-- Generating done
-- Build files have been written to: /home/salaheldinm/Penguins/build/ouster_sensor_msgs
[35m[1mScanning dependencies of target ouster_sensor_msgs__cpp[0m
[  1%] [34m[1mGenerating C code for ROS interfaces[0m
[  3%] [34m[1mGenerating C++ code for ROS interfaces[0m
[  3%] Built target ouster_sensor_msgs__cpp
[  7%] [34m[1mGenerating C++ introspection for ROS interfaces[0m
[  7%] [34m[1mGenerating C++ type support dispatch for ROS interfaces[0m
[  9%] [34m[1mGenerating C++ type support for eProsima Fast-RTPS[0m
[35m[1mScanning dependencies of target ouster_sensor_msgs__rosidl_generator_c[0m
[ 12%] [32mBuilding C object CMakeFiles/ouster_sensor_msgs__rosidl_generator_c.dir/rosidl_generator_c/ouster_sensor_msgs/srv/detail/set_config__functions.c.o[0m
[ 12%] [32mBuilding C object CMakeFiles/ouster_sensor_msgs__rosidl_generator_c.dir/rosidl_generator_c/ouster_sensor_msgs/srv/detail/get_metadata__functions.c.o[0m
[ 14%] [32mBuilding C object CMakeFiles/ouster_sensor_msgs__rosidl_generator_c.dir/rosidl_generator_c/ouster_sensor_msgs/msg/detail/packet_msg__functions.c.o[0m
[ 16%] [32mBuilding C object CMakeFiles/ouster_sensor_msgs__rosidl_generator_c.dir/rosidl_generator_c/ouster_sensor_msgs/srv/detail/get_config__functions.c.o[0m
[ 18%] [32m[1mLinking C shared library libouster_sensor_msgs__rosidl_generator_c.so[0m
[ 18%] Built target ouster_sensor_msgs__rosidl_generator_c
[ 20%] [34m[1mGenerating C type support dispatch for ROS interfaces[0m
[ 21%] [34m[1mGenerating C introspection for ROS interfaces[0m
[35m[1mScanning dependencies of target ouster_sensor_msgs__rosidl_typesupport_cpp[0m
[ 25%] [32mBuilding CXX object CMakeFiles/ouster_sensor_msgs__rosidl_typesupport_cpp.dir/rosidl_typesupport_cpp/ouster_sensor_msgs/srv/set_config__type_support.cpp.o[0m
[ 25%] [32mBuilding CXX object CMakeFiles/ouster_sensor_msgs__rosidl_typesupport_cpp.dir/rosidl_typesupport_cpp/ouster_sensor_msgs/srv/get_config__type_support.cpp.o[0m
[ 27%] [32mBuilding CXX object CMakeFiles/ouster_sensor_msgs__rosidl_typesupport_cpp.dir/rosidl_typesupport_cpp/ouster_sensor_msgs/msg/packet_msg__type_support.cpp.o[0m
[ 29%] [32mBuilding CXX object CMakeFiles/ouster_sensor_msgs__rosidl_typesupport_cpp.dir/rosidl_typesupport_cpp/ouster_sensor_msgs/srv/get_metadata__type_support.cpp.o[0m
[35m[1mScanning dependencies of target ouster_sensor_msgs__rosidl_typesupport_introspection_cpp[0m
[ 32%] [32mBuilding CXX object CMakeFiles/ouster_sensor_msgs__rosidl_typesupport_introspection_cpp.dir/rosidl_typesupport_introspection_cpp/ouster_sensor_msgs/msg/detail/packet_msg__type_support.cpp.o[0m
[ 32%] [32mBuilding CXX object CMakeFiles/ouster_sensor_msgs__rosidl_typesupport_introspection_cpp.dir/rosidl_typesupport_introspection_cpp/ouster_sensor_msgs/srv/detail/set_config__type_support.cpp.o[0m
[ 36%] [32mBuilding CXX object CMakeFiles/ouster_sensor_msgs__rosidl_typesupport_introspection_cpp.dir/rosidl_typesupport_introspection_cpp/ouster_sensor_msgs/srv/detail/get_config__type_support.cpp.o[0m
[ 36%] [32mBuilding CXX object CMakeFiles/ouster_sensor_msgs__rosidl_typesupport_introspection_cpp.dir/rosidl_typesupport_introspection_cpp/ouster_sensor_msgs/srv/detail/get_metadata__type_support.cpp.o[0m
[35m[1mScanning dependencies of target ouster_sensor_msgs__rosidl_typesupport_fastrtps_cpp[0m
[ 38%] [32mBuilding CXX object CMakeFiles/ouster_sensor_msgs__rosidl_typesupport_fastrtps_cpp.dir/rosidl_typesupport_fastrtps_cpp/ouster_sensor_msgs/srv/detail/dds_fastrtps/get_config__type_support.cpp.o[0m
[ 40%] [32mBuilding CXX object CMakeFiles/ouster_sensor_msgs__rosidl_typesupport_fastrtps_cpp.dir/rosidl_typesupport_fastrtps_cpp/ouster_sensor_msgs/msg/detail/dds_fastrtps/packet_msg__type_support.cpp.o[0m
[ 41%] [32mBuilding CXX object CMakeFiles/ouster_sensor_msgs__rosidl_typesupport_fastrtps_cpp.dir/rosidl_typesupport_fastrtps_cpp/ouster_sensor_msgs/srv/detail/dds_fastrtps/set_config__type_support.cpp.o[0m
[ 43%] [32mBuilding CXX object CMakeFiles/ouster_sensor_msgs__rosidl_typesupport_fastrtps_cpp.dir/rosidl_typesupport_fastrtps_cpp/ouster_sensor_msgs/srv/detail/dds_fastrtps/get_metadata__type_support.cpp.o[0m
[35m[1mScanning dependencies of target ouster_sensor_msgs__rosidl_typesupport_c[0m
[ 45%] [32mBuilding CXX object CMakeFiles/ouster_sensor_msgs__rosidl_typesupport_c.dir/rosidl_typesupport_c/ouster_sensor_msgs/msg/packet_msg__type_support.cpp.o[0m
[ 47%] [32mBuilding CXX object CMakeFiles/ouster_sensor_msgs__rosidl_typesupport_c.dir/rosidl_typesupport_c/ouster_sensor_msgs/srv/get_config__type_support.cpp.o[0m
[ 49%] [32mBuilding CXX object CMakeFiles/ouster_sensor_msgs__rosidl_typesupport_c.dir/rosidl_typesupport_c/ouster_sensor_msgs/srv/set_config__type_support.cpp.o[0m
[ 50%] [32mBuilding CXX object CMakeFiles/ouster_sensor_msgs__rosidl_typesupport_c.dir/rosidl_typesupport_c/ouster_sensor_msgs/srv/get_metadata__type_support.cpp.o[0m
[ 52%] [32m[1mLinking CXX shared library libouster_sensor_msgs__rosidl_typesupport_cpp.so[0m
[ 54%] [32m[1mLinking CXX shared library libouster_sensor_msgs__rosidl_typesupport_c.so[0m
[35m[1mScanning dependencies of target ouster_sensor_msgs__rosidl_typesupport_introspection_c[0m
[ 56%] [32mBuilding C object CMakeFiles/ouster_sensor_msgs__rosidl_typesupport_introspection_c.dir/rosidl_typesupport_introspection_c/ouster_sensor_msgs/msg/detail/packet_msg__type_support.c.o[0m
[ 60%] [32mBuilding C object CMakeFiles/ouster_sensor_msgs__rosidl_typesupport_introspection_c.dir/rosidl_typesupport_introspection_c/ouster_sensor_msgs/srv/detail/get_metadata__type_support.c.o[0m
[ 60%] [32mBuilding C object CMakeFiles/ouster_sensor_msgs__rosidl_typesupport_introspection_c.dir/rosidl_typesupport_introspection_c/ouster_sensor_msgs/srv/detail/set_config__type_support.c.o[0m
[ 61%] [32mBuilding C object CMakeFiles/ouster_sensor_msgs__rosidl_typesupport_introspection_c.dir/rosidl_typesupport_introspection_c/ouster_sensor_msgs/srv/detail/get_config__type_support.c.o[0m
[ 61%] Built target ouster_sensor_msgs__rosidl_typesupport_cpp
[ 61%] Built target ouster_sensor_msgs__rosidl_typesupport_c
[ 63%] [32m[1mLinking C shared library libouster_sensor_msgs__rosidl_typesupport_introspection_c.so[0m
[ 65%] [32m[1mLinking CXX shared library libouster_sensor_msgs__rosidl_typesupport_introspection_cpp.so[0m
[ 65%] Built target ouster_sensor_msgs__rosidl_typesupport_introspection_c
[ 65%] Built target ouster_sensor_msgs__rosidl_typesupport_introspection_cpp
[ 67%] [32m[1mLinking CXX shared library libouster_sensor_msgs__rosidl_typesupport_fastrtps_cpp.so[0m
[ 67%] Built target ouster_sensor_msgs__rosidl_typesupport_fastrtps_cpp
[ 69%] [34m[1mGenerating C type support for eProsima Fast-RTPS[0m
[35m[1mScanning dependencies of target ouster_sensor_msgs__rosidl_typesupport_fastrtps_c[0m
[ 70%] [32mBuilding CXX object CMakeFiles/ouster_sensor_msgs__rosidl_typesupport_fastrtps_c.dir/rosidl_typesupport_fastrtps_c/ouster_sensor_msgs/msg/detail/packet_msg__type_support_c.cpp.o[0m
[ 72%] [32mBuilding CXX object CMakeFiles/ouster_sensor_msgs__rosidl_typesupport_fastrtps_c.dir/rosidl_typesupport_fastrtps_c/ouster_sensor_msgs/srv/detail/get_config__type_support_c.cpp.o[0m
[ 74%] [32mBuilding CXX object CMakeFiles/ouster_sensor_msgs__rosidl_typesupport_fastrtps_c.dir/rosidl_typesupport_fastrtps_c/ouster_sensor_msgs/srv/detail/set_config__type_support_c.cpp.o[0m
[ 76%] [32mBuilding CXX object CMakeFiles/ouster_sensor_msgs__rosidl_typesupport_fastrtps_c.dir/rosidl_typesupport_fastrtps_c/ouster_sensor_msgs/srv/detail/get_metadata__type_support_c.cpp.o[0m
[ 78%] [32m[1mLinking CXX shared library libouster_sensor_msgs__rosidl_typesupport_fastrtps_c.so[0m
[ 78%] Built target ouster_sensor_msgs__rosidl_typesupport_fastrtps_c
[35m[1mScanning dependencies of target ouster_sensor_msgs[0m
[ 78%] Built target ouster_sensor_msgs
[35m[1mScanning dependencies of target ouster_sensor_msgs__py[0m
[ 80%] [34m[1mGenerating Python code for ROS interfaces[0m
[ 80%] Built target ouster_sensor_msgs__py
[35m[1mScanning dependencies of target ouster_sensor_msgs__python[0m
[ 81%] [32mBuilding C object CMakeFiles/ouster_sensor_msgs__python.dir/rosidl_generator_py/ouster_sensor_msgs/srv/_get_config_s.c.o[0m
[ 83%] [32mBuilding C object CMakeFiles/ouster_sensor_msgs__python.dir/rosidl_generator_py/ouster_sensor_msgs/srv/_get_metadata_s.c.o[0m
[ 85%] [32mBuilding C object CMakeFiles/ouster_sensor_msgs__python.dir/rosidl_generator_py/ouster_sensor_msgs/msg/_packet_msg_s.c.o[0m
[ 87%] [32mBuilding C object CMakeFiles/ouster_sensor_msgs__python.dir/rosidl_generator_py/ouster_sensor_msgs/srv/_set_config_s.c.o[0m
[ 89%] [32m[1mLinking C shared library rosidl_generator_py/ouster_sensor_msgs/libouster_sensor_msgs__python.so[0m
[ 89%] Built target ouster_sensor_msgs__python
[35m[1mScanning dependencies of target ouster_sensor_msgs__rosidl_typesupport_introspection_c__pyext[0m
[35m[1mScanning dependencies of target ouster_sensor_msgs__rosidl_typesupport_c__pyext[0m
[35m[1mScanning dependencies of target ouster_sensor_msgs__rosidl_typesupport_fastrtps_c__pyext[0m
[ 90%] [32mBuilding C object CMakeFiles/ouster_sensor_msgs__rosidl_typesupport_c__pyext.dir/rosidl_generator_py/ouster_sensor_msgs/_ouster_sensor_msgs_s.ep.rosidl_typesupport_c.c.o[0m
[ 92%] [32mBuilding C object CMakeFiles/ouster_sensor_msgs__rosidl_typesupport_fastrtps_c__pyext.dir/rosidl_generator_py/ouster_sensor_msgs/_ouster_sensor_msgs_s.ep.rosidl_typesupport_fastrtps_c.c.o[0m
[ 94%] [32mBuilding C object CMakeFiles/ouster_sensor_msgs__rosidl_typesupport_introspection_c__pyext.dir/rosidl_generator_py/ouster_sensor_msgs/_ouster_sensor_msgs_s.ep.rosidl_typesupport_introspection_c.c.o[0m
[ 96%] [32m[1mLinking C shared library rosidl_generator_py/ouster_sensor_msgs/ouster_sensor_msgs_s__rosidl_typesupport_c.cpython-38-x86_64-linux-gnu.so[0m
[ 98%] [32m[1mLinking CXX shared library rosidl_generator_py/ouster_sensor_msgs/ouster_sensor_msgs_s__rosidl_typesupport_fastrtps_c.cpython-38-x86_64-linux-gnu.so[0m
[100%] [32m[1mLinking C shared library rosidl_generator_py/ouster_sensor_msgs/ouster_sensor_msgs_s__rosidl_typesupport_introspection_c.cpython-38-x86_64-linux-gnu.so[0m
[100%] Built target ouster_sensor_msgs__rosidl_typesupport_c__pyext
[100%] Built target ouster_sensor_msgs__rosidl_typesupport_introspection_c__pyext
[100%] Built target ouster_sensor_msgs__rosidl_typesupport_fastrtps_c__pyext
-- Install configuration: ""
-- Installing: /home/salaheldinm/Penguins/install/ouster_sensor_msgs/share/ament_index/resource_index/rosidl_interfaces/ouster_sensor_msgs
-- Installing: /home/salaheldinm/Penguins/install/ouster_sensor_msgs/include/ouster_sensor_msgs
-- Installing: /home/salaheldinm/Penguins/install/ouster_sensor_msgs/include/ouster_sensor_msgs/msg
-- Installing: /home/salaheldinm/Penguins/install/ouster_sensor_msgs/include/ouster_sensor_msgs/msg/packet_msg.h
-- Installing: /home/salaheldinm/Penguins/install/ouster_sensor_msgs/include/ouster_sensor_msgs/msg/detail
-- Installing: /home/salaheldinm/Penguins/install/ouster_sensor_msgs/include/ouster_sensor_msgs/msg/detail/packet_msg__struct.h
-- Installing: /home/salaheldinm/Penguins/install/ouster_sensor_msgs/include/ouster_sensor_msgs/msg/detail/packet_msg__functions.c
-- Installing: /home/salaheldinm/Penguins/install/ouster_sensor_msgs/include/ouster_sensor_msgs/msg/detail/packet_msg__functions.h
-- Installing: /home/salaheldinm/Penguins/install/ouster_sensor_msgs/include/ouster_sensor_msgs/msg/detail/packet_msg__type_support.h
-- Installing: /home/salaheldinm/Penguins/install/ouster_sensor_msgs/include/ouster_sensor_msgs/msg/rosidl_generator_c__visibility_control.h
-- Installing: /home/salaheldinm/Penguins/install/ouster_sensor_msgs/include/ouster_sensor_msgs/srv
-- Installing: /home/salaheldinm/Penguins/install/ouster_sensor_msgs/include/ouster_sensor_msgs/srv/get_metadata.h
-- Installing: /home/salaheldinm/Penguins/install/ouster_sensor_msgs/include/ouster_sensor_msgs/srv/detail
-- Installing: /home/salaheldinm/Penguins/install/ouster_sensor_msgs/include/ouster_sensor_msgs/srv/detail/get_metadata__struct.h
-- Installing: /home/salaheldinm/Penguins/install/ouster_sensor_msgs/include/ouster_sensor_msgs/srv/detail/set_config__struct.h
-- Installing: /home/salaheldinm/Penguins/install/ouster_sensor_msgs/include/ouster_sensor_msgs/srv/detail/get_metadata__functions.h
-- Installing: /home/salaheldinm/Penguins/install/ouster_sensor_msgs/include/ouster_sensor_msgs/srv/detail/set_config__type_support.h
-- Installing: /home/salaheldinm/Penguins/install/ouster_sensor_msgs/include/ouster_sensor_msgs/srv/detail/get_config__functions.c
-- Installing: /home/salaheldinm/Penguins/install/ouster_sensor_msgs/include/ouster_sensor_msgs/srv/detail/get_metadata__functions.c
-- Installing: /home/salaheldinm/Penguins/install/ouster_sensor_msgs/include/ouster_sensor_msgs/srv/detail/set_config__functions.c
-- Installing: /home/salaheldinm/Penguins/install/ouster_sensor_msgs/include/ouster_sensor_msgs/srv/detail/get_config__type_support.h
-- Installing: /home/salaheldinm/Penguins/install/ouster_sensor_msgs/include/ouster_sensor_msgs/srv/detail/get_config__struct.h
-- Installing: /home/salaheldinm/Penguins/install/ouster_sensor_msgs/include/ouster_sensor_msgs/srv/detail/get_config__functions.h
-- Installing: /home/salaheldinm/Penguins/install/ouster_sensor_msgs/include/ouster_sensor_msgs/srv/detail/set_config__functions.h
-- Installing: /home/salaheldinm/Penguins/install/ouster_sensor_msgs/include/ouster_sensor_msgs/srv/detail/get_metadata__type_support.h
-- Installing: /home/salaheldinm/Penguins/install/ouster_sensor_msgs/include/ouster_sensor_msgs/srv/set_config.h
-- Installing: /home/salaheldinm/Penguins/install/ouster_sensor_msgs/include/ouster_sensor_msgs/srv/get_config.h
-- Installing: /home/salaheldinm/Penguins/install/ouster_sensor_msgs/share/ouster_sensor_msgs/environment/library_path.sh
-- Installing: /home/salaheldinm/Penguins/install/ouster_sensor_msgs/share/ouster_sensor_msgs/environment/library_path.dsv
-- Installing: /home/salaheldinm/Penguins/install/ouster_sensor_msgs/lib/libouster_sensor_msgs__rosidl_generator_c.so
-- Set runtime path of "/home/salaheldinm/Penguins/install/ouster_sensor_msgs/lib/libouster_sensor_msgs__rosidl_generator_c.so" to ""
-- Up-to-date: /home/salaheldinm/Penguins/install/ouster_sensor_msgs/include/ouster_sensor_msgs
-- Up-to-date: /home/salaheldinm/Penguins/install/ouster_sensor_msgs/include/ouster_sensor_msgs/msg
-- Up-to-date: /home/salaheldinm/Penguins/install/ouster_sensor_msgs/include/ouster_sensor_msgs/msg/detail
-- Installing: /home/salaheldinm/Penguins/install/ouster_sensor_msgs/include/ouster_sensor_msgs/msg/detail/packet_msg__rosidl_typesupport_fastrtps_c.h
-- Installing: /home/salaheldinm/Penguins/install/ouster_sensor_msgs/include/ouster_sensor_msgs/msg/rosidl_typesupport_fastrtps_c__visibility_control.h
-- Up-to-date: /home/salaheldinm/Penguins/install/ouster_sensor_msgs/include/ouster_sensor_msgs/srv
-- Up-to-date: /home/salaheldinm/Penguins/install/ouster_sensor_msgs/include/ouster_sensor_msgs/srv/detail
-- Installing: /home/salaheldinm/Penguins/install/ouster_sensor_msgs/include/ouster_sensor_msgs/srv/detail/get_config__rosidl_typesupport_fastrtps_c.h
-- Installing: /home/salaheldinm/Penguins/install/ouster_sensor_msgs/include/ouster_sensor_msgs/srv/detail/set_config__rosidl_typesupport_fastrtps_c.h
-- Installing: /home/salaheldinm/Penguins/install/ouster_sensor_msgs/include/ouster_sensor_msgs/srv/detail/get_metadata__rosidl_typesupport_fastrtps_c.h
-- Installing: /home/salaheldinm/Penguins/install/ouster_sensor_msgs/lib/libouster_sensor_msgs__rosidl_typesupport_fastrtps_c.so
-- Set runtime path of "/home/salaheldinm/Penguins/install/ouster_sensor_msgs/lib/libouster_sensor_msgs__rosidl_typesupport_fastrtps_c.so" to ""
-- Up-to-date: /home/salaheldinm/Penguins/install/ouster_sensor_msgs/include/ouster_sensor_msgs
-- Up-to-date: /home/salaheldinm/Penguins/install/ouster_sensor_msgs/include/ouster_sensor_msgs/msg
-- Up-to-date: /home/salaheldinm/Penguins/install/ouster_sensor_msgs/include/ouster_sensor_msgs/msg/detail
-- Installing: /home/salaheldinm/Penguins/install/ouster_sensor_msgs/include/ouster_sensor_msgs/msg/detail/dds_fastrtps
-- Installing: /home/salaheldinm/Penguins/install/ouster_sensor_msgs/include/ouster_sensor_msgs/msg/detail/packet_msg__rosidl_typesupport_fastrtps_cpp.hpp
-- Installing: /home/salaheldinm/Penguins/install/ouster_sensor_msgs/include/ouster_sensor_msgs/msg/rosidl_typesupport_fastrtps_cpp__visibility_control.h
-- Up-to-date: /home/salaheldinm/Penguins/install/ouster_sensor_msgs/include/ouster_sensor_msgs/srv
-- Up-to-date: /home/salaheldinm/Penguins/install/ouster_sensor_msgs/include/ouster_sensor_msgs/srv/detail
-- Installing: /home/salaheldinm/Penguins/install/ouster_sensor_msgs/include/ouster_sensor_msgs/srv/detail/set_config__rosidl_typesupport_fastrtps_cpp.hpp
-- Installing: /home/salaheldinm/Penguins/install/ouster_sensor_msgs/include/ouster_sensor_msgs/srv/detail/dds_fastrtps
-- Installing: /home/salaheldinm/Penguins/install/ouster_sensor_msgs/include/ouster_sensor_msgs/srv/detail/get_config__rosidl_typesupport_fastrtps_cpp.hpp
-- Installing: /home/salaheldinm/Penguins/install/ouster_sensor_msgs/include/ouster_sensor_msgs/srv/detail/get_metadata__rosidl_typesupport_fastrtps_cpp.hpp
-- Installing: /home/salaheldinm/Penguins/install/ouster_sensor_msgs/lib/libouster_sensor_msgs__rosidl_typesupport_fastrtps_cpp.so
-- Set runtime path of "/home/salaheldinm/Penguins/install/ouster_sensor_msgs/lib/libouster_sensor_msgs__rosidl_typesupport_fastrtps_cpp.so" to ""
-- Up-to-date: /home/salaheldinm/Penguins/install/ouster_sensor_msgs/include/ouster_sensor_msgs
-- Up-to-date: /home/salaheldinm/Penguins/install/ouster_sensor_msgs/include/ouster_sensor_msgs/msg
-- Up-to-date: /home/salaheldinm/Penguins/install/ouster_sensor_msgs/include/ouster_sensor_msgs/msg/detail
-- Installing: /home/salaheldinm/Penguins/install/ouster_sensor_msgs/include/ouster_sensor_msgs/msg/detail/packet_msg__rosidl_typesupport_introspection_c.h
-- Installing: /home/salaheldinm/Penguins/install/ouster_sensor_msgs/include/ouster_sensor_msgs/msg/detail/packet_msg__type_support.c
-- Installing: /home/salaheldinm/Penguins/install/ouster_sensor_msgs/include/ouster_sensor_msgs/msg/rosidl_typesupport_introspection_c__visibility_control.h
-- Up-to-date: /home/salaheldinm/Penguins/install/ouster_sensor_msgs/include/ouster_sensor_msgs/srv
-- Up-to-date: /home/salaheldinm/Penguins/install/ouster_sensor_msgs/include/ouster_sensor_msgs/srv/detail
-- Installing: /home/salaheldinm/Penguins/install/ouster_sensor_msgs/include/ouster_sensor_msgs/srv/detail/set_config__rosidl_typesupport_introspection_c.h
-- Installing: /home/salaheldinm/Penguins/install/ouster_sensor_msgs/include/ouster_sensor_msgs/srv/detail/get_config__type_support.c
-- Installing: /home/salaheldinm/Penguins/install/ouster_sensor_msgs/include/ouster_sensor_msgs/srv/detail/get_metadata__rosidl_typesupport_introspection_c.h
-- Installing: /home/salaheldinm/Penguins/install/ouster_sensor_msgs/include/ouster_sensor_msgs/srv/detail/get_metadata__type_support.c
-- Installing: /home/salaheldinm/Penguins/install/ouster_sensor_msgs/include/ouster_sensor_msgs/srv/detail/set_config__type_support.c
-- Installing: /home/salaheldinm/Penguins/install/ouster_sensor_msgs/include/ouster_sensor_msgs/srv/detail/get_config__rosidl_typesupport_introspection_c.h
-- Installing: /home/salaheldinm/Penguins/install/ouster_sensor_msgs/lib/libouster_sensor_msgs__rosidl_typesupport_introspection_c.so
-- Set runtime path of "/home/salaheldinm/Penguins/install/ouster_sensor_msgs/lib/libouster_sensor_msgs__rosidl_typesupport_introspection_c.so" to ""
-- Installing: /home/salaheldinm/Penguins/install/ouster_sensor_msgs/lib/libouster_sensor_msgs__rosidl_typesupport_c.so
-- Set runtime path of "/home/salaheldinm/Penguins/install/ouster_sensor_msgs/lib/libouster_sensor_msgs__rosidl_typesupport_c.so" to ""
-- Up-to-date: /home/salaheldinm/Penguins/install/ouster_sensor_msgs/include/ouster_sensor_msgs
-- Up-to-date: /home/salaheldinm/Penguins/install/ouster_sensor_msgs/include/ouster_sensor_msgs/msg
-- Installing: /home/salaheldinm/Penguins/install/ouster_sensor_msgs/include/ouster_sensor_msgs/msg/packet_msg.hpp
-- Up-to-date: /home/salaheldinm/Penguins/install/ouster_sensor_msgs/include/ouster_sensor_msgs/msg/detail
-- Installing: /home/salaheldinm/Penguins/install/ouster_sensor_msgs/include/ouster_sensor_msgs/msg/detail/packet_msg__type_support.hpp
-- Installing: /home/salaheldinm/Penguins/install/ouster_sensor_msgs/include/ouster_sensor_msgs/msg/detail/packet_msg__traits.hpp
-- Installing: /home/salaheldinm/Penguins/install/ouster_sensor_msgs/include/ouster_sensor_msgs/msg/detail/packet_msg__builder.hpp
-- Installing: /home/salaheldinm/Penguins/install/ouster_sensor_msgs/include/ouster_sensor_msgs/msg/detail/packet_msg__struct.hpp
-- Installing: /home/salaheldinm/Penguins/install/ouster_sensor_msgs/include/ouster_sensor_msgs/msg/rosidl_generator_cpp__visibility_control.hpp
-- Up-to-date: /home/salaheldinm/Penguins/install/ouster_sensor_msgs/include/ouster_sensor_msgs/srv
-- Installing: /home/salaheldinm/Penguins/install/ouster_sensor_msgs/include/ouster_sensor_msgs/srv/get_metadata.hpp
-- Up-to-date: /home/salaheldinm/Penguins/install/ouster_sensor_msgs/include/ouster_sensor_msgs/srv/detail
-- Installing: /home/salaheldinm/Penguins/install/ouster_sensor_msgs/include/ouster_sensor_msgs/srv/detail/get_config__builder.hpp
-- Installing: /home/salaheldinm/Penguins/install/ouster_sensor_msgs/include/ouster_sensor_msgs/srv/detail/set_config__struct.hpp
-- Installing: /home/salaheldinm/Penguins/install/ouster_sensor_msgs/include/ouster_sensor_msgs/srv/detail/set_config__type_support.hpp
-- Installing: /home/salaheldinm/Penguins/install/ouster_sensor_msgs/include/ouster_sensor_msgs/srv/detail/set_config__traits.hpp
-- Installing: /home/salaheldinm/Penguins/install/ouster_sensor_msgs/include/ouster_sensor_msgs/srv/detail/get_metadata__struct.hpp
-- Installing: /home/salaheldinm/Penguins/install/ouster_sensor_msgs/include/ouster_sensor_msgs/srv/detail/get_metadata__traits.hpp
-- Installing: /home/salaheldinm/Penguins/install/ouster_sensor_msgs/include/ouster_sensor_msgs/srv/detail/get_metadata__builder.hpp
-- Installing: /home/salaheldinm/Penguins/install/ouster_sensor_msgs/include/ouster_sensor_msgs/srv/detail/get_metadata__type_support.hpp
-- Installing: /home/salaheldinm/Penguins/install/ouster_sensor_msgs/include/ouster_sensor_msgs/srv/detail/get_config__struct.hpp
-- Installing: /home/salaheldinm/Penguins/install/ouster_sensor_msgs/include/ouster_sensor_msgs/srv/detail/get_config__type_support.hpp
-- Installing: /home/salaheldinm/Penguins/install/ouster_sensor_msgs/include/ouster_sensor_msgs/srv/detail/set_config__builder.hpp
-- Installing: /home/salaheldinm/Penguins/install/ouster_sensor_msgs/include/ouster_sensor_msgs/srv/detail/get_config__traits.hpp
-- Installing: /home/salaheldinm/Penguins/install/ouster_sensor_msgs/include/ouster_sensor_msgs/srv/get_config.hpp
-- Installing: /home/salaheldinm/Penguins/install/ouster_sensor_msgs/include/ouster_sensor_msgs/srv/set_config.hpp
-- Up-to-date: /home/salaheldinm/Penguins/install/ouster_sensor_msgs/include/ouster_sensor_msgs
-- Up-to-date: /home/salaheldinm/Penguins/install/ouster_sensor_msgs/include/ouster_sensor_msgs/msg
-- Up-to-date: /home/salaheldinm/Penguins/install/ouster_sensor_msgs/include/ouster_sensor_msgs/msg/detail
-- Installing: /home/salaheldinm/Penguins/install/ouster_sensor_msgs/include/ouster_sensor_msgs/msg/detail/packet_msg__type_support.cpp
-- Installing: /home/salaheldinm/Penguins/install/ouster_sensor_msgs/include/ouster_sensor_msgs/msg/detail/packet_msg__rosidl_typesupport_introspection_cpp.hpp
-- Up-to-date: /home/salaheldinm/Penguins/install/ouster_sensor_msgs/include/ouster_sensor_msgs/srv
-- Up-to-date: /home/salaheldinm/Penguins/install/ouster_sensor_msgs/include/ouster_sensor_msgs/srv/detail
-- Installing: /home/salaheldinm/Penguins/install/ouster_sensor_msgs/include/ouster_sensor_msgs/srv/detail/get_metadata__rosidl_typesupport_introspection_cpp.hpp
-- Installing: /home/salaheldinm/Penguins/install/ouster_sensor_msgs/include/ouster_sensor_msgs/srv/detail/get_metadata__type_support.cpp
-- Installing: /home/salaheldinm/Penguins/install/ouster_sensor_msgs/include/ouster_sensor_msgs/srv/detail/get_config__type_support.cpp
-- Installing: /home/salaheldinm/Penguins/install/ouster_sensor_msgs/include/ouster_sensor_msgs/srv/detail/get_config__rosidl_typesupport_introspection_cpp.hpp
-- Installing: /home/salaheldinm/Penguins/install/ouster_sensor_msgs/include/ouster_sensor_msgs/srv/detail/set_config__rosidl_typesupport_introspection_cpp.hpp
-- Installing: /home/salaheldinm/Penguins/install/ouster_sensor_msgs/include/ouster_sensor_msgs/srv/detail/set_config__type_support.cpp
-- Installing: /home/salaheldinm/Penguins/install/ouster_sensor_msgs/lib/libouster_sensor_msgs__rosidl_typesupport_introspection_cpp.so
-- Set runtime path of "/home/salaheldinm/Penguins/install/ouster_sensor_msgs/lib/libouster_sensor_msgs__rosidl_typesupport_introspection_cpp.so" to ""
-- Installing: /home/salaheldinm/Penguins/install/ouster_sensor_msgs/lib/libouster_sensor_msgs__rosidl_typesupport_cpp.so
-- Set runtime path of "/home/salaheldinm/Penguins/install/ouster_sensor_msgs/lib/libouster_sensor_msgs__rosidl_typesupport_cpp.so" to ""
-- Installing: /home/salaheldinm/Penguins/install/ouster_sensor_msgs/share/ouster_sensor_msgs/environment/pythonpath.sh
-- Installing: /home/salaheldinm/Penguins/install/ouster_sensor_msgs/share/ouster_sensor_msgs/environment/pythonpath.dsv
-- Installing: /home/salaheldinm/Penguins/install/ouster_sensor_msgs/lib/python3.8/site-packages/ouster_sensor_msgs/__init__.py
Compiling '/home/salaheldinm/Penguins/install/ouster_sensor_msgs/lib/python3.8/site-packages/ouster_sensor_msgs/__init__.py'...
-- Installing: /home/salaheldinm/Penguins/install/ouster_sensor_msgs/lib/python3.8/site-packages/ouster_sensor_msgs/msg
-- Installing: /home/salaheldinm/Penguins/install/ouster_sensor_msgs/lib/python3.8/site-packages/ouster_sensor_msgs/msg/_packet_msg_s.c
-- Installing: /home/salaheldinm/Penguins/install/ouster_sensor_msgs/lib/python3.8/site-packages/ouster_sensor_msgs/msg/_packet_msg.py
-- Installing: /home/salaheldinm/Penguins/install/ouster_sensor_msgs/lib/python3.8/site-packages/ouster_sensor_msgs/msg/__init__.py
-- Installing: /home/salaheldinm/Penguins/install/ouster_sensor_msgs/lib/python3.8/site-packages/ouster_sensor_msgs/srv
-- Installing: /home/salaheldinm/Penguins/install/ouster_sensor_msgs/lib/python3.8/site-packages/ouster_sensor_msgs/srv/_set_config.py
-- Installing: /home/salaheldinm/Penguins/install/ouster_sensor_msgs/lib/python3.8/site-packages/ouster_sensor_msgs/srv/_get_metadata.py
-- Installing: /home/salaheldinm/Penguins/install/ouster_sensor_msgs/lib/python3.8/site-packages/ouster_sensor_msgs/srv/_get_metadata_s.c
-- Installing: /home/salaheldinm/Penguins/install/ouster_sensor_msgs/lib/python3.8/site-packages/ouster_sensor_msgs/srv/_get_config_s.c
-- Installing: /home/salaheldinm/Penguins/install/ouster_sensor_msgs/lib/python3.8/site-packages/ouster_sensor_msgs/srv/_get_config.py
-- Installing: /home/salaheldinm/Penguins/install/ouster_sensor_msgs/lib/python3.8/site-packages/ouster_sensor_msgs/srv/__init__.py
-- Installing: /home/salaheldinm/Penguins/install/ouster_sensor_msgs/lib/python3.8/site-packages/ouster_sensor_msgs/srv/_set_config_s.c
-- Installing: /home/salaheldinm/Penguins/install/ouster_sensor_msgs/lib/python3.8/site-packages/ouster_sensor_msgs/ouster_sensor_msgs_s__rosidl_typesupport_fastrtps_c.cpython-38-x86_64-linux-gnu.so
-- Set runtime path of "/home/salaheldinm/Penguins/install/ouster_sensor_msgs/lib/python3.8/site-packages/ouster_sensor_msgs/ouster_sensor_msgs_s__rosidl_typesupport_fastrtps_c.cpython-38-x86_64-linux-gnu.so" to ""
-- Installing: /home/salaheldinm/Penguins/install/ouster_sensor_msgs/lib/python3.8/site-packages/ouster_sensor_msgs/ouster_sensor_msgs_s__rosidl_typesupport_introspection_c.cpython-38-x86_64-linux-gnu.so
-- Set runtime path of "/home/salaheldinm/Penguins/install/ouster_sensor_msgs/lib/python3.8/site-packages/ouster_sensor_msgs/ouster_sensor_msgs_s__rosidl_typesupport_introspection_c.cpython-38-x86_64-linux-gnu.so" to ""
-- Installing: /home/salaheldinm/Penguins/install/ouster_sensor_msgs/lib/python3.8/site-packages/ouster_sensor_msgs/ouster_sensor_msgs_s__rosidl_typesupport_c.cpython-38-x86_64-linux-gnu.so
-- Set runtime path of "/home/salaheldinm/Penguins/install/ouster_sensor_msgs/lib/python3.8/site-packages/ouster_sensor_msgs/ouster_sensor_msgs_s__rosidl_typesupport_c.cpython-38-x86_64-linux-gnu.so" to ""
-- Installing: /home/salaheldinm/Penguins/install/ouster_sensor_msgs/lib/libouster_sensor_msgs__python.so
-- Set runtime path of "/home/salaheldinm/Penguins/install/ouster_sensor_msgs/lib/libouster_sensor_msgs__python.so" to ""
-- Installing: /home/salaheldinm/Penguins/install/ouster_sensor_msgs/share/ouster_sensor_msgs/msg/PacketMsg.idl
-- Installing: /home/salaheldinm/Penguins/install/ouster_sensor_msgs/share/ouster_sensor_msgs/srv/GetConfig.idl
-- Installing: /home/salaheldinm/Penguins/install/ouster_sensor_msgs/share/ouster_sensor_msgs/srv/SetConfig.idl
-- Installing: /home/salaheldinm/Penguins/install/ouster_sensor_msgs/share/ouster_sensor_msgs/srv/GetMetadata.idl
-- Installing: /home/salaheldinm/Penguins/install/ouster_sensor_msgs/share/ouster_sensor_msgs/msg/PacketMsg.msg
-- Installing: /home/salaheldinm/Penguins/install/ouster_sensor_msgs/share/ouster_sensor_msgs/srv/GetConfig.srv
-- Installing: /home/salaheldinm/Penguins/install/ouster_sensor_msgs/share/ouster_sensor_msgs/srv/GetConfig_Request.msg
-- Installing: /home/salaheldinm/Penguins/install/ouster_sensor_msgs/share/ouster_sensor_msgs/srv/GetConfig_Response.msg
-- Installing: /home/salaheldinm/Penguins/install/ouster_sensor_msgs/share/ouster_sensor_msgs/srv/SetConfig.srv
-- Installing: /home/salaheldinm/Penguins/install/ouster_sensor_msgs/share/ouster_sensor_msgs/srv/SetConfig_Request.msg
-- Installing: /home/salaheldinm/Penguins/install/ouster_sensor_msgs/share/ouster_sensor_msgs/srv/SetConfig_Response.msg
-- Installing: /home/salaheldinm/Penguins/install/ouster_sensor_msgs/share/ouster_sensor_msgs/srv/GetMetadata.srv
-- Installing: /home/salaheldinm/Penguins/install/ouster_sensor_msgs/share/ouster_sensor_msgs/srv/GetMetadata_Request.msg
-- Installing: /home/salaheldinm/Penguins/install/ouster_sensor_msgs/share/ouster_sensor_msgs/srv/GetMetadata_Response.msg
-- Installing: /home/salaheldinm/Penguins/install/ouster_sensor_msgs/share/ament_index/resource_index/package_run_dependencies/ouster_sensor_msgs
-- Installing: /home/salaheldinm/Penguins/install/ouster_sensor_msgs/share/ament_index/resource_index/parent_prefix_path/ouster_sensor_msgs
-- Installing: /home/salaheldinm/Penguins/install/ouster_sensor_msgs/share/ouster_sensor_msgs/environment/ament_prefix_path.sh
-- Installing: /home/salaheldinm/Penguins/install/ouster_sensor_msgs/share/ouster_sensor_msgs/environment/ament_prefix_path.dsv
-- Installing: /home/salaheldinm/Penguins/install/ouster_sensor_msgs/share/ouster_sensor_msgs/environment/path.sh
-- Installing: /home/salaheldinm/Penguins/install/ouster_sensor_msgs/share/ouster_sensor_msgs/environment/path.dsv
-- Installing: /home/salaheldinm/Penguins/install/ouster_sensor_msgs/share/ouster_sensor_msgs/local_setup.bash
-- Installing: /home/salaheldinm/Penguins/install/ouster_sensor_msgs/share/ouster_sensor_msgs/local_setup.sh
-- Installing: /home/salaheldinm/Penguins/install/ouster_sensor_msgs/share/ouster_sensor_msgs/local_setup.zsh
-- Installing: /home/salaheldinm/Penguins/install/ouster_sensor_msgs/share/ouster_sensor_msgs/local_setup.dsv
-- Installing: /home/salaheldinm/Penguins/install/ouster_sensor_msgs/share/ouster_sensor_msgs/package.dsv
-- Installing: /home/salaheldinm/Penguins/install/ouster_sensor_msgs/share/ament_index/resource_index/packages/ouster_sensor_msgs
-- Installing: /home/salaheldinm/Penguins/install/ouster_sensor_msgs/share/ouster_sensor_msgs/cmake/ouster_sensor_msgs__rosidl_generator_cExport.cmake
-- Installing: /home/salaheldinm/Penguins/install/ouster_sensor_msgs/share/ouster_sensor_msgs/cmake/ouster_sensor_msgs__rosidl_generator_cExport-noconfig.cmake
-- Installing: /home/salaheldinm/Penguins/install/ouster_sensor_msgs/share/ouster_sensor_msgs/cmake/ouster_sensor_msgs__rosidl_typesupport_introspection_cExport.cmake
-- Installing: /home/salaheldinm/Penguins/install/ouster_sensor_msgs/share/ouster_sensor_msgs/cmake/ouster_sensor_msgs__rosidl_typesupport_introspection_cExport-noconfig.cmake
-- Installing: /home/salaheldinm/Penguins/install/ouster_sensor_msgs/share/ouster_sensor_msgs/cmake/ouster_sensor_msgs__rosidl_typesupport_cExport.cmake
-- Installing: /home/salaheldinm/Penguins/install/ouster_sensor_msgs/share/ouster_sensor_msgs/cmake/ouster_sensor_msgs__rosidl_typesupport_cExport-noconfig.cmake
-- Installing: /home/salaheldinm/Penguins/install/ouster_sensor_msgs/share/ouster_sensor_msgs/cmake/ouster_sensor_msgs__rosidl_generator_cppExport.cmake
-- Installing: /home/salaheldinm/Penguins/install/ouster_sensor_msgs/share/ouster_sensor_msgs/cmake/ouster_sensor_msgs__rosidl_typesupport_introspection_cppExport.cmake
-- Installing: /home/salaheldinm/Penguins/install/ouster_sensor_msgs/share/ouster_sensor_msgs/cmake/ouster_sensor_msgs__rosidl_typesupport_introspection_cppExport-noconfig.cmake
-- Installing: /home/salaheldinm/Penguins/install/ouster_sensor_msgs/share/ouster_sensor_msgs/cmake/ouster_sensor_msgs__rosidl_typesupport_cppExport.cmake
-- Installing: /home/salaheldinm/Penguins/install/ouster_sensor_msgs/share/ouster_sensor_msgs/cmake/ouster_sensor_msgs__rosidl_typesupport_cppExport-noconfig.cmake
-- Installing: /home/salaheldinm/Penguins/install/ouster_sensor_msgs/share/ouster_sensor_msgs/cmake/rosidl_cmake-extras.cmake
-- Installing: /home/salaheldinm/Penguins/install/ouster_sensor_msgs/share/ouster_sensor_msgs/cmake/ament_cmake_export_dependencies-extras.cmake
-- Installing: /home/salaheldinm/Penguins/install/ouster_sensor_msgs/share/ouster_sensor_msgs/cmake/ament_cmake_export_libraries-extras.cmake
-- Installing: /home/salaheldinm/Penguins/install/ouster_sensor_msgs/share/ouster_sensor_msgs/cmake/ament_cmake_export_targets-extras.cmake
-- Installing: /home/salaheldinm/Penguins/install/ouster_sensor_msgs/share/ouster_sensor_msgs/cmake/ament_cmake_export_include_directories-extras.cmake
-- Installing: /home/salaheldinm/Penguins/install/ouster_sensor_msgs/share/ouster_sensor_msgs/cmake/rosidl_cmake_export_typesupport_libraries-extras.cmake
-- Installing: /home/salaheldinm/Penguins/install/ouster_sensor_msgs/share/ouster_sensor_msgs/cmake/rosidl_cmake_export_typesupport_targets-extras.cmake
-- Installing: /home/salaheldinm/Penguins/install/ouster_sensor_msgs/share/ouster_sensor_msgs/cmake/ouster_sensor_msgsConfig.cmake
-- Installing: /home/salaheldinm/Penguins/install/ouster_sensor_msgs/share/ouster_sensor_msgs/cmake/ouster_sensor_msgsConfig-version.cmake
-- Installing: /home/salaheldinm/Penguins/install/ouster_sensor_msgs/share/ouster_sensor_msgs/package.xml
