[0.041s] Invoking command in '/home/salaheldinm/Penguins/build/ouster_sensor_msgs': CMAKE_PREFIX_PATH=/opt/ros/foxy /usr/bin/cmake /home/salaheldinm/Penguins/src/ouster-ros/ouster-sensor-msgs -DCMAKE_INSTALL_PREFIX=/home/salaheldinm/Penguins/install/ouster_sensor_msgs
[0.273s] -- The C compiler identification is GNU 9.4.0
[0.273s] -- The CXX compiler identification is GNU 9.4.0
[0.274s] -- Check for working C compiler: /usr/bin/cc
[0.306s] -- Check for working C compiler: /usr/bin/cc -- works
[0.307s] -- Detecting C compiler ABI info
[0.404s] -- Detecting C compiler ABI info - done
[0.422s] -- Detecting C compile features
[0.422s] -- Detecting C compile features - done
[0.424s] -- Check for working CXX compiler: /usr/bin/c++
[0.530s] -- Check for working CXX compiler: /usr/bin/c++ -- works
[0.533s] -- Detecting CXX compiler ABI info
[0.649s] -- Detecting CXX compiler ABI info - done
[0.667s] -- Detecting CXX compile features
[0.667s] -- Detecting CXX compile features - done
[0.669s] -- Found ament_cmake: 0.9.12 (/opt/ros/foxy/share/ament_cmake/cmake)
[0.695s] -- Found PythonInterp: /usr/bin/python3 (found suitable version "3.8.10", minimum required is "3") 
[0.695s] -- Using PYTHON_EXECUTABLE: /usr/bin/python3
[0.882s] -- Found std_msgs: 2.0.5 (/opt/ros/foxy/share/std_msgs/cmake)
[0.904s] -- Using all available rosidl_typesupport_c: rosidl_typesupport_fastrtps_c;rosidl_typesupport_introspection_c
[0.909s] -- Found rosidl_adapter: 1.3.1 (/opt/ros/foxy/share/rosidl_adapter/cmake)
[1.020s] -- Found OpenSSL: /usr/lib/x86_64-linux-gnu/libcrypto.so (found version "1.1.1f")  
[1.055s] -- Found FastRTPS: /opt/ros/foxy/include  
[1.131s] -- Using all available rosidl_typesupport_cpp: rosidl_typesupport_fastrtps_cpp;rosidl_typesupport_introspection_cpp
[1.170s] -- Found rosidl_default_generators: 1.0.1 (/opt/ros/foxy/share/rosidl_default_generators/cmake)
[1.206s] -- Found PythonInterp: /usr/bin/python3 (found version "3.8.10") 
[1.394s] -- Found ament_cmake_ros: 0.9.2 (/opt/ros/foxy/share/ament_cmake_ros/cmake)
[1.573s] -- Using all available rosidl_typesupport_c: rosidl_typesupport_fastrtps_c;rosidl_typesupport_introspection_c
[1.627s] -- Using all available rosidl_typesupport_cpp: rosidl_typesupport_fastrtps_cpp;rosidl_typesupport_introspection_cpp
[1.656s] -- Found PythonInterp: /usr/bin/python3 (found suitable version "3.8.10", minimum required is "3.5") 
[1.659s] -- Found python_cmake_module: 0.8.1 (/opt/ros/foxy/share/python_cmake_module/cmake)
[1.694s] -- Found PythonLibs: /usr/lib/x86_64-linux-gnu/libpython3.8.so (found suitable version "3.8.10", minimum required is "3.5") 
[1.694s] -- Using PYTHON_EXECUTABLE: /usr/bin/python3
[1.694s] -- Using PYTHON_INCLUDE_DIRS: /usr/include/python3.8
[1.694s] -- Using PYTHON_LIBRARIES: /usr/lib/x86_64-linux-gnu/libpython3.8.so
[1.718s] -- Found PythonExtra: .so  
[1.796s] -- Configuring done
[1.840s] -- Generating done
[1.842s] -- Build files have been written to: /home/salaheldinm/Penguins/build/ouster_sensor_msgs
[1.848s] Invoked command in '/home/salaheldinm/Penguins/build/ouster_sensor_msgs' returned '0': CMAKE_PREFIX_PATH=/opt/ros/foxy /usr/bin/cmake /home/salaheldinm/Penguins/src/ouster-ros/ouster-sensor-msgs -DCMAKE_INSTALL_PREFIX=/home/salaheldinm/Penguins/install/ouster_sensor_msgs
[1.852s] Invoking command in '/home/salaheldinm/Penguins/build/ouster_sensor_msgs': CMAKE_PREFIX_PATH=/opt/ros/foxy /usr/bin/cmake --build /home/salaheldinm/Penguins/build/ouster_sensor_msgs -- -j16 -l16
[1.907s] [35m[1mScanning dependencies of target ouster_sensor_msgs__cpp[0m
[1.909s] [  1%] [34m[1mGenerating C code for ROS interfaces[0m
[1.917s] [  3%] [34m[1mGenerating C++ code for ROS interfaces[0m
[2.259s] [  3%] Built target ouster_sensor_msgs__cpp
[2.275s] [  7%] [34m[1mGenerating C++ introspection for ROS interfaces[0m
[2.275s] [  7%] [34m[1mGenerating C++ type support dispatch for ROS interfaces[0m
[2.277s] [  9%] [34m[1mGenerating C++ type support for eProsima Fast-RTPS[0m
[2.287s] [35m[1mScanning dependencies of target ouster_sensor_msgs__rosidl_generator_c[0m
[2.305s] [ 12%] [32mBuilding C object CMakeFiles/ouster_sensor_msgs__rosidl_generator_c.dir/rosidl_generator_c/ouster_sensor_msgs/srv/detail/set_config__functions.c.o[0m
[2.305s] [ 12%] [32mBuilding C object CMakeFiles/ouster_sensor_msgs__rosidl_generator_c.dir/rosidl_generator_c/ouster_sensor_msgs/srv/detail/get_metadata__functions.c.o[0m
[2.306s] [ 14%] [32mBuilding C object CMakeFiles/ouster_sensor_msgs__rosidl_generator_c.dir/rosidl_generator_c/ouster_sensor_msgs/msg/detail/packet_msg__functions.c.o[0m
[2.308s] [ 16%] [32mBuilding C object CMakeFiles/ouster_sensor_msgs__rosidl_generator_c.dir/rosidl_generator_c/ouster_sensor_msgs/srv/detail/get_config__functions.c.o[0m
[2.377s] [ 18%] [32m[1mLinking C shared library libouster_sensor_msgs__rosidl_generator_c.so[0m
[2.428s] [ 18%] Built target ouster_sensor_msgs__rosidl_generator_c
[2.440s] [ 20%] [34m[1mGenerating C type support dispatch for ROS interfaces[0m
[2.444s] [ 21%] [34m[1mGenerating C introspection for ROS interfaces[0m
[2.561s] [35m[1mScanning dependencies of target ouster_sensor_msgs__rosidl_typesupport_cpp[0m
[2.584s] [ 25%] [32mBuilding CXX object CMakeFiles/ouster_sensor_msgs__rosidl_typesupport_cpp.dir/rosidl_typesupport_cpp/ouster_sensor_msgs/srv/set_config__type_support.cpp.o[0m
[2.584s] [ 25%] [32mBuilding CXX object CMakeFiles/ouster_sensor_msgs__rosidl_typesupport_cpp.dir/rosidl_typesupport_cpp/ouster_sensor_msgs/srv/get_config__type_support.cpp.o[0m
[2.589s] [ 27%] [32mBuilding CXX object CMakeFiles/ouster_sensor_msgs__rosidl_typesupport_cpp.dir/rosidl_typesupport_cpp/ouster_sensor_msgs/msg/packet_msg__type_support.cpp.o[0m
[2.589s] [ 29%] [32mBuilding CXX object CMakeFiles/ouster_sensor_msgs__rosidl_typesupport_cpp.dir/rosidl_typesupport_cpp/ouster_sensor_msgs/srv/get_metadata__type_support.cpp.o[0m
[2.600s] [35m[1mScanning dependencies of target ouster_sensor_msgs__rosidl_typesupport_introspection_cpp[0m
[2.621s] [ 32%] [32mBuilding CXX object CMakeFiles/ouster_sensor_msgs__rosidl_typesupport_introspection_cpp.dir/rosidl_typesupport_introspection_cpp/ouster_sensor_msgs/msg/detail/packet_msg__type_support.cpp.o[0m
[2.621s] [ 32%] [32mBuilding CXX object CMakeFiles/ouster_sensor_msgs__rosidl_typesupport_introspection_cpp.dir/rosidl_typesupport_introspection_cpp/ouster_sensor_msgs/srv/detail/set_config__type_support.cpp.o[0m
[2.621s] [ 36%] [32mBuilding CXX object CMakeFiles/ouster_sensor_msgs__rosidl_typesupport_introspection_cpp.dir/rosidl_typesupport_introspection_cpp/ouster_sensor_msgs/srv/detail/get_config__type_support.cpp.o[0m
[2.622s] [ 36%] [32mBuilding CXX object CMakeFiles/ouster_sensor_msgs__rosidl_typesupport_introspection_cpp.dir/rosidl_typesupport_introspection_cpp/ouster_sensor_msgs/srv/detail/get_metadata__type_support.cpp.o[0m
[2.678s] [35m[1mScanning dependencies of target ouster_sensor_msgs__rosidl_typesupport_fastrtps_cpp[0m
[2.710s] [ 38%] [32mBuilding CXX object CMakeFiles/ouster_sensor_msgs__rosidl_typesupport_fastrtps_cpp.dir/rosidl_typesupport_fastrtps_cpp/ouster_sensor_msgs/srv/detail/dds_fastrtps/get_config__type_support.cpp.o[0m
[2.711s] [ 40%] [32mBuilding CXX object CMakeFiles/ouster_sensor_msgs__rosidl_typesupport_fastrtps_cpp.dir/rosidl_typesupport_fastrtps_cpp/ouster_sensor_msgs/msg/detail/dds_fastrtps/packet_msg__type_support.cpp.o[0m
[2.713s] [ 41%] [32mBuilding CXX object CMakeFiles/ouster_sensor_msgs__rosidl_typesupport_fastrtps_cpp.dir/rosidl_typesupport_fastrtps_cpp/ouster_sensor_msgs/srv/detail/dds_fastrtps/set_config__type_support.cpp.o[0m
[2.725s] [ 43%] [32mBuilding CXX object CMakeFiles/ouster_sensor_msgs__rosidl_typesupport_fastrtps_cpp.dir/rosidl_typesupport_fastrtps_cpp/ouster_sensor_msgs/srv/detail/dds_fastrtps/get_metadata__type_support.cpp.o[0m
[2.841s] [35m[1mScanning dependencies of target ouster_sensor_msgs__rosidl_typesupport_c[0m
[2.872s] [ 45%] [32mBuilding CXX object CMakeFiles/ouster_sensor_msgs__rosidl_typesupport_c.dir/rosidl_typesupport_c/ouster_sensor_msgs/msg/packet_msg__type_support.cpp.o[0m
[2.888s] [ 47%] [32mBuilding CXX object CMakeFiles/ouster_sensor_msgs__rosidl_typesupport_c.dir/rosidl_typesupport_c/ouster_sensor_msgs/srv/get_config__type_support.cpp.o[0m
[2.912s] [ 49%] [32mBuilding CXX object CMakeFiles/ouster_sensor_msgs__rosidl_typesupport_c.dir/rosidl_typesupport_c/ouster_sensor_msgs/srv/set_config__type_support.cpp.o[0m
[2.982s] [ 50%] [32mBuilding CXX object CMakeFiles/ouster_sensor_msgs__rosidl_typesupport_c.dir/rosidl_typesupport_c/ouster_sensor_msgs/srv/get_metadata__type_support.cpp.o[0m
[3.028s] [ 52%] [32m[1mLinking CXX shared library libouster_sensor_msgs__rosidl_typesupport_cpp.so[0m
[3.039s] [ 54%] [32m[1mLinking CXX shared library libouster_sensor_msgs__rosidl_typesupport_c.so[0m
[3.061s] [35m[1mScanning dependencies of target ouster_sensor_msgs__rosidl_typesupport_introspection_c[0m
[3.088s] [ 56%] [32mBuilding C object CMakeFiles/ouster_sensor_msgs__rosidl_typesupport_introspection_c.dir/rosidl_typesupport_introspection_c/ouster_sensor_msgs/msg/detail/packet_msg__type_support.c.o[0m
[3.090s] [ 60%] [32mBuilding C object CMakeFiles/ouster_sensor_msgs__rosidl_typesupport_introspection_c.dir/rosidl_typesupport_introspection_c/ouster_sensor_msgs/srv/detail/get_metadata__type_support.c.o[0m
[3.090s] [ 60%] [32mBuilding C object CMakeFiles/ouster_sensor_msgs__rosidl_typesupport_introspection_c.dir/rosidl_typesupport_introspection_c/ouster_sensor_msgs/srv/detail/set_config__type_support.c.o[0m
[3.095s] [ 61%] [32mBuilding C object CMakeFiles/ouster_sensor_msgs__rosidl_typesupport_introspection_c.dir/rosidl_typesupport_introspection_c/ouster_sensor_msgs/srv/detail/get_config__type_support.c.o[0m
[3.100s] [ 61%] Built target ouster_sensor_msgs__rosidl_typesupport_cpp
[3.115s] [ 61%] Built target ouster_sensor_msgs__rosidl_typesupport_c
[3.146s] [ 63%] [32m[1mLinking C shared library libouster_sensor_msgs__rosidl_typesupport_introspection_c.so[0m
[3.164s] [ 65%] [32m[1mLinking CXX shared library libouster_sensor_msgs__rosidl_typesupport_introspection_cpp.so[0m
[3.189s] [ 65%] Built target ouster_sensor_msgs__rosidl_typesupport_introspection_c
[3.282s] [ 65%] Built target ouster_sensor_msgs__rosidl_typesupport_introspection_cpp
[3.433s] [ 67%] [32m[1mLinking CXX shared library libouster_sensor_msgs__rosidl_typesupport_fastrtps_cpp.so[0m
[3.558s] [ 67%] Built target ouster_sensor_msgs__rosidl_typesupport_fastrtps_cpp
[3.577s] [ 69%] [34m[1mGenerating C type support for eProsima Fast-RTPS[0m
[3.878s] [35m[1mScanning dependencies of target ouster_sensor_msgs__rosidl_typesupport_fastrtps_c[0m
[3.904s] [ 70%] [32mBuilding CXX object CMakeFiles/ouster_sensor_msgs__rosidl_typesupport_fastrtps_c.dir/rosidl_typesupport_fastrtps_c/ouster_sensor_msgs/msg/detail/packet_msg__type_support_c.cpp.o[0m
[3.906s] [ 72%] [32mBuilding CXX object CMakeFiles/ouster_sensor_msgs__rosidl_typesupport_fastrtps_c.dir/rosidl_typesupport_fastrtps_c/ouster_sensor_msgs/srv/detail/get_config__type_support_c.cpp.o[0m
[3.908s] [ 74%] [32mBuilding CXX object CMakeFiles/ouster_sensor_msgs__rosidl_typesupport_fastrtps_c.dir/rosidl_typesupport_fastrtps_c/ouster_sensor_msgs/srv/detail/set_config__type_support_c.cpp.o[0m
[3.909s] [ 76%] [32mBuilding CXX object CMakeFiles/ouster_sensor_msgs__rosidl_typesupport_fastrtps_c.dir/rosidl_typesupport_fastrtps_c/ouster_sensor_msgs/srv/detail/get_metadata__type_support_c.cpp.o[0m
[4.270s] [ 78%] [32m[1mLinking CXX shared library libouster_sensor_msgs__rosidl_typesupport_fastrtps_c.so[0m
[4.387s] [ 78%] Built target ouster_sensor_msgs__rosidl_typesupport_fastrtps_c
[4.402s] [35m[1mScanning dependencies of target ouster_sensor_msgs[0m
[4.419s] [ 78%] Built target ouster_sensor_msgs
[4.435s] [35m[1mScanning dependencies of target ouster_sensor_msgs__py[0m
[4.451s] [ 80%] [34m[1mGenerating Python code for ROS interfaces[0m
[5.128s] [ 80%] Built target ouster_sensor_msgs__py
[5.144s] [35m[1mScanning dependencies of target ouster_sensor_msgs__python[0m
[5.192s] [ 81%] [32mBuilding C object CMakeFiles/ouster_sensor_msgs__python.dir/rosidl_generator_py/ouster_sensor_msgs/srv/_get_config_s.c.o[0m
[5.195s] [ 83%] [32mBuilding C object CMakeFiles/ouster_sensor_msgs__python.dir/rosidl_generator_py/ouster_sensor_msgs/srv/_get_metadata_s.c.o[0m
[5.197s] [ 85%] [32mBuilding C object CMakeFiles/ouster_sensor_msgs__python.dir/rosidl_generator_py/ouster_sensor_msgs/msg/_packet_msg_s.c.o[0m
[5.197s] [ 87%] [32mBuilding C object CMakeFiles/ouster_sensor_msgs__python.dir/rosidl_generator_py/ouster_sensor_msgs/srv/_set_config_s.c.o[0m
[5.301s] [ 89%] [32m[1mLinking C shared library rosidl_generator_py/ouster_sensor_msgs/libouster_sensor_msgs__python.so[0m
[5.360s] [ 89%] Built target ouster_sensor_msgs__python
[5.375s] [35m[1mScanning dependencies of target ouster_sensor_msgs__rosidl_typesupport_introspection_c__pyext[0m
[5.375s] [35m[1mScanning dependencies of target ouster_sensor_msgs__rosidl_typesupport_c__pyext[0m
[5.375s] [35m[1mScanning dependencies of target ouster_sensor_msgs__rosidl_typesupport_fastrtps_c__pyext[0m
[5.397s] [ 90%] [32mBuilding C object CMakeFiles/ouster_sensor_msgs__rosidl_typesupport_c__pyext.dir/rosidl_generator_py/ouster_sensor_msgs/_ouster_sensor_msgs_s.ep.rosidl_typesupport_c.c.o[0m
[5.399s] [ 92%] [32mBuilding C object CMakeFiles/ouster_sensor_msgs__rosidl_typesupport_fastrtps_c__pyext.dir/rosidl_generator_py/ouster_sensor_msgs/_ouster_sensor_msgs_s.ep.rosidl_typesupport_fastrtps_c.c.o[0m
[5.403s] [ 94%] [32mBuilding C object CMakeFiles/ouster_sensor_msgs__rosidl_typesupport_introspection_c__pyext.dir/rosidl_generator_py/ouster_sensor_msgs/_ouster_sensor_msgs_s.ep.rosidl_typesupport_introspection_c.c.o[0m
[5.505s] [ 96%] [32m[1mLinking C shared library rosidl_generator_py/ouster_sensor_msgs/ouster_sensor_msgs_s__rosidl_typesupport_c.cpython-38-x86_64-linux-gnu.so[0m
[5.508s] [ 98%] [32m[1mLinking CXX shared library rosidl_generator_py/ouster_sensor_msgs/ouster_sensor_msgs_s__rosidl_typesupport_fastrtps_c.cpython-38-x86_64-linux-gnu.so[0m
[5.512s] [100%] [32m[1mLinking C shared library rosidl_generator_py/ouster_sensor_msgs/ouster_sensor_msgs_s__rosidl_typesupport_introspection_c.cpython-38-x86_64-linux-gnu.so[0m
[5.552s] [100%] Built target ouster_sensor_msgs__rosidl_typesupport_c__pyext
[5.563s] [100%] Built target ouster_sensor_msgs__rosidl_typesupport_introspection_c__pyext
[5.579s] [100%] Built target ouster_sensor_msgs__rosidl_typesupport_fastrtps_c__pyext
[5.597s] Invoked command in '/home/salaheldinm/Penguins/build/ouster_sensor_msgs' returned '0': CMAKE_PREFIX_PATH=/opt/ros/foxy /usr/bin/cmake --build /home/salaheldinm/Penguins/build/ouster_sensor_msgs -- -j16 -l16
[5.705s] Invoking command in '/home/salaheldinm/Penguins/build/ouster_sensor_msgs': CMAKE_PREFIX_PATH=/opt/ros/foxy /usr/bin/cmake --install /home/salaheldinm/Penguins/build/ouster_sensor_msgs
[5.720s] -- Install configuration: ""
[5.721s] -- Installing: /home/salaheldinm/Penguins/install/ouster_sensor_msgs/share/ament_index/resource_index/rosidl_interfaces/ouster_sensor_msgs
[5.721s] -- Installing: /home/salaheldinm/Penguins/install/ouster_sensor_msgs/include/ouster_sensor_msgs
[5.721s] -- Installing: /home/salaheldinm/Penguins/install/ouster_sensor_msgs/include/ouster_sensor_msgs/msg
[5.721s] -- Installing: /home/salaheldinm/Penguins/install/ouster_sensor_msgs/include/ouster_sensor_msgs/msg/packet_msg.h
[5.721s] -- Installing: /home/salaheldinm/Penguins/install/ouster_sensor_msgs/include/ouster_sensor_msgs/msg/detail
[5.721s] -- Installing: /home/salaheldinm/Penguins/install/ouster_sensor_msgs/include/ouster_sensor_msgs/msg/detail/packet_msg__struct.h
[5.721s] -- Installing: /home/salaheldinm/Penguins/install/ouster_sensor_msgs/include/ouster_sensor_msgs/msg/detail/packet_msg__functions.c
[5.721s] -- Installing: /home/salaheldinm/Penguins/install/ouster_sensor_msgs/include/ouster_sensor_msgs/msg/detail/packet_msg__functions.h
[5.721s] -- Installing: /home/salaheldinm/Penguins/install/ouster_sensor_msgs/include/ouster_sensor_msgs/msg/detail/packet_msg__type_support.h
[5.722s] -- Installing: /home/salaheldinm/Penguins/install/ouster_sensor_msgs/include/ouster_sensor_msgs/msg/rosidl_generator_c__visibility_control.h
[5.722s] -- Installing: /home/salaheldinm/Penguins/install/ouster_sensor_msgs/include/ouster_sensor_msgs/srv
[5.722s] -- Installing: /home/salaheldinm/Penguins/install/ouster_sensor_msgs/include/ouster_sensor_msgs/srv/get_metadata.h
[5.722s] -- Installing: /home/salaheldinm/Penguins/install/ouster_sensor_msgs/include/ouster_sensor_msgs/srv/detail
[5.722s] -- Installing: /home/salaheldinm/Penguins/install/ouster_sensor_msgs/include/ouster_sensor_msgs/srv/detail/get_metadata__struct.h
[5.722s] -- Installing: /home/salaheldinm/Penguins/install/ouster_sensor_msgs/include/ouster_sensor_msgs/srv/detail/set_config__struct.h
[5.722s] -- Installing: /home/salaheldinm/Penguins/install/ouster_sensor_msgs/include/ouster_sensor_msgs/srv/detail/get_metadata__functions.h
[5.722s] -- Installing: /home/salaheldinm/Penguins/install/ouster_sensor_msgs/include/ouster_sensor_msgs/srv/detail/set_config__type_support.h
[5.723s] -- Installing: /home/salaheldinm/Penguins/install/ouster_sensor_msgs/include/ouster_sensor_msgs/srv/detail/get_config__functions.c
[5.723s] -- Installing: /home/salaheldinm/Penguins/install/ouster_sensor_msgs/include/ouster_sensor_msgs/srv/detail/get_metadata__functions.c
[5.723s] -- Installing: /home/salaheldinm/Penguins/install/ouster_sensor_msgs/include/ouster_sensor_msgs/srv/detail/set_config__functions.c
[5.723s] -- Installing: /home/salaheldinm/Penguins/install/ouster_sensor_msgs/include/ouster_sensor_msgs/srv/detail/get_config__type_support.h
[5.723s] -- Installing: /home/salaheldinm/Penguins/install/ouster_sensor_msgs/include/ouster_sensor_msgs/srv/detail/get_config__struct.h
[5.723s] -- Installing: /home/salaheldinm/Penguins/install/ouster_sensor_msgs/include/ouster_sensor_msgs/srv/detail/get_config__functions.h
[5.723s] -- Installing: /home/salaheldinm/Penguins/install/ouster_sensor_msgs/include/ouster_sensor_msgs/srv/detail/set_config__functions.h
[5.723s] -- Installing: /home/salaheldinm/Penguins/install/ouster_sensor_msgs/include/ouster_sensor_msgs/srv/detail/get_metadata__type_support.h
[5.723s] -- Installing: /home/salaheldinm/Penguins/install/ouster_sensor_msgs/include/ouster_sensor_msgs/srv/set_config.h
[5.724s] -- Installing: /home/salaheldinm/Penguins/install/ouster_sensor_msgs/include/ouster_sensor_msgs/srv/get_config.h
[5.724s] -- Installing: /home/salaheldinm/Penguins/install/ouster_sensor_msgs/share/ouster_sensor_msgs/environment/library_path.sh
[5.724s] -- Installing: /home/salaheldinm/Penguins/install/ouster_sensor_msgs/share/ouster_sensor_msgs/environment/library_path.dsv
[5.724s] -- Installing: /home/salaheldinm/Penguins/install/ouster_sensor_msgs/lib/libouster_sensor_msgs__rosidl_generator_c.so
[5.724s] -- Set runtime path of "/home/salaheldinm/Penguins/install/ouster_sensor_msgs/lib/libouster_sensor_msgs__rosidl_generator_c.so" to ""
[5.724s] -- Up-to-date: /home/salaheldinm/Penguins/install/ouster_sensor_msgs/include/ouster_sensor_msgs
[5.724s] -- Up-to-date: /home/salaheldinm/Penguins/install/ouster_sensor_msgs/include/ouster_sensor_msgs/msg
[5.724s] -- Up-to-date: /home/salaheldinm/Penguins/install/ouster_sensor_msgs/include/ouster_sensor_msgs/msg/detail
[5.725s] -- Installing: /home/salaheldinm/Penguins/install/ouster_sensor_msgs/include/ouster_sensor_msgs/msg/detail/packet_msg__rosidl_typesupport_fastrtps_c.h
[5.725s] -- Installing: /home/salaheldinm/Penguins/install/ouster_sensor_msgs/include/ouster_sensor_msgs/msg/rosidl_typesupport_fastrtps_c__visibility_control.h
[5.725s] -- Up-to-date: /home/salaheldinm/Penguins/install/ouster_sensor_msgs/include/ouster_sensor_msgs/srv
[5.725s] -- Up-to-date: /home/salaheldinm/Penguins/install/ouster_sensor_msgs/include/ouster_sensor_msgs/srv/detail
[5.725s] -- Installing: /home/salaheldinm/Penguins/install/ouster_sensor_msgs/include/ouster_sensor_msgs/srv/detail/get_config__rosidl_typesupport_fastrtps_c.h
[5.725s] -- Installing: /home/salaheldinm/Penguins/install/ouster_sensor_msgs/include/ouster_sensor_msgs/srv/detail/set_config__rosidl_typesupport_fastrtps_c.h
[5.725s] -- Installing: /home/salaheldinm/Penguins/install/ouster_sensor_msgs/include/ouster_sensor_msgs/srv/detail/get_metadata__rosidl_typesupport_fastrtps_c.h
[5.725s] -- Installing: /home/salaheldinm/Penguins/install/ouster_sensor_msgs/lib/libouster_sensor_msgs__rosidl_typesupport_fastrtps_c.so
[5.725s] -- Set runtime path of "/home/salaheldinm/Penguins/install/ouster_sensor_msgs/lib/libouster_sensor_msgs__rosidl_typesupport_fastrtps_c.so" to ""
[5.726s] -- Up-to-date: /home/salaheldinm/Penguins/install/ouster_sensor_msgs/include/ouster_sensor_msgs
[5.726s] -- Up-to-date: /home/salaheldinm/Penguins/install/ouster_sensor_msgs/include/ouster_sensor_msgs/msg
[5.726s] -- Up-to-date: /home/salaheldinm/Penguins/install/ouster_sensor_msgs/include/ouster_sensor_msgs/msg/detail
[5.726s] -- Installing: /home/salaheldinm/Penguins/install/ouster_sensor_msgs/include/ouster_sensor_msgs/msg/detail/dds_fastrtps
[5.726s] -- Installing: /home/salaheldinm/Penguins/install/ouster_sensor_msgs/include/ouster_sensor_msgs/msg/detail/packet_msg__rosidl_typesupport_fastrtps_cpp.hpp
[5.726s] -- Installing: /home/salaheldinm/Penguins/install/ouster_sensor_msgs/include/ouster_sensor_msgs/msg/rosidl_typesupport_fastrtps_cpp__visibility_control.h
[5.726s] -- Up-to-date: /home/salaheldinm/Penguins/install/ouster_sensor_msgs/include/ouster_sensor_msgs/srv
[5.726s] -- Up-to-date: /home/salaheldinm/Penguins/install/ouster_sensor_msgs/include/ouster_sensor_msgs/srv/detail
[5.727s] -- Installing: /home/salaheldinm/Penguins/install/ouster_sensor_msgs/include/ouster_sensor_msgs/srv/detail/set_config__rosidl_typesupport_fastrtps_cpp.hpp
[5.727s] -- Installing: /home/salaheldinm/Penguins/install/ouster_sensor_msgs/include/ouster_sensor_msgs/srv/detail/dds_fastrtps
[5.727s] -- Installing: /home/salaheldinm/Penguins/install/ouster_sensor_msgs/include/ouster_sensor_msgs/srv/detail/get_config__rosidl_typesupport_fastrtps_cpp.hpp
[5.727s] -- Installing: /home/salaheldinm/Penguins/install/ouster_sensor_msgs/include/ouster_sensor_msgs/srv/detail/get_metadata__rosidl_typesupport_fastrtps_cpp.hpp
[5.727s] -- Installing: /home/salaheldinm/Penguins/install/ouster_sensor_msgs/lib/libouster_sensor_msgs__rosidl_typesupport_fastrtps_cpp.so
[5.727s] -- Set runtime path of "/home/salaheldinm/Penguins/install/ouster_sensor_msgs/lib/libouster_sensor_msgs__rosidl_typesupport_fastrtps_cpp.so" to ""
[5.727s] -- Up-to-date: /home/salaheldinm/Penguins/install/ouster_sensor_msgs/include/ouster_sensor_msgs
[5.727s] -- Up-to-date: /home/salaheldinm/Penguins/install/ouster_sensor_msgs/include/ouster_sensor_msgs/msg
[5.728s] -- Up-to-date: /home/salaheldinm/Penguins/install/ouster_sensor_msgs/include/ouster_sensor_msgs/msg/detail
[5.728s] -- Installing: /home/salaheldinm/Penguins/install/ouster_sensor_msgs/include/ouster_sensor_msgs/msg/detail/packet_msg__rosidl_typesupport_introspection_c.h
[5.728s] -- Installing: /home/salaheldinm/Penguins/install/ouster_sensor_msgs/include/ouster_sensor_msgs/msg/detail/packet_msg__type_support.c
[5.728s] -- Installing: /home/salaheldinm/Penguins/install/ouster_sensor_msgs/include/ouster_sensor_msgs/msg/rosidl_typesupport_introspection_c__visibility_control.h
[5.728s] -- Up-to-date: /home/salaheldinm/Penguins/install/ouster_sensor_msgs/include/ouster_sensor_msgs/srv
[5.728s] -- Up-to-date: /home/salaheldinm/Penguins/install/ouster_sensor_msgs/include/ouster_sensor_msgs/srv/detail
[5.728s] -- Installing: /home/salaheldinm/Penguins/install/ouster_sensor_msgs/include/ouster_sensor_msgs/srv/detail/set_config__rosidl_typesupport_introspection_c.h
[5.728s] -- Installing: /home/salaheldinm/Penguins/install/ouster_sensor_msgs/include/ouster_sensor_msgs/srv/detail/get_config__type_support.c
[5.728s] -- Installing: /home/salaheldinm/Penguins/install/ouster_sensor_msgs/include/ouster_sensor_msgs/srv/detail/get_metadata__rosidl_typesupport_introspection_c.h
[5.729s] -- Installing: /home/salaheldinm/Penguins/install/ouster_sensor_msgs/include/ouster_sensor_msgs/srv/detail/get_metadata__type_support.c
[5.729s] -- Installing: /home/salaheldinm/Penguins/install/ouster_sensor_msgs/include/ouster_sensor_msgs/srv/detail/set_config__type_support.c
[5.729s] -- Installing: /home/salaheldinm/Penguins/install/ouster_sensor_msgs/include/ouster_sensor_msgs/srv/detail/get_config__rosidl_typesupport_introspection_c.h
[5.729s] -- Installing: /home/salaheldinm/Penguins/install/ouster_sensor_msgs/lib/libouster_sensor_msgs__rosidl_typesupport_introspection_c.so
[5.729s] -- Set runtime path of "/home/salaheldinm/Penguins/install/ouster_sensor_msgs/lib/libouster_sensor_msgs__rosidl_typesupport_introspection_c.so" to ""
[5.729s] -- Installing: /home/salaheldinm/Penguins/install/ouster_sensor_msgs/lib/libouster_sensor_msgs__rosidl_typesupport_c.so
[5.729s] -- Set runtime path of "/home/salaheldinm/Penguins/install/ouster_sensor_msgs/lib/libouster_sensor_msgs__rosidl_typesupport_c.so" to ""
[5.730s] -- Up-to-date: /home/salaheldinm/Penguins/install/ouster_sensor_msgs/include/ouster_sensor_msgs
[5.730s] -- Up-to-date: /home/salaheldinm/Penguins/install/ouster_sensor_msgs/include/ouster_sensor_msgs/msg
[5.730s] -- Installing: /home/salaheldinm/Penguins/install/ouster_sensor_msgs/include/ouster_sensor_msgs/msg/packet_msg.hpp
[5.730s] -- Up-to-date: /home/salaheldinm/Penguins/install/ouster_sensor_msgs/include/ouster_sensor_msgs/msg/detail
[5.730s] -- Installing: /home/salaheldinm/Penguins/install/ouster_sensor_msgs/include/ouster_sensor_msgs/msg/detail/packet_msg__type_support.hpp
[5.730s] -- Installing: /home/salaheldinm/Penguins/install/ouster_sensor_msgs/include/ouster_sensor_msgs/msg/detail/packet_msg__traits.hpp
[5.730s] -- Installing: /home/salaheldinm/Penguins/install/ouster_sensor_msgs/include/ouster_sensor_msgs/msg/detail/packet_msg__builder.hpp
[5.730s] -- Installing: /home/salaheldinm/Penguins/install/ouster_sensor_msgs/include/ouster_sensor_msgs/msg/detail/packet_msg__struct.hpp
[5.730s] -- Installing: /home/salaheldinm/Penguins/install/ouster_sensor_msgs/include/ouster_sensor_msgs/msg/rosidl_generator_cpp__visibility_control.hpp
[5.731s] -- Up-to-date: /home/salaheldinm/Penguins/install/ouster_sensor_msgs/include/ouster_sensor_msgs/srv
[5.731s] -- Installing: /home/salaheldinm/Penguins/install/ouster_sensor_msgs/include/ouster_sensor_msgs/srv/get_metadata.hpp
[5.731s] -- Up-to-date: /home/salaheldinm/Penguins/install/ouster_sensor_msgs/include/ouster_sensor_msgs/srv/detail
[5.731s] -- Installing: /home/salaheldinm/Penguins/install/ouster_sensor_msgs/include/ouster_sensor_msgs/srv/detail/get_config__builder.hpp
[5.731s] -- Installing: /home/salaheldinm/Penguins/install/ouster_sensor_msgs/include/ouster_sensor_msgs/srv/detail/set_config__struct.hpp
[5.731s] -- Installing: /home/salaheldinm/Penguins/install/ouster_sensor_msgs/include/ouster_sensor_msgs/srv/detail/set_config__type_support.hpp
[5.731s] -- Installing: /home/salaheldinm/Penguins/install/ouster_sensor_msgs/include/ouster_sensor_msgs/srv/detail/set_config__traits.hpp
[5.731s] -- Installing: /home/salaheldinm/Penguins/install/ouster_sensor_msgs/include/ouster_sensor_msgs/srv/detail/get_metadata__struct.hpp
[5.732s] -- Installing: /home/salaheldinm/Penguins/install/ouster_sensor_msgs/include/ouster_sensor_msgs/srv/detail/get_metadata__traits.hpp
[5.732s] -- Installing: /home/salaheldinm/Penguins/install/ouster_sensor_msgs/include/ouster_sensor_msgs/srv/detail/get_metadata__builder.hpp
[5.732s] -- Installing: /home/salaheldinm/Penguins/install/ouster_sensor_msgs/include/ouster_sensor_msgs/srv/detail/get_metadata__type_support.hpp
[5.732s] -- Installing: /home/salaheldinm/Penguins/install/ouster_sensor_msgs/include/ouster_sensor_msgs/srv/detail/get_config__struct.hpp
[5.732s] -- Installing: /home/salaheldinm/Penguins/install/ouster_sensor_msgs/include/ouster_sensor_msgs/srv/detail/get_config__type_support.hpp
[5.732s] -- Installing: /home/salaheldinm/Penguins/install/ouster_sensor_msgs/include/ouster_sensor_msgs/srv/detail/set_config__builder.hpp
[5.732s] -- Installing: /home/salaheldinm/Penguins/install/ouster_sensor_msgs/include/ouster_sensor_msgs/srv/detail/get_config__traits.hpp
[5.732s] -- Installing: /home/salaheldinm/Penguins/install/ouster_sensor_msgs/include/ouster_sensor_msgs/srv/get_config.hpp
[5.732s] -- Installing: /home/salaheldinm/Penguins/install/ouster_sensor_msgs/include/ouster_sensor_msgs/srv/set_config.hpp
[5.732s] -- Up-to-date: /home/salaheldinm/Penguins/install/ouster_sensor_msgs/include/ouster_sensor_msgs
[5.733s] -- Up-to-date: /home/salaheldinm/Penguins/install/ouster_sensor_msgs/include/ouster_sensor_msgs/msg
[5.733s] -- Up-to-date: /home/salaheldinm/Penguins/install/ouster_sensor_msgs/include/ouster_sensor_msgs/msg/detail
[5.733s] -- Installing: /home/salaheldinm/Penguins/install/ouster_sensor_msgs/include/ouster_sensor_msgs/msg/detail/packet_msg__type_support.cpp
[5.733s] -- Installing: /home/salaheldinm/Penguins/install/ouster_sensor_msgs/include/ouster_sensor_msgs/msg/detail/packet_msg__rosidl_typesupport_introspection_cpp.hpp
[5.733s] -- Up-to-date: /home/salaheldinm/Penguins/install/ouster_sensor_msgs/include/ouster_sensor_msgs/srv
[5.733s] -- Up-to-date: /home/salaheldinm/Penguins/install/ouster_sensor_msgs/include/ouster_sensor_msgs/srv/detail
[5.733s] -- Installing: /home/salaheldinm/Penguins/install/ouster_sensor_msgs/include/ouster_sensor_msgs/srv/detail/get_metadata__rosidl_typesupport_introspection_cpp.hpp
[5.733s] -- Installing: /home/salaheldinm/Penguins/install/ouster_sensor_msgs/include/ouster_sensor_msgs/srv/detail/get_metadata__type_support.cpp
[5.733s] -- Installing: /home/salaheldinm/Penguins/install/ouster_sensor_msgs/include/ouster_sensor_msgs/srv/detail/get_config__type_support.cpp
[5.733s] -- Installing: /home/salaheldinm/Penguins/install/ouster_sensor_msgs/include/ouster_sensor_msgs/srv/detail/get_config__rosidl_typesupport_introspection_cpp.hpp
[5.734s] -- Installing: /home/salaheldinm/Penguins/install/ouster_sensor_msgs/include/ouster_sensor_msgs/srv/detail/set_config__rosidl_typesupport_introspection_cpp.hpp
[5.734s] -- Installing: /home/salaheldinm/Penguins/install/ouster_sensor_msgs/include/ouster_sensor_msgs/srv/detail/set_config__type_support.cpp
[5.734s] -- Installing: /home/salaheldinm/Penguins/install/ouster_sensor_msgs/lib/libouster_sensor_msgs__rosidl_typesupport_introspection_cpp.so
[5.734s] -- Set runtime path of "/home/salaheldinm/Penguins/install/ouster_sensor_msgs/lib/libouster_sensor_msgs__rosidl_typesupport_introspection_cpp.so" to ""
[5.734s] -- Installing: /home/salaheldinm/Penguins/install/ouster_sensor_msgs/lib/libouster_sensor_msgs__rosidl_typesupport_cpp.so
[5.734s] -- Set runtime path of "/home/salaheldinm/Penguins/install/ouster_sensor_msgs/lib/libouster_sensor_msgs__rosidl_typesupport_cpp.so" to ""
[5.734s] -- Installing: /home/salaheldinm/Penguins/install/ouster_sensor_msgs/share/ouster_sensor_msgs/environment/pythonpath.sh
[5.734s] -- Installing: /home/salaheldinm/Penguins/install/ouster_sensor_msgs/share/ouster_sensor_msgs/environment/pythonpath.dsv
[5.734s] -- Installing: /home/salaheldinm/Penguins/install/ouster_sensor_msgs/lib/python3.8/site-packages/ouster_sensor_msgs/__init__.py
[5.763s] Compiling '/home/salaheldinm/Penguins/install/ouster_sensor_msgs/lib/python3.8/site-packages/ouster_sensor_msgs/__init__.py'...
[5.769s] -- Installing: /home/salaheldinm/Penguins/install/ouster_sensor_msgs/lib/python3.8/site-packages/ouster_sensor_msgs/msg
[5.769s] -- Installing: /home/salaheldinm/Penguins/install/ouster_sensor_msgs/lib/python3.8/site-packages/ouster_sensor_msgs/msg/_packet_msg_s.c
[5.769s] -- Installing: /home/salaheldinm/Penguins/install/ouster_sensor_msgs/lib/python3.8/site-packages/ouster_sensor_msgs/msg/_packet_msg.py
[5.769s] -- Installing: /home/salaheldinm/Penguins/install/ouster_sensor_msgs/lib/python3.8/site-packages/ouster_sensor_msgs/msg/__init__.py
[5.769s] -- Installing: /home/salaheldinm/Penguins/install/ouster_sensor_msgs/lib/python3.8/site-packages/ouster_sensor_msgs/srv
[5.769s] -- Installing: /home/salaheldinm/Penguins/install/ouster_sensor_msgs/lib/python3.8/site-packages/ouster_sensor_msgs/srv/_set_config.py
[5.769s] -- Installing: /home/salaheldinm/Penguins/install/ouster_sensor_msgs/lib/python3.8/site-packages/ouster_sensor_msgs/srv/_get_metadata.py
[5.769s] -- Installing: /home/salaheldinm/Penguins/install/ouster_sensor_msgs/lib/python3.8/site-packages/ouster_sensor_msgs/srv/_get_metadata_s.c
[5.770s] -- Installing: /home/salaheldinm/Penguins/install/ouster_sensor_msgs/lib/python3.8/site-packages/ouster_sensor_msgs/srv/_get_config_s.c
[5.770s] -- Installing: /home/salaheldinm/Penguins/install/ouster_sensor_msgs/lib/python3.8/site-packages/ouster_sensor_msgs/srv/_get_config.py
[5.770s] -- Installing: /home/salaheldinm/Penguins/install/ouster_sensor_msgs/lib/python3.8/site-packages/ouster_sensor_msgs/srv/__init__.py
[5.770s] -- Installing: /home/salaheldinm/Penguins/install/ouster_sensor_msgs/lib/python3.8/site-packages/ouster_sensor_msgs/srv/_set_config_s.c
[5.770s] -- Installing: /home/salaheldinm/Penguins/install/ouster_sensor_msgs/lib/python3.8/site-packages/ouster_sensor_msgs/ouster_sensor_msgs_s__rosidl_typesupport_fastrtps_c.cpython-38-x86_64-linux-gnu.so
[5.771s] -- Set runtime path of "/home/salaheldinm/Penguins/install/ouster_sensor_msgs/lib/python3.8/site-packages/ouster_sensor_msgs/ouster_sensor_msgs_s__rosidl_typesupport_fastrtps_c.cpython-38-x86_64-linux-gnu.so" to ""
[5.772s] -- Installing: /home/salaheldinm/Penguins/install/ouster_sensor_msgs/lib/python3.8/site-packages/ouster_sensor_msgs/ouster_sensor_msgs_s__rosidl_typesupport_introspection_c.cpython-38-x86_64-linux-gnu.so
[5.773s] -- Set runtime path of "/home/salaheldinm/Penguins/install/ouster_sensor_msgs/lib/python3.8/site-packages/ouster_sensor_msgs/ouster_sensor_msgs_s__rosidl_typesupport_introspection_c.cpython-38-x86_64-linux-gnu.so" to ""
[5.773s] -- Installing: /home/salaheldinm/Penguins/install/ouster_sensor_msgs/lib/python3.8/site-packages/ouster_sensor_msgs/ouster_sensor_msgs_s__rosidl_typesupport_c.cpython-38-x86_64-linux-gnu.so
[5.774s] -- Set runtime path of "/home/salaheldinm/Penguins/install/ouster_sensor_msgs/lib/python3.8/site-packages/ouster_sensor_msgs/ouster_sensor_msgs_s__rosidl_typesupport_c.cpython-38-x86_64-linux-gnu.so" to ""
[5.774s] -- Installing: /home/salaheldinm/Penguins/install/ouster_sensor_msgs/lib/libouster_sensor_msgs__python.so
[5.774s] -- Set runtime path of "/home/salaheldinm/Penguins/install/ouster_sensor_msgs/lib/libouster_sensor_msgs__python.so" to ""
[5.775s] -- Installing: /home/salaheldinm/Penguins/install/ouster_sensor_msgs/share/ouster_sensor_msgs/msg/PacketMsg.idl
[5.775s] -- Installing: /home/salaheldinm/Penguins/install/ouster_sensor_msgs/share/ouster_sensor_msgs/srv/GetConfig.idl
[5.775s] -- Installing: /home/salaheldinm/Penguins/install/ouster_sensor_msgs/share/ouster_sensor_msgs/srv/SetConfig.idl
[5.775s] -- Installing: /home/salaheldinm/Penguins/install/ouster_sensor_msgs/share/ouster_sensor_msgs/srv/GetMetadata.idl
[5.775s] -- Installing: /home/salaheldinm/Penguins/install/ouster_sensor_msgs/share/ouster_sensor_msgs/msg/PacketMsg.msg
[5.776s] -- Installing: /home/salaheldinm/Penguins/install/ouster_sensor_msgs/share/ouster_sensor_msgs/srv/GetConfig.srv
[5.776s] -- Installing: /home/salaheldinm/Penguins/install/ouster_sensor_msgs/share/ouster_sensor_msgs/srv/GetConfig_Request.msg
[5.776s] -- Installing: /home/salaheldinm/Penguins/install/ouster_sensor_msgs/share/ouster_sensor_msgs/srv/GetConfig_Response.msg
[5.776s] -- Installing: /home/salaheldinm/Penguins/install/ouster_sensor_msgs/share/ouster_sensor_msgs/srv/SetConfig.srv
[5.776s] -- Installing: /home/salaheldinm/Penguins/install/ouster_sensor_msgs/share/ouster_sensor_msgs/srv/SetConfig_Request.msg
[5.777s] -- Installing: /home/salaheldinm/Penguins/install/ouster_sensor_msgs/share/ouster_sensor_msgs/srv/SetConfig_Response.msg
[5.777s] -- Installing: /home/salaheldinm/Penguins/install/ouster_sensor_msgs/share/ouster_sensor_msgs/srv/GetMetadata.srv
[5.777s] -- Installing: /home/salaheldinm/Penguins/install/ouster_sensor_msgs/share/ouster_sensor_msgs/srv/GetMetadata_Request.msg
[5.777s] -- Installing: /home/salaheldinm/Penguins/install/ouster_sensor_msgs/share/ouster_sensor_msgs/srv/GetMetadata_Response.msg
[5.777s] -- Installing: /home/salaheldinm/Penguins/install/ouster_sensor_msgs/share/ament_index/resource_index/package_run_dependencies/ouster_sensor_msgs
[5.778s] -- Installing: /home/salaheldinm/Penguins/install/ouster_sensor_msgs/share/ament_index/resource_index/parent_prefix_path/ouster_sensor_msgs
[5.778s] -- Installing: /home/salaheldinm/Penguins/install/ouster_sensor_msgs/share/ouster_sensor_msgs/environment/ament_prefix_path.sh
[5.778s] -- Installing: /home/salaheldinm/Penguins/install/ouster_sensor_msgs/share/ouster_sensor_msgs/environment/ament_prefix_path.dsv
[5.778s] -- Installing: /home/salaheldinm/Penguins/install/ouster_sensor_msgs/share/ouster_sensor_msgs/environment/path.sh
[5.778s] -- Installing: /home/salaheldinm/Penguins/install/ouster_sensor_msgs/share/ouster_sensor_msgs/environment/path.dsv
[5.779s] -- Installing: /home/salaheldinm/Penguins/install/ouster_sensor_msgs/share/ouster_sensor_msgs/local_setup.bash
[5.779s] -- Installing: /home/salaheldinm/Penguins/install/ouster_sensor_msgs/share/ouster_sensor_msgs/local_setup.sh
[5.779s] -- Installing: /home/salaheldinm/Penguins/install/ouster_sensor_msgs/share/ouster_sensor_msgs/local_setup.zsh
[5.779s] -- Installing: /home/salaheldinm/Penguins/install/ouster_sensor_msgs/share/ouster_sensor_msgs/local_setup.dsv
[5.779s] -- Installing: /home/salaheldinm/Penguins/install/ouster_sensor_msgs/share/ouster_sensor_msgs/package.dsv
[5.780s] -- Installing: /home/salaheldinm/Penguins/install/ouster_sensor_msgs/share/ament_index/resource_index/packages/ouster_sensor_msgs
[5.780s] -- Installing: /home/salaheldinm/Penguins/install/ouster_sensor_msgs/share/ouster_sensor_msgs/cmake/ouster_sensor_msgs__rosidl_generator_cExport.cmake
[5.780s] -- Installing: /home/salaheldinm/Penguins/install/ouster_sensor_msgs/share/ouster_sensor_msgs/cmake/ouster_sensor_msgs__rosidl_generator_cExport-noconfig.cmake
[5.780s] -- Installing: /home/salaheldinm/Penguins/install/ouster_sensor_msgs/share/ouster_sensor_msgs/cmake/ouster_sensor_msgs__rosidl_typesupport_introspection_cExport.cmake
[5.781s] -- Installing: /home/salaheldinm/Penguins/install/ouster_sensor_msgs/share/ouster_sensor_msgs/cmake/ouster_sensor_msgs__rosidl_typesupport_introspection_cExport-noconfig.cmake
[5.781s] -- Installing: /home/salaheldinm/Penguins/install/ouster_sensor_msgs/share/ouster_sensor_msgs/cmake/ouster_sensor_msgs__rosidl_typesupport_cExport.cmake
[5.781s] -- Installing: /home/salaheldinm/Penguins/install/ouster_sensor_msgs/share/ouster_sensor_msgs/cmake/ouster_sensor_msgs__rosidl_typesupport_cExport-noconfig.cmake
[5.781s] -- Installing: /home/salaheldinm/Penguins/install/ouster_sensor_msgs/share/ouster_sensor_msgs/cmake/ouster_sensor_msgs__rosidl_generator_cppExport.cmake
[5.781s] -- Installing: /home/salaheldinm/Penguins/install/ouster_sensor_msgs/share/ouster_sensor_msgs/cmake/ouster_sensor_msgs__rosidl_typesupport_introspection_cppExport.cmake
[5.781s] -- Installing: /home/salaheldinm/Penguins/install/ouster_sensor_msgs/share/ouster_sensor_msgs/cmake/ouster_sensor_msgs__rosidl_typesupport_introspection_cppExport-noconfig.cmake
[5.781s] -- Installing: /home/salaheldinm/Penguins/install/ouster_sensor_msgs/share/ouster_sensor_msgs/cmake/ouster_sensor_msgs__rosidl_typesupport_cppExport.cmake
[5.781s] -- Installing: /home/salaheldinm/Penguins/install/ouster_sensor_msgs/share/ouster_sensor_msgs/cmake/ouster_sensor_msgs__rosidl_typesupport_cppExport-noconfig.cmake
[5.782s] -- Installing: /home/salaheldinm/Penguins/install/ouster_sensor_msgs/share/ouster_sensor_msgs/cmake/rosidl_cmake-extras.cmake
[5.782s] -- Installing: /home/salaheldinm/Penguins/install/ouster_sensor_msgs/share/ouster_sensor_msgs/cmake/ament_cmake_export_dependencies-extras.cmake
[5.782s] -- Installing: /home/salaheldinm/Penguins/install/ouster_sensor_msgs/share/ouster_sensor_msgs/cmake/ament_cmake_export_libraries-extras.cmake
[5.782s] -- Installing: /home/salaheldinm/Penguins/install/ouster_sensor_msgs/share/ouster_sensor_msgs/cmake/ament_cmake_export_targets-extras.cmake
[5.782s] -- Installing: /home/salaheldinm/Penguins/install/ouster_sensor_msgs/share/ouster_sensor_msgs/cmake/ament_cmake_export_include_directories-extras.cmake
[5.782s] -- Installing: /home/salaheldinm/Penguins/install/ouster_sensor_msgs/share/ouster_sensor_msgs/cmake/rosidl_cmake_export_typesupport_libraries-extras.cmake
[5.782s] -- Installing: /home/salaheldinm/Penguins/install/ouster_sensor_msgs/share/ouster_sensor_msgs/cmake/rosidl_cmake_export_typesupport_targets-extras.cmake
[5.782s] -- Installing: /home/salaheldinm/Penguins/install/ouster_sensor_msgs/share/ouster_sensor_msgs/cmake/ouster_sensor_msgsConfig.cmake
[5.783s] -- Installing: /home/salaheldinm/Penguins/install/ouster_sensor_msgs/share/ouster_sensor_msgs/cmake/ouster_sensor_msgsConfig-version.cmake
[5.783s] -- Installing: /home/salaheldinm/Penguins/install/ouster_sensor_msgs/share/ouster_sensor_msgs/package.xml
[5.786s] Invoked command in '/home/salaheldinm/Penguins/build/ouster_sensor_msgs' returned '0': CMAKE_PREFIX_PATH=/opt/ros/foxy /usr/bin/cmake --install /home/salaheldinm/Penguins/build/ouster_sensor_msgs
