[  1%] Built target slam_toolbox__cpp
[  3%] Built target kartoSlamToolbox
[ 12%] Built target slam_toolbox__rosidl_generator_c
[ 21%] Built target slam_toolbox__rosidl_typesupport_cpp
[ 30%] Built target slam_toolbox__rosidl_typesupport_introspection_c
[ 39%] Built target slam_toolbox__rosidl_typesupport_introspection_cpp
[ 48%] Built target slam_toolbox__rosidl_typesupport_c
[ 57%] Built target slam_toolbox__rosidl_typesupport_fastrtps_cpp
[ 66%] Built target slam_toolbox__rosidl_typesupport_fastrtps_c
[ 66%] Built target slam_toolbox
[ 67%] Built target slam_toolbox__py
[ 68%] [32mBuilding CXX object CMakeFiles/ceres_solver_plugin.dir/solvers/ceres_solver.cpp.o[0m
[ 70%] Built target SlamToolboxPlugin
[ 75%] Built target toolbox_common
[ 83%] Built target slam_toolbox__python
[ 85%] Built target slam_toolbox__rosidl_typesupport_c__pyext
[ 85%] Built target slam_toolbox__rosidl_typesupport_fastrtps_c__pyext
[ 87%] Built target sync_slam_toolbox
[ 88%] Built target slam_toolbox__rosidl_typesupport_introspection_c__pyext
[ 90%] Built target async_slam_toolbox
[ 91%] Built target merge_maps_kinematic
[ 93%] Built target lifelong_slam_toolbox
[ 94%] Built target localization_slam_toolbox
[ 95%] Built target sync_slam_toolbox_node
[ 96%] Built target lifelong_slam_toolbox_node
[ 97%] Built target async_slam_toolbox_node
[ 99%] Built target localization_slam_toolbox_node
