[0.058s] Invoking command in '/home/salaheldinm/Penguins/build/slam_toolbox': CMAKE_PREFIX_PATH=/opt/ros/foxy /usr/bin/cmake --build /home/salaheldinm/Penguins/build/slam_toolbox -- -j16 -l16
[0.323s] [  1%] Built target slam_toolbox__cpp
[0.324s] [  3%] Built target kartoSlamToolbox
[0.324s] [ 12%] Built target slam_toolbox__rosidl_generator_c
[0.328s] [ 21%] Built target slam_toolbox__rosidl_typesupport_cpp
[0.328s] [ 30%] Built target slam_toolbox__rosidl_typesupport_introspection_c
[0.329s] [ 39%] Built target slam_toolbox__rosidl_typesupport_introspection_cpp
[0.329s] [ 48%] Built target slam_toolbox__rosidl_typesupport_c
[0.329s] [ 57%] Built target slam_toolbox__rosidl_typesupport_fastrtps_cpp
[0.329s] [ 66%] Built target slam_toolbox__rosidl_typesupport_fastrtps_c
[0.329s] [ 66%] Built target slam_toolbox
[0.329s] [ 67%] Built target slam_toolbox__py
[0.329s] [ 68%] [32mBuilding CXX object CMakeFiles/ceres_solver_plugin.dir/solvers/ceres_solver.cpp.o[0m
[0.330s] [ 70%] Built target SlamToolboxPlugin
[0.331s] [ 75%] Built target toolbox_common
[0.331s] [ 83%] Built target slam_toolbox__python
[0.331s] [01m[K/home/salaheldinm/Penguins/src/slam_toolbox-foxy-devel/solvers/ceres_solver.cpp:53:91:[m[K [01;31m[Kerror: [m[Kstray ‘[01m[K`[m[K’ in program
[0.331s]    53 |     RTo improve the mapping accuracy using LIDAR, we can modify several parameters in the [01;31m[K`[m[KCeresSolver` configuration. Here are two versions of the modifications you can test. The significant changes involve tuning the parameters related to solver options, function tolerances, trust region strategy, and loss functions.
[0.331s]       |                                                                                           [01;31m[K^[m[K
[0.331s] [01m[K/home/salaheldinm/Penguins/src/slam_toolbox-foxy-devel/solvers/ceres_solver.cpp:53:103:[m[K [01;31m[Kerror: [m[Kstray ‘[01m[K`[m[K’ in program
[0.331s]    53 |     RTo improve the mapping accuracy using LIDAR, we can modify several parameters in the `CeresSolver[01;31m[K`[m[K configuration. Here are two versions of the modifications you can test. The significant changes involve tuning the parameters related to solver options, function tolerances, trust region strategy, and loss functions.
[0.331s]       |                                                                                                       [01;31m[K^[m[K
[0.332s] [01m[K/home/salaheldinm/Penguins/src/slam_toolbox-foxy-devel/solvers/ceres_solver.cpp:55:1:[m[K [01;31m[Kerror: [m[Kstray ‘[01m[K##[m[K’ in program
[0.332s]    55 | [01;31m[K##[m[K# Version 1: Adjusting Solver Options and Function Tolerances
[0.332s]       | [01;31m[K^~[m[K
[0.332s] [01m[K/home/salaheldinm/Penguins/src/slam_toolbox-foxy-devel/solvers/ceres_solver.cpp:55:3:[m[K [01;31m[Kerror: [m[Kstray ‘[01m[K#[m[K’ in program
[0.332s]    55 | ##[01;31m[K#[m[K Version 1: Adjusting Solver Options and Function Tolerances
[0.332s]       |   [01;31m[K^[m[K
[0.332s] [01m[K/home/salaheldinm/Penguins/src/slam_toolbox-foxy-devel/solvers/ceres_solver.cpp:59:1:[m[K [01;31m[Kerror: [m[Kstray ‘[01m[K`[m[K’ in program
[0.332s]    59 | [01;31m[K`[m[K``cpp
[0.332s]       | [01;31m[K^[m[K
[0.332s] [01m[K/home/salaheldinm/Penguins/src/slam_toolbox-foxy-devel/solvers/ceres_solver.cpp:59:2:[m[K [01;31m[Kerror: [m[Kstray ‘[01m[K`[m[K’ in program
[0.332s]    59 | `[01;31m[K`[m[K`cpp
[0.332s]       |  [01;31m[K^[m[K
[0.332s] [01m[K/home/salaheldinm/Penguins/src/slam_toolbox-foxy-devel/solvers/ceres_solver.cpp:59:3:[m[K [01;31m[Kerror: [m[Kstray ‘[01m[K`[m[K’ in program
[0.332s]    59 | ``[01;31m[K`[m[Kcpp
[0.333s]       |   [01;31m[K^[m[K
[0.351s] [ 85%] Built target slam_toolbox__rosidl_typesupport_c__pyext
[0.351s] [ 85%] Built target slam_toolbox__rosidl_typesupport_fastrtps_c__pyext
[0.360s] [ 87%] Built target sync_slam_toolbox
[0.361s] [ 88%] Built target slam_toolbox__rosidl_typesupport_introspection_c__pyext
[0.363s] [ 90%] Built target async_slam_toolbox
[0.367s] [ 91%] Built target merge_maps_kinematic
[0.369s] [ 93%] Built target lifelong_slam_toolbox
[0.374s] [ 94%] Built target localization_slam_toolbox
[0.411s] [ 95%] Built target sync_slam_toolbox_node
[0.419s] [ 96%] Built target lifelong_slam_toolbox_node
[0.422s] [ 97%] Built target async_slam_toolbox_node
[0.439s] [ 99%] Built target localization_slam_toolbox_node
[1.098s] [01m[K/home/salaheldinm/Penguins/src/slam_toolbox-foxy-devel/solvers/ceres_solver.cpp:2:1:[m[K [01;31m[Kerror: [m[K‘[01m[KCeresSolver[m[K’ does not name a type
[1.098s]     2 | [01;31m[KCeresSolver[m[K::CeresSolver()
[1.099s]       | [01;31m[K^~~~~~~~~~~[m[K
[1.099s] [01m[K/home/salaheldinm/Penguins/src/slam_toolbox-foxy-devel/solvers/ceres_solver.cpp:12:6:[m[K [01;31m[Kerror: [m[K‘[01m[KCeresSolver[m[K’ has not been declared
[1.099s]    12 | void [01;31m[KCeresSolver[m[K::Configure(rclcpp::Node::SharedPtr node)
[1.099s]       |      [01;31m[K^~~~~~~~~~~[m[K
[1.099s] [01m[K/home/salaheldinm/Penguins/src/slam_toolbox-foxy-devel/solvers/ceres_solver.cpp:12:29:[m[K [01;31m[Kerror: [m[Kvariable or field ‘[01m[KConfigure[m[K’ declared void
[1.100s]    12 | void CeresSolver::Configure([01;31m[Krclcpp[m[K::Node::SharedPtr node)
[1.100s]       |                             [01;31m[K^~~~~~[m[K
[1.100s] [01m[K/home/salaheldinm/Penguins/src/slam_toolbox-foxy-devel/solvers/ceres_solver.cpp:12:29:[m[K [01;31m[Kerror: [m[K‘[01m[Krclcpp[m[K’ has not been declared
[1.116s] make[2]: *** [CMakeFiles/ceres_solver_plugin.dir/build.make:63: CMakeFiles/ceres_solver_plugin.dir/solvers/ceres_solver.cpp.o] Error 1
[1.117s] make[1]: *** [CMakeFiles/Makefile2:460: CMakeFiles/ceres_solver_plugin.dir/all] Error 2
[1.117s] make: *** [Makefile:141: all] Error 2
[1.122s] Invoked command in '/home/salaheldinm/Penguins/build/slam_toolbox' returned '2': CMAKE_PREFIX_PATH=/opt/ros/foxy /usr/bin/cmake --build /home/salaheldinm/Penguins/build/slam_toolbox -- -j16 -l16
