[0.331s] Invoking command in '/home/salaheldinm/Penguins/build/rf2o_laser_odometry': CMAKE_PREFIX_PATH=${CMAKE_PREFIX_PATH}:/home/salaheldinm/Penguins/install/fake_odometry_publisher:/opt/ros/foxy /usr/bin/cmake --build /home/salaheldinm/Penguins/build/rf2o_laser_odometry -- -j16 -l16
[0.420s] [ 40%] Built target rf2o_laser_odometry
[0.436s] [100%] Built target rf2o_laser_odometry_node
[0.454s] Invoked command in '/home/salaheldinm/Penguins/build/rf2o_laser_odometry' returned '0': CMAKE_PREFIX_PATH=${CMAKE_PREFIX_PATH}:/home/salaheldinm/Penguins/install/fake_odometry_publisher:/opt/ros/foxy /usr/bin/cmake --build /home/salaheldinm/Penguins/build/rf2o_laser_odometry -- -j16 -l16
[0.522s] Invoking command in '/home/salaheldinm/Penguins/build/rf2o_laser_odometry': CMAKE_PREFIX_PATH=${CMAKE_PREFIX_PATH}:/home/salaheldinm/Penguins/install/fake_odometry_publisher:/opt/ros/foxy /usr/bin/cmake --install /home/salaheldinm/Penguins/build/rf2o_laser_odometry
[0.541s] -- Install configuration: ""
[0.542s] -- Up-to-date: /home/salaheldinm/Penguins/install/rf2o_laser_odometry/lib/rf2o_laser_odometry/rf2o_laser_odometry_node
[0.542s] -- Up-to-date: /home/salaheldinm/Penguins/install/rf2o_laser_odometry/share/rf2o_laser_odometry/launch
[0.542s] -- Up-to-date: /home/salaheldinm/Penguins/install/rf2o_laser_odometry/share/rf2o_laser_odometry/launch/rf2o_laser_odometry.launch.py
[0.542s] -- Up-to-date: /home/salaheldinm/Penguins/install/rf2o_laser_odometry/share/ament_index/resource_index/package_run_dependencies/rf2o_laser_odometry
[0.542s] -- Up-to-date: /home/salaheldinm/Penguins/install/rf2o_laser_odometry/share/ament_index/resource_index/parent_prefix_path/rf2o_laser_odometry
[0.542s] -- Up-to-date: /home/salaheldinm/Penguins/install/rf2o_laser_odometry/share/rf2o_laser_odometry/environment/ament_prefix_path.sh
[0.542s] -- Up-to-date: /home/salaheldinm/Penguins/install/rf2o_laser_odometry/share/rf2o_laser_odometry/environment/ament_prefix_path.dsv
[0.543s] -- Up-to-date: /home/salaheldinm/Penguins/install/rf2o_laser_odometry/share/rf2o_laser_odometry/environment/path.sh
[0.543s] -- Up-to-date: /home/salaheldinm/Penguins/install/rf2o_laser_odometry/share/rf2o_laser_odometry/environment/path.dsv
[0.543s] -- Up-to-date: /home/salaheldinm/Penguins/install/rf2o_laser_odometry/share/rf2o_laser_odometry/local_setup.bash
[0.543s] -- Up-to-date: /home/salaheldinm/Penguins/install/rf2o_laser_odometry/share/rf2o_laser_odometry/local_setup.sh
[0.543s] -- Up-to-date: /home/salaheldinm/Penguins/install/rf2o_laser_odometry/share/rf2o_laser_odometry/local_setup.zsh
[0.543s] -- Up-to-date: /home/salaheldinm/Penguins/install/rf2o_laser_odometry/share/rf2o_laser_odometry/local_setup.dsv
[0.543s] -- Installing: /home/salaheldinm/Penguins/install/rf2o_laser_odometry/share/rf2o_laser_odometry/package.dsv
[0.543s] -- Up-to-date: /home/salaheldinm/Penguins/install/rf2o_laser_odometry/share/ament_index/resource_index/packages/rf2o_laser_odometry
[0.543s] -- Up-to-date: /home/salaheldinm/Penguins/install/rf2o_laser_odometry/share/rf2o_laser_odometry/cmake/rf2o_laser_odometryConfig.cmake
[0.543s] -- Up-to-date: /home/salaheldinm/Penguins/install/rf2o_laser_odometry/share/rf2o_laser_odometry/cmake/rf2o_laser_odometryConfig-version.cmake
[0.544s] -- Up-to-date: /home/salaheldinm/Penguins/install/rf2o_laser_odometry/share/rf2o_laser_odometry/package.xml
[0.548s] Invoked command in '/home/salaheldinm/Penguins/build/rf2o_laser_odometry' returned '0': CMAKE_PREFIX_PATH=${CMAKE_PREFIX_PATH}:/home/salaheldinm/Penguins/install/fake_odometry_publisher:/opt/ros/foxy /usr/bin/cmake --install /home/salaheldinm/Penguins/build/rf2o_laser_odometry
