[0.177s] DEBUG:colcon:Command line arguments: ['/usr/bin/colcon', 'build']
[0.177s] DEBUG:colcon:Parsed command line arguments: Namespace(allow_overriding=[], ament_cmake_args=None, base_paths=['.'], build_base='build', catkin_cmake_args=None, catkin_skip_building_tests=False, cmake_args=None, cmake_clean_cache=False, cmake_clean_first=False, cmake_force_configure=False, cmake_target=None, cmake_target_skip_unavailable=False, continue_on_error=False, event_handlers=None, executor='parallel', ignore_user_meta=False, install_base='install', log_base=None, log_level=None, main=<bound method BuildVerb.main of <colcon_core.verb.build.BuildVerb object at 0x7f19c332be20>>, merge_install=False, metas=['./colcon.meta'], mixin=None, mixin_files=None, mixin_verb=('build',), packages_above=None, packages_above_and_dependencies=None, packages_above_depth=None, packages_end=None, packages_ignore=None, packages_ignore_regex=None, packages_select=None, packages_select_build_failed=False, packages_select_by_dep=None, packages_select_regex=None, packages_select_test_failures=False, packages_skip=None, packages_skip_build_finished=False, packages_skip_by_dep=None, packages_skip_regex=None, packages_skip_test_passed=False, packages_skip_up_to=None, packages_start=None, packages_up_to=None, packages_up_to_regex=None, parallel_workers=12, paths=None, symlink_install=False, test_result_base=None, verb_extension=<colcon_core.verb.build.BuildVerb object at 0x7f19c332be20>, verb_name='build', verb_parser=<colcon_mixin.mixin.mixin_argument.MixinArgumentDecorator object at 0x7f19c3216df0>)
[0.315s] Level 1:colcon.colcon_core.package_discovery:discover_packages(colcon_meta) check parameters
[0.315s] Level 1:colcon.colcon_core.package_discovery:discover_packages(recursive) check parameters
[0.315s] Level 1:colcon.colcon_core.package_discovery:discover_packages(ignore) check parameters
[0.315s] Level 1:colcon.colcon_core.package_discovery:discover_packages(path) check parameters
[0.315s] Level 1:colcon.colcon_core.package_discovery:discover_packages(colcon_meta) discover
[0.315s] Level 1:colcon.colcon_core.package_discovery:discover_packages(recursive) discover
[0.315s] INFO:colcon.colcon_core.package_discovery:Crawling recursively for packages in '/home/yusef/Desktop/test'
[0.315s] Level 1:colcon.colcon_core.package_identification:_identify(.) by extensions ['ignore', 'ignore_ament_install']
[0.315s] Level 1:colcon.colcon_core.package_identification:_identify(.) by extension 'ignore'
[0.315s] Level 1:colcon.colcon_core.package_identification:_identify(.) by extension 'ignore_ament_install'
[0.315s] Level 1:colcon.colcon_core.package_identification:_identify(.) by extensions ['colcon_pkg']
[0.315s] Level 1:colcon.colcon_core.package_identification:_identify(.) by extension 'colcon_pkg'
[0.315s] Level 1:colcon.colcon_core.package_identification:_identify(.) by extensions ['colcon_meta']
[0.316s] Level 1:colcon.colcon_core.package_identification:_identify(.) by extension 'colcon_meta'
[0.316s] Level 1:colcon.colcon_core.package_identification:_identify(.) by extensions ['ros']
[0.316s] Level 1:colcon.colcon_core.package_identification:_identify(.) by extension 'ros'
[0.326s] Level 1:colcon.colcon_core.package_identification:_identify(.) by extensions ['cmake', 'python']
[0.326s] Level 1:colcon.colcon_core.package_identification:_identify(.) by extension 'cmake'
[0.326s] Level 1:colcon.colcon_core.package_identification:_identify(.) by extension 'python'
[0.326s] Level 1:colcon.colcon_core.package_identification:_identify(.) by extensions ['python_setup_py']
[0.326s] Level 1:colcon.colcon_core.package_identification:_identify(.) by extension 'python_setup_py'
[0.326s] Level 1:colcon.colcon_core.package_identification:_identify(build) by extensions ['ignore', 'ignore_ament_install']
[0.326s] Level 1:colcon.colcon_core.package_identification:_identify(build) by extension 'ignore'
[0.326s] Level 1:colcon.colcon_core.package_identification:_identify(build) ignored
[0.326s] Level 1:colcon.colcon_core.package_identification:_identify(install) by extensions ['ignore', 'ignore_ament_install']
[0.326s] Level 1:colcon.colcon_core.package_identification:_identify(install) by extension 'ignore'
[0.326s] Level 1:colcon.colcon_core.package_identification:_identify(install) ignored
[0.326s] Level 1:colcon.colcon_core.package_identification:_identify(log) by extensions ['ignore', 'ignore_ament_install']
[0.326s] Level 1:colcon.colcon_core.package_identification:_identify(log) by extension 'ignore'
[0.327s] Level 1:colcon.colcon_core.package_identification:_identify(log) ignored
[0.327s] Level 1:colcon.colcon_core.package_identification:_identify(src) by extensions ['ignore', 'ignore_ament_install']
[0.327s] Level 1:colcon.colcon_core.package_identification:_identify(src) by extension 'ignore'
[0.327s] Level 1:colcon.colcon_core.package_identification:_identify(src) by extension 'ignore_ament_install'
[0.327s] Level 1:colcon.colcon_core.package_identification:_identify(src) by extensions ['colcon_pkg']
[0.327s] Level 1:colcon.colcon_core.package_identification:_identify(src) by extension 'colcon_pkg'
[0.327s] Level 1:colcon.colcon_core.package_identification:_identify(src) by extensions ['colcon_meta']
[0.327s] Level 1:colcon.colcon_core.package_identification:_identify(src) by extension 'colcon_meta'
[0.327s] Level 1:colcon.colcon_core.package_identification:_identify(src) by extensions ['ros']
[0.327s] Level 1:colcon.colcon_core.package_identification:_identify(src) by extension 'ros'
[0.327s] Level 1:colcon.colcon_core.package_identification:_identify(src) by extensions ['cmake', 'python']
[0.327s] Level 1:colcon.colcon_core.package_identification:_identify(src) by extension 'cmake'
[0.327s] Level 1:colcon.colcon_core.package_identification:_identify(src) by extension 'python'
[0.327s] Level 1:colcon.colcon_core.package_identification:_identify(src) by extensions ['python_setup_py']
[0.327s] Level 1:colcon.colcon_core.package_identification:_identify(src) by extension 'python_setup_py'
[0.327s] Level 1:colcon.colcon_core.package_identification:_identify(src/my_package) by extensions ['ignore', 'ignore_ament_install']
[0.327s] Level 1:colcon.colcon_core.package_identification:_identify(src/my_package) by extension 'ignore'
[0.327s] Level 1:colcon.colcon_core.package_identification:_identify(src/my_package) by extension 'ignore_ament_install'
[0.328s] Level 1:colcon.colcon_core.package_identification:_identify(src/my_package) by extensions ['colcon_pkg']
[0.328s] Level 1:colcon.colcon_core.package_identification:_identify(src/my_package) by extension 'colcon_pkg'
[0.328s] Level 1:colcon.colcon_core.package_identification:_identify(src/my_package) by extensions ['colcon_meta']
[0.328s] Level 1:colcon.colcon_core.package_identification:_identify(src/my_package) by extension 'colcon_meta'
[0.328s] Level 1:colcon.colcon_core.package_identification:_identify(src/my_package) by extensions ['ros']
[0.328s] Level 1:colcon.colcon_core.package_identification:_identify(src/my_package) by extension 'ros'
[0.330s] DEBUG:colcon.colcon_core.package_identification:Package 'src/my_package' with type 'ros.ament_cmake' and name 'my_package'
[0.330s] Level 1:colcon.colcon_core.package_discovery:discover_packages(recursive) using defaults
[0.330s] Level 1:colcon.colcon_core.package_discovery:discover_packages(ignore) discover
[0.330s] Level 1:colcon.colcon_core.package_discovery:discover_packages(ignore) using defaults
[0.330s] Level 1:colcon.colcon_core.package_discovery:discover_packages(path) discover
[0.330s] Level 1:colcon.colcon_core.package_discovery:discover_packages(path) using defaults
[0.344s] Level 1:colcon.colcon_core.package_discovery:discover_packages(prefix_path) check parameters
[0.344s] Level 1:colcon.colcon_core.package_discovery:discover_packages(prefix_path) discover
[0.346s] DEBUG:colcon.colcon_installed_package_information.package_discovery:Found 256 installed packages in /opt/ros/foxy
[0.347s] Level 1:colcon.colcon_core.package_discovery:discover_packages(prefix_path) using defaults
[0.409s] Level 5:colcon.colcon_core.verb:set package 'my_package' build argument 'cmake_args' from command line to 'None'
[0.409s] Level 5:colcon.colcon_core.verb:set package 'my_package' build argument 'cmake_target' from command line to 'None'
[0.409s] Level 5:colcon.colcon_core.verb:set package 'my_package' build argument 'cmake_target_skip_unavailable' from command line to 'False'
[0.409s] Level 5:colcon.colcon_core.verb:set package 'my_package' build argument 'cmake_clean_cache' from command line to 'False'
[0.409s] Level 5:colcon.colcon_core.verb:set package 'my_package' build argument 'cmake_clean_first' from command line to 'False'
[0.409s] Level 5:colcon.colcon_core.verb:set package 'my_package' build argument 'cmake_force_configure' from command line to 'False'
[0.409s] Level 5:colcon.colcon_core.verb:set package 'my_package' build argument 'ament_cmake_args' from command line to 'None'
[0.409s] Level 5:colcon.colcon_core.verb:set package 'my_package' build argument 'catkin_cmake_args' from command line to 'None'
[0.409s] Level 5:colcon.colcon_core.verb:set package 'my_package' build argument 'catkin_skip_building_tests' from command line to 'False'
[0.409s] DEBUG:colcon.colcon_core.verb:Building package 'my_package' with the following arguments: {'ament_cmake_args': None, 'build_base': '/home/yusef/Desktop/test/build/my_package', 'catkin_cmake_args': None, 'catkin_skip_building_tests': False, 'cmake_args': None, 'cmake_clean_cache': False, 'cmake_clean_first': False, 'cmake_force_configure': False, 'cmake_target': None, 'cmake_target_skip_unavailable': False, 'install_base': '/home/yusef/Desktop/test/install/my_package', 'merge_install': False, 'path': '/home/yusef/Desktop/test/src/my_package', 'symlink_install': False, 'test_result_base': None}
[0.409s] INFO:colcon.colcon_core.executor:Executing jobs using 'parallel' executor
[0.410s] DEBUG:colcon.colcon_parallel_executor.executor.parallel:run_until_complete
[0.410s] INFO:colcon.colcon_ros.task.ament_cmake.build:Building ROS package in '/home/yusef/Desktop/test/src/my_package' with build type 'ament_cmake'
[0.410s] INFO:colcon.colcon_cmake.task.cmake.build:Building CMake package in '/home/yusef/Desktop/test/src/my_package'
[0.412s] INFO:colcon.colcon_core.plugin_system:Skipping extension 'colcon_core.shell.bat': Not used on non-Windows systems
[0.412s] INFO:colcon.colcon_core.shell:Skip shell extension 'powershell' for command environment: Not usable outside of PowerShell
[0.412s] DEBUG:colcon.colcon_core.shell:Skip shell extension 'dsv' for command environment
[0.419s] DEBUG:colcon.colcon_core.event_handler.log_command:Invoking command in '/home/yusef/Desktop/test/build/my_package': CMAKE_PREFIX_PATH=/opt/ros/foxy /usr/bin/cmake /home/yusef/Desktop/test/src/my_package -DCMAKE_INSTALL_PREFIX=/home/yusef/Desktop/test/install/my_package
[1.070s] DEBUG:colcon.colcon_core.event_handler.log_command:Invoked command in '/home/yusef/Desktop/test/build/my_package' returned '0': CMAKE_PREFIX_PATH=/opt/ros/foxy /usr/bin/cmake /home/yusef/Desktop/test/src/my_package -DCMAKE_INSTALL_PREFIX=/home/yusef/Desktop/test/install/my_package
[1.073s] DEBUG:colcon.colcon_core.event_handler.log_command:Invoking command in '/home/yusef/Desktop/test/build/my_package': CMAKE_PREFIX_PATH=/opt/ros/foxy /usr/bin/cmake --build /home/yusef/Desktop/test/build/my_package -- -j12 -l12
[1.182s] DEBUG:colcon.colcon_core.event_handler.log_command:Invoked command in '/home/yusef/Desktop/test/build/my_package' returned '0': CMAKE_PREFIX_PATH=/opt/ros/foxy /usr/bin/cmake --build /home/yusef/Desktop/test/build/my_package -- -j12 -l12
[1.208s] DEBUG:colcon.colcon_core.event_handler.log_command:Invoking command in '/home/yusef/Desktop/test/build/my_package': CMAKE_PREFIX_PATH=/opt/ros/foxy /usr/bin/cmake --install /home/yusef/Desktop/test/build/my_package
[1.217s] Level 1:colcon.colcon_core.environment:create_environment_scripts_only(my_package)
[1.218s] DEBUG:colcon.colcon_core.event_handler.log_command:Invoked command in '/home/yusef/Desktop/test/build/my_package' returned '0': CMAKE_PREFIX_PATH=/opt/ros/foxy /usr/bin/cmake --install /home/yusef/Desktop/test/build/my_package
[1.220s] Level 1:colcon.colcon_core.environment:checking '/home/yusef/Desktop/test/install/my_package' for CMake module files
[1.220s] Level 1:colcon.colcon_core.environment:checking '/home/yusef/Desktop/test/install/my_package' for CMake config files
[1.220s] Level 1:colcon.colcon_core.shell:create_environment_hook('my_package', 'cmake_prefix_path')
[1.221s] INFO:colcon.colcon_core.shell:Creating environment hook '/home/yusef/Desktop/test/install/my_package/share/my_package/hook/cmake_prefix_path.ps1'
[1.221s] INFO:colcon.colcon_core.shell:Creating environment descriptor '/home/yusef/Desktop/test/install/my_package/share/my_package/hook/cmake_prefix_path.dsv'
[1.222s] INFO:colcon.colcon_core.shell:Creating environment hook '/home/yusef/Desktop/test/install/my_package/share/my_package/hook/cmake_prefix_path.sh'
[1.222s] Level 1:colcon.colcon_core.environment:checking '/home/yusef/Desktop/test/install/my_package/lib'
[1.222s] Level 1:colcon.colcon_core.environment:checking '/home/yusef/Desktop/test/install/my_package/bin'
[1.223s] Level 1:colcon.colcon_core.environment:checking '/home/yusef/Desktop/test/install/my_package/lib/pkgconfig/my_package.pc'
[1.223s] Level 1:colcon.colcon_core.environment:checking '/home/yusef/Desktop/test/install/my_package/lib/python3.8/site-packages'
[1.223s] Level 1:colcon.colcon_core.environment:checking '/home/yusef/Desktop/test/install/my_package/bin'
[1.223s] INFO:colcon.colcon_core.shell:Creating package script '/home/yusef/Desktop/test/install/my_package/share/my_package/package.ps1'
[1.224s] INFO:colcon.colcon_core.shell:Creating package descriptor '/home/yusef/Desktop/test/install/my_package/share/my_package/package.dsv'
[1.224s] INFO:colcon.colcon_core.shell:Creating package script '/home/yusef/Desktop/test/install/my_package/share/my_package/package.sh'
[1.225s] INFO:colcon.colcon_core.shell:Creating package script '/home/yusef/Desktop/test/install/my_package/share/my_package/package.bash'
[1.225s] INFO:colcon.colcon_core.shell:Creating package script '/home/yusef/Desktop/test/install/my_package/share/my_package/package.zsh'
[1.226s] Level 1:colcon.colcon_core.environment:create_file_with_runtime_dependencies(/home/yusef/Desktop/test/install/my_package/share/colcon-core/packages/my_package)
[1.243s] Level 1:colcon.colcon_core.environment:create_environment_scripts_only(my_package)
[1.243s] Level 1:colcon.colcon_core.environment:checking '/home/yusef/Desktop/test/install/my_package' for CMake module files
[1.244s] Level 1:colcon.colcon_core.environment:checking '/home/yusef/Desktop/test/install/my_package' for CMake config files
[1.244s] Level 1:colcon.colcon_core.shell:create_environment_hook('my_package', 'cmake_prefix_path')
[1.244s] INFO:colcon.colcon_core.shell:Creating environment hook '/home/yusef/Desktop/test/install/my_package/share/my_package/hook/cmake_prefix_path.ps1'
[1.244s] INFO:colcon.colcon_core.shell:Creating environment descriptor '/home/yusef/Desktop/test/install/my_package/share/my_package/hook/cmake_prefix_path.dsv'
[1.245s] INFO:colcon.colcon_core.shell:Creating environment hook '/home/yusef/Desktop/test/install/my_package/share/my_package/hook/cmake_prefix_path.sh'
[1.245s] Level 1:colcon.colcon_core.environment:checking '/home/yusef/Desktop/test/install/my_package/lib'
[1.245s] Level 1:colcon.colcon_core.environment:checking '/home/yusef/Desktop/test/install/my_package/bin'
[1.245s] Level 1:colcon.colcon_core.environment:checking '/home/yusef/Desktop/test/install/my_package/lib/pkgconfig/my_package.pc'
[1.246s] Level 1:colcon.colcon_core.environment:checking '/home/yusef/Desktop/test/install/my_package/lib/python3.8/site-packages'
[1.246s] Level 1:colcon.colcon_core.environment:checking '/home/yusef/Desktop/test/install/my_package/bin'
[1.246s] INFO:colcon.colcon_core.shell:Creating package script '/home/yusef/Desktop/test/install/my_package/share/my_package/package.ps1'
[1.247s] INFO:colcon.colcon_core.shell:Creating package descriptor '/home/yusef/Desktop/test/install/my_package/share/my_package/package.dsv'
[1.247s] INFO:colcon.colcon_core.shell:Creating package script '/home/yusef/Desktop/test/install/my_package/share/my_package/package.sh'
[1.247s] INFO:colcon.colcon_core.shell:Creating package script '/home/yusef/Desktop/test/install/my_package/share/my_package/package.bash'
[1.248s] INFO:colcon.colcon_core.shell:Creating package script '/home/yusef/Desktop/test/install/my_package/share/my_package/package.zsh'
[1.248s] Level 1:colcon.colcon_core.environment:create_file_with_runtime_dependencies(/home/yusef/Desktop/test/install/my_package/share/colcon-core/packages/my_package)
[1.248s] DEBUG:colcon.colcon_parallel_executor.executor.parallel:closing loop
[1.248s] DEBUG:colcon.colcon_parallel_executor.executor.parallel:loop closed
[1.248s] DEBUG:colcon.colcon_parallel_executor.executor.parallel:run_until_complete finished with '0'
[1.249s] DEBUG:colcon.colcon_core.event_reactor:joining thread
[1.253s] INFO:colcon.colcon_core.plugin_system:Skipping extension 'colcon_notification.desktop_notification.terminal_notifier': Not used on non-Darwin systems
[1.253s] INFO:colcon.colcon_core.plugin_system:Skipping extension 'colcon_notification.desktop_notification.win32': Not used on non-Windows systems
[1.253s] INFO:colcon.colcon_notification.desktop_notification:Sending desktop notification using 'notify2'
[1.268s] DEBUG:colcon.colcon_core.event_reactor:joined thread
[1.268s] INFO:colcon.colcon_core.shell:Creating prefix script '/home/yusef/Desktop/test/install/local_setup.ps1'
[1.269s] INFO:colcon.colcon_core.shell:Creating prefix util module '/home/yusef/Desktop/test/install/_local_setup_util_ps1.py'
[1.271s] INFO:colcon.colcon_core.shell:Creating prefix chain script '/home/yusef/Desktop/test/install/setup.ps1'
[1.271s] INFO:colcon.colcon_core.shell:Creating prefix script '/home/yusef/Desktop/test/install/local_setup.sh'
[1.272s] INFO:colcon.colcon_core.shell:Creating prefix util module '/home/yusef/Desktop/test/install/_local_setup_util_sh.py'
[1.272s] INFO:colcon.colcon_core.shell:Creating prefix chain script '/home/yusef/Desktop/test/install/setup.sh'
[1.273s] INFO:colcon.colcon_core.shell:Creating prefix script '/home/yusef/Desktop/test/install/local_setup.bash'
[1.274s] INFO:colcon.colcon_core.shell:Creating prefix chain script '/home/yusef/Desktop/test/install/setup.bash'
[1.275s] INFO:colcon.colcon_core.shell:Creating prefix script '/home/yusef/Desktop/test/install/local_setup.zsh'
[1.275s] INFO:colcon.colcon_core.shell:Creating prefix chain script '/home/yusef/Desktop/test/install/setup.zsh'
