Performing C SOURCE FILE Test CMAKE_HAVE_LIBC_PTHREAD failed with the following output:
Change Dir: /home/lesu0330/slam_toolbox-foxy-devel/build/slam_toolbox/CMakeFiles/CMakeTmp

Run Build Command(s):/usr/bin/make cmTC_a45b9/fast && /usr/bin/make -f CMakeFiles/cmTC_a45b9.dir/build.make CMakeFiles/cmTC_a45b9.dir/build
make[1]: Entering directory '/home/lesu0330/slam_toolbox-foxy-devel/build/slam_toolbox/CMakeFiles/CMakeTmp'
Building C object CMakeFiles/cmTC_a45b9.dir/src.c.o
/usr/bin/cc   -DCMAKE_HAVE_LIBC_PTHREAD   -o CMakeFiles/cmTC_a45b9.dir/src.c.o   -c /home/lesu0330/slam_toolbox-foxy-devel/build/slam_toolbox/CMakeFiles/CMakeTmp/src.c
Linking C executable cmTC_a45b9
/usr/bin/cmake -E cmake_link_script CMakeFiles/cmTC_a45b9.dir/link.txt --verbose=1
/usr/bin/cc  -DCMAKE_HAVE_LIBC_PTHREAD    CMakeFiles/cmTC_a45b9.dir/src.c.o  -o cmTC_a45b9 
/usr/bin/ld: CMakeFiles/cmTC_a45b9.dir/src.c.o: in function `main':
src.c:(.text+0x46): undefined reference to `pthread_create'
/usr/bin/ld: src.c:(.text+0x52): undefined reference to `pthread_detach'
/usr/bin/ld: src.c:(.text+0x63): undefined reference to `pthread_join'
collect2: error: ld returned 1 exit status
make[1]: *** [CMakeFiles/cmTC_a45b9.dir/build.make:87: cmTC_a45b9] Error 1
make[1]: Leaving directory '/home/lesu0330/slam_toolbox-foxy-devel/build/slam_toolbox/CMakeFiles/CMakeTmp'
make: *** [Makefile:121: cmTC_a45b9/fast] Error 2


Source file was:
#include <pthread.h>

void* test_func(void* data)
{
  return data;
}

int main(void)
{
  pthread_t thread;
  pthread_create(&thread, NULL, test_func, NULL);
  pthread_detach(thread);
  pthread_join(thread, NULL);
  pthread_atfork(NULL, NULL, NULL);
  pthread_exit(NULL);

  return 0;
}

Determining if the function pthread_create exists in the pthreads failed with the following output:
Change Dir: /home/lesu0330/slam_toolbox-foxy-devel/build/slam_toolbox/CMakeFiles/CMakeTmp

Run Build Command(s):/usr/bin/make cmTC_51794/fast && /usr/bin/make -f CMakeFiles/cmTC_51794.dir/build.make CMakeFiles/cmTC_51794.dir/build
make[1]: Entering directory '/home/lesu0330/slam_toolbox-foxy-devel/build/slam_toolbox/CMakeFiles/CMakeTmp'
Building C object CMakeFiles/cmTC_51794.dir/CheckFunctionExists.c.o
/usr/bin/cc   -DCHECK_FUNCTION_EXISTS=pthread_create   -o CMakeFiles/cmTC_51794.dir/CheckFunctionExists.c.o   -c /usr/share/cmake-3.16/Modules/CheckFunctionExists.c
Linking C executable cmTC_51794
/usr/bin/cmake -E cmake_link_script CMakeFiles/cmTC_51794.dir/link.txt --verbose=1
/usr/bin/cc  -DCHECK_FUNCTION_EXISTS=pthread_create    CMakeFiles/cmTC_51794.dir/CheckFunctionExists.c.o  -o cmTC_51794  -lpthreads 
/usr/bin/ld: cannot find -lpthreads
collect2: error: ld returned 1 exit status
make[1]: *** [CMakeFiles/cmTC_51794.dir/build.make:87: cmTC_51794] Error 1
make[1]: Leaving directory '/home/lesu0330/slam_toolbox-foxy-devel/build/slam_toolbox/CMakeFiles/CMakeTmp'
make: *** [Makefile:121: cmTC_51794/fast] Error 2



Determining if the function sgemm_ exists failed with the following output:
Change Dir: /home/lesu0330/slam_toolbox-foxy-devel/build/slam_toolbox/CMakeFiles/CMakeTmp

Run Build Command(s):/usr/bin/make cmTC_bb4f7/fast && /usr/bin/make -f CMakeFiles/cmTC_bb4f7.dir/build.make CMakeFiles/cmTC_bb4f7.dir/build
make[1]: Entering directory '/home/lesu0330/slam_toolbox-foxy-devel/build/slam_toolbox/CMakeFiles/CMakeTmp'
Building C object CMakeFiles/cmTC_bb4f7.dir/CheckFunctionExists.c.o
/usr/bin/cc   -DCHECK_FUNCTION_EXISTS=sgemm_   -o CMakeFiles/cmTC_bb4f7.dir/CheckFunctionExists.c.o   -c /usr/share/cmake-3.16/Modules/CheckFunctionExists.c
Linking C executable cmTC_bb4f7
/usr/bin/cmake -E cmake_link_script CMakeFiles/cmTC_bb4f7.dir/link.txt --verbose=1
/usr/bin/cc  -DCHECK_FUNCTION_EXISTS=sgemm_    CMakeFiles/cmTC_bb4f7.dir/CheckFunctionExists.c.o  -o cmTC_bb4f7 
/usr/bin/ld: CMakeFiles/cmTC_bb4f7.dir/CheckFunctionExists.c.o: in function `main':
CheckFunctionExists.c:(.text+0x14): undefined reference to `sgemm_'
collect2: error: ld returned 1 exit status
make[1]: *** [CMakeFiles/cmTC_bb4f7.dir/build.make:87: cmTC_bb4f7] Error 1
make[1]: Leaving directory '/home/lesu0330/slam_toolbox-foxy-devel/build/slam_toolbox/CMakeFiles/CMakeTmp'
make: *** [Makefile:121: cmTC_bb4f7/fast] Error 2



Determining if the function cheev_ exists failed with the following output:
Change Dir: /home/lesu0330/slam_toolbox-foxy-devel/build/slam_toolbox/CMakeFiles/CMakeTmp

Run Build Command(s):/usr/bin/make cmTC_eba38/fast && /usr/bin/make -f CMakeFiles/cmTC_eba38.dir/build.make CMakeFiles/cmTC_eba38.dir/build
make[1]: Entering directory '/home/lesu0330/slam_toolbox-foxy-devel/build/slam_toolbox/CMakeFiles/CMakeTmp'
Building C object CMakeFiles/cmTC_eba38.dir/CheckFunctionExists.c.o
/usr/bin/cc   -DCHECK_FUNCTION_EXISTS=cheev_   -o CMakeFiles/cmTC_eba38.dir/CheckFunctionExists.c.o   -c /usr/share/cmake-3.16/Modules/CheckFunctionExists.c
Linking C executable cmTC_eba38
/usr/bin/cmake -E cmake_link_script CMakeFiles/cmTC_eba38.dir/link.txt --verbose=1
/usr/bin/cc  -DCHECK_FUNCTION_EXISTS=cheev_    CMakeFiles/cmTC_eba38.dir/CheckFunctionExists.c.o  -o cmTC_eba38  /usr/lib/x86_64-linux-gnu/libblas.so 
/usr/bin/ld: CMakeFiles/cmTC_eba38.dir/CheckFunctionExists.c.o: in function `main':
CheckFunctionExists.c:(.text+0x14): undefined reference to `cheev_'
collect2: error: ld returned 1 exit status
make[1]: *** [CMakeFiles/cmTC_eba38.dir/build.make:88: cmTC_eba38] Error 1
make[1]: Leaving directory '/home/lesu0330/slam_toolbox-foxy-devel/build/slam_toolbox/CMakeFiles/CMakeTmp'
make: *** [Makefile:121: cmTC_eba38/fast] Error 2



