[01m[K/home/salaheldinm/Penguins/src/ouster-ros/ouster-ros/ouster-sdk/ouster_client/src/parsing.cpp:[m[K In member function ‘[01m[Kuint32_t ouster::sensor::packet_format::frame_id(const uint8_t*) const[m[K’:
[01m[K/home/salaheldinm/Penguins/src/ouster-ros/ouster-ros/ouster-sdk/ouster_client/src/parsing.cpp:443:50:[m[K [01;35m[Kwarning: [m[K‘[01m[Kuint16_t ouster::sensor::packet_format::col_frame_id(const uint8_t*) const[m[K’ is deprecated: Use frame_id instead [[01;35m[K-Wdeprecated-declarations[m[K]
  443 |         return col_frame_id(nth_col(0, lidar_buf)[01;35m[K)[m[K;
      |                                                  [01;35m[K^[m[K
In file included from [01m[K/home/salaheldinm/Penguins/src/ouster-ros/ouster-ros/ouster-sdk/ouster_client/include/ouster/impl/packet_writer.h:8[m[K,
                 from [01m[K/home/salaheldinm/Penguins/src/ouster-ros/ouster-ros/ouster-sdk/ouster_client/src/parsing.cpp:18[m[K:
[01m[K/home/salaheldinm/Penguins/src/ouster-ros/ouster-ros/ouster-sdk/ouster_client/include/ouster/types.h:1102:53:[m[K [01;36m[Knote: [m[Kdeclared here
 1102 |     [[deprecated("Use frame_id instead")]] uint16_t [01;36m[Kcol_frame_id[m[K(
      |                                                     [01;36m[K^~~~~~~~~~~~[m[K
In file included from [01m[K/home/salaheldinm/Penguins/src/ouster-ros/ouster-ros/src/os_driver_node.cpp:20[m[K:
[01m[K/home/salaheldinm/Penguins/src/ouster-ros/ouster-ros/src/lidar_packet_handler.h:[m[K In member function ‘[01m[Kbool ouster_ros::LidarPacketHandler::lidar_handler_sensor_time(const ouster::sensor::packet_format&, const uint8_t*)[m[K’:
[01m[K/home/salaheldinm/Penguins/src/ouster-ros/ouster-ros/src/lidar_packet_handler.h:224:52:[m[K [01;35m[Kwarning: [m[K‘[01m[Kbool ouster::ScanBatcher::operator()(const uint8_t*, ouster::LidarScan&)[m[K’ is deprecated: Use ScanBatcher::operator(LidarPacket&, LidarScan&) instead. [[01;35m[K-Wdeprecated-declarations[m[K]
  224 |         if (!(*scan_batcher)(lidar_buf, *lidar_scan[01;35m[K)[m[K) return false;
      |                                                    [01;35m[K^[m[K
In file included from [01m[K/home/salaheldinm/Penguins/src/ouster-ros/ouster-ros/include/ouster_ros/os_ros.h:16[m[K,
                 from [01m[K/home/salaheldinm/Penguins/src/ouster-ros/ouster-ros/src/os_driver_node.cpp:13[m[K:
[01m[K/home/salaheldinm/Penguins/src/ouster-ros/ouster-ros/ouster-sdk/ouster_client/include/ouster/lidar_scan.h:532:5:[m[K [01;36m[Knote: [m[Kdeclared here
  532 |     [01;36m[Koperator[m[K()(const uint8_t* packet_buf, LidarScan& ls);
      |     [01;36m[K^~~~~~~~[m[K
In file included from [01m[K/home/salaheldinm/Penguins/src/ouster-ros/ouster-ros/src/os_driver_node.cpp:20[m[K:
[01m[K/home/salaheldinm/Penguins/src/ouster-ros/ouster-ros/src/lidar_packet_handler.h:[m[K In member function ‘[01m[Kbool ouster_ros::LidarPacketHandler::lidar_handler_sensor_time_ptp(const ouster::sensor::packet_format&, const uint8_t*, int64_t)[m[K’:
[01m[K/home/salaheldinm/Penguins/src/ouster-ros/ouster-ros/src/lidar_packet_handler.h:233:52:[m[K [01;35m[Kwarning: [m[K‘[01m[Kbool ouster::ScanBatcher::operator()(const uint8_t*, ouster::LidarScan&)[m[K’ is deprecated: Use ScanBatcher::operator(LidarPacket&, LidarScan&) instead. [[01;35m[K-Wdeprecated-declarations[m[K]
  233 |         if (!(*scan_batcher)(lidar_buf, *lidar_scan[01;35m[K)[m[K) return false;
      |                                                    [01;35m[K^[m[K
In file included from [01m[K/home/salaheldinm/Penguins/src/ouster-ros/ouster-ros/include/ouster_ros/os_ros.h:16[m[K,
                 from [01m[K/home/salaheldinm/Penguins/src/ouster-ros/ouster-ros/src/os_driver_node.cpp:13[m[K:
[01m[K/home/salaheldinm/Penguins/src/ouster-ros/ouster-ros/ouster-sdk/ouster_client/include/ouster/lidar_scan.h:532:5:[m[K [01;36m[Knote: [m[Kdeclared here
  532 |     [01;36m[Koperator[m[K()(const uint8_t* packet_buf, LidarScan& ls);
      |     [01;36m[K^~~~~~~~[m[K
In file included from [01m[K/home/salaheldinm/Penguins/src/ouster-ros/ouster-ros/src/os_driver_node.cpp:20[m[K:
[01m[K/home/salaheldinm/Penguins/src/ouster-ros/ouster-ros/src/lidar_packet_handler.h:[m[K In member function ‘[01m[Kbool ouster_ros::LidarPacketHandler::lidar_handler_ros_time(const ouster::sensor::packet_format&, const uint8_t*)[m[K’:
[01m[K/home/salaheldinm/Penguins/src/ouster-ros/ouster-ros/src/lidar_packet_handler.h:250:52:[m[K [01;35m[Kwarning: [m[K‘[01m[Kbool ouster::ScanBatcher::operator()(const uint8_t*, ouster::LidarScan&)[m[K’ is deprecated: Use ScanBatcher::operator(LidarPacket&, LidarScan&) instead. [[01;35m[K-Wdeprecated-declarations[m[K]
  250 |         if (!(*scan_batcher)(lidar_buf, *lidar_scan[01;35m[K)[m[K) return false;
      |                                                    [01;35m[K^[m[K
In file included from [01m[K/home/salaheldinm/Penguins/src/ouster-ros/ouster-ros/include/ouster_ros/os_ros.h:16[m[K,
                 from [01m[K/home/salaheldinm/Penguins/src/ouster-ros/ouster-ros/src/os_driver_node.cpp:13[m[K:
[01m[K/home/salaheldinm/Penguins/src/ouster-ros/ouster-ros/ouster-sdk/ouster_client/include/ouster/lidar_scan.h:532:5:[m[K [01;36m[Knote: [m[Kdeclared here
  532 |     [01;36m[Koperator[m[K()(const uint8_t* packet_buf, LidarScan& ls);
      |     [01;36m[K^~~~~~~~[m[K
In file included from [01m[K/home/salaheldinm/Penguins/src/ouster-ros/ouster-ros/src/os_image_node.cpp:23[m[K:
[01m[K/home/salaheldinm/Penguins/src/ouster-ros/ouster-ros/src/lidar_packet_handler.h:[m[K In member function ‘[01m[Kbool ouster_ros::LidarPacketHandler::lidar_handler_sensor_time(const ouster::sensor::packet_format&, const uint8_t*)[m[K’:
[01m[K/home/salaheldinm/Penguins/src/ouster-ros/ouster-ros/src/lidar_packet_handler.h:224:52:[m[K [01;35m[Kwarning: [m[K‘[01m[Kbool ouster::ScanBatcher::operator()(const uint8_t*, ouster::LidarScan&)[m[K’ is deprecated: Use ScanBatcher::operator(LidarPacket&, LidarScan&) instead. [[01;35m[K-Wdeprecated-declarations[m[K]
  224 |         if (!(*scan_batcher)(lidar_buf, *lidar_scan[01;35m[K)[m[K) return false;
      |                                                    [01;35m[K^[m[K
In file included from [01m[K/home/salaheldinm/Penguins/src/ouster-ros/ouster-ros/include/ouster_ros/os_ros.h:16[m[K,
                 from [01m[K/home/salaheldinm/Penguins/src/ouster-ros/ouster-ros/src/os_image_node.cpp:17[m[K:
[01m[K/home/salaheldinm/Penguins/src/ouster-ros/ouster-ros/ouster-sdk/ouster_client/include/ouster/lidar_scan.h:532:5:[m[K [01;36m[Knote: [m[Kdeclared here
  532 |     [01;36m[Koperator[m[K()(const uint8_t* packet_buf, LidarScan& ls);
      |     [01;36m[K^~~~~~~~[m[K
In file included from [01m[K/home/salaheldinm/Penguins/src/ouster-ros/ouster-ros/src/os_image_node.cpp:23[m[K:
[01m[K/home/salaheldinm/Penguins/src/ouster-ros/ouster-ros/src/lidar_packet_handler.h:[m[K In member function ‘[01m[Kbool ouster_ros::LidarPacketHandler::lidar_handler_sensor_time_ptp(const ouster::sensor::packet_format&, const uint8_t*, int64_t)[m[K’:
[01m[K/home/salaheldinm/Penguins/src/ouster-ros/ouster-ros/src/lidar_packet_handler.h:233:52:[m[K [01;35m[Kwarning: [m[K‘[01m[Kbool ouster::ScanBatcher::operator()(const uint8_t*, ouster::LidarScan&)[m[K’ is deprecated: Use ScanBatcher::operator(LidarPacket&, LidarScan&) instead. [[01;35m[K-Wdeprecated-declarations[m[K]
  233 |         if (!(*scan_batcher)(lidar_buf, *lidar_scan[01;35m[K)[m[K) return false;
      |                                                    [01;35m[K^[m[K
In file included from [01m[K/home/salaheldinm/Penguins/src/ouster-ros/ouster-ros/include/ouster_ros/os_ros.h:16[m[K,
                 from [01m[K/home/salaheldinm/Penguins/src/ouster-ros/ouster-ros/src/os_image_node.cpp:17[m[K:
[01m[K/home/salaheldinm/Penguins/src/ouster-ros/ouster-ros/ouster-sdk/ouster_client/include/ouster/lidar_scan.h:532:5:[m[K [01;36m[Knote: [m[Kdeclared here
  532 |     [01;36m[Koperator[m[K()(const uint8_t* packet_buf, LidarScan& ls);
      |     [01;36m[K^~~~~~~~[m[K
In file included from [01m[K/home/salaheldinm/Penguins/src/ouster-ros/ouster-ros/src/os_image_node.cpp:23[m[K:
[01m[K/home/salaheldinm/Penguins/src/ouster-ros/ouster-ros/src/lidar_packet_handler.h:[m[K In member function ‘[01m[Kbool ouster_ros::LidarPacketHandler::lidar_handler_ros_time(const ouster::sensor::packet_format&, const uint8_t*)[m[K’:
[01m[K/home/salaheldinm/Penguins/src/ouster-ros/ouster-ros/src/lidar_packet_handler.h:250:52:[m[K [01;35m[Kwarning: [m[K‘[01m[Kbool ouster::ScanBatcher::operator()(const uint8_t*, ouster::LidarScan&)[m[K’ is deprecated: Use ScanBatcher::operator(LidarPacket&, LidarScan&) instead. [[01;35m[K-Wdeprecated-declarations[m[K]
  250 |         if (!(*scan_batcher)(lidar_buf, *lidar_scan[01;35m[K)[m[K) return false;
      |                                                    [01;35m[K^[m[K
In file included from [01m[K/home/salaheldinm/Penguins/src/ouster-ros/ouster-ros/include/ouster_ros/os_ros.h:16[m[K,
                 from [01m[K/home/salaheldinm/Penguins/src/ouster-ros/ouster-ros/src/os_image_node.cpp:17[m[K:
[01m[K/home/salaheldinm/Penguins/src/ouster-ros/ouster-ros/ouster-sdk/ouster_client/include/ouster/lidar_scan.h:532:5:[m[K [01;36m[Knote: [m[Kdeclared here
  532 |     [01;36m[Koperator[m[K()(const uint8_t* packet_buf, LidarScan& ls);
      |     [01;36m[K^~~~~~~~[m[K
[01m[K/home/salaheldinm/Penguins/src/ouster-ros/ouster-ros/src/os_image_node.cpp:[m[K At global scope:
[01m[K/home/salaheldinm/Penguins/src/ouster-ros/ouster-ros/src/os_image_node.cpp:50:78:[m[K [01;35m[Kwarning: [m[K‘[01m[Kstd_msgs::msg::String_<std::allocator<void> >::ConstPtr[m[K’ is deprecated [[01;35m[K-Wdeprecated-declarations[m[K]
   50 |     void metadata_handler(const std_msgs::msg::String::ConstPtr& metadata_msg[01;35m[K)[m[K {
      |                                                                              [01;35m[K^[m[K
In file included from [01m[K/opt/ros/foxy/include/std_msgs/msg/string.hpp:7[m[K,
                 from [01m[K/home/salaheldinm/Penguins/src/ouster-ros/ouster-ros/include/ouster_ros/os_processing_node_base.h:14[m[K,
                 from [01m[K/home/salaheldinm/Penguins/src/ouster-ros/ouster-ros/src/os_image_node.cpp:21[m[K:
[01m[K/opt/ros/foxy/include/std_msgs/msg/detail/string__struct.hpp:104:5:[m[K [01;36m[Knote: [m[Kdeclared here
  104 |     [01;36m[KConstPtr[m[K;
      |     [01;36m[K^~~~~~~~[m[K
In file included from [01m[K/home/salaheldinm/Penguins/src/ouster-ros/ouster-ros/src/os_cloud_node.cpp:24[m[K:
[01m[K/home/salaheldinm/Penguins/src/ouster-ros/ouster-ros/src/lidar_packet_handler.h:[m[K In member function ‘[01m[Kbool ouster_ros::LidarPacketHandler::lidar_handler_sensor_time(const ouster::sensor::packet_format&, const uint8_t*)[m[K’:
[01m[K/home/salaheldinm/Penguins/src/ouster-ros/ouster-ros/src/lidar_packet_handler.h:224:52:[m[K [01;35m[Kwarning: [m[K‘[01m[Kbool ouster::ScanBatcher::operator()(const uint8_t*, ouster::LidarScan&)[m[K’ is deprecated: Use ScanBatcher::operator(LidarPacket&, LidarScan&) instead. [[01;35m[K-Wdeprecated-declarations[m[K]
  224 |         if (!(*scan_batcher)(lidar_buf, *lidar_scan[01;35m[K)[m[K) return false;
      |                                                    [01;35m[K^[m[K
In file included from [01m[K/home/salaheldinm/Penguins/src/ouster-ros/ouster-ros/include/ouster_ros/os_ros.h:16[m[K,
                 from [01m[K/home/salaheldinm/Penguins/src/ouster-ros/ouster-ros/src/os_cloud_node.cpp:12[m[K:
[01m[K/home/salaheldinm/Penguins/src/ouster-ros/ouster-ros/ouster-sdk/ouster_client/include/ouster/lidar_scan.h:532:5:[m[K [01;36m[Knote: [m[Kdeclared here
  532 |     [01;36m[Koperator[m[K()(const uint8_t* packet_buf, LidarScan& ls);
      |     [01;36m[K^~~~~~~~[m[K
In file included from [01m[K/home/salaheldinm/Penguins/src/ouster-ros/ouster-ros/src/os_cloud_node.cpp:24[m[K:
[01m[K/home/salaheldinm/Penguins/src/ouster-ros/ouster-ros/src/lidar_packet_handler.h:[m[K In member function ‘[01m[Kbool ouster_ros::LidarPacketHandler::lidar_handler_sensor_time_ptp(const ouster::sensor::packet_format&, const uint8_t*, int64_t)[m[K’:
[01m[K/home/salaheldinm/Penguins/src/ouster-ros/ouster-ros/src/lidar_packet_handler.h:233:52:[m[K [01;35m[Kwarning: [m[K‘[01m[Kbool ouster::ScanBatcher::operator()(const uint8_t*, ouster::LidarScan&)[m[K’ is deprecated: Use ScanBatcher::operator(LidarPacket&, LidarScan&) instead. [[01;35m[K-Wdeprecated-declarations[m[K]
  233 |         if (!(*scan_batcher)(lidar_buf, *lidar_scan[01;35m[K)[m[K) return false;
      |                                                    [01;35m[K^[m[K
In file included from [01m[K/home/salaheldinm/Penguins/src/ouster-ros/ouster-ros/include/ouster_ros/os_ros.h:16[m[K,
                 from [01m[K/home/salaheldinm/Penguins/src/ouster-ros/ouster-ros/src/os_cloud_node.cpp:12[m[K:
[01m[K/home/salaheldinm/Penguins/src/ouster-ros/ouster-ros/ouster-sdk/ouster_client/include/ouster/lidar_scan.h:532:5:[m[K [01;36m[Knote: [m[Kdeclared here
  532 |     [01;36m[Koperator[m[K()(const uint8_t* packet_buf, LidarScan& ls);
      |     [01;36m[K^~~~~~~~[m[K
In file included from [01m[K/home/salaheldinm/Penguins/src/ouster-ros/ouster-ros/src/os_cloud_node.cpp:24[m[K:
[01m[K/home/salaheldinm/Penguins/src/ouster-ros/ouster-ros/src/lidar_packet_handler.h:[m[K In member function ‘[01m[Kbool ouster_ros::LidarPacketHandler::lidar_handler_ros_time(const ouster::sensor::packet_format&, const uint8_t*)[m[K’:
[01m[K/home/salaheldinm/Penguins/src/ouster-ros/ouster-ros/src/lidar_packet_handler.h:250:52:[m[K [01;35m[Kwarning: [m[K‘[01m[Kbool ouster::ScanBatcher::operator()(const uint8_t*, ouster::LidarScan&)[m[K’ is deprecated: Use ScanBatcher::operator(LidarPacket&, LidarScan&) instead. [[01;35m[K-Wdeprecated-declarations[m[K]
  250 |         if (!(*scan_batcher)(lidar_buf, *lidar_scan[01;35m[K)[m[K) return false;
      |                                                    [01;35m[K^[m[K
In file included from [01m[K/home/salaheldinm/Penguins/src/ouster-ros/ouster-ros/include/ouster_ros/os_ros.h:16[m[K,
                 from [01m[K/home/salaheldinm/Penguins/src/ouster-ros/ouster-ros/src/os_cloud_node.cpp:12[m[K:
[01m[K/home/salaheldinm/Penguins/src/ouster-ros/ouster-ros/ouster-sdk/ouster_client/include/ouster/lidar_scan.h:532:5:[m[K [01;36m[Knote: [m[Kdeclared here
  532 |     [01;36m[Koperator[m[K()(const uint8_t* packet_buf, LidarScan& ls);
      |     [01;36m[K^~~~~~~~[m[K
