[0.020s] Invoking command in '/home/salaheldinm/Penguins/build/nav2_bringup': CMAKE_PREFIX_PATH=/home/salaheldinm/Penguins/install/slam_toolbox:/home/salaheldinm/Penguins/install/nav2_bringup:/home/salaheldinm/Penguins/install/rf2o_laser_odometry:/home/salaheldinm/Penguins/install/ouster_ros:/home/salaheldinm/Penguins/install/ouster_sensor_msgs:/home/salaheldinm/Penguins/install/my_cpp_package:/home/salaheldinm/Penguins/install/fake_odometry_publisher:/opt/ros/foxy /usr/bin/cmake --build /home/salaheldinm/Penguins/build/nav2_bringup -- -j16 -l16
[0.091s] Invoked command in '/home/salaheldinm/Penguins/build/nav2_bringup' returned '0': CMAKE_PREFIX_PATH=/home/salaheldinm/Penguins/install/slam_toolbox:/home/salaheldinm/Penguins/install/nav2_bringup:/home/salaheldinm/Penguins/install/rf2o_laser_odometry:/home/salaheldinm/Penguins/install/ouster_ros:/home/salaheldinm/Penguins/install/ouster_sensor_msgs:/home/salaheldinm/Penguins/install/my_cpp_package:/home/salaheldinm/Penguins/install/fake_odometry_publisher:/opt/ros/foxy /usr/bin/cmake --build /home/salaheldinm/Penguins/build/nav2_bringup -- -j16 -l16
[0.136s] Invoking command in '/home/salaheldinm/Penguins/build/nav2_bringup': CMAKE_PREFIX_PATH=/home/salaheldinm/Penguins/install/slam_toolbox:/home/salaheldinm/Penguins/install/nav2_bringup:/home/salaheldinm/Penguins/install/rf2o_laser_odometry:/home/salaheldinm/Penguins/install/ouster_ros:/home/salaheldinm/Penguins/install/ouster_sensor_msgs:/home/salaheldinm/Penguins/install/my_cpp_package:/home/salaheldinm/Penguins/install/fake_odometry_publisher:/opt/ros/foxy /usr/bin/cmake --install /home/salaheldinm/Penguins/build/nav2_bringup
[0.152s] -- Install configuration: "Release"
[0.153s] -- Up-to-date: /home/salaheldinm/Penguins/install/nav2_bringup/share/nav2_bringup/launch
[0.153s] -- Up-to-date: /home/salaheldinm/Penguins/install/nav2_bringup/share/nav2_bringup/launch/localization_launch.py
[0.153s] -- Up-to-date: /home/salaheldinm/Penguins/install/nav2_bringup/share/nav2_bringup/launch/unique_multi_tb3_simulation_launch.py
[0.153s] -- Up-to-date: /home/salaheldinm/Penguins/install/nav2_bringup/share/nav2_bringup/launch/slam_launch.py
[0.154s] -- Up-to-date: /home/salaheldinm/Penguins/install/nav2_bringup/share/nav2_bringup/launch/cloned_multi_tb3_simulation_launch.py
[0.154s] -- Up-to-date: /home/salaheldinm/Penguins/install/nav2_bringup/share/nav2_bringup/launch/navigation_launch.py
[0.154s] -- Up-to-date: /home/salaheldinm/Penguins/install/nav2_bringup/share/nav2_bringup/launch/bringup_launch.py
[0.154s] -- Up-to-date: /home/salaheldinm/Penguins/install/nav2_bringup/share/nav2_bringup/launch/tb3_simulation_launch.py
[0.154s] -- Up-to-date: /home/salaheldinm/Penguins/install/nav2_bringup/share/nav2_bringup/launch/rviz_launch.py
[0.154s] -- Up-to-date: /home/salaheldinm/Penguins/install/nav2_bringup/share/nav2_bringup/maps
[0.155s] -- Up-to-date: /home/salaheldinm/Penguins/install/nav2_bringup/share/nav2_bringup/maps/turtlebot3_world.yaml
[0.155s] -- Up-to-date: /home/salaheldinm/Penguins/install/nav2_bringup/share/nav2_bringup/maps/turtlebot3_world.pgm
[0.155s] -- Up-to-date: /home/salaheldinm/Penguins/install/nav2_bringup/share/nav2_bringup/rviz
[0.156s] -- Up-to-date: /home/salaheldinm/Penguins/install/nav2_bringup/share/nav2_bringup/rviz/nav2_default_view.rviz
[0.157s] -- Up-to-date: /home/salaheldinm/Penguins/install/nav2_bringup/share/nav2_bringup/rviz/nav2_namespaced_view.rviz
[0.158s] -- Up-to-date: /home/salaheldinm/Penguins/install/nav2_bringup/share/nav2_bringup/worlds
[0.158s] -- Up-to-date: /home/salaheldinm/Penguins/install/nav2_bringup/share/nav2_bringup/worlds/world_only.model
[0.158s] -- Up-to-date: /home/salaheldinm/Penguins/install/nav2_bringup/share/nav2_bringup/worlds/waffle.model
[0.158s] -- Up-to-date: /home/salaheldinm/Penguins/install/nav2_bringup/share/nav2_bringup/params
[0.159s] -- Up-to-date: /home/salaheldinm/Penguins/install/nav2_bringup/share/nav2_bringup/params/nav2_params.yaml
[0.159s] -- Up-to-date: /home/salaheldinm/Penguins/install/nav2_bringup/share/nav2_bringup/params/nav2_multirobot_params_2.yaml
[0.159s] -- Up-to-date: /home/salaheldinm/Penguins/install/nav2_bringup/share/nav2_bringup/params/nav2_multirobot_params_all.yaml
[0.160s] -- Up-to-date: /home/salaheldinm/Penguins/install/nav2_bringup/share/nav2_bringup/params/nav2_multirobot_params_1.yaml
[0.160s] -- Up-to-date: /home/salaheldinm/Penguins/install/nav2_bringup/share/nav2_bringup/urdf
[0.160s] -- Up-to-date: /home/salaheldinm/Penguins/install/nav2_bringup/share/nav2_bringup/urdf/turtlebot3_waffle.urdf
[0.161s] -- Up-to-date: /home/salaheldinm/Penguins/install/nav2_bringup/share/ament_index/resource_index/package_run_dependencies/nav2_bringup
[0.161s] -- Up-to-date: /home/salaheldinm/Penguins/install/nav2_bringup/share/ament_index/resource_index/parent_prefix_path/nav2_bringup
[0.161s] -- Up-to-date: /home/salaheldinm/Penguins/install/nav2_bringup/share/nav2_bringup/environment/ament_prefix_path.sh
[0.161s] -- Up-to-date: /home/salaheldinm/Penguins/install/nav2_bringup/share/nav2_bringup/environment/ament_prefix_path.dsv
[0.161s] -- Up-to-date: /home/salaheldinm/Penguins/install/nav2_bringup/share/nav2_bringup/environment/path.sh
[0.162s] -- Up-to-date: /home/salaheldinm/Penguins/install/nav2_bringup/share/nav2_bringup/environment/path.dsv
[0.162s] -- Up-to-date: /home/salaheldinm/Penguins/install/nav2_bringup/share/nav2_bringup/local_setup.bash
[0.162s] -- Up-to-date: /home/salaheldinm/Penguins/install/nav2_bringup/share/nav2_bringup/local_setup.sh
[0.162s] -- Up-to-date: /home/salaheldinm/Penguins/install/nav2_bringup/share/nav2_bringup/local_setup.zsh
[0.162s] -- Up-to-date: /home/salaheldinm/Penguins/install/nav2_bringup/share/nav2_bringup/local_setup.dsv
[0.163s] -- Installing: /home/salaheldinm/Penguins/install/nav2_bringup/share/nav2_bringup/package.dsv
[0.163s] -- Up-to-date: /home/salaheldinm/Penguins/install/nav2_bringup/share/ament_index/resource_index/packages/nav2_bringup
[0.163s] -- Up-to-date: /home/salaheldinm/Penguins/install/nav2_bringup/share/nav2_bringup/cmake/nav2_bringupConfig.cmake
[0.163s] -- Up-to-date: /home/salaheldinm/Penguins/install/nav2_bringup/share/nav2_bringup/cmake/nav2_bringupConfig-version.cmake
[0.163s] -- Up-to-date: /home/salaheldinm/Penguins/install/nav2_bringup/share/nav2_bringup/package.xml
[0.164s] Invoked command in '/home/salaheldinm/Penguins/build/nav2_bringup' returned '0': CMAKE_PREFIX_PATH=/home/salaheldinm/Penguins/install/slam_toolbox:/home/salaheldinm/Penguins/install/nav2_bringup:/home/salaheldinm/Penguins/install/rf2o_laser_odometry:/home/salaheldinm/Penguins/install/ouster_ros:/home/salaheldinm/Penguins/install/ouster_sensor_msgs:/home/salaheldinm/Penguins/install/my_cpp_package:/home/salaheldinm/Penguins/install/fake_odometry_publisher:/opt/ros/foxy /usr/bin/cmake --install /home/salaheldinm/Penguins/build/nav2_bringup
