[0.736s] Invoking command in '/home/salaheldinm/Penguins/src/fake_odometry_publisher/fake_odometry_publisher': PYTHONPATH=/home/salaheldinm/Penguins/build/fake_odometry_publisher/prefix_override:/home/salaheldinm/Penguins/install/fake_odometry_publisher/lib/python3.8/site-packages:${PYTHONPATH} /usr/bin/python3 -W ignore:setup.py install is deprecated setup.py egg_info --egg-base ../../../build/fake_odometry_publisher build --build-base /home/salaheldinm/Penguins/build/fake_odometry_publisher/build install --record /home/salaheldinm/Penguins/build/fake_odometry_publisher/install.log --single-version-externally-managed install_data
[0.945s] running egg_info
[0.946s] writing ../../../build/fake_odometry_publisher/fake_odometry_publisher.egg-info/PKG-INFO
[0.946s] writing dependency_links to ../../../build/fake_odometry_publisher/fake_odometry_publisher.egg-info/dependency_links.txt
[0.946s] writing entry points to ../../../build/fake_odometry_publisher/fake_odometry_publisher.egg-info/entry_points.txt
[0.946s] writing requirements to ../../../build/fake_odometry_publisher/fake_odometry_publisher.egg-info/requires.txt
[0.947s] writing top-level names to ../../../build/fake_odometry_publisher/fake_odometry_publisher.egg-info/top_level.txt
[0.975s] reading manifest file '../../../build/fake_odometry_publisher/fake_odometry_publisher.egg-info/SOURCES.txt'
[0.975s] writing manifest file '../../../build/fake_odometry_publisher/fake_odometry_publisher.egg-info/SOURCES.txt'
[0.975s] running build
[0.975s] running build_py
[0.976s] running install
[0.976s] running install_lib
[0.977s] running install_data
[0.978s] running install_egg_info
[0.979s] removing '/home/salaheldinm/Penguins/install/fake_odometry_publisher/lib/python3.8/site-packages/fake_odometry_publisher-0.0.0-py3.8.egg-info' (and everything under it)
[0.979s] Copying ../../../build/fake_odometry_publisher/fake_odometry_publisher.egg-info to /home/salaheldinm/Penguins/install/fake_odometry_publisher/lib/python3.8/site-packages/fake_odometry_publisher-0.0.0-py3.8.egg-info
[0.980s] running install_scripts
[0.995s] Installing fake_odometry_publisher script to /home/salaheldinm/Penguins/install/fake_odometry_publisher/lib/fake_odometry_publisher
[0.995s] writing list of installed files to '/home/salaheldinm/Penguins/build/fake_odometry_publisher/install.log'
[1.026s] Invoked command in '/home/salaheldinm/Penguins/src/fake_odometry_publisher/fake_odometry_publisher' returned '0': PYTHONPATH=/home/salaheldinm/Penguins/build/fake_odometry_publisher/prefix_override:/home/salaheldinm/Penguins/install/fake_odometry_publisher/lib/python3.8/site-packages:${PYTHONPATH} /usr/bin/python3 -W ignore:setup.py install is deprecated setup.py egg_info --egg-base ../../../build/fake_odometry_publisher build --build-base /home/salaheldinm/Penguins/build/fake_odometry_publisher/build install --record /home/salaheldinm/Penguins/build/fake_odometry_publisher/install.log --single-version-externally-managed install_data
