Performing C SOURCE FILE Test CMAKE_HAVE_LIBC_PTHREAD failed with the following output:
Change Dir: /home/salaheldinm/Penguins/build/slam_toolbox/CMakeFiles/CMakeTmp

Run Build Command(s):/usr/bin/make cmTC_04110/fast && /usr/bin/make -f CMakeFiles/cmTC_04110.dir/build.make CMakeFiles/cmTC_04110.dir/build
make[1]: Entering directory '/home/salaheldinm/Penguins/build/slam_toolbox/CMakeFiles/CMakeTmp'
Building C object CMakeFiles/cmTC_04110.dir/src.c.o
/usr/bin/cc   -DCMAKE_HAVE_LIBC_PTHREAD   -o CMakeFiles/cmTC_04110.dir/src.c.o   -c /home/salaheldinm/Penguins/build/slam_toolbox/CMakeFiles/CMakeTmp/src.c
Linking C executable cmTC_04110
/usr/bin/cmake -E cmake_link_script CMakeFiles/cmTC_04110.dir/link.txt --verbose=1
/usr/bin/cc  -DCMAKE_HAVE_LIBC_PTHREAD    CMakeFiles/cmTC_04110.dir/src.c.o  -o cmTC_04110 
/usr/bin/ld: CMakeFiles/cmTC_04110.dir/src.c.o: in function `main':
src.c:(.text+0x46): undefined reference to `pthread_create'
/usr/bin/ld: src.c:(.text+0x52): undefined reference to `pthread_detach'
/usr/bin/ld: src.c:(.text+0x63): undefined reference to `pthread_join'
collect2: error: ld returned 1 exit status
make[1]: *** [CMakeFiles/cmTC_04110.dir/build.make:87: cmTC_04110] Error 1
make[1]: Leaving directory '/home/salaheldinm/Penguins/build/slam_toolbox/CMakeFiles/CMakeTmp'
make: *** [Makefile:121: cmTC_04110/fast] Error 2


Source file was:
#include <pthread.h>

void* test_func(void* data)
{
  return data;
}

int main(void)
{
  pthread_t thread;
  pthread_create(&thread, NULL, test_func, NULL);
  pthread_detach(thread);
  pthread_join(thread, NULL);
  pthread_atfork(NULL, NULL, NULL);
  pthread_exit(NULL);

  return 0;
}

Determining if the function pthread_create exists in the pthreads failed with the following output:
Change Dir: /home/salaheldinm/Penguins/build/slam_toolbox/CMakeFiles/CMakeTmp

Run Build Command(s):/usr/bin/make cmTC_5ef8e/fast && /usr/bin/make -f CMakeFiles/cmTC_5ef8e.dir/build.make CMakeFiles/cmTC_5ef8e.dir/build
make[1]: Entering directory '/home/salaheldinm/Penguins/build/slam_toolbox/CMakeFiles/CMakeTmp'
Building C object CMakeFiles/cmTC_5ef8e.dir/CheckFunctionExists.c.o
/usr/bin/cc   -DCHECK_FUNCTION_EXISTS=pthread_create   -o CMakeFiles/cmTC_5ef8e.dir/CheckFunctionExists.c.o   -c /usr/share/cmake-3.16/Modules/CheckFunctionExists.c
Linking C executable cmTC_5ef8e
/usr/bin/cmake -E cmake_link_script CMakeFiles/cmTC_5ef8e.dir/link.txt --verbose=1
/usr/bin/cc  -DCHECK_FUNCTION_EXISTS=pthread_create    CMakeFiles/cmTC_5ef8e.dir/CheckFunctionExists.c.o  -o cmTC_5ef8e  -lpthreads 
/usr/bin/ld: cannot find -lpthreads
collect2: error: ld returned 1 exit status
make[1]: *** [CMakeFiles/cmTC_5ef8e.dir/build.make:87: cmTC_5ef8e] Error 1
make[1]: Leaving directory '/home/salaheldinm/Penguins/build/slam_toolbox/CMakeFiles/CMakeTmp'
make: *** [Makefile:121: cmTC_5ef8e/fast] Error 2



Determining if the function sgemm_ exists failed with the following output:
Change Dir: /home/salaheldinm/Penguins/build/slam_toolbox/CMakeFiles/CMakeTmp

Run Build Command(s):/usr/bin/make cmTC_09ebf/fast && /usr/bin/make -f CMakeFiles/cmTC_09ebf.dir/build.make CMakeFiles/cmTC_09ebf.dir/build
make[1]: Entering directory '/home/salaheldinm/Penguins/build/slam_toolbox/CMakeFiles/CMakeTmp'
Building C object CMakeFiles/cmTC_09ebf.dir/CheckFunctionExists.c.o
/usr/bin/cc   -DCHECK_FUNCTION_EXISTS=sgemm_   -o CMakeFiles/cmTC_09ebf.dir/CheckFunctionExists.c.o   -c /usr/share/cmake-3.16/Modules/CheckFunctionExists.c
Linking C executable cmTC_09ebf
/usr/bin/cmake -E cmake_link_script CMakeFiles/cmTC_09ebf.dir/link.txt --verbose=1
/usr/bin/cc  -DCHECK_FUNCTION_EXISTS=sgemm_    CMakeFiles/cmTC_09ebf.dir/CheckFunctionExists.c.o  -o cmTC_09ebf 
/usr/bin/ld: CMakeFiles/cmTC_09ebf.dir/CheckFunctionExists.c.o: in function `main':
CheckFunctionExists.c:(.text+0x14): undefined reference to `sgemm_'
collect2: error: ld returned 1 exit status
make[1]: *** [CMakeFiles/cmTC_09ebf.dir/build.make:87: cmTC_09ebf] Error 1
make[1]: Leaving directory '/home/salaheldinm/Penguins/build/slam_toolbox/CMakeFiles/CMakeTmp'
make: *** [Makefile:121: cmTC_09ebf/fast] Error 2



Determining if the function cheev_ exists failed with the following output:
Change Dir: /home/salaheldinm/Penguins/build/slam_toolbox/CMakeFiles/CMakeTmp

Run Build Command(s):/usr/bin/make cmTC_14176/fast && /usr/bin/make -f CMakeFiles/cmTC_14176.dir/build.make CMakeFiles/cmTC_14176.dir/build
make[1]: Entering directory '/home/salaheldinm/Penguins/build/slam_toolbox/CMakeFiles/CMakeTmp'
Building C object CMakeFiles/cmTC_14176.dir/CheckFunctionExists.c.o
/usr/bin/cc   -DCHECK_FUNCTION_EXISTS=cheev_   -o CMakeFiles/cmTC_14176.dir/CheckFunctionExists.c.o   -c /usr/share/cmake-3.16/Modules/CheckFunctionExists.c
Linking C executable cmTC_14176
/usr/bin/cmake -E cmake_link_script CMakeFiles/cmTC_14176.dir/link.txt --verbose=1
/usr/bin/cc  -DCHECK_FUNCTION_EXISTS=cheev_    CMakeFiles/cmTC_14176.dir/CheckFunctionExists.c.o  -o cmTC_14176  /usr/lib/x86_64-linux-gnu/libblas.so 
/usr/bin/ld: CMakeFiles/cmTC_14176.dir/CheckFunctionExists.c.o: in function `main':
CheckFunctionExists.c:(.text+0x14): undefined reference to `cheev_'
collect2: error: ld returned 1 exit status
make[1]: *** [CMakeFiles/cmTC_14176.dir/build.make:88: cmTC_14176] Error 1
make[1]: Leaving directory '/home/salaheldinm/Penguins/build/slam_toolbox/CMakeFiles/CMakeTmp'
make: *** [Makefile:121: cmTC_14176/fast] Error 2



