[0.046s] Invoking command in '/home/salaheldinm/Penguins/build/ouster_sensor_msgs': CMAKE_PREFIX_PATH=/opt/ros/foxy /usr/bin/cmake --build /home/salaheldinm/Penguins/build/ouster_sensor_msgs -- -j16 -l16
[0.275s] [ 10%] Built target ouster_sensor_msgs__rosidl_generator_c
[0.276s] [ 12%] Built target ouster_sensor_msgs__cpp
[0.276s] [ 23%] Built target ouster_sensor_msgs__rosidl_typesupport_introspection_c
[0.276s] [ 40%] Built target ouster_sensor_msgs__rosidl_typesupport_c
[0.276s] [ 45%] Built target ouster_sensor_msgs__rosidl_typesupport_cpp
[0.276s] [ 56%] Built target ouster_sensor_msgs__rosidl_typesupport_fastrtps_cpp
[0.276s] [ 67%] Built target ouster_sensor_msgs__rosidl_typesupport_introspection_cpp
[0.276s] [ 78%] Built target ouster_sensor_msgs__rosidl_typesupport_fastrtps_c
[0.276s] [ 78%] Built target ouster_sensor_msgs
[0.277s] [ 80%] Built target ouster_sensor_msgs__py
[0.281s] [ 89%] Built target ouster_sensor_msgs__python
[0.310s] [ 92%] Built target ouster_sensor_msgs__rosidl_typesupport_introspection_c__pyext
[0.312s] [ 96%] Built target ouster_sensor_msgs__rosidl_typesupport_c__pyext
[0.316s] [100%] Built target ouster_sensor_msgs__rosidl_typesupport_fastrtps_c__pyext
[0.330s] Invoked command in '/home/salaheldinm/Penguins/build/ouster_sensor_msgs' returned '0': CMAKE_PREFIX_PATH=/opt/ros/foxy /usr/bin/cmake --build /home/salaheldinm/Penguins/build/ouster_sensor_msgs -- -j16 -l16
[0.442s] Invoking command in '/home/salaheldinm/Penguins/build/ouster_sensor_msgs': CMAKE_PREFIX_PATH=/opt/ros/foxy /usr/bin/cmake --install /home/salaheldinm/Penguins/build/ouster_sensor_msgs
[0.454s] -- Install configuration: ""
[0.455s] -- Up-to-date: /home/salaheldinm/Penguins/install/ouster_sensor_msgs/share/ament_index/resource_index/rosidl_interfaces/ouster_sensor_msgs
[0.455s] -- Up-to-date: /home/salaheldinm/Penguins/install/ouster_sensor_msgs/include/ouster_sensor_msgs
[0.456s] -- Up-to-date: /home/salaheldinm/Penguins/install/ouster_sensor_msgs/include/ouster_sensor_msgs/msg
[0.456s] -- Up-to-date: /home/salaheldinm/Penguins/install/ouster_sensor_msgs/include/ouster_sensor_msgs/msg/packet_msg.h
[0.456s] -- Up-to-date: /home/salaheldinm/Penguins/install/ouster_sensor_msgs/include/ouster_sensor_msgs/msg/detail
[0.456s] -- Up-to-date: /home/salaheldinm/Penguins/install/ouster_sensor_msgs/include/ouster_sensor_msgs/msg/detail/packet_msg__struct.h
[0.456s] -- Up-to-date: /home/salaheldinm/Penguins/install/ouster_sensor_msgs/include/ouster_sensor_msgs/msg/detail/packet_msg__functions.c
[0.457s] -- Up-to-date: /home/salaheldinm/Penguins/install/ouster_sensor_msgs/include/ouster_sensor_msgs/msg/detail/packet_msg__functions.h
[0.457s] -- Up-to-date: /home/salaheldinm/Penguins/install/ouster_sensor_msgs/include/ouster_sensor_msgs/msg/detail/packet_msg__type_support.h
[0.457s] -- Up-to-date: /home/salaheldinm/Penguins/install/ouster_sensor_msgs/include/ouster_sensor_msgs/msg/rosidl_generator_c__visibility_control.h
[0.457s] -- Up-to-date: /home/salaheldinm/Penguins/install/ouster_sensor_msgs/include/ouster_sensor_msgs/srv
[0.457s] -- Up-to-date: /home/salaheldinm/Penguins/install/ouster_sensor_msgs/include/ouster_sensor_msgs/srv/get_metadata.h
[0.457s] -- Up-to-date: /home/salaheldinm/Penguins/install/ouster_sensor_msgs/include/ouster_sensor_msgs/srv/detail
[0.458s] -- Up-to-date: /home/salaheldinm/Penguins/install/ouster_sensor_msgs/include/ouster_sensor_msgs/srv/detail/get_metadata__struct.h
[0.458s] -- Up-to-date: /home/salaheldinm/Penguins/install/ouster_sensor_msgs/include/ouster_sensor_msgs/srv/detail/set_config__struct.h
[0.458s] -- Up-to-date: /home/salaheldinm/Penguins/install/ouster_sensor_msgs/include/ouster_sensor_msgs/srv/detail/get_metadata__functions.h
[0.458s] -- Up-to-date: /home/salaheldinm/Penguins/install/ouster_sensor_msgs/include/ouster_sensor_msgs/srv/detail/set_config__type_support.h
[0.458s] -- Up-to-date: /home/salaheldinm/Penguins/install/ouster_sensor_msgs/include/ouster_sensor_msgs/srv/detail/get_config__functions.c
[0.458s] -- Up-to-date: /home/salaheldinm/Penguins/install/ouster_sensor_msgs/include/ouster_sensor_msgs/srv/detail/get_metadata__functions.c
[0.458s] -- Up-to-date: /home/salaheldinm/Penguins/install/ouster_sensor_msgs/include/ouster_sensor_msgs/srv/detail/set_config__functions.c
[0.458s] -- Up-to-date: /home/salaheldinm/Penguins/install/ouster_sensor_msgs/include/ouster_sensor_msgs/srv/detail/get_config__type_support.h
[0.458s] -- Up-to-date: /home/salaheldinm/Penguins/install/ouster_sensor_msgs/include/ouster_sensor_msgs/srv/detail/get_config__struct.h
[0.458s] -- Up-to-date: /home/salaheldinm/Penguins/install/ouster_sensor_msgs/include/ouster_sensor_msgs/srv/detail/get_config__functions.h
[0.459s] -- Up-to-date: /home/salaheldinm/Penguins/install/ouster_sensor_msgs/include/ouster_sensor_msgs/srv/detail/set_config__functions.h
[0.459s] -- Up-to-date: /home/salaheldinm/Penguins/install/ouster_sensor_msgs/include/ouster_sensor_msgs/srv/detail/get_metadata__type_support.h
[0.459s] -- Up-to-date: /home/salaheldinm/Penguins/install/ouster_sensor_msgs/include/ouster_sensor_msgs/srv/set_config.h
[0.459s] -- Up-to-date: /home/salaheldinm/Penguins/install/ouster_sensor_msgs/include/ouster_sensor_msgs/srv/get_config.h
[0.459s] -- Up-to-date: /home/salaheldinm/Penguins/install/ouster_sensor_msgs/share/ouster_sensor_msgs/environment/library_path.sh
[0.459s] -- Up-to-date: /home/salaheldinm/Penguins/install/ouster_sensor_msgs/share/ouster_sensor_msgs/environment/library_path.dsv
[0.459s] -- Up-to-date: /home/salaheldinm/Penguins/install/ouster_sensor_msgs/lib/libouster_sensor_msgs__rosidl_generator_c.so
[0.459s] -- Up-to-date: /home/salaheldinm/Penguins/install/ouster_sensor_msgs/include/ouster_sensor_msgs
[0.459s] -- Up-to-date: /home/salaheldinm/Penguins/install/ouster_sensor_msgs/include/ouster_sensor_msgs/msg
[0.460s] -- Up-to-date: /home/salaheldinm/Penguins/install/ouster_sensor_msgs/include/ouster_sensor_msgs/msg/detail
[0.460s] -- Up-to-date: /home/salaheldinm/Penguins/install/ouster_sensor_msgs/include/ouster_sensor_msgs/msg/detail/packet_msg__rosidl_typesupport_fastrtps_c.h
[0.460s] -- Up-to-date: /home/salaheldinm/Penguins/install/ouster_sensor_msgs/include/ouster_sensor_msgs/msg/rosidl_typesupport_fastrtps_c__visibility_control.h
[0.460s] -- Up-to-date: /home/salaheldinm/Penguins/install/ouster_sensor_msgs/include/ouster_sensor_msgs/srv
[0.460s] -- Up-to-date: /home/salaheldinm/Penguins/install/ouster_sensor_msgs/include/ouster_sensor_msgs/srv/detail
[0.460s] -- Up-to-date: /home/salaheldinm/Penguins/install/ouster_sensor_msgs/include/ouster_sensor_msgs/srv/detail/get_config__rosidl_typesupport_fastrtps_c.h
[0.460s] -- Up-to-date: /home/salaheldinm/Penguins/install/ouster_sensor_msgs/include/ouster_sensor_msgs/srv/detail/set_config__rosidl_typesupport_fastrtps_c.h
[0.460s] -- Up-to-date: /home/salaheldinm/Penguins/install/ouster_sensor_msgs/include/ouster_sensor_msgs/srv/detail/get_metadata__rosidl_typesupport_fastrtps_c.h
[0.461s] -- Up-to-date: /home/salaheldinm/Penguins/install/ouster_sensor_msgs/lib/libouster_sensor_msgs__rosidl_typesupport_fastrtps_c.so
[0.461s] -- Up-to-date: /home/salaheldinm/Penguins/install/ouster_sensor_msgs/include/ouster_sensor_msgs
[0.461s] -- Up-to-date: /home/salaheldinm/Penguins/install/ouster_sensor_msgs/include/ouster_sensor_msgs/msg
[0.461s] -- Up-to-date: /home/salaheldinm/Penguins/install/ouster_sensor_msgs/include/ouster_sensor_msgs/msg/detail
[0.461s] -- Up-to-date: /home/salaheldinm/Penguins/install/ouster_sensor_msgs/include/ouster_sensor_msgs/msg/detail/dds_fastrtps
[0.461s] -- Up-to-date: /home/salaheldinm/Penguins/install/ouster_sensor_msgs/include/ouster_sensor_msgs/msg/detail/packet_msg__rosidl_typesupport_fastrtps_cpp.hpp
[0.461s] -- Up-to-date: /home/salaheldinm/Penguins/install/ouster_sensor_msgs/include/ouster_sensor_msgs/msg/rosidl_typesupport_fastrtps_cpp__visibility_control.h
[0.461s] -- Up-to-date: /home/salaheldinm/Penguins/install/ouster_sensor_msgs/include/ouster_sensor_msgs/srv
[0.462s] -- Up-to-date: /home/salaheldinm/Penguins/install/ouster_sensor_msgs/include/ouster_sensor_msgs/srv/detail
[0.462s] -- Up-to-date: /home/salaheldinm/Penguins/install/ouster_sensor_msgs/include/ouster_sensor_msgs/srv/detail/set_config__rosidl_typesupport_fastrtps_cpp.hpp
[0.462s] -- Up-to-date: /home/salaheldinm/Penguins/install/ouster_sensor_msgs/include/ouster_sensor_msgs/srv/detail/dds_fastrtps
[0.462s] -- Up-to-date: /home/salaheldinm/Penguins/install/ouster_sensor_msgs/include/ouster_sensor_msgs/srv/detail/get_config__rosidl_typesupport_fastrtps_cpp.hpp
[0.462s] -- Up-to-date: /home/salaheldinm/Penguins/install/ouster_sensor_msgs/include/ouster_sensor_msgs/srv/detail/get_metadata__rosidl_typesupport_fastrtps_cpp.hpp
[0.462s] -- Up-to-date: /home/salaheldinm/Penguins/install/ouster_sensor_msgs/lib/libouster_sensor_msgs__rosidl_typesupport_fastrtps_cpp.so
[0.462s] -- Up-to-date: /home/salaheldinm/Penguins/install/ouster_sensor_msgs/include/ouster_sensor_msgs
[0.462s] -- Up-to-date: /home/salaheldinm/Penguins/install/ouster_sensor_msgs/include/ouster_sensor_msgs/msg
[0.462s] -- Up-to-date: /home/salaheldinm/Penguins/install/ouster_sensor_msgs/include/ouster_sensor_msgs/msg/detail
[0.462s] -- Up-to-date: /home/salaheldinm/Penguins/install/ouster_sensor_msgs/include/ouster_sensor_msgs/msg/detail/packet_msg__rosidl_typesupport_introspection_c.h
[0.463s] -- Up-to-date: /home/salaheldinm/Penguins/install/ouster_sensor_msgs/include/ouster_sensor_msgs/msg/detail/packet_msg__type_support.c
[0.463s] -- Up-to-date: /home/salaheldinm/Penguins/install/ouster_sensor_msgs/include/ouster_sensor_msgs/msg/rosidl_typesupport_introspection_c__visibility_control.h
[0.463s] -- Up-to-date: /home/salaheldinm/Penguins/install/ouster_sensor_msgs/include/ouster_sensor_msgs/srv
[0.463s] -- Up-to-date: /home/salaheldinm/Penguins/install/ouster_sensor_msgs/include/ouster_sensor_msgs/srv/detail
[0.463s] -- Up-to-date: /home/salaheldinm/Penguins/install/ouster_sensor_msgs/include/ouster_sensor_msgs/srv/detail/set_config__rosidl_typesupport_introspection_c.h
[0.463s] -- Up-to-date: /home/salaheldinm/Penguins/install/ouster_sensor_msgs/include/ouster_sensor_msgs/srv/detail/get_config__type_support.c
[0.463s] -- Up-to-date: /home/salaheldinm/Penguins/install/ouster_sensor_msgs/include/ouster_sensor_msgs/srv/detail/get_metadata__rosidl_typesupport_introspection_c.h
[0.463s] -- Up-to-date: /home/salaheldinm/Penguins/install/ouster_sensor_msgs/include/ouster_sensor_msgs/srv/detail/get_metadata__type_support.c
[0.464s] -- Up-to-date: /home/salaheldinm/Penguins/install/ouster_sensor_msgs/include/ouster_sensor_msgs/srv/detail/set_config__type_support.c
[0.464s] -- Up-to-date: /home/salaheldinm/Penguins/install/ouster_sensor_msgs/include/ouster_sensor_msgs/srv/detail/get_config__rosidl_typesupport_introspection_c.h
[0.464s] -- Up-to-date: /home/salaheldinm/Penguins/install/ouster_sensor_msgs/lib/libouster_sensor_msgs__rosidl_typesupport_introspection_c.so
[0.464s] -- Up-to-date: /home/salaheldinm/Penguins/install/ouster_sensor_msgs/lib/libouster_sensor_msgs__rosidl_typesupport_c.so
[0.464s] -- Up-to-date: /home/salaheldinm/Penguins/install/ouster_sensor_msgs/include/ouster_sensor_msgs
[0.464s] -- Up-to-date: /home/salaheldinm/Penguins/install/ouster_sensor_msgs/include/ouster_sensor_msgs/msg
[0.464s] -- Up-to-date: /home/salaheldinm/Penguins/install/ouster_sensor_msgs/include/ouster_sensor_msgs/msg/packet_msg.hpp
[0.464s] -- Up-to-date: /home/salaheldinm/Penguins/install/ouster_sensor_msgs/include/ouster_sensor_msgs/msg/detail
[0.464s] -- Up-to-date: /home/salaheldinm/Penguins/install/ouster_sensor_msgs/include/ouster_sensor_msgs/msg/detail/packet_msg__type_support.hpp
[0.465s] -- Up-to-date: /home/salaheldinm/Penguins/install/ouster_sensor_msgs/include/ouster_sensor_msgs/msg/detail/packet_msg__traits.hpp
[0.465s] -- Up-to-date: /home/salaheldinm/Penguins/install/ouster_sensor_msgs/include/ouster_sensor_msgs/msg/detail/packet_msg__builder.hpp
[0.465s] -- Up-to-date: /home/salaheldinm/Penguins/install/ouster_sensor_msgs/include/ouster_sensor_msgs/msg/detail/packet_msg__struct.hpp
[0.465s] -- Up-to-date: /home/salaheldinm/Penguins/install/ouster_sensor_msgs/include/ouster_sensor_msgs/msg/rosidl_generator_cpp__visibility_control.hpp
[0.465s] -- Up-to-date: /home/salaheldinm/Penguins/install/ouster_sensor_msgs/include/ouster_sensor_msgs/srv
[0.465s] -- Up-to-date: /home/salaheldinm/Penguins/install/ouster_sensor_msgs/include/ouster_sensor_msgs/srv/get_metadata.hpp
[0.465s] -- Up-to-date: /home/salaheldinm/Penguins/install/ouster_sensor_msgs/include/ouster_sensor_msgs/srv/detail
[0.466s] -- Up-to-date: /home/salaheldinm/Penguins/install/ouster_sensor_msgs/include/ouster_sensor_msgs/srv/detail/get_config__builder.hpp
[0.466s] -- Up-to-date: /home/salaheldinm/Penguins/install/ouster_sensor_msgs/include/ouster_sensor_msgs/srv/detail/set_config__struct.hpp
[0.466s] -- Up-to-date: /home/salaheldinm/Penguins/install/ouster_sensor_msgs/include/ouster_sensor_msgs/srv/detail/set_config__type_support.hpp
[0.466s] -- Up-to-date: /home/salaheldinm/Penguins/install/ouster_sensor_msgs/include/ouster_sensor_msgs/srv/detail/set_config__traits.hpp
[0.466s] -- Up-to-date: /home/salaheldinm/Penguins/install/ouster_sensor_msgs/include/ouster_sensor_msgs/srv/detail/get_metadata__struct.hpp
[0.466s] -- Up-to-date: /home/salaheldinm/Penguins/install/ouster_sensor_msgs/include/ouster_sensor_msgs/srv/detail/get_metadata__traits.hpp
[0.466s] -- Up-to-date: /home/salaheldinm/Penguins/install/ouster_sensor_msgs/include/ouster_sensor_msgs/srv/detail/get_metadata__builder.hpp
[0.466s] -- Up-to-date: /home/salaheldinm/Penguins/install/ouster_sensor_msgs/include/ouster_sensor_msgs/srv/detail/get_metadata__type_support.hpp
[0.467s] -- Up-to-date: /home/salaheldinm/Penguins/install/ouster_sensor_msgs/include/ouster_sensor_msgs/srv/detail/get_config__struct.hpp
[0.467s] -- Up-to-date: /home/salaheldinm/Penguins/install/ouster_sensor_msgs/include/ouster_sensor_msgs/srv/detail/get_config__type_support.hpp
[0.467s] -- Up-to-date: /home/salaheldinm/Penguins/install/ouster_sensor_msgs/include/ouster_sensor_msgs/srv/detail/set_config__builder.hpp
[0.467s] -- Up-to-date: /home/salaheldinm/Penguins/install/ouster_sensor_msgs/include/ouster_sensor_msgs/srv/detail/get_config__traits.hpp
[0.467s] -- Up-to-date: /home/salaheldinm/Penguins/install/ouster_sensor_msgs/include/ouster_sensor_msgs/srv/get_config.hpp
[0.467s] -- Up-to-date: /home/salaheldinm/Penguins/install/ouster_sensor_msgs/include/ouster_sensor_msgs/srv/set_config.hpp
[0.467s] -- Up-to-date: /home/salaheldinm/Penguins/install/ouster_sensor_msgs/include/ouster_sensor_msgs
[0.468s] -- Up-to-date: /home/salaheldinm/Penguins/install/ouster_sensor_msgs/include/ouster_sensor_msgs/msg
[0.468s] -- Up-to-date: /home/salaheldinm/Penguins/install/ouster_sensor_msgs/include/ouster_sensor_msgs/msg/detail
[0.468s] -- Up-to-date: /home/salaheldinm/Penguins/install/ouster_sensor_msgs/include/ouster_sensor_msgs/msg/detail/packet_msg__type_support.cpp
[0.468s] -- Up-to-date: /home/salaheldinm/Penguins/install/ouster_sensor_msgs/include/ouster_sensor_msgs/msg/detail/packet_msg__rosidl_typesupport_introspection_cpp.hpp
[0.468s] -- Up-to-date: /home/salaheldinm/Penguins/install/ouster_sensor_msgs/include/ouster_sensor_msgs/srv
[0.468s] -- Up-to-date: /home/salaheldinm/Penguins/install/ouster_sensor_msgs/include/ouster_sensor_msgs/srv/detail
[0.468s] -- Up-to-date: /home/salaheldinm/Penguins/install/ouster_sensor_msgs/include/ouster_sensor_msgs/srv/detail/get_metadata__rosidl_typesupport_introspection_cpp.hpp
[0.468s] -- Up-to-date: /home/salaheldinm/Penguins/install/ouster_sensor_msgs/include/ouster_sensor_msgs/srv/detail/get_metadata__type_support.cpp
[0.468s] -- Up-to-date: /home/salaheldinm/Penguins/install/ouster_sensor_msgs/include/ouster_sensor_msgs/srv/detail/get_config__type_support.cpp
[0.469s] -- Up-to-date: /home/salaheldinm/Penguins/install/ouster_sensor_msgs/include/ouster_sensor_msgs/srv/detail/get_config__rosidl_typesupport_introspection_cpp.hpp
[0.469s] -- Up-to-date: /home/salaheldinm/Penguins/install/ouster_sensor_msgs/include/ouster_sensor_msgs/srv/detail/set_config__rosidl_typesupport_introspection_cpp.hpp
[0.469s] -- Up-to-date: /home/salaheldinm/Penguins/install/ouster_sensor_msgs/include/ouster_sensor_msgs/srv/detail/set_config__type_support.cpp
[0.469s] -- Up-to-date: /home/salaheldinm/Penguins/install/ouster_sensor_msgs/lib/libouster_sensor_msgs__rosidl_typesupport_introspection_cpp.so
[0.469s] -- Up-to-date: /home/salaheldinm/Penguins/install/ouster_sensor_msgs/lib/libouster_sensor_msgs__rosidl_typesupport_cpp.so
[0.469s] -- Up-to-date: /home/salaheldinm/Penguins/install/ouster_sensor_msgs/share/ouster_sensor_msgs/environment/pythonpath.sh
[0.469s] -- Up-to-date: /home/salaheldinm/Penguins/install/ouster_sensor_msgs/share/ouster_sensor_msgs/environment/pythonpath.dsv
[0.469s] -- Up-to-date: /home/salaheldinm/Penguins/install/ouster_sensor_msgs/lib/python3.8/site-packages/ouster_sensor_msgs/__init__.py
[0.497s] -- Up-to-date: /home/salaheldinm/Penguins/install/ouster_sensor_msgs/lib/python3.8/site-packages/ouster_sensor_msgs/msg
[0.498s] -- Up-to-date: /home/salaheldinm/Penguins/install/ouster_sensor_msgs/lib/python3.8/site-packages/ouster_sensor_msgs/msg/_packet_msg_s.c
[0.498s] -- Up-to-date: /home/salaheldinm/Penguins/install/ouster_sensor_msgs/lib/python3.8/site-packages/ouster_sensor_msgs/msg/_packet_msg.py
[0.498s] -- Up-to-date: /home/salaheldinm/Penguins/install/ouster_sensor_msgs/lib/python3.8/site-packages/ouster_sensor_msgs/msg/__init__.py
[0.498s] -- Up-to-date: /home/salaheldinm/Penguins/install/ouster_sensor_msgs/lib/python3.8/site-packages/ouster_sensor_msgs/srv
[0.498s] -- Up-to-date: /home/salaheldinm/Penguins/install/ouster_sensor_msgs/lib/python3.8/site-packages/ouster_sensor_msgs/srv/_set_config.py
[0.498s] -- Up-to-date: /home/salaheldinm/Penguins/install/ouster_sensor_msgs/lib/python3.8/site-packages/ouster_sensor_msgs/srv/_get_metadata.py
[0.498s] -- Up-to-date: /home/salaheldinm/Penguins/install/ouster_sensor_msgs/lib/python3.8/site-packages/ouster_sensor_msgs/srv/_get_metadata_s.c
[0.499s] -- Up-to-date: /home/salaheldinm/Penguins/install/ouster_sensor_msgs/lib/python3.8/site-packages/ouster_sensor_msgs/srv/_get_config_s.c
[0.499s] -- Up-to-date: /home/salaheldinm/Penguins/install/ouster_sensor_msgs/lib/python3.8/site-packages/ouster_sensor_msgs/srv/_get_config.py
[0.499s] -- Up-to-date: /home/salaheldinm/Penguins/install/ouster_sensor_msgs/lib/python3.8/site-packages/ouster_sensor_msgs/srv/__init__.py
[0.499s] -- Up-to-date: /home/salaheldinm/Penguins/install/ouster_sensor_msgs/lib/python3.8/site-packages/ouster_sensor_msgs/srv/_set_config_s.c
[0.499s] -- Up-to-date: /home/salaheldinm/Penguins/install/ouster_sensor_msgs/lib/python3.8/site-packages/ouster_sensor_msgs/ouster_sensor_msgs_s__rosidl_typesupport_fastrtps_c.cpython-38-x86_64-linux-gnu.so
[0.500s] -- Up-to-date: /home/salaheldinm/Penguins/install/ouster_sensor_msgs/lib/python3.8/site-packages/ouster_sensor_msgs/ouster_sensor_msgs_s__rosidl_typesupport_introspection_c.cpython-38-x86_64-linux-gnu.so
[0.500s] -- Up-to-date: /home/salaheldinm/Penguins/install/ouster_sensor_msgs/lib/python3.8/site-packages/ouster_sensor_msgs/ouster_sensor_msgs_s__rosidl_typesupport_c.cpython-38-x86_64-linux-gnu.so
[0.500s] -- Up-to-date: /home/salaheldinm/Penguins/install/ouster_sensor_msgs/lib/libouster_sensor_msgs__python.so
[0.501s] -- Up-to-date: /home/salaheldinm/Penguins/install/ouster_sensor_msgs/share/ouster_sensor_msgs/msg/PacketMsg.idl
[0.501s] -- Up-to-date: /home/salaheldinm/Penguins/install/ouster_sensor_msgs/share/ouster_sensor_msgs/srv/GetConfig.idl
[0.501s] -- Up-to-date: /home/salaheldinm/Penguins/install/ouster_sensor_msgs/share/ouster_sensor_msgs/srv/SetConfig.idl
[0.501s] -- Up-to-date: /home/salaheldinm/Penguins/install/ouster_sensor_msgs/share/ouster_sensor_msgs/srv/GetMetadata.idl
[0.501s] -- Up-to-date: /home/salaheldinm/Penguins/install/ouster_sensor_msgs/share/ouster_sensor_msgs/msg/PacketMsg.msg
[0.502s] -- Up-to-date: /home/salaheldinm/Penguins/install/ouster_sensor_msgs/share/ouster_sensor_msgs/srv/GetConfig.srv
[0.502s] -- Up-to-date: /home/salaheldinm/Penguins/install/ouster_sensor_msgs/share/ouster_sensor_msgs/srv/GetConfig_Request.msg
[0.502s] -- Up-to-date: /home/salaheldinm/Penguins/install/ouster_sensor_msgs/share/ouster_sensor_msgs/srv/GetConfig_Response.msg
[0.502s] -- Up-to-date: /home/salaheldinm/Penguins/install/ouster_sensor_msgs/share/ouster_sensor_msgs/srv/SetConfig.srv
[0.502s] -- Up-to-date: /home/salaheldinm/Penguins/install/ouster_sensor_msgs/share/ouster_sensor_msgs/srv/SetConfig_Request.msg
[0.502s] -- Up-to-date: /home/salaheldinm/Penguins/install/ouster_sensor_msgs/share/ouster_sensor_msgs/srv/SetConfig_Response.msg
[0.502s] -- Up-to-date: /home/salaheldinm/Penguins/install/ouster_sensor_msgs/share/ouster_sensor_msgs/srv/GetMetadata.srv
[0.502s] -- Up-to-date: /home/salaheldinm/Penguins/install/ouster_sensor_msgs/share/ouster_sensor_msgs/srv/GetMetadata_Request.msg
[0.503s] -- Up-to-date: /home/salaheldinm/Penguins/install/ouster_sensor_msgs/share/ouster_sensor_msgs/srv/GetMetadata_Response.msg
[0.503s] -- Up-to-date: /home/salaheldinm/Penguins/install/ouster_sensor_msgs/share/ament_index/resource_index/package_run_dependencies/ouster_sensor_msgs
[0.503s] -- Up-to-date: /home/salaheldinm/Penguins/install/ouster_sensor_msgs/share/ament_index/resource_index/parent_prefix_path/ouster_sensor_msgs
[0.503s] -- Up-to-date: /home/salaheldinm/Penguins/install/ouster_sensor_msgs/share/ouster_sensor_msgs/environment/ament_prefix_path.sh
[0.503s] -- Up-to-date: /home/salaheldinm/Penguins/install/ouster_sensor_msgs/share/ouster_sensor_msgs/environment/ament_prefix_path.dsv
[0.503s] -- Up-to-date: /home/salaheldinm/Penguins/install/ouster_sensor_msgs/share/ouster_sensor_msgs/environment/path.sh
[0.503s] -- Up-to-date: /home/salaheldinm/Penguins/install/ouster_sensor_msgs/share/ouster_sensor_msgs/environment/path.dsv
[0.503s] -- Up-to-date: /home/salaheldinm/Penguins/install/ouster_sensor_msgs/share/ouster_sensor_msgs/local_setup.bash
[0.504s] -- Up-to-date: /home/salaheldinm/Penguins/install/ouster_sensor_msgs/share/ouster_sensor_msgs/local_setup.sh
[0.504s] -- Up-to-date: /home/salaheldinm/Penguins/install/ouster_sensor_msgs/share/ouster_sensor_msgs/local_setup.zsh
[0.504s] -- Up-to-date: /home/salaheldinm/Penguins/install/ouster_sensor_msgs/share/ouster_sensor_msgs/local_setup.dsv
[0.504s] -- Installing: /home/salaheldinm/Penguins/install/ouster_sensor_msgs/share/ouster_sensor_msgs/package.dsv
[0.505s] -- Up-to-date: /home/salaheldinm/Penguins/install/ouster_sensor_msgs/share/ament_index/resource_index/packages/ouster_sensor_msgs
[0.506s] -- Up-to-date: /home/salaheldinm/Penguins/install/ouster_sensor_msgs/share/ouster_sensor_msgs/cmake/ouster_sensor_msgs__rosidl_generator_cExport.cmake
[0.506s] -- Up-to-date: /home/salaheldinm/Penguins/install/ouster_sensor_msgs/share/ouster_sensor_msgs/cmake/ouster_sensor_msgs__rosidl_generator_cExport-noconfig.cmake
[0.506s] -- Up-to-date: /home/salaheldinm/Penguins/install/ouster_sensor_msgs/share/ouster_sensor_msgs/cmake/ouster_sensor_msgs__rosidl_typesupport_introspection_cExport.cmake
[0.506s] -- Up-to-date: /home/salaheldinm/Penguins/install/ouster_sensor_msgs/share/ouster_sensor_msgs/cmake/ouster_sensor_msgs__rosidl_typesupport_introspection_cExport-noconfig.cmake
[0.507s] -- Up-to-date: /home/salaheldinm/Penguins/install/ouster_sensor_msgs/share/ouster_sensor_msgs/cmake/ouster_sensor_msgs__rosidl_typesupport_cExport.cmake
[0.507s] -- Up-to-date: /home/salaheldinm/Penguins/install/ouster_sensor_msgs/share/ouster_sensor_msgs/cmake/ouster_sensor_msgs__rosidl_typesupport_cExport-noconfig.cmake
[0.507s] -- Up-to-date: /home/salaheldinm/Penguins/install/ouster_sensor_msgs/share/ouster_sensor_msgs/cmake/ouster_sensor_msgs__rosidl_generator_cppExport.cmake
[0.507s] -- Up-to-date: /home/salaheldinm/Penguins/install/ouster_sensor_msgs/share/ouster_sensor_msgs/cmake/ouster_sensor_msgs__rosidl_typesupport_introspection_cppExport.cmake
[0.507s] -- Up-to-date: /home/salaheldinm/Penguins/install/ouster_sensor_msgs/share/ouster_sensor_msgs/cmake/ouster_sensor_msgs__rosidl_typesupport_introspection_cppExport-noconfig.cmake
[0.507s] -- Up-to-date: /home/salaheldinm/Penguins/install/ouster_sensor_msgs/share/ouster_sensor_msgs/cmake/ouster_sensor_msgs__rosidl_typesupport_cppExport.cmake
[0.507s] -- Up-to-date: /home/salaheldinm/Penguins/install/ouster_sensor_msgs/share/ouster_sensor_msgs/cmake/ouster_sensor_msgs__rosidl_typesupport_cppExport-noconfig.cmake
[0.507s] -- Up-to-date: /home/salaheldinm/Penguins/install/ouster_sensor_msgs/share/ouster_sensor_msgs/cmake/rosidl_cmake-extras.cmake
[0.508s] -- Up-to-date: /home/salaheldinm/Penguins/install/ouster_sensor_msgs/share/ouster_sensor_msgs/cmake/ament_cmake_export_dependencies-extras.cmake
[0.508s] -- Up-to-date: /home/salaheldinm/Penguins/install/ouster_sensor_msgs/share/ouster_sensor_msgs/cmake/ament_cmake_export_libraries-extras.cmake
[0.508s] -- Up-to-date: /home/salaheldinm/Penguins/install/ouster_sensor_msgs/share/ouster_sensor_msgs/cmake/ament_cmake_export_targets-extras.cmake
[0.508s] -- Up-to-date: /home/salaheldinm/Penguins/install/ouster_sensor_msgs/share/ouster_sensor_msgs/cmake/ament_cmake_export_include_directories-extras.cmake
[0.508s] -- Up-to-date: /home/salaheldinm/Penguins/install/ouster_sensor_msgs/share/ouster_sensor_msgs/cmake/rosidl_cmake_export_typesupport_libraries-extras.cmake
[0.508s] -- Up-to-date: /home/salaheldinm/Penguins/install/ouster_sensor_msgs/share/ouster_sensor_msgs/cmake/rosidl_cmake_export_typesupport_targets-extras.cmake
[0.508s] -- Up-to-date: /home/salaheldinm/Penguins/install/ouster_sensor_msgs/share/ouster_sensor_msgs/cmake/ouster_sensor_msgsConfig.cmake
[0.508s] -- Up-to-date: /home/salaheldinm/Penguins/install/ouster_sensor_msgs/share/ouster_sensor_msgs/cmake/ouster_sensor_msgsConfig-version.cmake
[0.508s] -- Up-to-date: /home/salaheldinm/Penguins/install/ouster_sensor_msgs/share/ouster_sensor_msgs/package.xml
[0.509s] Invoked command in '/home/salaheldinm/Penguins/build/ouster_sensor_msgs' returned '0': CMAKE_PREFIX_PATH=/opt/ros/foxy /usr/bin/cmake --install /home/salaheldinm/Penguins/build/ouster_sensor_msgs
