[0.849s] Invoking command in '/home/salaheldinm/Penguins/src/fake_odometry_publisher/fake_odometry_publisher': PYTHONPATH=/home/salaheldinm/Penguins/build/fake_odometry_publisher/prefix_override:/home/salaheldinm/Penguins/install/fake_odometry_publisher/lib/python3.8/site-packages:${PYTHONPATH} /usr/bin/python3 -W ignore:setup.py install is deprecated setup.py egg_info --egg-base ../../../build/fake_odometry_publisher build --build-base /home/salaheldinm/Penguins/build/fake_odometry_publisher/build install --record /home/salaheldinm/Penguins/build/fake_odometry_publisher/install.log --single-version-externally-managed install_data
[1.103s] running egg_info
[1.103s] writing ../../../build/fake_odometry_publisher/fake_odometry_publisher.egg-info/PKG-INFO
[1.103s] writing dependency_links to ../../../build/fake_odometry_publisher/fake_odometry_publisher.egg-info/dependency_links.txt
[1.104s] writing entry points to ../../../build/fake_odometry_publisher/fake_odometry_publisher.egg-info/entry_points.txt
[1.104s] writing requirements to ../../../build/fake_odometry_publisher/fake_odometry_publisher.egg-info/requires.txt
[1.104s] writing top-level names to ../../../build/fake_odometry_publisher/fake_odometry_publisher.egg-info/top_level.txt
[1.138s] reading manifest file '../../../build/fake_odometry_publisher/fake_odometry_publisher.egg-info/SOURCES.txt'
[1.139s] writing manifest file '../../../build/fake_odometry_publisher/fake_odometry_publisher.egg-info/SOURCES.txt'
[1.139s] running build
[1.139s] running build_py
[1.139s] running install
[1.140s] running install_lib
[1.141s] running install_data
[1.142s] running install_egg_info
[1.143s] removing '/home/salaheldinm/Penguins/install/fake_odometry_publisher/lib/python3.8/site-packages/fake_odometry_publisher-0.0.0-py3.8.egg-info' (and everything under it)
[1.143s] Copying ../../../build/fake_odometry_publisher/fake_odometry_publisher.egg-info to /home/salaheldinm/Penguins/install/fake_odometry_publisher/lib/python3.8/site-packages/fake_odometry_publisher-0.0.0-py3.8.egg-info
[1.144s] running install_scripts
[1.168s] Installing fake_odometry_publisher script to /home/salaheldinm/Penguins/install/fake_odometry_publisher/lib/fake_odometry_publisher
[1.168s] writing list of installed files to '/home/salaheldinm/Penguins/build/fake_odometry_publisher/install.log'
[1.212s] Invoked command in '/home/salaheldinm/Penguins/src/fake_odometry_publisher/fake_odometry_publisher' returned '0': PYTHONPATH=/home/salaheldinm/Penguins/build/fake_odometry_publisher/prefix_override:/home/salaheldinm/Penguins/install/fake_odometry_publisher/lib/python3.8/site-packages:${PYTHONPATH} /usr/bin/python3 -W ignore:setup.py install is deprecated setup.py egg_info --egg-base ../../../build/fake_odometry_publisher build --build-base /home/salaheldinm/Penguins/build/fake_odometry_publisher/build install --record /home/salaheldinm/Penguins/build/fake_odometry_publisher/install.log --single-version-externally-managed install_data
