[0.319s] Invoking command in '/home/salaheldinm/Penguins/build/my_cpp_package': CMAKE_PREFIX_PATH=${CMAKE_PREFIX_PATH}:/home/salaheldinm/Penguins/install/fake_odometry_publisher:/opt/ros/foxy /usr/bin/cmake --build /home/salaheldinm/Penguins/build/my_cpp_package -- -j16 -l16
[0.361s] -- Found ament_cmake: 0.9.12 (/opt/ros/foxy/share/ament_cmake/cmake)
[0.396s] -- Using PYTHON_EXECUTABLE: /usr/bin/python3
[0.594s] -- Found rclcpp: 2.4.3 (/opt/ros/foxy/share/rclcpp/cmake)
[0.626s] -- Using all available rosidl_typesupport_c: rosidl_typesupport_fastrtps_c;rosidl_typesupport_introspection_c
[0.629s] -- Found rosidl_adapter: 1.3.1 (/opt/ros/foxy/share/rosidl_adapter/cmake)
[0.768s] -- Using all available rosidl_typesupport_cpp: rosidl_typesupport_fastrtps_cpp;rosidl_typesupport_introspection_cpp
[0.820s] -- Found rmw_implementation_cmake: 1.0.4 (/opt/ros/foxy/share/rmw_implementation_cmake/cmake)
[0.826s] -- Using RMW implementation 'rmw_fastrtps_cpp' as default
[0.962s] -- Found tf2_ros: 0.13.14 (/opt/ros/foxy/share/tf2_ros/cmake)
[1.297s] -- Found nav_msgs: 2.0.5 (/opt/ros/foxy/share/nav_msgs/cmake)
[1.361s] -- Found sensor_msgs: 2.0.5 (/opt/ros/foxy/share/sensor_msgs/cmake)
[1.418s] -- Found tf2_geometry_msgs: 0.13.14 (/opt/ros/foxy/share/tf2_geometry_msgs/cmake)
[1.423s] -- Found eigen3_cmake_module: 0.1.1 (/opt/ros/foxy/share/eigen3_cmake_module/cmake)
[1.466s] -- Checking for module 'eigen3'
[1.499s] --   Found eigen3, version 3.3.7
[1.580s] -- Found Eigen: /usr/include/eigen3 (Required is at least version "3.1") 
[1.580s] -- Eigen found (include: /usr/include/eigen3, version: 3.3.7)
[1.632s] -- Found Boost: /usr/include (found suitable version "1.71.0", minimum required is "1.55.0") found components: system filesystem date_time iostreams regex 
[1.650s] -- Checking for module 'flann'
[1.684s] --   Found flann, version 1.9.1
[1.773s] -- Found FLANN: /usr/lib/x86_64-linux-gnu/libflann_cpp.so  
[1.833s] -- The imported target "vtkParseOGLExt" references the file
[1.833s]    "/usr/bin/vtkParseOGLExt-7.1"
[1.833s] but this file does not exist.  Possible reasons include:
[1.833s] * The file was deleted, renamed, or moved to another location.
[1.833s] * An install or uninstall procedure did not complete successfully.
[1.834s] * The installation package was faulty and contained
[1.834s]    "/usr/lib/cmake/vtk-7.1/VTKTargets.cmake"
[1.834s] but not all the files it references.
[1.834s] 
[1.836s] -- The imported target "vtkRenderingPythonTkWidgets" references the file
[1.836s]    "/usr/lib/x86_64-linux-gnu/libvtkRenderingPythonTkWidgets.so"
[1.836s] but this file does not exist.  Possible reasons include:
[1.836s] * The file was deleted, renamed, or moved to another location.
[1.836s] * An install or uninstall procedure did not complete successfully.
[1.836s] * The installation package was faulty and contained
[1.837s]    "/usr/lib/cmake/vtk-7.1/VTKTargets.cmake"
[1.837s] but not all the files it references.
[1.837s] 
[1.837s] -- The imported target "vtk" references the file
[1.837s]    "/usr/bin/vtk"
[1.837s] but this file does not exist.  Possible reasons include:
[1.838s] * The file was deleted, renamed, or moved to another location.
[1.838s] * An install or uninstall procedure did not complete successfully.
[1.838s] * The installation package was faulty and contained
[1.838s]    "/usr/lib/cmake/vtk-7.1/VTKTargets.cmake"
[1.838s] but not all the files it references.
[1.838s] 
[1.838s] -- The imported target "pvtk" references the file
[1.838s]    "/usr/bin/pvtk"
[1.839s] but this file does not exist.  Possible reasons include:
[1.839s] * The file was deleted, renamed, or moved to another location.
[1.839s] * An install or uninstall procedure did not complete successfully.
[1.839s] * The installation package was faulty and contained
[1.839s]    "/usr/lib/cmake/vtk-7.1/VTKTargets.cmake"
[1.839s] but not all the files it references.
[1.839s] 
[1.874s] -- Checking for module 'libusb-1.0'
[1.908s] --   Found libusb-1.0, version 1.0.23
[1.995s] -- Found USB_10: /usr/lib/x86_64-linux-gnu/libusb-1.0.so  
[2.116s] -- Found OpenNI: /usr/lib/libOpenNI.so  
[2.116s] -- OpenNI found (include: /usr/include/ni, lib: /usr/lib/libOpenNI.so)
[2.249s] -- Found OpenNI2: /usr/lib/libOpenNI2.so  
[2.249s] -- OpenNI2 found (include: /usr/include/openni2, lib: /usr/lib/libOpenNI2.so)
[2.249s] ** WARNING ** io features related to pcap will be disabled
[2.250s] ** WARNING ** io features related to png will be disabled
[2.266s] -- Found libusb-1.0: /usr/include  
[2.266s] ** WARNING ** io features related to libusb-1.0 will be disabled
[2.277s] -- OpenNI found (include: /usr/include/ni, lib: /usr/lib/libOpenNI.so)
[2.290s] -- OpenNI2 found (include: /usr/include/openni2, lib: /usr/lib/libOpenNI2.so)
[2.322s] -- Found Qhull: optimized;/usr/lib/x86_64-linux-gnu/libqhull.so;debug;/usr/lib/x86_64-linux-gnu/libqhull.so  
[2.323s] -- QHULL found (include: /usr/include, lib: optimized;/usr/lib/x86_64-linux-gnu/libqhull.so;debug;/usr/lib/x86_64-linux-gnu/libqhull.so)
[2.334s] -- OpenNI found (include: /usr/include/ni, lib: /usr/lib/libOpenNI.so)
[2.346s] -- looking for PCL_COMMON
[2.347s] -- Found PCL_COMMON: /usr/lib/x86_64-linux-gnu/libpcl_common.so  
[2.347s] -- looking for PCL_KDTREE
[2.349s] -- Found PCL_KDTREE: /usr/lib/x86_64-linux-gnu/libpcl_kdtree.so  
[2.349s] -- looking for PCL_OCTREE
[2.350s] -- Found PCL_OCTREE: /usr/lib/x86_64-linux-gnu/libpcl_octree.so  
[2.350s] -- looking for PCL_SEARCH
[2.351s] -- Found PCL_SEARCH: /usr/lib/x86_64-linux-gnu/libpcl_search.so  
[2.351s] -- looking for PCL_SAMPLE_CONSENSUS
[2.352s] -- Found PCL_SAMPLE_CONSENSUS: /usr/lib/x86_64-linux-gnu/libpcl_sample_consensus.so  
[2.352s] -- looking for PCL_FILTERS
[2.353s] -- Found PCL_FILTERS: /usr/lib/x86_64-linux-gnu/libpcl_filters.so  
[2.353s] -- looking for PCL_2D
[2.353s] -- Found PCL_2D: /usr/include/pcl-1.10  
[2.354s] -- looking for PCL_GEOMETRY
[2.354s] -- Found PCL_GEOMETRY: /usr/include/pcl-1.10  
[2.354s] -- looking for PCL_IO
[2.355s] -- Found PCL_IO: /usr/lib/x86_64-linux-gnu/libpcl_io.so  
[2.355s] -- looking for PCL_FEATURES
[2.356s] -- Found PCL_FEATURES: /usr/lib/x86_64-linux-gnu/libpcl_features.so  
[2.357s] -- looking for PCL_ML
[2.357s] -- Found PCL_ML: /usr/lib/x86_64-linux-gnu/libpcl_ml.so  
[2.358s] -- looking for PCL_SEGMENTATION
[2.359s] -- Found PCL_SEGMENTATION: /usr/lib/x86_64-linux-gnu/libpcl_segmentation.so  
[2.359s] -- looking for PCL_VISUALIZATION
[2.360s] -- Found PCL_VISUALIZATION: /usr/lib/x86_64-linux-gnu/libpcl_visualization.so  
[2.360s] -- looking for PCL_SURFACE
[2.361s] -- Found PCL_SURFACE: /usr/lib/x86_64-linux-gnu/libpcl_surface.so  
[2.361s] -- looking for PCL_REGISTRATION
[2.362s] -- Found PCL_REGISTRATION: /usr/lib/x86_64-linux-gnu/libpcl_registration.so  
[2.362s] -- looking for PCL_KEYPOINTS
[2.363s] -- Found PCL_KEYPOINTS: /usr/lib/x86_64-linux-gnu/libpcl_keypoints.so  
[2.363s] -- looking for PCL_TRACKING
[2.364s] -- Found PCL_TRACKING: /usr/lib/x86_64-linux-gnu/libpcl_tracking.so  
[2.365s] -- looking for PCL_RECOGNITION
[2.365s] -- Found PCL_RECOGNITION: /usr/lib/x86_64-linux-gnu/libpcl_recognition.so  
[2.366s] -- looking for PCL_STEREO
[2.367s] -- Found PCL_STEREO: /usr/lib/x86_64-linux-gnu/libpcl_stereo.so  
[2.367s] -- looking for PCL_APPS
[2.368s] -- Found PCL_APPS: /usr/lib/x86_64-linux-gnu/libpcl_apps.so  
[2.368s] -- looking for PCL_IN_HAND_SCANNER
[2.369s] -- Found PCL_IN_HAND_SCANNER: /usr/include/pcl-1.10  
[2.369s] -- looking for PCL_POINT_CLOUD_EDITOR
[2.370s] -- Found PCL_POINT_CLOUD_EDITOR: /usr/include/pcl-1.10  
[2.370s] -- looking for PCL_OUTOFCORE
[2.372s] -- Found PCL_OUTOFCORE: /usr/lib/x86_64-linux-gnu/libpcl_outofcore.so  
[2.372s] -- looking for PCL_PEOPLE
[2.373s] -- Found PCL_PEOPLE: /usr/lib/x86_64-linux-gnu/libpcl_people.so  
[2.374s] -- Found PCL: pcl_common;pcl_kdtree;pcl_octree;pcl_search;pcl_sample_consensus;pcl_filters;pcl_io;pcl_features;pcl_ml;pcl_segmentation;pcl_visualization;pcl_surface;pcl_registration;pcl_keypoints;pcl_tracking;pcl_recognition;pcl_stereo;pcl_apps;pcl_outofcore;pcl_people;/usr/lib/x86_64-linux-gnu/libboost_system.so;/usr/lib/x86_64-linux-gnu/libboost_filesystem.so;/usr/lib/x86_64-linux-gnu/libboost_date_time.so;/usr/lib/x86_64-linux-gnu/libboost_iostreams.so;/usr/lib/x86_64-linux-gnu/libboost_regex.so;optimized;/usr/lib/x86_64-linux-gnu/libqhull.so;debug;/usr/lib/x86_64-linux-gnu/libqhull.so;/usr/lib/libOpenNI.so;/usr/lib/libOpenNI2.so;vtkChartsCore;vtkCommonColor;vtkCommonCore;vtksys;vtkCommonDataModel;vtkCommonMath;vtkCommonMisc;vtkCommonSystem;vtkCommonTransforms;vtkCommonExecutionModel;vtkFiltersGeneral;vtkCommonComputationalGeometry;vtkFiltersCore;vtkInfovisCore;vtkFiltersExtraction;vtkFiltersStatistics;vtkImagingFourier;vtkImagingCore;vtkalglib;vtkRenderingContext2D;vtkRenderingCore;vtkFiltersGeometry;vtkFiltersSources;vtkRenderingFreeType;/usr/lib/x86_64-linux-gnu/libfreetype.so;/usr/lib/x86_64-linux-gnu/libz.so;vtkFiltersModeling;vtkImagingSources;vtkInteractionStyle;vtkInteractionWidgets;vtkFiltersHybrid;vtkImagingColor;vtkImagingGeneral;vtkImagingHybrid;vtkIOImage;vtkDICOMParser;vtkmetaio;/usr/lib/x86_64-linux-gnu/libjpeg.so;/usr/lib/x86_64-linux-gnu/libpng.so;/usr/lib/x86_64-linux-gnu/libtiff.so;vtkRenderingAnnotation;vtkRenderingVolume;vtkIOXML;vtkIOCore;vtkIOXMLParser;/usr/lib/x86_64-linux-gnu/libexpat.so;vtkIOGeometry;vtkIOLegacy;vtkIOPLY;vtkRenderingLOD;vtkViewsContext2D;vtkViewsCore;vtkRenderingContextOpenGL2;vtkRenderingOpenGL2;FLANN::FLANN  
[2.453s] -- Configuring done
[2.512s] -- Generating done
[2.514s] -- Build files have been written to: /home/salaheldinm/Penguins/build/my_cpp_package
[2.560s] [35m[1mScanning dependencies of target odometry_publisher[0m
[2.648s] [ 50%] [32mBuilding CXX object CMakeFiles/odometry_publisher.dir/src/odometry_publisher.cpp.o[0m
[10.632s] [100%] [32m[1mLinking CXX executable odometry_publisher[0m
[11.511s] [100%] Built target odometry_publisher
[11.531s] Invoked command in '/home/salaheldinm/Penguins/build/my_cpp_package' returned '0': CMAKE_PREFIX_PATH=${CMAKE_PREFIX_PATH}:/home/salaheldinm/Penguins/install/fake_odometry_publisher:/opt/ros/foxy /usr/bin/cmake --build /home/salaheldinm/Penguins/build/my_cpp_package -- -j16 -l16
[11.573s] Invoking command in '/home/salaheldinm/Penguins/build/my_cpp_package': CMAKE_PREFIX_PATH=${CMAKE_PREFIX_PATH}:/home/salaheldinm/Penguins/install/fake_odometry_publisher:/opt/ros/foxy /usr/bin/cmake --install /home/salaheldinm/Penguins/build/my_cpp_package
[11.588s] -- Install configuration: ""
[11.589s] -- Installing: /home/salaheldinm/Penguins/install/my_cpp_package/lib/my_cpp_package/odometry_publisher
[11.593s] -- Set runtime path of "/home/salaheldinm/Penguins/install/my_cpp_package/lib/my_cpp_package/odometry_publisher" to ""
[11.593s] -- Installing: /home/salaheldinm/Penguins/install/my_cpp_package/share/ament_index/resource_index/package_run_dependencies/my_cpp_package
[11.593s] -- Up-to-date: /home/salaheldinm/Penguins/install/my_cpp_package/share/ament_index/resource_index/parent_prefix_path/my_cpp_package
[11.594s] -- Up-to-date: /home/salaheldinm/Penguins/install/my_cpp_package/share/my_cpp_package/environment/ament_prefix_path.sh
[11.594s] -- Installing: /home/salaheldinm/Penguins/install/my_cpp_package/share/my_cpp_package/environment/ament_prefix_path.dsv
[11.594s] -- Up-to-date: /home/salaheldinm/Penguins/install/my_cpp_package/share/my_cpp_package/environment/path.sh
[11.594s] -- Installing: /home/salaheldinm/Penguins/install/my_cpp_package/share/my_cpp_package/environment/path.dsv
[11.594s] -- Up-to-date: /home/salaheldinm/Penguins/install/my_cpp_package/share/my_cpp_package/local_setup.bash
[11.594s] -- Up-to-date: /home/salaheldinm/Penguins/install/my_cpp_package/share/my_cpp_package/local_setup.sh
[11.594s] -- Up-to-date: /home/salaheldinm/Penguins/install/my_cpp_package/share/my_cpp_package/local_setup.zsh
[11.595s] -- Installing: /home/salaheldinm/Penguins/install/my_cpp_package/share/my_cpp_package/local_setup.dsv
[11.595s] -- Installing: /home/salaheldinm/Penguins/install/my_cpp_package/share/my_cpp_package/package.dsv
[11.595s] -- Up-to-date: /home/salaheldinm/Penguins/install/my_cpp_package/share/ament_index/resource_index/packages/my_cpp_package
[11.595s] -- Up-to-date: /home/salaheldinm/Penguins/install/my_cpp_package/share/my_cpp_package/cmake/my_cpp_packageConfig.cmake
[11.595s] -- Up-to-date: /home/salaheldinm/Penguins/install/my_cpp_package/share/my_cpp_package/cmake/my_cpp_packageConfig-version.cmake
[11.595s] -- Installing: /home/salaheldinm/Penguins/install/my_cpp_package/share/my_cpp_package/package.xml
[11.598s] Invoked command in '/home/salaheldinm/Penguins/build/my_cpp_package' returned '0': CMAKE_PREFIX_PATH=${CMAKE_PREFIX_PATH}:/home/salaheldinm/Penguins/install/fake_odometry_publisher:/opt/ros/foxy /usr/bin/cmake --install /home/salaheldinm/Penguins/build/my_cpp_package
