running egg_info
creating ../../../build/fake_odometry_publisher/fake_odometry_publisher.egg-info
writing ../../../build/fake_odometry_publisher/fake_odometry_publisher.egg-info/PKG-INFO
writing dependency_links to ../../../build/fake_odometry_publisher/fake_odometry_publisher.egg-info/dependency_links.txt
writing entry points to ../../../build/fake_odometry_publisher/fake_odometry_publisher.egg-info/entry_points.txt
writing requirements to ../../../build/fake_odometry_publisher/fake_odometry_publisher.egg-info/requires.txt
writing top-level names to ../../../build/fake_odometry_publisher/fake_odometry_publisher.egg-info/top_level.txt
writing manifest file '../../../build/fake_odometry_publisher/fake_odometry_publisher.egg-info/SOURCES.txt'
package init file 'fake_odometry_publisher/__init__.py' not found (or not a regular file)
reading manifest file '../../../build/fake_odometry_publisher/fake_odometry_publisher.egg-info/SOURCES.txt'
writing manifest file '../../../build/fake_odometry_publisher/fake_odometry_publisher.egg-info/SOURCES.txt'
running build
running build_py
creating /home/salaheldinm/Penguins/build/fake_odometry_publisher/build
creating /home/salaheldinm/Penguins/build/fake_odometry_publisher/build/lib
creating /home/salaheldinm/Penguins/build/fake_odometry_publisher/build/lib/fake_odometry_publisher
copying fake_odometry_publisher/fake_odometry_publisher.py -> /home/salaheldinm/Penguins/build/fake_odometry_publisher/build/lib/fake_odometry_publisher
running install
running install_lib
creating /home/salaheldinm/Penguins/install/fake_odometry_publisher/lib/python3.8/site-packages/fake_odometry_publisher
copying /home/salaheldinm/Penguins/build/fake_odometry_publisher/build/lib/fake_odometry_publisher/fake_odometry_publisher.py -> /home/salaheldinm/Penguins/install/fake_odometry_publisher/lib/python3.8/site-packages/fake_odometry_publisher
byte-compiling /home/salaheldinm/Penguins/install/fake_odometry_publisher/lib/python3.8/site-packages/fake_odometry_publisher/fake_odometry_publisher.py to fake_odometry_publisher.cpython-38.pyc
running install_data
creating /home/salaheldinm/Penguins/install/fake_odometry_publisher/share/ament_index
creating /home/salaheldinm/Penguins/install/fake_odometry_publisher/share/ament_index/resource_index
creating /home/salaheldinm/Penguins/install/fake_odometry_publisher/share/ament_index/resource_index/packages
copying resource/fake_odometry_publisher -> /home/salaheldinm/Penguins/install/fake_odometry_publisher/share/ament_index/resource_index/packages
copying package.xml -> /home/salaheldinm/Penguins/install/fake_odometry_publisher/share/fake_odometry_publisher
running install_egg_info
Copying ../../../build/fake_odometry_publisher/fake_odometry_publisher.egg-info to /home/salaheldinm/Penguins/install/fake_odometry_publisher/lib/python3.8/site-packages/fake_odometry_publisher-0.0.0-py3.8.egg-info
running install_scripts
Installing fake_odometry_publisher script to /home/salaheldinm/Penguins/install/fake_odometry_publisher/lib/fake_odometry_publisher
writing list of installed files to '/home/salaheldinm/Penguins/build/fake_odometry_publisher/install.log'
