[0.664s] Invoking command in '/home/salaheldinm/Penguins/src/fake_odometry_publisher/fake_odometry_publisher': PYTHONPATH=/home/salaheldinm/Penguins/build/fake_odometry_publisher/prefix_override:/home/salaheldinm/Penguins/install/fake_odometry_publisher/lib/python3.8/site-packages:${PYTHONPATH} /usr/bin/python3 -W ignore:setup.py install is deprecated setup.py egg_info --egg-base ../../../build/fake_odometry_publisher build --build-base /home/salaheldinm/Penguins/build/fake_odometry_publisher/build install --record /home/salaheldinm/Penguins/build/fake_odometry_publisher/install.log --single-version-externally-managed install_data
[0.846s] running egg_info
[0.847s] creating ../../../build/fake_odometry_publisher/fake_odometry_publisher.egg-info
[0.847s] writing ../../../build/fake_odometry_publisher/fake_odometry_publisher.egg-info/PKG-INFO
[0.847s] writing dependency_links to ../../../build/fake_odometry_publisher/fake_odometry_publisher.egg-info/dependency_links.txt
[0.848s] writing entry points to ../../../build/fake_odometry_publisher/fake_odometry_publisher.egg-info/entry_points.txt
[0.848s] writing requirements to ../../../build/fake_odometry_publisher/fake_odometry_publisher.egg-info/requires.txt
[0.848s] writing top-level names to ../../../build/fake_odometry_publisher/fake_odometry_publisher.egg-info/top_level.txt
[0.850s] writing manifest file '../../../build/fake_odometry_publisher/fake_odometry_publisher.egg-info/SOURCES.txt'
[0.875s] package init file 'fake_odometry_publisher/__init__.py' not found (or not a regular file)
[0.875s] reading manifest file '../../../build/fake_odometry_publisher/fake_odometry_publisher.egg-info/SOURCES.txt'
[0.876s] writing manifest file '../../../build/fake_odometry_publisher/fake_odometry_publisher.egg-info/SOURCES.txt'
[0.876s] running build
[0.876s] running build_py
[0.877s] creating /home/salaheldinm/Penguins/build/fake_odometry_publisher/build
[0.877s] creating /home/salaheldinm/Penguins/build/fake_odometry_publisher/build/lib
[0.877s] creating /home/salaheldinm/Penguins/build/fake_odometry_publisher/build/lib/fake_odometry_publisher
[0.877s] copying fake_odometry_publisher/fake_odometry_publisher.py -> /home/salaheldinm/Penguins/build/fake_odometry_publisher/build/lib/fake_odometry_publisher
[0.877s] running install
[0.878s] running install_lib
[0.878s] creating /home/salaheldinm/Penguins/install/fake_odometry_publisher/lib/python3.8/site-packages/fake_odometry_publisher
[0.879s] copying /home/salaheldinm/Penguins/build/fake_odometry_publisher/build/lib/fake_odometry_publisher/fake_odometry_publisher.py -> /home/salaheldinm/Penguins/install/fake_odometry_publisher/lib/python3.8/site-packages/fake_odometry_publisher
[0.879s] byte-compiling /home/salaheldinm/Penguins/install/fake_odometry_publisher/lib/python3.8/site-packages/fake_odometry_publisher/fake_odometry_publisher.py to fake_odometry_publisher.cpython-38.pyc
[0.881s] running install_data
[0.881s] creating /home/salaheldinm/Penguins/install/fake_odometry_publisher/share/ament_index
[0.881s] creating /home/salaheldinm/Penguins/install/fake_odometry_publisher/share/ament_index/resource_index
[0.881s] creating /home/salaheldinm/Penguins/install/fake_odometry_publisher/share/ament_index/resource_index/packages
[0.881s] copying resource/fake_odometry_publisher -> /home/salaheldinm/Penguins/install/fake_odometry_publisher/share/ament_index/resource_index/packages
[0.881s] copying package.xml -> /home/salaheldinm/Penguins/install/fake_odometry_publisher/share/fake_odometry_publisher
[0.881s] running install_egg_info
[0.882s] Copying ../../../build/fake_odometry_publisher/fake_odometry_publisher.egg-info to /home/salaheldinm/Penguins/install/fake_odometry_publisher/lib/python3.8/site-packages/fake_odometry_publisher-0.0.0-py3.8.egg-info
[0.883s] running install_scripts
[0.897s] Installing fake_odometry_publisher script to /home/salaheldinm/Penguins/install/fake_odometry_publisher/lib/fake_odometry_publisher
[0.897s] writing list of installed files to '/home/salaheldinm/Penguins/build/fake_odometry_publisher/install.log'
[0.927s] Invoked command in '/home/salaheldinm/Penguins/src/fake_odometry_publisher/fake_odometry_publisher' returned '0': PYTHONPATH=/home/salaheldinm/Penguins/build/fake_odometry_publisher/prefix_override:/home/salaheldinm/Penguins/install/fake_odometry_publisher/lib/python3.8/site-packages:${PYTHONPATH} /usr/bin/python3 -W ignore:setup.py install is deprecated setup.py egg_info --egg-base ../../../build/fake_odometry_publisher build --build-base /home/salaheldinm/Penguins/build/fake_odometry_publisher/build install --record /home/salaheldinm/Penguins/build/fake_odometry_publisher/install.log --single-version-externally-managed install_data
