[0.262s] Invoking command in '/home/salaheldinm/Penguins/build/rf2o_laser_odometry': CMAKE_PREFIX_PATH=/opt/ros/foxy /usr/bin/cmake --build /home/salaheldinm/Penguins/build/rf2o_laser_odometry -- -j16 -l16
[0.347s] [ 40%] Built target rf2o_laser_odometry
[0.358s] [100%] Built target rf2o_laser_odometry_node
[0.375s] Invoked command in '/home/salaheldinm/Penguins/build/rf2o_laser_odometry' returned '0': CMAKE_PREFIX_PATH=/opt/ros/foxy /usr/bin/cmake --build /home/salaheldinm/Penguins/build/rf2o_laser_odometry -- -j16 -l16
[0.424s] Invoking command in '/home/salaheldinm/Penguins/build/rf2o_laser_odometry': CMAKE_PREFIX_PATH=/opt/ros/foxy /usr/bin/cmake --install /home/salaheldinm/Penguins/build/rf2o_laser_odometry
[0.432s] -- Install configuration: ""
[0.432s] -- Up-to-date: /home/salaheldinm/Penguins/install/rf2o_laser_odometry/lib/rf2o_laser_odometry/rf2o_laser_odometry_node
[0.433s] -- Up-to-date: /home/salaheldinm/Penguins/install/rf2o_laser_odometry/share/rf2o_laser_odometry/launch
[0.433s] -- Up-to-date: /home/salaheldinm/Penguins/install/rf2o_laser_odometry/share/rf2o_laser_odometry/launch/rf2o_laser_odometry.launch.py
[0.433s] -- Up-to-date: /home/salaheldinm/Penguins/install/rf2o_laser_odometry/share/ament_index/resource_index/package_run_dependencies/rf2o_laser_odometry
[0.433s] -- Up-to-date: /home/salaheldinm/Penguins/install/rf2o_laser_odometry/share/ament_index/resource_index/parent_prefix_path/rf2o_laser_odometry
[0.433s] -- Up-to-date: /home/salaheldinm/Penguins/install/rf2o_laser_odometry/share/rf2o_laser_odometry/environment/ament_prefix_path.sh
[0.433s] -- Up-to-date: /home/salaheldinm/Penguins/install/rf2o_laser_odometry/share/rf2o_laser_odometry/environment/ament_prefix_path.dsv
[0.433s] -- Up-to-date: /home/salaheldinm/Penguins/install/rf2o_laser_odometry/share/rf2o_laser_odometry/environment/path.sh
[0.434s] -- Up-to-date: /home/salaheldinm/Penguins/install/rf2o_laser_odometry/share/rf2o_laser_odometry/environment/path.dsv
[0.434s] -- Up-to-date: /home/salaheldinm/Penguins/install/rf2o_laser_odometry/share/rf2o_laser_odometry/local_setup.bash
[0.434s] -- Up-to-date: /home/salaheldinm/Penguins/install/rf2o_laser_odometry/share/rf2o_laser_odometry/local_setup.sh
[0.434s] -- Up-to-date: /home/salaheldinm/Penguins/install/rf2o_laser_odometry/share/rf2o_laser_odometry/local_setup.zsh
[0.434s] -- Up-to-date: /home/salaheldinm/Penguins/install/rf2o_laser_odometry/share/rf2o_laser_odometry/local_setup.dsv
[0.434s] -- Installing: /home/salaheldinm/Penguins/install/rf2o_laser_odometry/share/rf2o_laser_odometry/package.dsv
[0.435s] -- Up-to-date: /home/salaheldinm/Penguins/install/rf2o_laser_odometry/share/ament_index/resource_index/packages/rf2o_laser_odometry
[0.435s] -- Up-to-date: /home/salaheldinm/Penguins/install/rf2o_laser_odometry/share/rf2o_laser_odometry/cmake/rf2o_laser_odometryConfig.cmake
[0.435s] -- Up-to-date: /home/salaheldinm/Penguins/install/rf2o_laser_odometry/share/rf2o_laser_odometry/cmake/rf2o_laser_odometryConfig-version.cmake
[0.435s] -- Up-to-date: /home/salaheldinm/Penguins/install/rf2o_laser_odometry/share/rf2o_laser_odometry/package.xml
[0.441s] Invoked command in '/home/salaheldinm/Penguins/build/rf2o_laser_odometry' returned '0': CMAKE_PREFIX_PATH=/opt/ros/foxy /usr/bin/cmake --install /home/salaheldinm/Penguins/build/rf2o_laser_odometry
