[  1%] Built target slam_toolbox__cpp
[  3%] Built target kartoSlamToolbox
[ 12%] Built target slam_toolbox__rosidl_generator_c
[ 21%] Built target slam_toolbox__rosidl_typesupport_cpp
[ 30%] Built target slam_toolbox__rosidl_typesupport_introspection_cpp
[ 39%] Built target slam_toolbox__rosidl_typesupport_introspection_c
[ 48%] Built target slam_toolbox__rosidl_typesupport_c
[ 57%] Built target slam_toolbox__rosidl_typesupport_fastrtps_cpp
[ 66%] Built target slam_toolbox__rosidl_typesupport_fastrtps_c
[ 66%] Built target slam_toolbox
[35m[1mScanning dependencies of target ceres_solver_plugin[0m
[ 67%] Built target slam_toolbox__py
[ 69%] Built target SlamToolboxPlugin
[ 77%] Built target slam_toolbox__python
[ 82%] Built target toolbox_common
[ 83%] [32mBuilding CXX object CMakeFiles/ceres_solver_plugin.dir/solvers/ceres_solver.cpp.o[0m
[ 85%] Built target slam_toolbox__rosidl_typesupport_fastrtps_c__pyext
[ 85%] Built target slam_toolbox__rosidl_typesupport_c__pyext
[ 86%] Built target slam_toolbox__rosidl_typesupport_introspection_c__pyext
[ 87%] Built target merge_maps_kinematic
[ 89%] Built target async_slam_toolbox
[ 90%] Built target localization_slam_toolbox
[ 92%] Built target lifelong_slam_toolbox
[ 94%] Built target sync_slam_toolbox
[ 96%] Built target localization_slam_toolbox_node
[ 97%] Built target sync_slam_toolbox_node
[ 98%] Built target lifelong_slam_toolbox_node
[ 99%] Built target async_slam_toolbox_node
