[0.075s] Invoking command in '/home/salaheldinm/Penguins/build/slam_toolbox': CMAKE_PREFIX_PATH=${CMAKE_PREFIX_PATH}:/home/salaheldinm/Penguins/install/fake_odometry_publisher:/opt/ros/foxy /usr/bin/cmake --build /home/salaheldinm/Penguins/build/slam_toolbox -- -j16 -l16
[0.382s] [  1%] Built target slam_toolbox__cpp
[0.382s] [  3%] Built target kartoSlamToolbox
[0.382s] [ 12%] Built target slam_toolbox__rosidl_generator_c
[0.382s] [ 21%] Built target slam_toolbox__rosidl_typesupport_cpp
[0.382s] [ 30%] Built target slam_toolbox__rosidl_typesupport_introspection_cpp
[0.383s] [ 39%] Built target slam_toolbox__rosidl_typesupport_introspection_c
[0.383s] [ 48%] Built target slam_toolbox__rosidl_typesupport_c
[0.383s] [ 57%] Built target slam_toolbox__rosidl_typesupport_fastrtps_cpp
[0.383s] [ 66%] Built target slam_toolbox__rosidl_typesupport_fastrtps_c
[0.383s] [ 66%] Built target slam_toolbox
[0.383s] [35m[1mScanning dependencies of target ceres_solver_plugin[0m
[0.383s] [ 67%] Built target slam_toolbox__py
[0.393s] [ 69%] Built target SlamToolboxPlugin
[0.415s] [ 77%] Built target slam_toolbox__python
[0.416s] [ 82%] Built target toolbox_common
[0.430s] [ 83%] [32mBuilding CXX object CMakeFiles/ceres_solver_plugin.dir/solvers/ceres_solver.cpp.o[0m
[0.462s] [ 85%] Built target slam_toolbox__rosidl_typesupport_fastrtps_c__pyext
[0.463s] [ 85%] Built target slam_toolbox__rosidl_typesupport_c__pyext
[0.463s] [ 86%] Built target slam_toolbox__rosidl_typesupport_introspection_c__pyext
[0.484s] [ 87%] Built target merge_maps_kinematic
[0.487s] [01m[K/home/salaheldinm/Penguins/src/slam_toolbox-foxy-devel/solvers/ceres_solver.cpp:55:1:[m[K [01;31m[Kerror: [m[Kstray ‘[01m[K##[m[K’ in program
[0.487s]    55 | [01;31m[K##[m[K# Version 1: Adjusting Solver Options and Function Tolerances
[0.487s]       | [01;31m[K^~[m[K
[0.487s] [01m[K/home/salaheldinm/Penguins/src/slam_toolbox-foxy-devel/solvers/ceres_solver.cpp:55:3:[m[K [01;31m[Kerror: [m[Kstray ‘[01m[K#[m[K’ in program
[0.487s]    55 | ##[01;31m[K#[m[K Version 1: Adjusting Solver Options and Function Tolerances
[0.487s]       |   [01;31m[K^[m[K
[0.487s] [01m[K/home/salaheldinm/Penguins/src/slam_toolbox-foxy-devel/solvers/ceres_solver.cpp:59:1:[m[K [01;31m[Kerror: [m[Kstray ‘[01m[K`[m[K’ in program
[0.488s]    59 | [01;31m[K`[m[K``cpp
[0.488s]       | [01;31m[K^[m[K
[0.488s] [01m[K/home/salaheldinm/Penguins/src/slam_toolbox-foxy-devel/solvers/ceres_solver.cpp:59:2:[m[K [01;31m[Kerror: [m[Kstray ‘[01m[K`[m[K’ in program
[0.488s]    59 | `[01;31m[K`[m[K`cpp
[0.488s]       |  [01;31m[K^[m[K
[0.488s] [01m[K/home/salaheldinm/Penguins/src/slam_toolbox-foxy-devel/solvers/ceres_solver.cpp:59:3:[m[K [01;31m[Kerror: [m[Kstray ‘[01m[K`[m[K’ in program
[0.488s]    59 | ``[01;31m[K`[m[Kcpp
[0.488s]       |   [01;31m[K^[m[K
[0.527s] [ 89%] Built target async_slam_toolbox
[0.527s] [ 90%] Built target localization_slam_toolbox
[0.531s] [ 92%] Built target lifelong_slam_toolbox
[0.531s] [ 94%] Built target sync_slam_toolbox
[0.589s] [ 96%] Built target localization_slam_toolbox_node
[0.589s] [ 97%] Built target sync_slam_toolbox_node
[0.596s] [ 98%] Built target lifelong_slam_toolbox_node
[0.607s] [ 99%] Built target async_slam_toolbox_node
[1.638s] [01m[K/home/salaheldinm/Penguins/src/slam_toolbox-foxy-devel/solvers/ceres_solver.cpp:90:4:[m[K [01;31m[Kerror: [m[Kinvalid preprocessing directive #debug_logging_
[1.638s]    90 |   #[01;31m[Kdebug_logging_[m[K = node->get_parameter("debug_logging").as_bool();
[1.638s]       |    [01;31m[K^~~~~~~~~~~~~~[m[K
[1.650s] [01m[K/home/salaheldinm/Penguins/src/slam_toolbox-foxy-devel/solvers/ceres_solver.cpp:2:1:[m[K [01;31m[Kerror: [m[K‘[01m[KCeresSolver[m[K’ does not name a type
[1.650s]     2 | [01;31m[KCeresSolver[m[K::CeresSolver()
[1.650s]       | [01;31m[K^~~~~~~~~~~[m[K
[1.650s] [01m[K/home/salaheldinm/Penguins/src/slam_toolbox-foxy-devel/solvers/ceres_solver.cpp:12:6:[m[K [01;31m[Kerror: [m[K‘[01m[KCeresSolver[m[K’ has not been declared
[1.650s]    12 | void [01;31m[KCeresSolver[m[K::Configure(rclcpp::Node::SharedPtr node)
[1.650s]       |      [01;31m[K^~~~~~~~~~~[m[K
[1.651s] [01m[K/home/salaheldinm/Penguins/src/slam_toolbox-foxy-devel/solvers/ceres_solver.cpp:12:29:[m[K [01;31m[Kerror: [m[Kvariable or field ‘[01m[KConfigure[m[K’ declared void
[1.651s]    12 | void CeresSolver::Configure([01;31m[Krclcpp[m[K::Node::SharedPtr node)
[1.651s]       |                             [01;31m[K^~~~~~[m[K
[1.651s] [01m[K/home/salaheldinm/Penguins/src/slam_toolbox-foxy-devel/solvers/ceres_solver.cpp:12:29:[m[K [01;31m[Kerror: [m[K‘[01m[Krclcpp[m[K’ has not been declared
[1.669s] make[2]: *** [CMakeFiles/ceres_solver_plugin.dir/build.make:63: CMakeFiles/ceres_solver_plugin.dir/solvers/ceres_solver.cpp.o] Error 1
[1.670s] make[1]: *** [CMakeFiles/Makefile2:460: CMakeFiles/ceres_solver_plugin.dir/all] Error 2
[1.670s] make: *** [Makefile:141: all] Error 2
[1.674s] Invoked command in '/home/salaheldinm/Penguins/build/slam_toolbox' returned '2': CMAKE_PREFIX_PATH=${CMAKE_PREFIX_PATH}:/home/salaheldinm/Penguins/install/fake_odometry_publisher:/opt/ros/foxy /usr/bin/cmake --build /home/salaheldinm/Penguins/build/slam_toolbox -- -j16 -l16
