[0.048s] Invoking command in '/home/salaheldinm/Penguins/build/slam_toolbox': CMAKE_PREFIX_PATH=/opt/ros/foxy /usr/bin/cmake --build /home/salaheldinm/Penguins/build/slam_toolbox -- -j16 -l16
[0.294s] [  9%] Built target slam_toolbox__rosidl_generator_c
[0.296s] [ 11%] Built target kartoSlamToolbox
[0.296s] [ 12%] Built target slam_toolbox__cpp
[0.296s] [ 21%] Built target slam_toolbox__rosidl_typesupport_introspection_c
[0.296s] [ 30%] Built target slam_toolbox__rosidl_typesupport_introspection_cpp
[0.297s] [ 39%] Built target slam_toolbox__rosidl_typesupport_c
[0.297s] [ 48%] Built target slam_toolbox__rosidl_typesupport_fastrtps_cpp
[0.297s] [ 57%] Built target slam_toolbox__rosidl_typesupport_cpp
[0.297s] [ 66%] Built target slam_toolbox__rosidl_typesupport_fastrtps_c
[0.298s] [ 66%] Built target slam_toolbox
[0.303s] [35m[1mScanning dependencies of target ceres_solver_plugin[0m
[0.305s] [ 67%] Built target slam_toolbox__py
[0.342s] [ 69%] Built target SlamToolboxPlugin
[0.346s] [ 78%] Built target toolbox_common
[0.346s] [ 82%] Built target slam_toolbox__python
[0.371s] [ 83%] [32mBuilding CXX object CMakeFiles/ceres_solver_plugin.dir/solvers/ceres_solver.cpp.o[0m
[0.386s] [ 84%] Built target slam_toolbox__rosidl_typesupport_c__pyext
[0.390s] [ 85%] Built target slam_toolbox__rosidl_typesupport_introspection_c__pyext
[0.390s] [ 86%] Built target slam_toolbox__rosidl_typesupport_fastrtps_c__pyext
[0.398s] [ 88%] Built target sync_slam_toolbox
[0.400s] [ 90%] Built target async_slam_toolbox
[0.401s] [ 92%] Built target lifelong_slam_toolbox
[0.404s] [ 93%] Built target localization_slam_toolbox
[0.407s] [ 94%] Built target merge_maps_kinematic
[0.453s] [ 95%] Built target lifelong_slam_toolbox_node
[0.453s] [ 96%] Built target sync_slam_toolbox_node
[0.463s] [ 98%] Built target localization_slam_toolbox_node
[0.467s] [ 99%] Built target async_slam_toolbox_node
[10.190s] [100%] [32m[1mLinking CXX shared library libceres_solver_plugin.so[0m
[10.691s] [100%] Built target ceres_solver_plugin
[10.708s] Invoked command in '/home/salaheldinm/Penguins/build/slam_toolbox' returned '0': CMAKE_PREFIX_PATH=/opt/ros/foxy /usr/bin/cmake --build /home/salaheldinm/Penguins/build/slam_toolbox -- -j16 -l16
[10.952s] Invoking command in '/home/salaheldinm/Penguins/build/slam_toolbox': CMAKE_PREFIX_PATH=/opt/ros/foxy /usr/bin/cmake --install /home/salaheldinm/Penguins/build/slam_toolbox
[10.968s] -- Install configuration: "Release"
[10.968s] -- Up-to-date: /home/salaheldinm/Penguins/install/slam_toolbox/share/ament_index/resource_index/rosidl_interfaces/slam_toolbox
[10.968s] -- Up-to-date: /home/salaheldinm/Penguins/install/slam_toolbox/include/slam_toolbox
[10.968s] -- Up-to-date: /home/salaheldinm/Penguins/install/slam_toolbox/include/slam_toolbox/msg
[10.968s] -- Up-to-date: /home/salaheldinm/Penguins/install/slam_toolbox/include/slam_toolbox/msg/rosidl_generator_c__visibility_control.h
[10.968s] -- Up-to-date: /home/salaheldinm/Penguins/install/slam_toolbox/include/slam_toolbox/srv
[10.969s] -- Up-to-date: /home/salaheldinm/Penguins/install/slam_toolbox/include/slam_toolbox/srv/loop_closure.h
[10.969s] -- Up-to-date: /home/salaheldinm/Penguins/install/slam_toolbox/include/slam_toolbox/srv/save_map.h
[10.969s] -- Up-to-date: /home/salaheldinm/Penguins/install/slam_toolbox/include/slam_toolbox/srv/toggle_interactive.h
[10.969s] -- Up-to-date: /home/salaheldinm/Penguins/install/slam_toolbox/include/slam_toolbox/srv/detail
[10.970s] -- Up-to-date: /home/salaheldinm/Penguins/install/slam_toolbox/include/slam_toolbox/srv/detail/deserialize_pose_graph__functions.c
[10.970s] -- Up-to-date: /home/salaheldinm/Penguins/install/slam_toolbox/include/slam_toolbox/srv/detail/clear__functions.h
[10.970s] -- Up-to-date: /home/salaheldinm/Penguins/install/slam_toolbox/include/slam_toolbox/srv/detail/save_map__functions.c
[10.970s] -- Up-to-date: /home/salaheldinm/Penguins/install/slam_toolbox/include/slam_toolbox/srv/detail/serialize_pose_graph__struct.h
[10.970s] -- Up-to-date: /home/salaheldinm/Penguins/install/slam_toolbox/include/slam_toolbox/srv/detail/clear__type_support.h
[10.970s] -- Up-to-date: /home/salaheldinm/Penguins/install/slam_toolbox/include/slam_toolbox/srv/detail/merge_maps__type_support.h
[10.971s] -- Up-to-date: /home/salaheldinm/Penguins/install/slam_toolbox/include/slam_toolbox/srv/detail/loop_closure__struct.h
[10.971s] -- Up-to-date: /home/salaheldinm/Penguins/install/slam_toolbox/include/slam_toolbox/srv/detail/add_submap__type_support.h
[10.971s] -- Up-to-date: /home/salaheldinm/Penguins/install/slam_toolbox/include/slam_toolbox/srv/detail/save_map__type_support.h
[10.971s] -- Up-to-date: /home/salaheldinm/Penguins/install/slam_toolbox/include/slam_toolbox/srv/detail/pause__struct.h
[10.971s] -- Up-to-date: /home/salaheldinm/Penguins/install/slam_toolbox/include/slam_toolbox/srv/detail/add_submap__functions.c
[10.971s] -- Up-to-date: /home/salaheldinm/Penguins/install/slam_toolbox/include/slam_toolbox/srv/detail/toggle_interactive__functions.c
[10.972s] -- Up-to-date: /home/salaheldinm/Penguins/install/slam_toolbox/include/slam_toolbox/srv/detail/pause__functions.h
[10.972s] -- Up-to-date: /home/salaheldinm/Penguins/install/slam_toolbox/include/slam_toolbox/srv/detail/merge_maps__struct.h
[10.972s] -- Up-to-date: /home/salaheldinm/Penguins/install/slam_toolbox/include/slam_toolbox/srv/detail/clear_queue__functions.c
[10.972s] -- Up-to-date: /home/salaheldinm/Penguins/install/slam_toolbox/include/slam_toolbox/srv/detail/clear_queue__struct.h
[10.972s] -- Up-to-date: /home/salaheldinm/Penguins/install/slam_toolbox/include/slam_toolbox/srv/detail/deserialize_pose_graph__struct.h
[10.972s] -- Up-to-date: /home/salaheldinm/Penguins/install/slam_toolbox/include/slam_toolbox/srv/detail/merge_maps__functions.c
[10.972s] -- Up-to-date: /home/salaheldinm/Penguins/install/slam_toolbox/include/slam_toolbox/srv/detail/save_map__struct.h
[10.973s] -- Up-to-date: /home/salaheldinm/Penguins/install/slam_toolbox/include/slam_toolbox/srv/detail/serialize_pose_graph__type_support.h
[10.973s] -- Up-to-date: /home/salaheldinm/Penguins/install/slam_toolbox/include/slam_toolbox/srv/detail/toggle_interactive__type_support.h
[10.973s] -- Up-to-date: /home/salaheldinm/Penguins/install/slam_toolbox/include/slam_toolbox/srv/detail/clear__functions.c
[10.973s] -- Up-to-date: /home/salaheldinm/Penguins/install/slam_toolbox/include/slam_toolbox/srv/detail/pause__type_support.h
[10.973s] -- Up-to-date: /home/salaheldinm/Penguins/install/slam_toolbox/include/slam_toolbox/srv/detail/save_map__functions.h
[10.973s] -- Up-to-date: /home/salaheldinm/Penguins/install/slam_toolbox/include/slam_toolbox/srv/detail/pause__functions.c
[10.973s] -- Up-to-date: /home/salaheldinm/Penguins/install/slam_toolbox/include/slam_toolbox/srv/detail/deserialize_pose_graph__functions.h
[10.973s] -- Up-to-date: /home/salaheldinm/Penguins/install/slam_toolbox/include/slam_toolbox/srv/detail/clear_queue__type_support.h
[10.974s] -- Up-to-date: /home/salaheldinm/Penguins/install/slam_toolbox/include/slam_toolbox/srv/detail/toggle_interactive__struct.h
[10.974s] -- Up-to-date: /home/salaheldinm/Penguins/install/slam_toolbox/include/slam_toolbox/srv/detail/deserialize_pose_graph__type_support.h
[10.974s] -- Up-to-date: /home/salaheldinm/Penguins/install/slam_toolbox/include/slam_toolbox/srv/detail/clear__struct.h
[10.974s] -- Up-to-date: /home/salaheldinm/Penguins/install/slam_toolbox/include/slam_toolbox/srv/detail/loop_closure__functions.h
[10.974s] -- Up-to-date: /home/salaheldinm/Penguins/install/slam_toolbox/include/slam_toolbox/srv/detail/merge_maps__functions.h
[10.974s] -- Up-to-date: /home/salaheldinm/Penguins/install/slam_toolbox/include/slam_toolbox/srv/detail/loop_closure__type_support.h
[10.974s] -- Up-to-date: /home/salaheldinm/Penguins/install/slam_toolbox/include/slam_toolbox/srv/detail/add_submap__functions.h
[10.974s] -- Up-to-date: /home/salaheldinm/Penguins/install/slam_toolbox/include/slam_toolbox/srv/detail/clear_queue__functions.h
[10.975s] -- Up-to-date: /home/salaheldinm/Penguins/install/slam_toolbox/include/slam_toolbox/srv/detail/serialize_pose_graph__functions.h
[10.975s] -- Up-to-date: /home/salaheldinm/Penguins/install/slam_toolbox/include/slam_toolbox/srv/detail/add_submap__struct.h
[10.975s] -- Up-to-date: /home/salaheldinm/Penguins/install/slam_toolbox/include/slam_toolbox/srv/detail/toggle_interactive__functions.h
[10.975s] -- Up-to-date: /home/salaheldinm/Penguins/install/slam_toolbox/include/slam_toolbox/srv/detail/serialize_pose_graph__functions.c
[10.975s] -- Up-to-date: /home/salaheldinm/Penguins/install/slam_toolbox/include/slam_toolbox/srv/detail/loop_closure__functions.c
[10.975s] -- Up-to-date: /home/salaheldinm/Penguins/install/slam_toolbox/include/slam_toolbox/srv/merge_maps.h
[10.975s] -- Up-to-date: /home/salaheldinm/Penguins/install/slam_toolbox/include/slam_toolbox/srv/add_submap.h
[10.975s] -- Up-to-date: /home/salaheldinm/Penguins/install/slam_toolbox/include/slam_toolbox/srv/clear.h
[10.976s] -- Up-to-date: /home/salaheldinm/Penguins/install/slam_toolbox/include/slam_toolbox/srv/pause.h
[10.976s] -- Up-to-date: /home/salaheldinm/Penguins/install/slam_toolbox/include/slam_toolbox/srv/deserialize_pose_graph.h
[10.976s] -- Up-to-date: /home/salaheldinm/Penguins/install/slam_toolbox/include/slam_toolbox/srv/clear_queue.h
[10.976s] -- Up-to-date: /home/salaheldinm/Penguins/install/slam_toolbox/include/slam_toolbox/srv/serialize_pose_graph.h
[10.976s] -- Up-to-date: /home/salaheldinm/Penguins/install/slam_toolbox/share/slam_toolbox/environment/library_path.sh
[10.976s] -- Up-to-date: /home/salaheldinm/Penguins/install/slam_toolbox/share/slam_toolbox/environment/library_path.dsv
[10.976s] -- Up-to-date: /home/salaheldinm/Penguins/install/slam_toolbox/lib/libslam_toolbox__rosidl_generator_c.so
[10.976s] -- Up-to-date: /home/salaheldinm/Penguins/install/slam_toolbox/include/slam_toolbox
[10.976s] -- Up-to-date: /home/salaheldinm/Penguins/install/slam_toolbox/include/slam_toolbox/msg
[10.977s] -- Up-to-date: /home/salaheldinm/Penguins/install/slam_toolbox/include/slam_toolbox/msg/rosidl_typesupport_fastrtps_c__visibility_control.h
[10.977s] -- Up-to-date: /home/salaheldinm/Penguins/install/slam_toolbox/include/slam_toolbox/srv
[10.977s] -- Up-to-date: /home/salaheldinm/Penguins/install/slam_toolbox/include/slam_toolbox/srv/detail
[10.977s] -- Up-to-date: /home/salaheldinm/Penguins/install/slam_toolbox/include/slam_toolbox/srv/detail/deserialize_pose_graph__rosidl_typesupport_fastrtps_c.h
[10.977s] -- Up-to-date: /home/salaheldinm/Penguins/install/slam_toolbox/include/slam_toolbox/srv/detail/clear__rosidl_typesupport_fastrtps_c.h
[10.977s] -- Up-to-date: /home/salaheldinm/Penguins/install/slam_toolbox/include/slam_toolbox/srv/detail/add_submap__rosidl_typesupport_fastrtps_c.h
[10.977s] -- Up-to-date: /home/salaheldinm/Penguins/install/slam_toolbox/include/slam_toolbox/srv/detail/toggle_interactive__rosidl_typesupport_fastrtps_c.h
[10.977s] -- Up-to-date: /home/salaheldinm/Penguins/install/slam_toolbox/include/slam_toolbox/srv/detail/loop_closure__rosidl_typesupport_fastrtps_c.h
[10.977s] -- Up-to-date: /home/salaheldinm/Penguins/install/slam_toolbox/include/slam_toolbox/srv/detail/serialize_pose_graph__rosidl_typesupport_fastrtps_c.h
[10.977s] -- Up-to-date: /home/salaheldinm/Penguins/install/slam_toolbox/include/slam_toolbox/srv/detail/clear_queue__rosidl_typesupport_fastrtps_c.h
[10.978s] -- Up-to-date: /home/salaheldinm/Penguins/install/slam_toolbox/include/slam_toolbox/srv/detail/save_map__rosidl_typesupport_fastrtps_c.h
[10.978s] -- Up-to-date: /home/salaheldinm/Penguins/install/slam_toolbox/include/slam_toolbox/srv/detail/merge_maps__rosidl_typesupport_fastrtps_c.h
[10.978s] -- Up-to-date: /home/salaheldinm/Penguins/install/slam_toolbox/include/slam_toolbox/srv/detail/pause__rosidl_typesupport_fastrtps_c.h
[10.978s] -- Up-to-date: /home/salaheldinm/Penguins/install/slam_toolbox/lib/libslam_toolbox__rosidl_typesupport_fastrtps_c.so
[10.978s] -- Up-to-date: /home/salaheldinm/Penguins/install/slam_toolbox/include/slam_toolbox
[10.978s] -- Up-to-date: /home/salaheldinm/Penguins/install/slam_toolbox/include/slam_toolbox/msg
[10.978s] -- Up-to-date: /home/salaheldinm/Penguins/install/slam_toolbox/include/slam_toolbox/msg/rosidl_typesupport_fastrtps_cpp__visibility_control.h
[10.978s] -- Up-to-date: /home/salaheldinm/Penguins/install/slam_toolbox/include/slam_toolbox/srv
[10.978s] -- Up-to-date: /home/salaheldinm/Penguins/install/slam_toolbox/include/slam_toolbox/srv/detail
[10.979s] -- Up-to-date: /home/salaheldinm/Penguins/install/slam_toolbox/include/slam_toolbox/srv/detail/serialize_pose_graph__rosidl_typesupport_fastrtps_cpp.hpp
[10.979s] -- Up-to-date: /home/salaheldinm/Penguins/install/slam_toolbox/include/slam_toolbox/srv/detail/pause__rosidl_typesupport_fastrtps_cpp.hpp
[10.979s] -- Up-to-date: /home/salaheldinm/Penguins/install/slam_toolbox/include/slam_toolbox/srv/detail/dds_fastrtps
[10.979s] -- Up-to-date: /home/salaheldinm/Penguins/install/slam_toolbox/include/slam_toolbox/srv/detail/deserialize_pose_graph__rosidl_typesupport_fastrtps_cpp.hpp
[10.979s] -- Up-to-date: /home/salaheldinm/Penguins/install/slam_toolbox/include/slam_toolbox/srv/detail/toggle_interactive__rosidl_typesupport_fastrtps_cpp.hpp
[10.979s] -- Up-to-date: /home/salaheldinm/Penguins/install/slam_toolbox/include/slam_toolbox/srv/detail/clear__rosidl_typesupport_fastrtps_cpp.hpp
[10.979s] -- Up-to-date: /home/salaheldinm/Penguins/install/slam_toolbox/include/slam_toolbox/srv/detail/add_submap__rosidl_typesupport_fastrtps_cpp.hpp
[10.979s] -- Up-to-date: /home/salaheldinm/Penguins/install/slam_toolbox/include/slam_toolbox/srv/detail/loop_closure__rosidl_typesupport_fastrtps_cpp.hpp
[10.979s] -- Up-to-date: /home/salaheldinm/Penguins/install/slam_toolbox/include/slam_toolbox/srv/detail/merge_maps__rosidl_typesupport_fastrtps_cpp.hpp
[10.980s] -- Up-to-date: /home/salaheldinm/Penguins/install/slam_toolbox/include/slam_toolbox/srv/detail/clear_queue__rosidl_typesupport_fastrtps_cpp.hpp
[10.980s] -- Up-to-date: /home/salaheldinm/Penguins/install/slam_toolbox/include/slam_toolbox/srv/detail/save_map__rosidl_typesupport_fastrtps_cpp.hpp
[10.980s] -- Up-to-date: /home/salaheldinm/Penguins/install/slam_toolbox/lib/libslam_toolbox__rosidl_typesupport_fastrtps_cpp.so
[10.980s] -- Up-to-date: /home/salaheldinm/Penguins/install/slam_toolbox/include/slam_toolbox
[10.980s] -- Up-to-date: /home/salaheldinm/Penguins/install/slam_toolbox/include/slam_toolbox/msg
[10.980s] -- Up-to-date: /home/salaheldinm/Penguins/install/slam_toolbox/include/slam_toolbox/msg/rosidl_typesupport_introspection_c__visibility_control.h
[10.980s] -- Up-to-date: /home/salaheldinm/Penguins/install/slam_toolbox/include/slam_toolbox/srv
[10.980s] -- Up-to-date: /home/salaheldinm/Penguins/install/slam_toolbox/include/slam_toolbox/srv/detail
[10.980s] -- Up-to-date: /home/salaheldinm/Penguins/install/slam_toolbox/include/slam_toolbox/srv/detail/save_map__rosidl_typesupport_introspection_c.h
[10.980s] -- Up-to-date: /home/salaheldinm/Penguins/install/slam_toolbox/include/slam_toolbox/srv/detail/serialize_pose_graph__type_support.c
[10.981s] -- Up-to-date: /home/salaheldinm/Penguins/install/slam_toolbox/include/slam_toolbox/srv/detail/loop_closure__rosidl_typesupport_introspection_c.h
[10.981s] -- Up-to-date: /home/salaheldinm/Penguins/install/slam_toolbox/include/slam_toolbox/srv/detail/loop_closure__type_support.c
[10.981s] -- Up-to-date: /home/salaheldinm/Penguins/install/slam_toolbox/include/slam_toolbox/srv/detail/add_submap__rosidl_typesupport_introspection_c.h
[10.981s] -- Up-to-date: /home/salaheldinm/Penguins/install/slam_toolbox/include/slam_toolbox/srv/detail/toggle_interactive__type_support.c
[10.981s] -- Up-to-date: /home/salaheldinm/Penguins/install/slam_toolbox/include/slam_toolbox/srv/detail/clear_queue__rosidl_typesupport_introspection_c.h
[10.981s] -- Up-to-date: /home/salaheldinm/Penguins/install/slam_toolbox/include/slam_toolbox/srv/detail/toggle_interactive__rosidl_typesupport_introspection_c.h
[10.981s] -- Up-to-date: /home/salaheldinm/Penguins/install/slam_toolbox/include/slam_toolbox/srv/detail/add_submap__type_support.c
[10.981s] -- Up-to-date: /home/salaheldinm/Penguins/install/slam_toolbox/include/slam_toolbox/srv/detail/pause__type_support.c
[10.981s] -- Up-to-date: /home/salaheldinm/Penguins/install/slam_toolbox/include/slam_toolbox/srv/detail/deserialize_pose_graph__type_support.c
[10.982s] -- Up-to-date: /home/salaheldinm/Penguins/install/slam_toolbox/include/slam_toolbox/srv/detail/merge_maps__type_support.c
[10.982s] -- Up-to-date: /home/salaheldinm/Penguins/install/slam_toolbox/include/slam_toolbox/srv/detail/merge_maps__rosidl_typesupport_introspection_c.h
[10.982s] -- Up-to-date: /home/salaheldinm/Penguins/install/slam_toolbox/include/slam_toolbox/srv/detail/serialize_pose_graph__rosidl_typesupport_introspection_c.h
[10.982s] -- Up-to-date: /home/salaheldinm/Penguins/install/slam_toolbox/include/slam_toolbox/srv/detail/clear__type_support.c
[10.982s] -- Up-to-date: /home/salaheldinm/Penguins/install/slam_toolbox/include/slam_toolbox/srv/detail/clear__rosidl_typesupport_introspection_c.h
[10.982s] -- Up-to-date: /home/salaheldinm/Penguins/install/slam_toolbox/include/slam_toolbox/srv/detail/pause__rosidl_typesupport_introspection_c.h
[10.982s] -- Up-to-date: /home/salaheldinm/Penguins/install/slam_toolbox/include/slam_toolbox/srv/detail/save_map__type_support.c
[10.982s] -- Up-to-date: /home/salaheldinm/Penguins/install/slam_toolbox/include/slam_toolbox/srv/detail/clear_queue__type_support.c
[10.982s] -- Up-to-date: /home/salaheldinm/Penguins/install/slam_toolbox/include/slam_toolbox/srv/detail/deserialize_pose_graph__rosidl_typesupport_introspection_c.h
[10.982s] -- Up-to-date: /home/salaheldinm/Penguins/install/slam_toolbox/lib/libslam_toolbox__rosidl_typesupport_introspection_c.so
[10.983s] -- Up-to-date: /home/salaheldinm/Penguins/install/slam_toolbox/lib/libslam_toolbox__rosidl_typesupport_c.so
[10.983s] -- Up-to-date: /home/salaheldinm/Penguins/install/slam_toolbox/include/slam_toolbox
[10.983s] -- Up-to-date: /home/salaheldinm/Penguins/install/slam_toolbox/include/slam_toolbox/msg
[10.983s] -- Up-to-date: /home/salaheldinm/Penguins/install/slam_toolbox/include/slam_toolbox/msg/rosidl_generator_cpp__visibility_control.hpp
[10.983s] -- Up-to-date: /home/salaheldinm/Penguins/install/slam_toolbox/include/slam_toolbox/srv
[10.983s] -- Up-to-date: /home/salaheldinm/Penguins/install/slam_toolbox/include/slam_toolbox/srv/serialize_pose_graph.hpp
[10.983s] -- Up-to-date: /home/salaheldinm/Penguins/install/slam_toolbox/include/slam_toolbox/srv/clear_queue.hpp
[10.983s] -- Up-to-date: /home/salaheldinm/Penguins/install/slam_toolbox/include/slam_toolbox/srv/loop_closure.hpp
[10.983s] -- Up-to-date: /home/salaheldinm/Penguins/install/slam_toolbox/include/slam_toolbox/srv/detail
[10.984s] -- Up-to-date: /home/salaheldinm/Penguins/install/slam_toolbox/include/slam_toolbox/srv/detail/clear__struct.hpp
[10.984s] -- Up-to-date: /home/salaheldinm/Penguins/install/slam_toolbox/include/slam_toolbox/srv/detail/loop_closure__builder.hpp
[10.984s] -- Up-to-date: /home/salaheldinm/Penguins/install/slam_toolbox/include/slam_toolbox/srv/detail/serialize_pose_graph__builder.hpp
[10.984s] -- Up-to-date: /home/salaheldinm/Penguins/install/slam_toolbox/include/slam_toolbox/srv/detail/clear_queue__traits.hpp
[10.984s] -- Up-to-date: /home/salaheldinm/Penguins/install/slam_toolbox/include/slam_toolbox/srv/detail/loop_closure__traits.hpp
[10.984s] -- Up-to-date: /home/salaheldinm/Penguins/install/slam_toolbox/include/slam_toolbox/srv/detail/serialize_pose_graph__struct.hpp
[10.984s] -- Up-to-date: /home/salaheldinm/Penguins/install/slam_toolbox/include/slam_toolbox/srv/detail/toggle_interactive__struct.hpp
[10.984s] -- Up-to-date: /home/salaheldinm/Penguins/install/slam_toolbox/include/slam_toolbox/srv/detail/loop_closure__type_support.hpp
[10.984s] -- Up-to-date: /home/salaheldinm/Penguins/install/slam_toolbox/include/slam_toolbox/srv/detail/add_submap__builder.hpp
[10.984s] -- Up-to-date: /home/salaheldinm/Penguins/install/slam_toolbox/include/slam_toolbox/srv/detail/add_submap__struct.hpp
[10.985s] -- Up-to-date: /home/salaheldinm/Penguins/install/slam_toolbox/include/slam_toolbox/srv/detail/clear_queue__struct.hpp
[10.985s] -- Up-to-date: /home/salaheldinm/Penguins/install/slam_toolbox/include/slam_toolbox/srv/detail/merge_maps__type_support.hpp
[10.985s] -- Up-to-date: /home/salaheldinm/Penguins/install/slam_toolbox/include/slam_toolbox/srv/detail/pause__builder.hpp
[10.985s] -- Up-to-date: /home/salaheldinm/Penguins/install/slam_toolbox/include/slam_toolbox/srv/detail/pause__struct.hpp
[10.985s] -- Up-to-date: /home/salaheldinm/Penguins/install/slam_toolbox/include/slam_toolbox/srv/detail/merge_maps__traits.hpp
[10.985s] -- Up-to-date: /home/salaheldinm/Penguins/install/slam_toolbox/include/slam_toolbox/srv/detail/serialize_pose_graph__type_support.hpp
[10.985s] -- Up-to-date: /home/salaheldinm/Penguins/install/slam_toolbox/include/slam_toolbox/srv/detail/add_submap__type_support.hpp
[10.985s] -- Up-to-date: /home/salaheldinm/Penguins/install/slam_toolbox/include/slam_toolbox/srv/detail/merge_maps__builder.hpp
[10.985s] -- Up-to-date: /home/salaheldinm/Penguins/install/slam_toolbox/include/slam_toolbox/srv/detail/clear_queue__builder.hpp
[10.986s] -- Up-to-date: /home/salaheldinm/Penguins/install/slam_toolbox/include/slam_toolbox/srv/detail/deserialize_pose_graph__type_support.hpp
[10.986s] -- Up-to-date: /home/salaheldinm/Penguins/install/slam_toolbox/include/slam_toolbox/srv/detail/add_submap__traits.hpp
[10.986s] -- Up-to-date: /home/salaheldinm/Penguins/install/slam_toolbox/include/slam_toolbox/srv/detail/deserialize_pose_graph__struct.hpp
[10.986s] -- Up-to-date: /home/salaheldinm/Penguins/install/slam_toolbox/include/slam_toolbox/srv/detail/clear_queue__type_support.hpp
[10.986s] -- Up-to-date: /home/salaheldinm/Penguins/install/slam_toolbox/include/slam_toolbox/srv/detail/save_map__builder.hpp
[10.986s] -- Up-to-date: /home/salaheldinm/Penguins/install/slam_toolbox/include/slam_toolbox/srv/detail/deserialize_pose_graph__traits.hpp
[10.986s] -- Up-to-date: /home/salaheldinm/Penguins/install/slam_toolbox/include/slam_toolbox/srv/detail/deserialize_pose_graph__builder.hpp
[10.986s] -- Up-to-date: /home/salaheldinm/Penguins/install/slam_toolbox/include/slam_toolbox/srv/detail/pause__type_support.hpp
[10.986s] -- Up-to-date: /home/salaheldinm/Penguins/install/slam_toolbox/include/slam_toolbox/srv/detail/save_map__type_support.hpp
[10.986s] -- Up-to-date: /home/salaheldinm/Penguins/install/slam_toolbox/include/slam_toolbox/srv/detail/pause__traits.hpp
[10.987s] -- Up-to-date: /home/salaheldinm/Penguins/install/slam_toolbox/include/slam_toolbox/srv/detail/serialize_pose_graph__traits.hpp
[10.987s] -- Up-to-date: /home/salaheldinm/Penguins/install/slam_toolbox/include/slam_toolbox/srv/detail/toggle_interactive__traits.hpp
[10.987s] -- Up-to-date: /home/salaheldinm/Penguins/install/slam_toolbox/include/slam_toolbox/srv/detail/save_map__struct.hpp
[10.987s] -- Up-to-date: /home/salaheldinm/Penguins/install/slam_toolbox/include/slam_toolbox/srv/detail/clear__type_support.hpp
[10.987s] -- Up-to-date: /home/salaheldinm/Penguins/install/slam_toolbox/include/slam_toolbox/srv/detail/clear__builder.hpp
[10.987s] -- Up-to-date: /home/salaheldinm/Penguins/install/slam_toolbox/include/slam_toolbox/srv/detail/loop_closure__struct.hpp
[10.987s] -- Up-to-date: /home/salaheldinm/Penguins/install/slam_toolbox/include/slam_toolbox/srv/detail/clear__traits.hpp
[10.987s] -- Up-to-date: /home/salaheldinm/Penguins/install/slam_toolbox/include/slam_toolbox/srv/detail/toggle_interactive__builder.hpp
[10.987s] -- Up-to-date: /home/salaheldinm/Penguins/install/slam_toolbox/include/slam_toolbox/srv/detail/merge_maps__struct.hpp
[10.987s] -- Up-to-date: /home/salaheldinm/Penguins/install/slam_toolbox/include/slam_toolbox/srv/detail/save_map__traits.hpp
[10.987s] -- Up-to-date: /home/salaheldinm/Penguins/install/slam_toolbox/include/slam_toolbox/srv/detail/toggle_interactive__type_support.hpp
[10.988s] -- Up-to-date: /home/salaheldinm/Penguins/install/slam_toolbox/include/slam_toolbox/srv/save_map.hpp
[10.988s] -- Up-to-date: /home/salaheldinm/Penguins/install/slam_toolbox/include/slam_toolbox/srv/add_submap.hpp
[10.988s] -- Up-to-date: /home/salaheldinm/Penguins/install/slam_toolbox/include/slam_toolbox/srv/pause.hpp
[10.988s] -- Up-to-date: /home/salaheldinm/Penguins/install/slam_toolbox/include/slam_toolbox/srv/toggle_interactive.hpp
[10.988s] -- Up-to-date: /home/salaheldinm/Penguins/install/slam_toolbox/include/slam_toolbox/srv/clear.hpp
[10.988s] -- Up-to-date: /home/salaheldinm/Penguins/install/slam_toolbox/include/slam_toolbox/srv/deserialize_pose_graph.hpp
[10.988s] -- Up-to-date: /home/salaheldinm/Penguins/install/slam_toolbox/include/slam_toolbox/srv/merge_maps.hpp
[10.988s] -- Up-to-date: /home/salaheldinm/Penguins/install/slam_toolbox/include/slam_toolbox
[10.988s] -- Up-to-date: /home/salaheldinm/Penguins/install/slam_toolbox/include/slam_toolbox/srv
[10.988s] -- Up-to-date: /home/salaheldinm/Penguins/install/slam_toolbox/include/slam_toolbox/srv/detail
[10.988s] -- Up-to-date: /home/salaheldinm/Penguins/install/slam_toolbox/include/slam_toolbox/srv/detail/clear_queue__type_support.cpp
[10.988s] -- Up-to-date: /home/salaheldinm/Penguins/install/slam_toolbox/include/slam_toolbox/srv/detail/pause__type_support.cpp
[10.988s] -- Up-to-date: /home/salaheldinm/Penguins/install/slam_toolbox/include/slam_toolbox/srv/detail/clear__type_support.cpp
[10.988s] -- Up-to-date: /home/salaheldinm/Penguins/install/slam_toolbox/include/slam_toolbox/srv/detail/serialize_pose_graph__rosidl_typesupport_introspection_cpp.hpp
[10.988s] -- Up-to-date: /home/salaheldinm/Penguins/install/slam_toolbox/include/slam_toolbox/srv/detail/merge_maps__type_support.cpp
[10.988s] -- Up-to-date: /home/salaheldinm/Penguins/install/slam_toolbox/include/slam_toolbox/srv/detail/toggle_interactive__type_support.cpp
[10.988s] -- Up-to-date: /home/salaheldinm/Penguins/install/slam_toolbox/include/slam_toolbox/srv/detail/toggle_interactive__rosidl_typesupport_introspection_cpp.hpp
[10.988s] -- Up-to-date: /home/salaheldinm/Penguins/install/slam_toolbox/include/slam_toolbox/srv/detail/loop_closure__type_support.cpp
[10.988s] -- Up-to-date: /home/salaheldinm/Penguins/install/slam_toolbox/include/slam_toolbox/srv/detail/deserialize_pose_graph__rosidl_typesupport_introspection_cpp.hpp
[10.988s] -- Up-to-date: /home/salaheldinm/Penguins/install/slam_toolbox/include/slam_toolbox/srv/detail/loop_closure__rosidl_typesupport_introspection_cpp.hpp
[10.988s] -- Up-to-date: /home/salaheldinm/Penguins/install/slam_toolbox/include/slam_toolbox/srv/detail/clear_queue__rosidl_typesupport_introspection_cpp.hpp
[10.988s] -- Up-to-date: /home/salaheldinm/Penguins/install/slam_toolbox/include/slam_toolbox/srv/detail/add_submap__type_support.cpp
[10.988s] -- Up-to-date: /home/salaheldinm/Penguins/install/slam_toolbox/include/slam_toolbox/srv/detail/serialize_pose_graph__type_support.cpp
[10.988s] -- Up-to-date: /home/salaheldinm/Penguins/install/slam_toolbox/include/slam_toolbox/srv/detail/save_map__rosidl_typesupport_introspection_cpp.hpp
[10.989s] -- Up-to-date: /home/salaheldinm/Penguins/install/slam_toolbox/include/slam_toolbox/srv/detail/deserialize_pose_graph__type_support.cpp
[10.989s] -- Up-to-date: /home/salaheldinm/Penguins/install/slam_toolbox/include/slam_toolbox/srv/detail/pause__rosidl_typesupport_introspection_cpp.hpp
[10.989s] -- Up-to-date: /home/salaheldinm/Penguins/install/slam_toolbox/include/slam_toolbox/srv/detail/clear__rosidl_typesupport_introspection_cpp.hpp
[10.989s] -- Up-to-date: /home/salaheldinm/Penguins/install/slam_toolbox/include/slam_toolbox/srv/detail/save_map__type_support.cpp
[10.989s] -- Up-to-date: /home/salaheldinm/Penguins/install/slam_toolbox/include/slam_toolbox/srv/detail/add_submap__rosidl_typesupport_introspection_cpp.hpp
[10.989s] -- Up-to-date: /home/salaheldinm/Penguins/install/slam_toolbox/include/slam_toolbox/srv/detail/merge_maps__rosidl_typesupport_introspection_cpp.hpp
[10.989s] -- Up-to-date: /home/salaheldinm/Penguins/install/slam_toolbox/lib/libslam_toolbox__rosidl_typesupport_introspection_cpp.so
[10.989s] -- Up-to-date: /home/salaheldinm/Penguins/install/slam_toolbox/lib/libslam_toolbox__rosidl_typesupport_cpp.so
[10.989s] -- Up-to-date: /home/salaheldinm/Penguins/install/slam_toolbox/share/slam_toolbox/environment/pythonpath.sh
[10.989s] -- Up-to-date: /home/salaheldinm/Penguins/install/slam_toolbox/share/slam_toolbox/environment/pythonpath.dsv
[10.989s] -- Up-to-date: /home/salaheldinm/Penguins/install/slam_toolbox/lib/python3.8/site-packages/slam_toolbox/__init__.py
[11.001s] -- Up-to-date: /home/salaheldinm/Penguins/install/slam_toolbox/lib/python3.8/site-packages/slam_toolbox/srv
[11.001s] -- Up-to-date: /home/salaheldinm/Penguins/install/slam_toolbox/lib/python3.8/site-packages/slam_toolbox/srv/_add_submap.py
[11.001s] -- Up-to-date: /home/salaheldinm/Penguins/install/slam_toolbox/lib/python3.8/site-packages/slam_toolbox/srv/_clear_s.c
[11.001s] -- Up-to-date: /home/salaheldinm/Penguins/install/slam_toolbox/lib/python3.8/site-packages/slam_toolbox/srv/_save_map.py
[11.002s] -- Up-to-date: /home/salaheldinm/Penguins/install/slam_toolbox/lib/python3.8/site-packages/slam_toolbox/srv/_clear_queue.py
[11.002s] -- Up-to-date: /home/salaheldinm/Penguins/install/slam_toolbox/lib/python3.8/site-packages/slam_toolbox/srv/_deserialize_pose_graph.py
[11.002s] -- Up-to-date: /home/salaheldinm/Penguins/install/slam_toolbox/lib/python3.8/site-packages/slam_toolbox/srv/_clear_queue_s.c
[11.002s] -- Up-to-date: /home/salaheldinm/Penguins/install/slam_toolbox/lib/python3.8/site-packages/slam_toolbox/srv/_merge_maps_s.c
[11.002s] -- Up-to-date: /home/salaheldinm/Penguins/install/slam_toolbox/lib/python3.8/site-packages/slam_toolbox/srv/_serialize_pose_graph_s.c
[11.002s] -- Up-to-date: /home/salaheldinm/Penguins/install/slam_toolbox/lib/python3.8/site-packages/slam_toolbox/srv/_loop_closure_s.c
[11.002s] -- Up-to-date: /home/salaheldinm/Penguins/install/slam_toolbox/lib/python3.8/site-packages/slam_toolbox/srv/_merge_maps.py
[11.002s] -- Up-to-date: /home/salaheldinm/Penguins/install/slam_toolbox/lib/python3.8/site-packages/slam_toolbox/srv/_pause_s.c
[11.003s] -- Up-to-date: /home/salaheldinm/Penguins/install/slam_toolbox/lib/python3.8/site-packages/slam_toolbox/srv/__init__.py
[11.003s] -- Up-to-date: /home/salaheldinm/Penguins/install/slam_toolbox/lib/python3.8/site-packages/slam_toolbox/srv/_clear.py
[11.003s] -- Up-to-date: /home/salaheldinm/Penguins/install/slam_toolbox/lib/python3.8/site-packages/slam_toolbox/srv/_add_submap_s.c
[11.003s] -- Up-to-date: /home/salaheldinm/Penguins/install/slam_toolbox/lib/python3.8/site-packages/slam_toolbox/srv/_deserialize_pose_graph_s.c
[11.003s] -- Up-to-date: /home/salaheldinm/Penguins/install/slam_toolbox/lib/python3.8/site-packages/slam_toolbox/srv/_toggle_interactive.py
[11.003s] -- Up-to-date: /home/salaheldinm/Penguins/install/slam_toolbox/lib/python3.8/site-packages/slam_toolbox/srv/_serialize_pose_graph.py
[11.003s] -- Up-to-date: /home/salaheldinm/Penguins/install/slam_toolbox/lib/python3.8/site-packages/slam_toolbox/srv/_pause.py
[11.004s] -- Up-to-date: /home/salaheldinm/Penguins/install/slam_toolbox/lib/python3.8/site-packages/slam_toolbox/srv/_save_map_s.c
[11.004s] -- Up-to-date: /home/salaheldinm/Penguins/install/slam_toolbox/lib/python3.8/site-packages/slam_toolbox/srv/_toggle_interactive_s.c
[11.004s] -- Up-to-date: /home/salaheldinm/Penguins/install/slam_toolbox/lib/python3.8/site-packages/slam_toolbox/srv/_loop_closure.py
[11.004s] -- Up-to-date: /home/salaheldinm/Penguins/install/slam_toolbox/lib/python3.8/site-packages/slam_toolbox/slam_toolbox_s__rosidl_typesupport_fastrtps_c.cpython-38-x86_64-linux-gnu.so
[11.004s] -- Up-to-date: /home/salaheldinm/Penguins/install/slam_toolbox/lib/python3.8/site-packages/slam_toolbox/slam_toolbox_s__rosidl_typesupport_introspection_c.cpython-38-x86_64-linux-gnu.so
[11.004s] -- Up-to-date: /home/salaheldinm/Penguins/install/slam_toolbox/lib/python3.8/site-packages/slam_toolbox/slam_toolbox_s__rosidl_typesupport_c.cpython-38-x86_64-linux-gnu.so
[11.005s] -- Up-to-date: /home/salaheldinm/Penguins/install/slam_toolbox/lib/libslam_toolbox__python.so
[11.006s] -- Up-to-date: /home/salaheldinm/Penguins/install/slam_toolbox/share/slam_toolbox/srv/Pause.idl
[11.006s] -- Up-to-date: /home/salaheldinm/Penguins/install/slam_toolbox/share/slam_toolbox/srv/ClearQueue.idl
[11.006s] -- Up-to-date: /home/salaheldinm/Penguins/install/slam_toolbox/share/slam_toolbox/srv/ToggleInteractive.idl
[11.006s] -- Up-to-date: /home/salaheldinm/Penguins/install/slam_toolbox/share/slam_toolbox/srv/Clear.idl
[11.007s] -- Up-to-date: /home/salaheldinm/Penguins/install/slam_toolbox/share/slam_toolbox/srv/SaveMap.idl
[11.007s] -- Up-to-date: /home/salaheldinm/Penguins/install/slam_toolbox/share/slam_toolbox/srv/LoopClosure.idl
[11.007s] -- Up-to-date: /home/salaheldinm/Penguins/install/slam_toolbox/share/slam_toolbox/srv/MergeMaps.idl
[11.007s] -- Up-to-date: /home/salaheldinm/Penguins/install/slam_toolbox/share/slam_toolbox/srv/AddSubmap.idl
[11.007s] -- Up-to-date: /home/salaheldinm/Penguins/install/slam_toolbox/share/slam_toolbox/srv/DeserializePoseGraph.idl
[11.007s] -- Up-to-date: /home/salaheldinm/Penguins/install/slam_toolbox/share/slam_toolbox/srv/SerializePoseGraph.idl
[11.008s] -- Up-to-date: /home/salaheldinm/Penguins/install/slam_toolbox/share/slam_toolbox/srvs/Pause.srv
[11.008s] -- Up-to-date: /home/salaheldinm/Penguins/install/slam_toolbox/share/slam_toolbox/srvs/Pause_Request.msg
[11.008s] -- Up-to-date: /home/salaheldinm/Penguins/install/slam_toolbox/share/slam_toolbox/srvs/Pause_Response.msg
[11.008s] -- Up-to-date: /home/salaheldinm/Penguins/install/slam_toolbox/share/slam_toolbox/srvs/ClearQueue.srv
[11.008s] -- Up-to-date: /home/salaheldinm/Penguins/install/slam_toolbox/share/slam_toolbox/srvs/ClearQueue_Request.msg
[11.008s] -- Up-to-date: /home/salaheldinm/Penguins/install/slam_toolbox/share/slam_toolbox/srvs/ClearQueue_Response.msg
[11.008s] -- Up-to-date: /home/salaheldinm/Penguins/install/slam_toolbox/share/slam_toolbox/srvs/ToggleInteractive.srv
[11.009s] -- Up-to-date: /home/salaheldinm/Penguins/install/slam_toolbox/share/slam_toolbox/srvs/ToggleInteractive_Request.msg
[11.009s] -- Up-to-date: /home/salaheldinm/Penguins/install/slam_toolbox/share/slam_toolbox/srvs/ToggleInteractive_Response.msg
[11.009s] -- Up-to-date: /home/salaheldinm/Penguins/install/slam_toolbox/share/slam_toolbox/srvs/Clear.srv
[11.009s] -- Up-to-date: /home/salaheldinm/Penguins/install/slam_toolbox/share/slam_toolbox/srvs/Clear_Request.msg
[11.009s] -- Up-to-date: /home/salaheldinm/Penguins/install/slam_toolbox/share/slam_toolbox/srvs/Clear_Response.msg
[11.009s] -- Up-to-date: /home/salaheldinm/Penguins/install/slam_toolbox/share/slam_toolbox/srvs/SaveMap.srv
[11.009s] -- Up-to-date: /home/salaheldinm/Penguins/install/slam_toolbox/share/slam_toolbox/srvs/SaveMap_Request.msg
[11.010s] -- Up-to-date: /home/salaheldinm/Penguins/install/slam_toolbox/share/slam_toolbox/srvs/SaveMap_Response.msg
[11.010s] -- Up-to-date: /home/salaheldinm/Penguins/install/slam_toolbox/share/slam_toolbox/srvs/LoopClosure.srv
[11.010s] -- Up-to-date: /home/salaheldinm/Penguins/install/slam_toolbox/share/slam_toolbox/srvs/LoopClosure_Request.msg
[11.010s] -- Up-to-date: /home/salaheldinm/Penguins/install/slam_toolbox/share/slam_toolbox/srvs/LoopClosure_Response.msg
[11.010s] -- Up-to-date: /home/salaheldinm/Penguins/install/slam_toolbox/share/slam_toolbox/srvs/MergeMaps.srv
[11.010s] -- Up-to-date: /home/salaheldinm/Penguins/install/slam_toolbox/share/slam_toolbox/srvs/MergeMaps_Request.msg
[11.010s] -- Up-to-date: /home/salaheldinm/Penguins/install/slam_toolbox/share/slam_toolbox/srvs/MergeMaps_Response.msg
[11.011s] -- Up-to-date: /home/salaheldinm/Penguins/install/slam_toolbox/share/slam_toolbox/srvs/AddSubmap.srv
[11.011s] -- Up-to-date: /home/salaheldinm/Penguins/install/slam_toolbox/share/slam_toolbox/srvs/AddSubmap_Request.msg
[11.011s] -- Up-to-date: /home/salaheldinm/Penguins/install/slam_toolbox/share/slam_toolbox/srvs/AddSubmap_Response.msg
[11.011s] -- Up-to-date: /home/salaheldinm/Penguins/install/slam_toolbox/share/slam_toolbox/srvs/DeserializePoseGraph.srv
[11.011s] -- Up-to-date: /home/salaheldinm/Penguins/install/slam_toolbox/share/slam_toolbox/srvs/DeserializePoseGraph_Request.msg
[11.011s] -- Up-to-date: /home/salaheldinm/Penguins/install/slam_toolbox/share/slam_toolbox/srvs/DeserializePoseGraph_Response.msg
[11.011s] -- Up-to-date: /home/salaheldinm/Penguins/install/slam_toolbox/share/slam_toolbox/srvs/SerializePoseGraph.srv
[11.012s] -- Up-to-date: /home/salaheldinm/Penguins/install/slam_toolbox/share/slam_toolbox/srvs/SerializePoseGraph_Request.msg
[11.012s] -- Up-to-date: /home/salaheldinm/Penguins/install/slam_toolbox/share/slam_toolbox/srvs/SerializePoseGraph_Response.msg
[11.012s] -- Up-to-date: /home/salaheldinm/Penguins/install/slam_toolbox/share/slam_toolbox/rviz_plugins.xml
[11.012s] -- Up-to-date: /home/salaheldinm/Penguins/install/slam_toolbox/share/slam_toolbox/solver_plugins.xml
[11.012s] -- Up-to-date: /home/salaheldinm/Penguins/install/slam_toolbox/lib/slam_toolbox/async_slam_toolbox_node
[11.012s] -- Up-to-date: /home/salaheldinm/Penguins/install/slam_toolbox/lib/slam_toolbox/sync_slam_toolbox_node
[11.012s] -- Up-to-date: /home/salaheldinm/Penguins/install/slam_toolbox/lib/slam_toolbox/localization_slam_toolbox_node
[11.013s] -- Up-to-date: /home/salaheldinm/Penguins/install/slam_toolbox/lib/slam_toolbox/lifelong_slam_toolbox_node
[11.013s] -- Up-to-date: /home/salaheldinm/Penguins/install/slam_toolbox/lib/slam_toolbox/merge_maps_kinematic
[11.013s] -- Up-to-date: /home/salaheldinm/Penguins/install/slam_toolbox/lib/libtoolbox_common.so
[11.014s] -- Up-to-date: /home/salaheldinm/Penguins/install/slam_toolbox/lib/libSlamToolboxPlugin.so
[11.014s] -- Installing: /home/salaheldinm/Penguins/install/slam_toolbox/lib/libceres_solver_plugin.so
[11.016s] -- Set runtime path of "/home/salaheldinm/Penguins/install/slam_toolbox/lib/libceres_solver_plugin.so" to ""
[11.016s] -- Up-to-date: /home/salaheldinm/Penguins/install/slam_toolbox/lib/libasync_slam_toolbox.so
[11.016s] -- Up-to-date: /home/salaheldinm/Penguins/install/slam_toolbox/lib/libsync_slam_toolbox.so
[11.017s] -- Up-to-date: /home/salaheldinm/Penguins/install/slam_toolbox/lib/liblocalization_slam_toolbox.so
[11.017s] -- Up-to-date: /home/salaheldinm/Penguins/install/slam_toolbox/lib/liblifelong_slam_toolbox.so
[11.017s] -- Up-to-date: /home/salaheldinm/Penguins/install/slam_toolbox/lib/libSlamToolboxPlugin.so
[11.018s] -- Up-to-date: /home/salaheldinm/Penguins/install/slam_toolbox/include
[11.018s] -- Up-to-date: /home/salaheldinm/Penguins/install/slam_toolbox/include/slam_toolbox
[11.018s] -- Up-to-date: /home/salaheldinm/Penguins/install/slam_toolbox/include/slam_toolbox/slam_toolbox_sync.hpp
[11.018s] -- Up-to-date: /home/salaheldinm/Penguins/install/slam_toolbox/include/slam_toolbox/slam_toolbox_localization.hpp
[11.018s] -- Up-to-date: /home/salaheldinm/Penguins/install/slam_toolbox/include/slam_toolbox/experimental
[11.018s] -- Up-to-date: /home/salaheldinm/Penguins/install/slam_toolbox/include/slam_toolbox/experimental/slam_toolbox_lifelong.hpp
[11.019s] -- Up-to-date: /home/salaheldinm/Penguins/install/slam_toolbox/include/slam_toolbox/slam_mapper.hpp
[11.019s] -- Up-to-date: /home/salaheldinm/Penguins/install/slam_toolbox/include/slam_toolbox/merge_maps_kinematic.hpp
[11.019s] -- Up-to-date: /home/salaheldinm/Penguins/install/slam_toolbox/include/slam_toolbox/toolbox_types.hpp
[11.019s] -- Up-to-date: /home/salaheldinm/Penguins/install/slam_toolbox/include/slam_toolbox/get_pose_helper.hpp
[11.019s] -- Up-to-date: /home/salaheldinm/Penguins/install/slam_toolbox/include/slam_toolbox/snap_utils.hpp
[11.019s] -- Up-to-date: /home/salaheldinm/Penguins/install/slam_toolbox/include/slam_toolbox/slam_toolbox_common.hpp
[11.020s] -- Up-to-date: /home/salaheldinm/Penguins/install/slam_toolbox/include/slam_toolbox/visualization_utils.hpp
[11.020s] -- Up-to-date: /home/salaheldinm/Penguins/install/slam_toolbox/include/slam_toolbox/serialization.hpp
[11.020s] -- Up-to-date: /home/salaheldinm/Penguins/install/slam_toolbox/include/slam_toolbox/toolbox_msgs.hpp
[11.020s] -- Up-to-date: /home/salaheldinm/Penguins/install/slam_toolbox/include/slam_toolbox/slam_toolbox_async.hpp
[11.020s] -- Up-to-date: /home/salaheldinm/Penguins/install/slam_toolbox/include/slam_toolbox/loop_closure_assistant.hpp
[11.020s] -- Up-to-date: /home/salaheldinm/Penguins/install/slam_toolbox/include/slam_toolbox/laser_utils.hpp
[11.021s] -- Up-to-date: /home/salaheldinm/Penguins/install/slam_toolbox/include/slam_toolbox/map_saver.hpp
[11.021s] -- Up-to-date: /home/salaheldinm/Penguins/install/slam_toolbox/share/slam_toolbox/launch
[11.021s] -- Up-to-date: /home/salaheldinm/Penguins/install/slam_toolbox/share/slam_toolbox/launch/localization_launch.py
[11.021s] -- Up-to-date: /home/salaheldinm/Penguins/install/slam_toolbox/share/slam_toolbox/launch/lifelong_launch.py
[11.021s] -- Up-to-date: /home/salaheldinm/Penguins/install/slam_toolbox/share/slam_toolbox/launch/online_async_launch.py
[11.021s] -- Up-to-date: /home/salaheldinm/Penguins/install/slam_toolbox/share/slam_toolbox/launch/online_sync_launch.py
[11.021s] -- Up-to-date: /home/salaheldinm/Penguins/install/slam_toolbox/share/slam_toolbox/launch/merge_maps_kinematic_launch.py
[11.021s] -- Up-to-date: /home/salaheldinm/Penguins/install/slam_toolbox/share/slam_toolbox/launch/offline_launch.py
[11.021s] -- Up-to-date: /home/salaheldinm/Penguins/install/slam_toolbox/share/slam_toolbox/config
[11.022s] -- Up-to-date: /home/salaheldinm/Penguins/install/slam_toolbox/share/slam_toolbox/config/mapper_params_localization.yaml
[11.022s] -- Up-to-date: /home/salaheldinm/Penguins/install/slam_toolbox/share/slam_toolbox/config/mapper_params_offline.yaml
[11.022s] -- Up-to-date: /home/salaheldinm/Penguins/install/slam_toolbox/share/slam_toolbox/config/mapper_params_online_sync.yaml
[11.022s] -- Up-to-date: /home/salaheldinm/Penguins/install/slam_toolbox/share/slam_toolbox/config/mapper_params_lifelong.yaml
[11.022s] -- Up-to-date: /home/salaheldinm/Penguins/install/slam_toolbox/share/slam_toolbox/config/mapper_params_online_async.yaml
[11.022s] -- Up-to-date: /home/salaheldinm/Penguins/install/slam_toolbox/share/solver_plugins.xml
[11.022s] -- Up-to-date: /home/salaheldinm/Penguins/install/slam_toolbox/share/rviz_plugins.xml
[11.022s] -- Up-to-date: /home/salaheldinm/Penguins/install/slam_toolbox/share/ament_index/resource_index/package_run_dependencies/slam_toolbox
[11.022s] -- Up-to-date: /home/salaheldinm/Penguins/install/slam_toolbox/share/ament_index/resource_index/parent_prefix_path/slam_toolbox
[11.023s] -- Up-to-date: /home/salaheldinm/Penguins/install/slam_toolbox/share/slam_toolbox/environment/ament_prefix_path.sh
[11.023s] -- Up-to-date: /home/salaheldinm/Penguins/install/slam_toolbox/share/slam_toolbox/environment/ament_prefix_path.dsv
[11.023s] -- Up-to-date: /home/salaheldinm/Penguins/install/slam_toolbox/share/slam_toolbox/environment/path.sh
[11.023s] -- Up-to-date: /home/salaheldinm/Penguins/install/slam_toolbox/share/slam_toolbox/environment/path.dsv
[11.023s] -- Up-to-date: /home/salaheldinm/Penguins/install/slam_toolbox/share/slam_toolbox/local_setup.bash
[11.023s] -- Up-to-date: /home/salaheldinm/Penguins/install/slam_toolbox/share/slam_toolbox/local_setup.sh
[11.023s] -- Up-to-date: /home/salaheldinm/Penguins/install/slam_toolbox/share/slam_toolbox/local_setup.zsh
[11.024s] -- Up-to-date: /home/salaheldinm/Penguins/install/slam_toolbox/share/slam_toolbox/local_setup.dsv
[11.024s] -- Installing: /home/salaheldinm/Penguins/install/slam_toolbox/share/slam_toolbox/package.dsv
[11.024s] -- Up-to-date: /home/salaheldinm/Penguins/install/slam_toolbox/share/ament_index/resource_index/packages/slam_toolbox
[11.024s] -- Up-to-date: /home/salaheldinm/Penguins/install/slam_toolbox/share/ament_index/resource_index/rviz_common__pluginlib__plugin/slam_toolbox
[11.024s] -- Up-to-date: /home/salaheldinm/Penguins/install/slam_toolbox/share/ament_index/resource_index/slam_toolbox__pluginlib__plugin/slam_toolbox
[11.024s] -- Up-to-date: /home/salaheldinm/Penguins/install/slam_toolbox/share/slam_toolbox/cmake/slam_toolbox__rosidl_generator_cExport.cmake
[11.024s] -- Up-to-date: /home/salaheldinm/Penguins/install/slam_toolbox/share/slam_toolbox/cmake/slam_toolbox__rosidl_generator_cExport-release.cmake
[11.024s] -- Up-to-date: /home/salaheldinm/Penguins/install/slam_toolbox/share/slam_toolbox/cmake/slam_toolbox__rosidl_typesupport_introspection_cExport.cmake
[11.025s] -- Up-to-date: /home/salaheldinm/Penguins/install/slam_toolbox/share/slam_toolbox/cmake/slam_toolbox__rosidl_typesupport_introspection_cExport-release.cmake
[11.025s] -- Up-to-date: /home/salaheldinm/Penguins/install/slam_toolbox/share/slam_toolbox/cmake/slam_toolbox__rosidl_typesupport_cExport.cmake
[11.025s] -- Up-to-date: /home/salaheldinm/Penguins/install/slam_toolbox/share/slam_toolbox/cmake/slam_toolbox__rosidl_typesupport_cExport-release.cmake
[11.025s] -- Up-to-date: /home/salaheldinm/Penguins/install/slam_toolbox/share/slam_toolbox/cmake/slam_toolbox__rosidl_generator_cppExport.cmake
[11.025s] -- Up-to-date: /home/salaheldinm/Penguins/install/slam_toolbox/share/slam_toolbox/cmake/slam_toolbox__rosidl_typesupport_introspection_cppExport.cmake
[11.026s] -- Up-to-date: /home/salaheldinm/Penguins/install/slam_toolbox/share/slam_toolbox/cmake/slam_toolbox__rosidl_typesupport_introspection_cppExport-release.cmake
[11.026s] -- Up-to-date: /home/salaheldinm/Penguins/install/slam_toolbox/share/slam_toolbox/cmake/slam_toolbox__rosidl_typesupport_cppExport.cmake
[11.026s] -- Up-to-date: /home/salaheldinm/Penguins/install/slam_toolbox/share/slam_toolbox/cmake/slam_toolbox__rosidl_typesupport_cppExport-release.cmake
[11.026s] -- Up-to-date: /home/salaheldinm/Penguins/install/slam_toolbox/share/slam_toolbox/cmake/SlamToolboxPluginExport.cmake
[11.026s] -- Up-to-date: /home/salaheldinm/Penguins/install/slam_toolbox/share/slam_toolbox/cmake/SlamToolboxPluginExport-release.cmake
[11.026s] -- Up-to-date: /home/salaheldinm/Penguins/install/slam_toolbox/share/slam_toolbox/cmake/rosidl_cmake-extras.cmake
[11.026s] -- Up-to-date: /home/salaheldinm/Penguins/install/slam_toolbox/share/slam_toolbox/cmake/ament_cmake_export_dependencies-extras.cmake
[11.026s] -- Up-to-date: /home/salaheldinm/Penguins/install/slam_toolbox/share/slam_toolbox/cmake/ament_cmake_export_libraries-extras.cmake
[11.027s] -- Up-to-date: /home/salaheldinm/Penguins/install/slam_toolbox/share/slam_toolbox/cmake/ament_cmake_export_targets-extras.cmake
[11.027s] -- Up-to-date: /home/salaheldinm/Penguins/install/slam_toolbox/share/slam_toolbox/cmake/ament_cmake_export_include_directories-extras.cmake
[11.027s] -- Up-to-date: /home/salaheldinm/Penguins/install/slam_toolbox/share/slam_toolbox/cmake/rosidl_cmake_export_typesupport_libraries-extras.cmake
[11.027s] -- Up-to-date: /home/salaheldinm/Penguins/install/slam_toolbox/share/slam_toolbox/cmake/rosidl_cmake_export_typesupport_targets-extras.cmake
[11.027s] -- Up-to-date: /home/salaheldinm/Penguins/install/slam_toolbox/share/slam_toolbox/cmake/slam_toolboxConfig.cmake
[11.028s] -- Up-to-date: /home/salaheldinm/Penguins/install/slam_toolbox/share/slam_toolbox/cmake/slam_toolboxConfig-version.cmake
[11.028s] -- Up-to-date: /home/salaheldinm/Penguins/install/slam_toolbox/share/slam_toolbox/package.xml
[11.028s] -- Up-to-date: /home/salaheldinm/Penguins/install/slam_toolbox/include/
[11.028s] -- Up-to-date: /home/salaheldinm/Penguins/install/slam_toolbox/include//karto_sdk
[11.028s] -- Up-to-date: /home/salaheldinm/Penguins/install/slam_toolbox/include//karto_sdk/Types.h
[11.030s] -- Up-to-date: /home/salaheldinm/Penguins/install/slam_toolbox/include//karto_sdk/Math.h
[11.030s] -- Up-to-date: /home/salaheldinm/Penguins/install/slam_toolbox/include//karto_sdk/Karto.h
[11.030s] -- Up-to-date: /home/salaheldinm/Penguins/install/slam_toolbox/include//karto_sdk/nanoflann.hpp
[11.030s] -- Up-to-date: /home/salaheldinm/Penguins/install/slam_toolbox/include//karto_sdk/Mapper.h
[11.030s] -- Up-to-date: /home/salaheldinm/Penguins/install/slam_toolbox/include//karto_sdk/Macros.h
[11.030s] -- Up-to-date: /home/salaheldinm/Penguins/install/slam_toolbox/include//karto_sdk/nanoflann_adaptors.h
[11.030s] -- Up-to-date: /home/salaheldinm/Penguins/install/slam_toolbox/lib/libkartoSlamToolbox.so
[11.031s] -- Up-to-date: /home/salaheldinm/Penguins/install/slam_toolbox/share/karto_sdk/environment/library_path.sh
[11.031s] -- Up-to-date: /home/salaheldinm/Penguins/install/slam_toolbox/share/karto_sdk/environment/library_path.dsv
[11.031s] -- Up-to-date: /home/salaheldinm/Penguins/install/slam_toolbox/share/ament_index/resource_index/package_run_dependencies/karto_sdk
[11.031s] -- Up-to-date: /home/salaheldinm/Penguins/install/slam_toolbox/share/ament_index/resource_index/parent_prefix_path/karto_sdk
[11.031s] -- Up-to-date: /home/salaheldinm/Penguins/install/slam_toolbox/share/karto_sdk/environment/ament_prefix_path.sh
[11.031s] -- Up-to-date: /home/salaheldinm/Penguins/install/slam_toolbox/share/karto_sdk/environment/ament_prefix_path.dsv
[11.032s] -- Up-to-date: /home/salaheldinm/Penguins/install/slam_toolbox/share/karto_sdk/environment/path.sh
[11.032s] -- Up-to-date: /home/salaheldinm/Penguins/install/slam_toolbox/share/karto_sdk/environment/path.dsv
[11.032s] -- Up-to-date: /home/salaheldinm/Penguins/install/slam_toolbox/share/karto_sdk/local_setup.bash
[11.032s] -- Up-to-date: /home/salaheldinm/Penguins/install/slam_toolbox/share/karto_sdk/local_setup.sh
[11.032s] -- Up-to-date: /home/salaheldinm/Penguins/install/slam_toolbox/share/karto_sdk/local_setup.zsh
[11.032s] -- Up-to-date: /home/salaheldinm/Penguins/install/slam_toolbox/share/karto_sdk/local_setup.dsv
[11.032s] -- Up-to-date: /home/salaheldinm/Penguins/install/slam_toolbox/share/karto_sdk/package.dsv
[11.033s] -- Up-to-date: /home/salaheldinm/Penguins/install/slam_toolbox/share/ament_index/resource_index/packages/karto_sdk
[11.033s] -- Up-to-date: /home/salaheldinm/Penguins/install/slam_toolbox/share/karto_sdk/cmake/ament_cmake_export_libraries-extras.cmake
[11.033s] -- Up-to-date: /home/salaheldinm/Penguins/install/slam_toolbox/share/karto_sdk/cmake/ament_cmake_export_include_directories-extras.cmake
[11.033s] -- Up-to-date: /home/salaheldinm/Penguins/install/slam_toolbox/share/karto_sdk/cmake/ament_cmake_export_dependencies-extras.cmake
[11.033s] -- Up-to-date: /home/salaheldinm/Penguins/install/slam_toolbox/share/karto_sdk/cmake/karto_sdkConfig.cmake
[11.033s] -- Up-to-date: /home/salaheldinm/Penguins/install/slam_toolbox/share/karto_sdk/cmake/karto_sdkConfig-version.cmake
[11.033s] -- Up-to-date: /home/salaheldinm/Penguins/install/slam_toolbox/share/karto_sdk/package.xml
[11.034s] Invoked command in '/home/salaheldinm/Penguins/build/slam_toolbox' returned '0': CMAKE_PREFIX_PATH=/opt/ros/foxy /usr/bin/cmake --install /home/salaheldinm/Penguins/build/slam_toolbox
