[  1%] Built target slam_toolbox__cpp
[ 10%] Built target slam_toolbox__rosidl_generator_c
[ 12%] Built target kartoSlamToolbox
[ 21%] Built target slam_toolbox__rosidl_typesupport_cpp
[ 30%] Built target slam_toolbox__rosidl_typesupport_introspection_c
[ 39%] Built target slam_toolbox__rosidl_typesupport_introspection_cpp
[ 48%] Built target slam_toolbox__rosidl_typesupport_c
[ 57%] Built target slam_toolbox__rosidl_typesupport_fastrtps_cpp
[ 66%] Built target slam_toolbox__rosidl_typesupport_fastrtps_c
[ 66%] Built target slam_toolbox
[ 67%] Built target slam_toolbox__py
[ 69%] Built target ceres_solver_plugin
[ 73%] Built target SlamToolboxPlugin
[ 79%] Built target slam_toolbox__python
[ 84%] Built target toolbox_common
[ 85%] Built target slam_toolbox__rosidl_typesupport_c__pyext
[ 86%] Built target slam_toolbox__rosidl_typesupport_introspection_c__pyext
[ 87%] Built target slam_toolbox__rosidl_typesupport_fastrtps_c__pyext
[ 89%] Built target async_slam_toolbox
[ 91%] Built target merge_maps_kinematic
[ 92%] Built target lifelong_slam_toolbox
[ 93%] Built target localization_slam_toolbox
[ 95%] Built target sync_slam_toolbox
[ 96%] Built target sync_slam_toolbox_node
[ 97%] Built target async_slam_toolbox_node
[ 98%] Built target lifelong_slam_toolbox_node
[100%] Built target localization_slam_toolbox_node
