[0.061s] Invoking command in '/home/salaheldinm/Penguins/build/slam_toolbox': CMAKE_PREFIX_PATH=${CMAKE_PREFIX_PATH}:/home/salaheldinm/Penguins/install/fake_odometry_publisher:/opt/ros/foxy /usr/bin/cmake --build /home/salaheldinm/Penguins/build/slam_toolbox -- -j16 -l16
[0.346s] [  1%] Built target slam_toolbox__cpp
[0.346s] [ 10%] Built target slam_toolbox__rosidl_generator_c
[0.346s] [ 12%] Built target kartoSlamToolbox
[0.347s] [ 21%] Built target slam_toolbox__rosidl_typesupport_cpp
[0.347s] [ 30%] Built target slam_toolbox__rosidl_typesupport_introspection_c
[0.347s] [ 39%] Built target slam_toolbox__rosidl_typesupport_introspection_cpp
[0.347s] [ 48%] Built target slam_toolbox__rosidl_typesupport_c
[0.347s] [ 57%] Built target slam_toolbox__rosidl_typesupport_fastrtps_cpp
[0.347s] [ 66%] Built target slam_toolbox__rosidl_typesupport_fastrtps_c
[0.347s] [ 66%] Built target slam_toolbox
[0.348s] [ 67%] Built target slam_toolbox__py
[0.348s] [ 69%] Built target ceres_solver_plugin
[0.348s] [ 73%] Built target SlamToolboxPlugin
[0.348s] [ 79%] Built target slam_toolbox__python
[0.355s] [ 84%] Built target toolbox_common
[0.378s] [ 85%] Built target slam_toolbox__rosidl_typesupport_c__pyext
[0.381s] [ 86%] Built target slam_toolbox__rosidl_typesupport_introspection_c__pyext
[0.385s] [ 87%] Built target slam_toolbox__rosidl_typesupport_fastrtps_c__pyext
[0.412s] [ 89%] Built target async_slam_toolbox
[0.412s] [ 91%] Built target merge_maps_kinematic
[0.412s] [ 92%] Built target lifelong_slam_toolbox
[0.422s] [ 93%] Built target localization_slam_toolbox
[0.424s] [ 95%] Built target sync_slam_toolbox
[0.466s] [ 96%] Built target sync_slam_toolbox_node
[0.469s] [ 97%] Built target async_slam_toolbox_node
[0.472s] [ 98%] Built target lifelong_slam_toolbox_node
[0.478s] [100%] Built target localization_slam_toolbox_node
