[0.016s] Invoking command in '/home/salaheldinm/Penguins/build/nav2_bringup': AMENT_PREFIX_PATH=/home/salaheldinm/Penguins/install/slam_toolbox:${AMENT_PREFIX_PATH} CMAKE_PREFIX_PATH=/home/salaheldinm/Penguins/install/slam_toolbox:/opt/ros/foxy LD_LIBRARY_PATH=/home/salaheldinm/Penguins/install/slam_toolbox/lib:${LD_LIBRARY_PATH} PYTHONPATH=/home/salaheldinm/Penguins/install/slam_toolbox/lib/python3.8/site-packages:${PYTHONPATH} /usr/bin/cmake --build /home/salaheldinm/Penguins/build/nav2_bringup -- -j16 -l16
[0.081s] Invoked command in '/home/salaheldinm/Penguins/build/nav2_bringup' returned '0': AMENT_PREFIX_PATH=/home/salaheldinm/Penguins/install/slam_toolbox:${AMENT_PREFIX_PATH} CMAKE_PREFIX_PATH=/home/salaheldinm/Penguins/install/slam_toolbox:/opt/ros/foxy LD_LIBRARY_PATH=/home/salaheldinm/Penguins/install/slam_toolbox/lib:${LD_LIBRARY_PATH} PYTHONPATH=/home/salaheldinm/Penguins/install/slam_toolbox/lib/python3.8/site-packages:${PYTHONPATH} /usr/bin/cmake --build /home/salaheldinm/Penguins/build/nav2_bringup -- -j16 -l16
[0.117s] Invoking command in '/home/salaheldinm/Penguins/build/nav2_bringup': AMENT_PREFIX_PATH=/home/salaheldinm/Penguins/install/slam_toolbox:${AMENT_PREFIX_PATH} CMAKE_PREFIX_PATH=/home/salaheldinm/Penguins/install/slam_toolbox:/opt/ros/foxy LD_LIBRARY_PATH=/home/salaheldinm/Penguins/install/slam_toolbox/lib:${LD_LIBRARY_PATH} PYTHONPATH=/home/salaheldinm/Penguins/install/slam_toolbox/lib/python3.8/site-packages:${PYTHONPATH} /usr/bin/cmake --install /home/salaheldinm/Penguins/build/nav2_bringup
[0.131s] -- Install configuration: "Release"
[0.132s] -- Up-to-date: /home/salaheldinm/Penguins/install/nav2_bringup/share/nav2_bringup/launch
[0.132s] -- Up-to-date: /home/salaheldinm/Penguins/install/nav2_bringup/share/nav2_bringup/launch/localization_launch.py
[0.132s] -- Up-to-date: /home/salaheldinm/Penguins/install/nav2_bringup/share/nav2_bringup/launch/unique_multi_tb3_simulation_launch.py
[0.132s] -- Up-to-date: /home/salaheldinm/Penguins/install/nav2_bringup/share/nav2_bringup/launch/slam_launch.py
[0.133s] -- Up-to-date: /home/salaheldinm/Penguins/install/nav2_bringup/share/nav2_bringup/launch/cloned_multi_tb3_simulation_launch.py
[0.133s] -- Up-to-date: /home/salaheldinm/Penguins/install/nav2_bringup/share/nav2_bringup/launch/navigation_launch.py
[0.133s] -- Up-to-date: /home/salaheldinm/Penguins/install/nav2_bringup/share/nav2_bringup/launch/bringup_launch.py
[0.133s] -- Up-to-date: /home/salaheldinm/Penguins/install/nav2_bringup/share/nav2_bringup/launch/tb3_simulation_launch.py
[0.133s] -- Up-to-date: /home/salaheldinm/Penguins/install/nav2_bringup/share/nav2_bringup/launch/rviz_launch.py
[0.133s] -- Up-to-date: /home/salaheldinm/Penguins/install/nav2_bringup/share/nav2_bringup/maps
[0.133s] -- Up-to-date: /home/salaheldinm/Penguins/install/nav2_bringup/share/nav2_bringup/maps/turtlebot3_world.yaml
[0.134s] -- Up-to-date: /home/salaheldinm/Penguins/install/nav2_bringup/share/nav2_bringup/maps/turtlebot3_world.pgm
[0.134s] -- Up-to-date: /home/salaheldinm/Penguins/install/nav2_bringup/share/nav2_bringup/rviz
[0.134s] -- Up-to-date: /home/salaheldinm/Penguins/install/nav2_bringup/share/nav2_bringup/rviz/nav2_default_view.rviz
[0.134s] -- Up-to-date: /home/salaheldinm/Penguins/install/nav2_bringup/share/nav2_bringup/rviz/nav2_namespaced_view.rviz
[0.134s] -- Up-to-date: /home/salaheldinm/Penguins/install/nav2_bringup/share/nav2_bringup/worlds
[0.134s] -- Up-to-date: /home/salaheldinm/Penguins/install/nav2_bringup/share/nav2_bringup/worlds/world_only.model
[0.135s] -- Up-to-date: /home/salaheldinm/Penguins/install/nav2_bringup/share/nav2_bringup/worlds/waffle.model
[0.135s] -- Up-to-date: /home/salaheldinm/Penguins/install/nav2_bringup/share/nav2_bringup/params
[0.135s] -- Up-to-date: /home/salaheldinm/Penguins/install/nav2_bringup/share/nav2_bringup/params/nav2_params.yaml
[0.135s] -- Up-to-date: /home/salaheldinm/Penguins/install/nav2_bringup/share/nav2_bringup/params/nav2_multirobot_params_2.yaml
[0.135s] -- Up-to-date: /home/salaheldinm/Penguins/install/nav2_bringup/share/nav2_bringup/params/nav2_multirobot_params_all.yaml
[0.135s] -- Up-to-date: /home/salaheldinm/Penguins/install/nav2_bringup/share/nav2_bringup/params/nav2_multirobot_params_1.yaml
[0.136s] -- Up-to-date: /home/salaheldinm/Penguins/install/nav2_bringup/share/nav2_bringup/urdf
[0.136s] -- Up-to-date: /home/salaheldinm/Penguins/install/nav2_bringup/share/nav2_bringup/urdf/turtlebot3_waffle.urdf
[0.136s] -- Up-to-date: /home/salaheldinm/Penguins/install/nav2_bringup/share/ament_index/resource_index/package_run_dependencies/nav2_bringup
[0.136s] -- Up-to-date: /home/salaheldinm/Penguins/install/nav2_bringup/share/ament_index/resource_index/parent_prefix_path/nav2_bringup
[0.136s] -- Up-to-date: /home/salaheldinm/Penguins/install/nav2_bringup/share/nav2_bringup/environment/ament_prefix_path.sh
[0.137s] -- Up-to-date: /home/salaheldinm/Penguins/install/nav2_bringup/share/nav2_bringup/environment/ament_prefix_path.dsv
[0.137s] -- Up-to-date: /home/salaheldinm/Penguins/install/nav2_bringup/share/nav2_bringup/environment/path.sh
[0.137s] -- Up-to-date: /home/salaheldinm/Penguins/install/nav2_bringup/share/nav2_bringup/environment/path.dsv
[0.137s] -- Up-to-date: /home/salaheldinm/Penguins/install/nav2_bringup/share/nav2_bringup/local_setup.bash
[0.137s] -- Up-to-date: /home/salaheldinm/Penguins/install/nav2_bringup/share/nav2_bringup/local_setup.sh
[0.137s] -- Up-to-date: /home/salaheldinm/Penguins/install/nav2_bringup/share/nav2_bringup/local_setup.zsh
[0.137s] -- Up-to-date: /home/salaheldinm/Penguins/install/nav2_bringup/share/nav2_bringup/local_setup.dsv
[0.137s] -- Installing: /home/salaheldinm/Penguins/install/nav2_bringup/share/nav2_bringup/package.dsv
[0.137s] -- Up-to-date: /home/salaheldinm/Penguins/install/nav2_bringup/share/ament_index/resource_index/packages/nav2_bringup
[0.138s] -- Up-to-date: /home/salaheldinm/Penguins/install/nav2_bringup/share/nav2_bringup/cmake/nav2_bringupConfig.cmake
[0.138s] -- Up-to-date: /home/salaheldinm/Penguins/install/nav2_bringup/share/nav2_bringup/cmake/nav2_bringupConfig-version.cmake
[0.138s] -- Up-to-date: /home/salaheldinm/Penguins/install/nav2_bringup/share/nav2_bringup/package.xml
[0.139s] Invoked command in '/home/salaheldinm/Penguins/build/nav2_bringup' returned '0': AMENT_PREFIX_PATH=/home/salaheldinm/Penguins/install/slam_toolbox:${AMENT_PREFIX_PATH} CMAKE_PREFIX_PATH=/home/salaheldinm/Penguins/install/slam_toolbox:/opt/ros/foxy LD_LIBRARY_PATH=/home/salaheldinm/Penguins/install/slam_toolbox/lib:${LD_LIBRARY_PATH} PYTHONPATH=/home/salaheldinm/Penguins/install/slam_toolbox/lib/python3.8/site-packages:${PYTHONPATH} /usr/bin/cmake --install /home/salaheldinm/Penguins/build/nav2_bringup
