[0.172s] DEBUG:colcon:Command line arguments: ['/usr/bin/colcon', 'build']
[0.173s] DEBUG:colcon:Parsed command line arguments: Namespace(allow_overriding=[], ament_cmake_args=None, base_paths=['.'], build_base='build', catkin_cmake_args=None, catkin_skip_building_tests=False, cmake_args=None, cmake_clean_cache=False, cmake_clean_first=False, cmake_force_configure=False, cmake_target=None, cmake_target_skip_unavailable=False, continue_on_error=False, event_handlers=None, executor='parallel', ignore_user_meta=False, install_base='install', log_base=None, log_level=None, main=<bound method BuildVerb.main of <colcon_core.verb.build.BuildVerb object at 0x7f2d24c6d9a0>>, merge_install=False, metas=['./colcon.meta'], mixin=None, mixin_files=None, mixin_verb=('build',), packages_above=None, packages_above_and_dependencies=None, packages_above_depth=None, packages_end=None, packages_ignore=None, packages_ignore_regex=None, packages_select=None, packages_select_build_failed=False, packages_select_by_dep=None, packages_select_regex=None, packages_select_test_failures=False, packages_skip=None, packages_skip_build_finished=False, packages_skip_by_dep=None, packages_skip_regex=None, packages_skip_test_passed=False, packages_skip_up_to=None, packages_start=None, packages_up_to=None, packages_up_to_regex=None, parallel_workers=16, paths=None, symlink_install=False, test_result_base=None, verb_extension=<colcon_core.verb.build.BuildVerb object at 0x7f2d24c6d9a0>, verb_name='build', verb_parser=<colcon_mixin.mixin.mixin_argument.MixinArgumentDecorator object at 0x7f2d24c6dee0>)
[0.297s] Level 1:colcon.colcon_core.package_discovery:discover_packages(colcon_meta) check parameters
[0.297s] Level 1:colcon.colcon_core.package_discovery:discover_packages(recursive) check parameters
[0.297s] Level 1:colcon.colcon_core.package_discovery:discover_packages(ignore) check parameters
[0.297s] Level 1:colcon.colcon_core.package_discovery:discover_packages(path) check parameters
[0.297s] Level 1:colcon.colcon_core.package_discovery:discover_packages(colcon_meta) discover
[0.297s] Level 1:colcon.colcon_core.package_discovery:discover_packages(recursive) discover
[0.297s] INFO:colcon.colcon_core.package_discovery:Crawling recursively for packages in '/home/salaheldinm/Penguins'
[0.297s] Level 1:colcon.colcon_core.package_identification:_identify(.) by extensions ['ignore', 'ignore_ament_install']
[0.297s] Level 1:colcon.colcon_core.package_identification:_identify(.) by extension 'ignore'
[0.297s] Level 1:colcon.colcon_core.package_identification:_identify(.) by extension 'ignore_ament_install'
[0.297s] Level 1:colcon.colcon_core.package_identification:_identify(.) by extensions ['colcon_pkg']
[0.297s] Level 1:colcon.colcon_core.package_identification:_identify(.) by extension 'colcon_pkg'
[0.297s] Level 1:colcon.colcon_core.package_identification:_identify(.) by extensions ['colcon_meta']
[0.297s] Level 1:colcon.colcon_core.package_identification:_identify(.) by extension 'colcon_meta'
[0.297s] Level 1:colcon.colcon_core.package_identification:_identify(.) by extensions ['ros']
[0.297s] Level 1:colcon.colcon_core.package_identification:_identify(.) by extension 'ros'
[0.306s] Level 1:colcon.colcon_core.package_identification:_identify(.) by extensions ['cmake', 'python']
[0.306s] Level 1:colcon.colcon_core.package_identification:_identify(.) by extension 'cmake'
[0.306s] Level 1:colcon.colcon_core.package_identification:_identify(.) by extension 'python'
[0.306s] Level 1:colcon.colcon_core.package_identification:_identify(.) by extensions ['python_setup_py']
[0.306s] Level 1:colcon.colcon_core.package_identification:_identify(.) by extension 'python_setup_py'
[0.306s] Level 1:colcon.colcon_core.package_identification:_identify(build) by extensions ['ignore', 'ignore_ament_install']
[0.306s] Level 1:colcon.colcon_core.package_identification:_identify(build) by extension 'ignore'
[0.307s] Level 1:colcon.colcon_core.package_identification:_identify(build) ignored
[0.307s] Level 1:colcon.colcon_core.package_identification:_identify(install) by extensions ['ignore', 'ignore_ament_install']
[0.307s] Level 1:colcon.colcon_core.package_identification:_identify(install) by extension 'ignore'
[0.307s] Level 1:colcon.colcon_core.package_identification:_identify(install) ignored
[0.307s] Level 1:colcon.colcon_core.package_identification:_identify(log) by extensions ['ignore', 'ignore_ament_install']
[0.307s] Level 1:colcon.colcon_core.package_identification:_identify(log) by extension 'ignore'
[0.307s] Level 1:colcon.colcon_core.package_identification:_identify(log) ignored
[0.307s] Level 1:colcon.colcon_core.package_identification:_identify(src) by extensions ['ignore', 'ignore_ament_install']
[0.307s] Level 1:colcon.colcon_core.package_identification:_identify(src) by extension 'ignore'
[0.307s] Level 1:colcon.colcon_core.package_identification:_identify(src) by extension 'ignore_ament_install'
[0.307s] Level 1:colcon.colcon_core.package_identification:_identify(src) by extensions ['colcon_pkg']
[0.307s] Level 1:colcon.colcon_core.package_identification:_identify(src) by extension 'colcon_pkg'
[0.307s] Level 1:colcon.colcon_core.package_identification:_identify(src) by extensions ['colcon_meta']
[0.307s] Level 1:colcon.colcon_core.package_identification:_identify(src) by extension 'colcon_meta'
[0.307s] Level 1:colcon.colcon_core.package_identification:_identify(src) by extensions ['ros']
[0.307s] Level 1:colcon.colcon_core.package_identification:_identify(src) by extension 'ros'
[0.307s] Level 1:colcon.colcon_core.package_identification:_identify(src) by extensions ['cmake', 'python']
[0.307s] Level 1:colcon.colcon_core.package_identification:_identify(src) by extension 'cmake'
[0.307s] Level 1:colcon.colcon_core.package_identification:_identify(src) by extension 'python'
[0.307s] Level 1:colcon.colcon_core.package_identification:_identify(src) by extensions ['python_setup_py']
[0.307s] Level 1:colcon.colcon_core.package_identification:_identify(src) by extension 'python_setup_py'
[0.307s] Level 1:colcon.colcon_core.package_identification:_identify(src/fake_odometry_publisher) by extensions ['ignore', 'ignore_ament_install']
[0.307s] Level 1:colcon.colcon_core.package_identification:_identify(src/fake_odometry_publisher) by extension 'ignore'
[0.308s] Level 1:colcon.colcon_core.package_identification:_identify(src/fake_odometry_publisher) by extension 'ignore_ament_install'
[0.308s] Level 1:colcon.colcon_core.package_identification:_identify(src/fake_odometry_publisher) by extensions ['colcon_pkg']
[0.308s] Level 1:colcon.colcon_core.package_identification:_identify(src/fake_odometry_publisher) by extension 'colcon_pkg'
[0.308s] Level 1:colcon.colcon_core.package_identification:_identify(src/fake_odometry_publisher) by extensions ['colcon_meta']
[0.308s] Level 1:colcon.colcon_core.package_identification:_identify(src/fake_odometry_publisher) by extension 'colcon_meta'
[0.308s] Level 1:colcon.colcon_core.package_identification:_identify(src/fake_odometry_publisher) by extensions ['ros']
[0.308s] Level 1:colcon.colcon_core.package_identification:_identify(src/fake_odometry_publisher) by extension 'ros'
[0.308s] Level 1:colcon.colcon_core.package_identification:_identify(src/fake_odometry_publisher) by extensions ['cmake', 'python']
[0.308s] Level 1:colcon.colcon_core.package_identification:_identify(src/fake_odometry_publisher) by extension 'cmake'
[0.308s] Level 1:colcon.colcon_core.package_identification:_identify(src/fake_odometry_publisher) by extension 'python'
[0.308s] Level 1:colcon.colcon_core.package_identification:_identify(src/fake_odometry_publisher) by extensions ['python_setup_py']
[0.308s] Level 1:colcon.colcon_core.package_identification:_identify(src/fake_odometry_publisher) by extension 'python_setup_py'
[0.308s] Level 1:colcon.colcon_core.package_identification:_identify(src/fake_odometry_publisher/fake_odometry_publisher) by extensions ['ignore', 'ignore_ament_install']
[0.308s] Level 1:colcon.colcon_core.package_identification:_identify(src/fake_odometry_publisher/fake_odometry_publisher) by extension 'ignore'
[0.308s] Level 1:colcon.colcon_core.package_identification:_identify(src/fake_odometry_publisher/fake_odometry_publisher) by extension 'ignore_ament_install'
[0.308s] Level 1:colcon.colcon_core.package_identification:_identify(src/fake_odometry_publisher/fake_odometry_publisher) by extensions ['colcon_pkg']
[0.308s] Level 1:colcon.colcon_core.package_identification:_identify(src/fake_odometry_publisher/fake_odometry_publisher) by extension 'colcon_pkg'
[0.308s] Level 1:colcon.colcon_core.package_identification:_identify(src/fake_odometry_publisher/fake_odometry_publisher) by extensions ['colcon_meta']
[0.308s] Level 1:colcon.colcon_core.package_identification:_identify(src/fake_odometry_publisher/fake_odometry_publisher) by extension 'colcon_meta'
[0.308s] Level 1:colcon.colcon_core.package_identification:_identify(src/fake_odometry_publisher/fake_odometry_publisher) by extensions ['ros']
[0.308s] Level 1:colcon.colcon_core.package_identification:_identify(src/fake_odometry_publisher/fake_odometry_publisher) by extension 'ros'
[0.310s] DEBUG:colcon.colcon_core.package_identification:Package 'src/fake_odometry_publisher/fake_odometry_publisher' with type 'ros.ament_python' and name 'fake_odometry_publisher'
[0.310s] Level 1:colcon.colcon_core.package_identification:_identify(src/my_cpp_package) by extensions ['ignore', 'ignore_ament_install']
[0.310s] Level 1:colcon.colcon_core.package_identification:_identify(src/my_cpp_package) by extension 'ignore'
[0.311s] Level 1:colcon.colcon_core.package_identification:_identify(src/my_cpp_package) by extension 'ignore_ament_install'
[0.311s] Level 1:colcon.colcon_core.package_identification:_identify(src/my_cpp_package) by extensions ['colcon_pkg']
[0.311s] Level 1:colcon.colcon_core.package_identification:_identify(src/my_cpp_package) by extension 'colcon_pkg'
[0.311s] Level 1:colcon.colcon_core.package_identification:_identify(src/my_cpp_package) by extensions ['colcon_meta']
[0.311s] Level 1:colcon.colcon_core.package_identification:_identify(src/my_cpp_package) by extension 'colcon_meta'
[0.311s] Level 1:colcon.colcon_core.package_identification:_identify(src/my_cpp_package) by extensions ['ros']
[0.311s] Level 1:colcon.colcon_core.package_identification:_identify(src/my_cpp_package) by extension 'ros'
[0.312s] DEBUG:colcon.colcon_core.package_identification:Package 'src/my_cpp_package' with type 'ros.ament_cmake' and name 'my_cpp_package'
[0.312s] Level 1:colcon.colcon_core.package_identification:_identify(src/nav2_bringup) by extensions ['ignore', 'ignore_ament_install']
[0.312s] Level 1:colcon.colcon_core.package_identification:_identify(src/nav2_bringup) by extension 'ignore'
[0.312s] Level 1:colcon.colcon_core.package_identification:_identify(src/nav2_bringup) by extension 'ignore_ament_install'
[0.312s] Level 1:colcon.colcon_core.package_identification:_identify(src/nav2_bringup) by extensions ['colcon_pkg']
[0.312s] Level 1:colcon.colcon_core.package_identification:_identify(src/nav2_bringup) by extension 'colcon_pkg'
[0.312s] Level 1:colcon.colcon_core.package_identification:_identify(src/nav2_bringup) by extensions ['colcon_meta']
[0.312s] Level 1:colcon.colcon_core.package_identification:_identify(src/nav2_bringup) by extension 'colcon_meta'
[0.312s] Level 1:colcon.colcon_core.package_identification:_identify(src/nav2_bringup) by extensions ['ros']
[0.312s] Level 1:colcon.colcon_core.package_identification:_identify(src/nav2_bringup) by extension 'ros'
[0.312s] DEBUG:colcon.colcon_core.package_identification:Package 'src/nav2_bringup' with type 'ros.ament_cmake' and name 'nav2_bringup'
[0.312s] Level 1:colcon.colcon_core.package_identification:_identify(src/ouster-ros) by extensions ['ignore', 'ignore_ament_install']
[0.312s] Level 1:colcon.colcon_core.package_identification:_identify(src/ouster-ros) by extension 'ignore'
[0.313s] Level 1:colcon.colcon_core.package_identification:_identify(src/ouster-ros) by extension 'ignore_ament_install'
[0.313s] Level 1:colcon.colcon_core.package_identification:_identify(src/ouster-ros) by extensions ['colcon_pkg']
[0.313s] Level 1:colcon.colcon_core.package_identification:_identify(src/ouster-ros) by extension 'colcon_pkg'
[0.313s] Level 1:colcon.colcon_core.package_identification:_identify(src/ouster-ros) by extensions ['colcon_meta']
[0.313s] Level 1:colcon.colcon_core.package_identification:_identify(src/ouster-ros) by extension 'colcon_meta'
[0.313s] Level 1:colcon.colcon_core.package_identification:_identify(src/ouster-ros) by extensions ['ros']
[0.313s] Level 1:colcon.colcon_core.package_identification:_identify(src/ouster-ros) by extension 'ros'
[0.313s] Level 1:colcon.colcon_core.package_identification:_identify(src/ouster-ros) by extensions ['cmake', 'python']
[0.313s] Level 1:colcon.colcon_core.package_identification:_identify(src/ouster-ros) by extension 'cmake'
[0.313s] Level 1:colcon.colcon_core.package_identification:_identify(src/ouster-ros) by extension 'python'
[0.313s] Level 1:colcon.colcon_core.package_identification:_identify(src/ouster-ros) by extensions ['python_setup_py']
[0.313s] Level 1:colcon.colcon_core.package_identification:_identify(src/ouster-ros) by extension 'python_setup_py'
[0.313s] Level 1:colcon.colcon_core.package_identification:_identify(src/ouster-ros/docs) by extensions ['ignore', 'ignore_ament_install']
[0.313s] Level 1:colcon.colcon_core.package_identification:_identify(src/ouster-ros/docs) by extension 'ignore'
[0.313s] Level 1:colcon.colcon_core.package_identification:_identify(src/ouster-ros/docs) by extension 'ignore_ament_install'
[0.313s] Level 1:colcon.colcon_core.package_identification:_identify(src/ouster-ros/docs) by extensions ['colcon_pkg']
[0.313s] Level 1:colcon.colcon_core.package_identification:_identify(src/ouster-ros/docs) by extension 'colcon_pkg'
[0.313s] Level 1:colcon.colcon_core.package_identification:_identify(src/ouster-ros/docs) by extensions ['colcon_meta']
[0.313s] Level 1:colcon.colcon_core.package_identification:_identify(src/ouster-ros/docs) by extension 'colcon_meta'
[0.313s] Level 1:colcon.colcon_core.package_identification:_identify(src/ouster-ros/docs) by extensions ['ros']
[0.313s] Level 1:colcon.colcon_core.package_identification:_identify(src/ouster-ros/docs) by extension 'ros'
[0.313s] Level 1:colcon.colcon_core.package_identification:_identify(src/ouster-ros/docs) by extensions ['cmake', 'python']
[0.313s] Level 1:colcon.colcon_core.package_identification:_identify(src/ouster-ros/docs) by extension 'cmake'
[0.313s] Level 1:colcon.colcon_core.package_identification:_identify(src/ouster-ros/docs) by extension 'python'
[0.313s] Level 1:colcon.colcon_core.package_identification:_identify(src/ouster-ros/docs) by extensions ['python_setup_py']
[0.313s] Level 1:colcon.colcon_core.package_identification:_identify(src/ouster-ros/docs) by extension 'python_setup_py'
[0.313s] Level 1:colcon.colcon_core.package_identification:_identify(src/ouster-ros/docs/images) by extensions ['ignore', 'ignore_ament_install']
[0.313s] Level 1:colcon.colcon_core.package_identification:_identify(src/ouster-ros/docs/images) by extension 'ignore'
[0.313s] Level 1:colcon.colcon_core.package_identification:_identify(src/ouster-ros/docs/images) by extension 'ignore_ament_install'
[0.314s] Level 1:colcon.colcon_core.package_identification:_identify(src/ouster-ros/docs/images) by extensions ['colcon_pkg']
[0.314s] Level 1:colcon.colcon_core.package_identification:_identify(src/ouster-ros/docs/images) by extension 'colcon_pkg'
[0.314s] Level 1:colcon.colcon_core.package_identification:_identify(src/ouster-ros/docs/images) by extensions ['colcon_meta']
[0.314s] Level 1:colcon.colcon_core.package_identification:_identify(src/ouster-ros/docs/images) by extension 'colcon_meta'
[0.314s] Level 1:colcon.colcon_core.package_identification:_identify(src/ouster-ros/docs/images) by extensions ['ros']
[0.314s] Level 1:colcon.colcon_core.package_identification:_identify(src/ouster-ros/docs/images) by extension 'ros'
[0.314s] Level 1:colcon.colcon_core.package_identification:_identify(src/ouster-ros/docs/images) by extensions ['cmake', 'python']
[0.314s] Level 1:colcon.colcon_core.package_identification:_identify(src/ouster-ros/docs/images) by extension 'cmake'
[0.314s] Level 1:colcon.colcon_core.package_identification:_identify(src/ouster-ros/docs/images) by extension 'python'
[0.314s] Level 1:colcon.colcon_core.package_identification:_identify(src/ouster-ros/docs/images) by extensions ['python_setup_py']
[0.314s] Level 1:colcon.colcon_core.package_identification:_identify(src/ouster-ros/docs/images) by extension 'python_setup_py'
[0.314s] Level 1:colcon.colcon_core.package_identification:_identify(src/ouster-ros/ouster-ros) by extensions ['ignore', 'ignore_ament_install']
[0.314s] Level 1:colcon.colcon_core.package_identification:_identify(src/ouster-ros/ouster-ros) by extension 'ignore'
[0.314s] Level 1:colcon.colcon_core.package_identification:_identify(src/ouster-ros/ouster-ros) by extension 'ignore_ament_install'
[0.314s] Level 1:colcon.colcon_core.package_identification:_identify(src/ouster-ros/ouster-ros) by extensions ['colcon_pkg']
[0.314s] Level 1:colcon.colcon_core.package_identification:_identify(src/ouster-ros/ouster-ros) by extension 'colcon_pkg'
[0.314s] Level 1:colcon.colcon_core.package_identification:_identify(src/ouster-ros/ouster-ros) by extensions ['colcon_meta']
[0.314s] Level 1:colcon.colcon_core.package_identification:_identify(src/ouster-ros/ouster-ros) by extension 'colcon_meta'
[0.314s] Level 1:colcon.colcon_core.package_identification:_identify(src/ouster-ros/ouster-ros) by extensions ['ros']
[0.314s] Level 1:colcon.colcon_core.package_identification:_identify(src/ouster-ros/ouster-ros) by extension 'ros'
[0.315s] DEBUG:colcon.colcon_core.package_identification:Package 'src/ouster-ros/ouster-ros' with type 'ros.ament_cmake' and name 'ouster_ros'
[0.315s] Level 1:colcon.colcon_core.package_identification:_identify(src/ouster-ros/ouster-sensor-msgs) by extensions ['ignore', 'ignore_ament_install']
[0.316s] Level 1:colcon.colcon_core.package_identification:_identify(src/ouster-ros/ouster-sensor-msgs) by extension 'ignore'
[0.316s] Level 1:colcon.colcon_core.package_identification:_identify(src/ouster-ros/ouster-sensor-msgs) by extension 'ignore_ament_install'
[0.316s] Level 1:colcon.colcon_core.package_identification:_identify(src/ouster-ros/ouster-sensor-msgs) by extensions ['colcon_pkg']
[0.316s] Level 1:colcon.colcon_core.package_identification:_identify(src/ouster-ros/ouster-sensor-msgs) by extension 'colcon_pkg'
[0.316s] Level 1:colcon.colcon_core.package_identification:_identify(src/ouster-ros/ouster-sensor-msgs) by extensions ['colcon_meta']
[0.316s] Level 1:colcon.colcon_core.package_identification:_identify(src/ouster-ros/ouster-sensor-msgs) by extension 'colcon_meta'
[0.316s] Level 1:colcon.colcon_core.package_identification:_identify(src/ouster-ros/ouster-sensor-msgs) by extensions ['ros']
[0.316s] Level 1:colcon.colcon_core.package_identification:_identify(src/ouster-ros/ouster-sensor-msgs) by extension 'ros'
[0.316s] DEBUG:colcon.colcon_core.package_identification:Package 'src/ouster-ros/ouster-sensor-msgs' with type 'ros.ament_cmake' and name 'ouster_sensor_msgs'
[0.316s] Level 1:colcon.colcon_core.package_identification:_identify(src/rf2o_laser_odometry) by extensions ['ignore', 'ignore_ament_install']
[0.316s] Level 1:colcon.colcon_core.package_identification:_identify(src/rf2o_laser_odometry) by extension 'ignore'
[0.316s] Level 1:colcon.colcon_core.package_identification:_identify(src/rf2o_laser_odometry) by extension 'ignore_ament_install'
[0.316s] Level 1:colcon.colcon_core.package_identification:_identify(src/rf2o_laser_odometry) by extensions ['colcon_pkg']
[0.316s] Level 1:colcon.colcon_core.package_identification:_identify(src/rf2o_laser_odometry) by extension 'colcon_pkg'
[0.316s] Level 1:colcon.colcon_core.package_identification:_identify(src/rf2o_laser_odometry) by extensions ['colcon_meta']
[0.316s] Level 1:colcon.colcon_core.package_identification:_identify(src/rf2o_laser_odometry) by extension 'colcon_meta'
[0.316s] Level 1:colcon.colcon_core.package_identification:_identify(src/rf2o_laser_odometry) by extensions ['ros']
[0.316s] Level 1:colcon.colcon_core.package_identification:_identify(src/rf2o_laser_odometry) by extension 'ros'
[0.317s] DEBUG:colcon.colcon_core.package_identification:Package 'src/rf2o_laser_odometry' with type 'ros.ament_cmake' and name 'rf2o_laser_odometry'
[0.317s] Level 1:colcon.colcon_core.package_identification:_identify(src/slam_toolbox-foxy-devel) by extensions ['ignore', 'ignore_ament_install']
[0.317s] Level 1:colcon.colcon_core.package_identification:_identify(src/slam_toolbox-foxy-devel) by extension 'ignore'
[0.317s] Level 1:colcon.colcon_core.package_identification:_identify(src/slam_toolbox-foxy-devel) by extension 'ignore_ament_install'
[0.317s] Level 1:colcon.colcon_core.package_identification:_identify(src/slam_toolbox-foxy-devel) by extensions ['colcon_pkg']
[0.317s] Level 1:colcon.colcon_core.package_identification:_identify(src/slam_toolbox-foxy-devel) by extension 'colcon_pkg'
[0.317s] Level 1:colcon.colcon_core.package_identification:_identify(src/slam_toolbox-foxy-devel) by extensions ['colcon_meta']
[0.317s] Level 1:colcon.colcon_core.package_identification:_identify(src/slam_toolbox-foxy-devel) by extension 'colcon_meta'
[0.317s] Level 1:colcon.colcon_core.package_identification:_identify(src/slam_toolbox-foxy-devel) by extensions ['ros']
[0.317s] Level 1:colcon.colcon_core.package_identification:_identify(src/slam_toolbox-foxy-devel) by extension 'ros'
[0.319s] DEBUG:colcon.colcon_core.package_identification:Package 'src/slam_toolbox-foxy-devel' with type 'ros.ament_cmake' and name 'slam_toolbox'
[0.319s] Level 1:colcon.colcon_core.package_discovery:discover_packages(recursive) using defaults
[0.319s] Level 1:colcon.colcon_core.package_discovery:discover_packages(ignore) discover
[0.319s] Level 1:colcon.colcon_core.package_discovery:discover_packages(ignore) using defaults
[0.319s] Level 1:colcon.colcon_core.package_discovery:discover_packages(path) discover
[0.319s] Level 1:colcon.colcon_core.package_discovery:discover_packages(path) using defaults
[0.352s] Level 1:colcon.colcon_core.package_discovery:discover_packages(prefix_path) check parameters
[0.352s] Level 1:colcon.colcon_core.package_discovery:discover_packages(prefix_path) discover
[0.353s] DEBUG:colcon.colcon_installed_package_information.package_discovery:Found 7 installed packages in /home/salaheldinm/Penguins/install
[0.354s] DEBUG:colcon.colcon_installed_package_information.package_discovery:Found 305 installed packages in /opt/ros/foxy
[0.356s] Level 1:colcon.colcon_core.package_discovery:discover_packages(prefix_path) using defaults
[0.402s] Level 5:colcon.colcon_core.verb:set package 'fake_odometry_publisher' build argument 'cmake_args' from command line to 'None'
[0.403s] Level 5:colcon.colcon_core.verb:set package 'fake_odometry_publisher' build argument 'cmake_target' from command line to 'None'
[0.403s] Level 5:colcon.colcon_core.verb:set package 'fake_odometry_publisher' build argument 'cmake_target_skip_unavailable' from command line to 'False'
[0.403s] Level 5:colcon.colcon_core.verb:set package 'fake_odometry_publisher' build argument 'cmake_clean_cache' from command line to 'False'
[0.403s] Level 5:colcon.colcon_core.verb:set package 'fake_odometry_publisher' build argument 'cmake_clean_first' from command line to 'False'
[0.403s] Level 5:colcon.colcon_core.verb:set package 'fake_odometry_publisher' build argument 'cmake_force_configure' from command line to 'False'
[0.403s] Level 5:colcon.colcon_core.verb:set package 'fake_odometry_publisher' build argument 'ament_cmake_args' from command line to 'None'
[0.403s] Level 5:colcon.colcon_core.verb:set package 'fake_odometry_publisher' build argument 'catkin_cmake_args' from command line to 'None'
[0.403s] Level 5:colcon.colcon_core.verb:set package 'fake_odometry_publisher' build argument 'catkin_skip_building_tests' from command line to 'False'
[0.403s] DEBUG:colcon.colcon_core.verb:Building package 'fake_odometry_publisher' with the following arguments: {'ament_cmake_args': None, 'build_base': '/home/salaheldinm/Penguins/build/fake_odometry_publisher', 'catkin_cmake_args': None, 'catkin_skip_building_tests': False, 'cmake_args': None, 'cmake_clean_cache': False, 'cmake_clean_first': False, 'cmake_force_configure': False, 'cmake_target': None, 'cmake_target_skip_unavailable': False, 'install_base': '/home/salaheldinm/Penguins/install/fake_odometry_publisher', 'merge_install': False, 'path': '/home/salaheldinm/Penguins/src/fake_odometry_publisher/fake_odometry_publisher', 'symlink_install': False, 'test_result_base': None}
[0.403s] Level 5:colcon.colcon_core.verb:set package 'my_cpp_package' build argument 'cmake_args' from command line to 'None'
[0.403s] Level 5:colcon.colcon_core.verb:set package 'my_cpp_package' build argument 'cmake_target' from command line to 'None'
[0.403s] Level 5:colcon.colcon_core.verb:set package 'my_cpp_package' build argument 'cmake_target_skip_unavailable' from command line to 'False'
[0.403s] Level 5:colcon.colcon_core.verb:set package 'my_cpp_package' build argument 'cmake_clean_cache' from command line to 'False'
[0.403s] Level 5:colcon.colcon_core.verb:set package 'my_cpp_package' build argument 'cmake_clean_first' from command line to 'False'
[0.403s] Level 5:colcon.colcon_core.verb:set package 'my_cpp_package' build argument 'cmake_force_configure' from command line to 'False'
[0.403s] Level 5:colcon.colcon_core.verb:set package 'my_cpp_package' build argument 'ament_cmake_args' from command line to 'None'
[0.403s] Level 5:colcon.colcon_core.verb:set package 'my_cpp_package' build argument 'catkin_cmake_args' from command line to 'None'
[0.403s] Level 5:colcon.colcon_core.verb:set package 'my_cpp_package' build argument 'catkin_skip_building_tests' from command line to 'False'
[0.403s] DEBUG:colcon.colcon_core.verb:Building package 'my_cpp_package' with the following arguments: {'ament_cmake_args': None, 'build_base': '/home/salaheldinm/Penguins/build/my_cpp_package', 'catkin_cmake_args': None, 'catkin_skip_building_tests': False, 'cmake_args': None, 'cmake_clean_cache': False, 'cmake_clean_first': False, 'cmake_force_configure': False, 'cmake_target': None, 'cmake_target_skip_unavailable': False, 'install_base': '/home/salaheldinm/Penguins/install/my_cpp_package', 'merge_install': False, 'path': '/home/salaheldinm/Penguins/src/my_cpp_package', 'symlink_install': False, 'test_result_base': None}
[0.403s] Level 5:colcon.colcon_core.verb:set package 'ouster_sensor_msgs' build argument 'cmake_args' from command line to 'None'
[0.403s] Level 5:colcon.colcon_core.verb:set package 'ouster_sensor_msgs' build argument 'cmake_target' from command line to 'None'
[0.403s] Level 5:colcon.colcon_core.verb:set package 'ouster_sensor_msgs' build argument 'cmake_target_skip_unavailable' from command line to 'False'
[0.403s] Level 5:colcon.colcon_core.verb:set package 'ouster_sensor_msgs' build argument 'cmake_clean_cache' from command line to 'False'
[0.403s] Level 5:colcon.colcon_core.verb:set package 'ouster_sensor_msgs' build argument 'cmake_clean_first' from command line to 'False'
[0.403s] Level 5:colcon.colcon_core.verb:set package 'ouster_sensor_msgs' build argument 'cmake_force_configure' from command line to 'False'
[0.403s] Level 5:colcon.colcon_core.verb:set package 'ouster_sensor_msgs' build argument 'ament_cmake_args' from command line to 'None'
[0.403s] Level 5:colcon.colcon_core.verb:set package 'ouster_sensor_msgs' build argument 'catkin_cmake_args' from command line to 'None'
[0.403s] Level 5:colcon.colcon_core.verb:set package 'ouster_sensor_msgs' build argument 'catkin_skip_building_tests' from command line to 'False'
[0.404s] DEBUG:colcon.colcon_core.verb:Building package 'ouster_sensor_msgs' with the following arguments: {'ament_cmake_args': None, 'build_base': '/home/salaheldinm/Penguins/build/ouster_sensor_msgs', 'catkin_cmake_args': None, 'catkin_skip_building_tests': False, 'cmake_args': None, 'cmake_clean_cache': False, 'cmake_clean_first': False, 'cmake_force_configure': False, 'cmake_target': None, 'cmake_target_skip_unavailable': False, 'install_base': '/home/salaheldinm/Penguins/install/ouster_sensor_msgs', 'merge_install': False, 'path': '/home/salaheldinm/Penguins/src/ouster-ros/ouster-sensor-msgs', 'symlink_install': False, 'test_result_base': None}
[0.404s] Level 5:colcon.colcon_core.verb:set package 'rf2o_laser_odometry' build argument 'cmake_args' from command line to 'None'
[0.404s] Level 5:colcon.colcon_core.verb:set package 'rf2o_laser_odometry' build argument 'cmake_target' from command line to 'None'
[0.404s] Level 5:colcon.colcon_core.verb:set package 'rf2o_laser_odometry' build argument 'cmake_target_skip_unavailable' from command line to 'False'
[0.404s] Level 5:colcon.colcon_core.verb:set package 'rf2o_laser_odometry' build argument 'cmake_clean_cache' from command line to 'False'
[0.404s] Level 5:colcon.colcon_core.verb:set package 'rf2o_laser_odometry' build argument 'cmake_clean_first' from command line to 'False'
[0.404s] Level 5:colcon.colcon_core.verb:set package 'rf2o_laser_odometry' build argument 'cmake_force_configure' from command line to 'False'
[0.404s] Level 5:colcon.colcon_core.verb:set package 'rf2o_laser_odometry' build argument 'ament_cmake_args' from command line to 'None'
[0.404s] Level 5:colcon.colcon_core.verb:set package 'rf2o_laser_odometry' build argument 'catkin_cmake_args' from command line to 'None'
[0.404s] Level 5:colcon.colcon_core.verb:set package 'rf2o_laser_odometry' build argument 'catkin_skip_building_tests' from command line to 'False'
[0.404s] DEBUG:colcon.colcon_core.verb:Building package 'rf2o_laser_odometry' with the following arguments: {'ament_cmake_args': None, 'build_base': '/home/salaheldinm/Penguins/build/rf2o_laser_odometry', 'catkin_cmake_args': None, 'catkin_skip_building_tests': False, 'cmake_args': None, 'cmake_clean_cache': False, 'cmake_clean_first': False, 'cmake_force_configure': False, 'cmake_target': None, 'cmake_target_skip_unavailable': False, 'install_base': '/home/salaheldinm/Penguins/install/rf2o_laser_odometry', 'merge_install': False, 'path': '/home/salaheldinm/Penguins/src/rf2o_laser_odometry', 'symlink_install': False, 'test_result_base': None}
[0.404s] Level 5:colcon.colcon_core.verb:set package 'slam_toolbox' build argument 'cmake_args' from command line to 'None'
[0.404s] Level 5:colcon.colcon_core.verb:set package 'slam_toolbox' build argument 'cmake_target' from command line to 'None'
[0.404s] Level 5:colcon.colcon_core.verb:set package 'slam_toolbox' build argument 'cmake_target_skip_unavailable' from command line to 'False'
[0.404s] Level 5:colcon.colcon_core.verb:set package 'slam_toolbox' build argument 'cmake_clean_cache' from command line to 'False'
[0.404s] Level 5:colcon.colcon_core.verb:set package 'slam_toolbox' build argument 'cmake_clean_first' from command line to 'False'
[0.404s] Level 5:colcon.colcon_core.verb:set package 'slam_toolbox' build argument 'cmake_force_configure' from command line to 'False'
[0.404s] Level 5:colcon.colcon_core.verb:set package 'slam_toolbox' build argument 'ament_cmake_args' from command line to 'None'
[0.404s] Level 5:colcon.colcon_core.verb:set package 'slam_toolbox' build argument 'catkin_cmake_args' from command line to 'None'
[0.404s] Level 5:colcon.colcon_core.verb:set package 'slam_toolbox' build argument 'catkin_skip_building_tests' from command line to 'False'
[0.404s] DEBUG:colcon.colcon_core.verb:Building package 'slam_toolbox' with the following arguments: {'ament_cmake_args': None, 'build_base': '/home/salaheldinm/Penguins/build/slam_toolbox', 'catkin_cmake_args': None, 'catkin_skip_building_tests': False, 'cmake_args': None, 'cmake_clean_cache': False, 'cmake_clean_first': False, 'cmake_force_configure': False, 'cmake_target': None, 'cmake_target_skip_unavailable': False, 'install_base': '/home/salaheldinm/Penguins/install/slam_toolbox', 'merge_install': False, 'path': '/home/salaheldinm/Penguins/src/slam_toolbox-foxy-devel', 'symlink_install': False, 'test_result_base': None}
[0.405s] Level 5:colcon.colcon_core.verb:set package 'nav2_bringup' build argument 'cmake_args' from command line to 'None'
[0.405s] Level 5:colcon.colcon_core.verb:set package 'nav2_bringup' build argument 'cmake_target' from command line to 'None'
[0.405s] Level 5:colcon.colcon_core.verb:set package 'nav2_bringup' build argument 'cmake_target_skip_unavailable' from command line to 'False'
[0.405s] Level 5:colcon.colcon_core.verb:set package 'nav2_bringup' build argument 'cmake_clean_cache' from command line to 'False'
[0.405s] Level 5:colcon.colcon_core.verb:set package 'nav2_bringup' build argument 'cmake_clean_first' from command line to 'False'
[0.405s] Level 5:colcon.colcon_core.verb:set package 'nav2_bringup' build argument 'cmake_force_configure' from command line to 'False'
[0.405s] Level 5:colcon.colcon_core.verb:set package 'nav2_bringup' build argument 'ament_cmake_args' from command line to 'None'
[0.405s] Level 5:colcon.colcon_core.verb:set package 'nav2_bringup' build argument 'catkin_cmake_args' from command line to 'None'
[0.405s] Level 5:colcon.colcon_core.verb:set package 'nav2_bringup' build argument 'catkin_skip_building_tests' from command line to 'False'
[0.405s] DEBUG:colcon.colcon_core.verb:Building package 'nav2_bringup' with the following arguments: {'ament_cmake_args': None, 'build_base': '/home/salaheldinm/Penguins/build/nav2_bringup', 'catkin_cmake_args': None, 'catkin_skip_building_tests': False, 'cmake_args': None, 'cmake_clean_cache': False, 'cmake_clean_first': False, 'cmake_force_configure': False, 'cmake_target': None, 'cmake_target_skip_unavailable': False, 'install_base': '/home/salaheldinm/Penguins/install/nav2_bringup', 'merge_install': False, 'path': '/home/salaheldinm/Penguins/src/nav2_bringup', 'symlink_install': False, 'test_result_base': None}
[0.405s] Level 5:colcon.colcon_core.verb:set package 'ouster_ros' build argument 'cmake_args' from command line to 'None'
[0.405s] Level 5:colcon.colcon_core.verb:set package 'ouster_ros' build argument 'cmake_target' from command line to 'None'
[0.405s] Level 5:colcon.colcon_core.verb:set package 'ouster_ros' build argument 'cmake_target_skip_unavailable' from command line to 'False'
[0.405s] Level 5:colcon.colcon_core.verb:set package 'ouster_ros' build argument 'cmake_clean_cache' from command line to 'False'
[0.405s] Level 5:colcon.colcon_core.verb:set package 'ouster_ros' build argument 'cmake_clean_first' from command line to 'False'
[0.405s] Level 5:colcon.colcon_core.verb:set package 'ouster_ros' build argument 'cmake_force_configure' from command line to 'False'
[0.405s] Level 5:colcon.colcon_core.verb:set package 'ouster_ros' build argument 'ament_cmake_args' from command line to 'None'
[0.405s] Level 5:colcon.colcon_core.verb:set package 'ouster_ros' build argument 'catkin_cmake_args' from command line to 'None'
[0.405s] Level 5:colcon.colcon_core.verb:set package 'ouster_ros' build argument 'catkin_skip_building_tests' from command line to 'False'
[0.405s] DEBUG:colcon.colcon_core.verb:Building package 'ouster_ros' with the following arguments: {'ament_cmake_args': None, 'build_base': '/home/salaheldinm/Penguins/build/ouster_ros', 'catkin_cmake_args': None, 'catkin_skip_building_tests': False, 'cmake_args': None, 'cmake_clean_cache': False, 'cmake_clean_first': False, 'cmake_force_configure': False, 'cmake_target': None, 'cmake_target_skip_unavailable': False, 'install_base': '/home/salaheldinm/Penguins/install/ouster_ros', 'merge_install': False, 'path': '/home/salaheldinm/Penguins/src/ouster-ros/ouster-ros', 'symlink_install': False, 'test_result_base': None}
[0.405s] INFO:colcon.colcon_core.executor:Executing jobs using 'parallel' executor
[0.407s] DEBUG:colcon.colcon_parallel_executor.executor.parallel:run_until_complete
[0.407s] INFO:colcon.colcon_ros.task.ament_cmake.build:Building ROS package in '/home/salaheldinm/Penguins/src/ouster-ros/ouster-sensor-msgs' with build type 'ament_cmake'
[0.408s] INFO:colcon.colcon_cmake.task.cmake.build:Building CMake package in '/home/salaheldinm/Penguins/src/ouster-ros/ouster-sensor-msgs'
[0.409s] INFO:colcon.colcon_core.plugin_system:Skipping extension 'colcon_core.shell.bat': Not used on non-Windows systems
[0.409s] INFO:colcon.colcon_core.shell:Skip shell extension 'powershell' for command environment: Not usable outside of PowerShell
[0.409s] DEBUG:colcon.colcon_core.shell:Skip shell extension 'dsv' for command environment
[0.416s] INFO:colcon.colcon_ros.task.ament_cmake.build:Building ROS package in '/home/salaheldinm/Penguins/src/slam_toolbox-foxy-devel' with build type 'ament_cmake'
[0.417s] INFO:colcon.colcon_cmake.task.cmake.build:Building CMake package in '/home/salaheldinm/Penguins/src/slam_toolbox-foxy-devel'
[0.417s] INFO:colcon.colcon_core.shell:Skip shell extension 'powershell' for command environment: Not usable outside of PowerShell
[0.417s] DEBUG:colcon.colcon_core.shell:Skip shell extension 'dsv' for command environment
[0.427s] INFO:colcon.colcon_ros.task.ament_python.build:Building ROS package in '/home/salaheldinm/Penguins/src/fake_odometry_publisher/fake_odometry_publisher' with build type 'ament_python'
[0.427s] Level 1:colcon.colcon_core.shell:create_environment_hook('fake_odometry_publisher', 'ament_prefix_path')
[0.428s] INFO:colcon.colcon_core.shell:Creating environment hook '/home/salaheldinm/Penguins/install/fake_odometry_publisher/share/fake_odometry_publisher/hook/ament_prefix_path.ps1'
[0.430s] INFO:colcon.colcon_core.shell:Creating environment descriptor '/home/salaheldinm/Penguins/install/fake_odometry_publisher/share/fake_odometry_publisher/hook/ament_prefix_path.dsv'
[0.431s] INFO:colcon.colcon_core.shell:Creating environment hook '/home/salaheldinm/Penguins/install/fake_odometry_publisher/share/fake_odometry_publisher/hook/ament_prefix_path.sh'
[0.432s] INFO:colcon.colcon_core.shell:Skip shell extension 'powershell' for command environment: Not usable outside of PowerShell
[0.432s] DEBUG:colcon.colcon_core.shell:Skip shell extension 'dsv' for command environment
[0.441s] INFO:colcon.colcon_ros.task.ament_cmake.build:Building ROS package in '/home/salaheldinm/Penguins/src/my_cpp_package' with build type 'ament_cmake'
[0.442s] INFO:colcon.colcon_cmake.task.cmake.build:Building CMake package in '/home/salaheldinm/Penguins/src/my_cpp_package'
[0.443s] INFO:colcon.colcon_core.shell:Skip shell extension 'powershell' for command environment: Not usable outside of PowerShell
[0.443s] DEBUG:colcon.colcon_core.shell:Skip shell extension 'dsv' for command environment
[0.452s] INFO:colcon.colcon_ros.task.ament_cmake.build:Building ROS package in '/home/salaheldinm/Penguins/src/rf2o_laser_odometry' with build type 'ament_cmake'
[0.452s] INFO:colcon.colcon_cmake.task.cmake.build:Building CMake package in '/home/salaheldinm/Penguins/src/rf2o_laser_odometry'
[0.453s] INFO:colcon.colcon_core.shell:Skip shell extension 'powershell' for command environment: Not usable outside of PowerShell
[0.454s] DEBUG:colcon.colcon_core.shell:Skip shell extension 'dsv' for command environment
[0.474s] DEBUG:colcon.colcon_core.event_handler.log_command:Invoking command in '/home/salaheldinm/Penguins/build/ouster_sensor_msgs': CMAKE_PREFIX_PATH=${CMAKE_PREFIX_PATH}:/home/salaheldinm/Penguins/install/fake_odometry_publisher:/opt/ros/foxy /usr/bin/cmake --build /home/salaheldinm/Penguins/build/ouster_sensor_msgs -- -j16 -l16
[0.483s] DEBUG:colcon.colcon_core.event_handler.log_command:Invoking command in '/home/salaheldinm/Penguins/build/slam_toolbox': CMAKE_PREFIX_PATH=${CMAKE_PREFIX_PATH}:/home/salaheldinm/Penguins/install/fake_odometry_publisher:/opt/ros/foxy /usr/bin/cmake --build /home/salaheldinm/Penguins/build/slam_toolbox -- -j16 -l16
[0.762s] INFO:colcon.colcon_core.task.python.build:Building Python package in '/home/salaheldinm/Penguins/src/fake_odometry_publisher/fake_odometry_publisher'
[0.763s] INFO:colcon.colcon_core.shell:Skip shell extension 'powershell' for command environment: Not usable outside of PowerShell
[0.763s] DEBUG:colcon.colcon_core.shell:Skip shell extension 'dsv' for command environment
[0.779s] DEBUG:colcon.colcon_core.event_handler.log_command:Invoking command in '/home/salaheldinm/Penguins/build/my_cpp_package': CMAKE_PREFIX_PATH=${CMAKE_PREFIX_PATH}:/home/salaheldinm/Penguins/install/fake_odometry_publisher:/opt/ros/foxy /usr/bin/cmake --build /home/salaheldinm/Penguins/build/my_cpp_package -- -j16 -l16
[0.796s] DEBUG:colcon.colcon_core.event_handler.log_command:Invoking command in '/home/salaheldinm/Penguins/build/rf2o_laser_odometry': CMAKE_PREFIX_PATH=${CMAKE_PREFIX_PATH}:/home/salaheldinm/Penguins/install/fake_odometry_publisher:/opt/ros/foxy /usr/bin/cmake --build /home/salaheldinm/Penguins/build/rf2o_laser_odometry -- -j16 -l16
[0.848s] DEBUG:colcon.colcon_core.event_handler.log_command:Invoked command in '/home/salaheldinm/Penguins/build/ouster_sensor_msgs' returned '0': CMAKE_PREFIX_PATH=${CMAKE_PREFIX_PATH}:/home/salaheldinm/Penguins/install/fake_odometry_publisher:/opt/ros/foxy /usr/bin/cmake --build /home/salaheldinm/Penguins/build/ouster_sensor_msgs -- -j16 -l16
[0.916s] DEBUG:colcon.colcon_core.event_handler.log_command:Invoked command in '/home/salaheldinm/Penguins/build/rf2o_laser_odometry' returned '0': CMAKE_PREFIX_PATH=${CMAKE_PREFIX_PATH}:/home/salaheldinm/Penguins/install/fake_odometry_publisher:/opt/ros/foxy /usr/bin/cmake --build /home/salaheldinm/Penguins/build/rf2o_laser_odometry -- -j16 -l16
[0.962s] DEBUG:colcon.colcon_core.event_handler.log_command:Invoking command in '/home/salaheldinm/Penguins/build/rf2o_laser_odometry': CMAKE_PREFIX_PATH=${CMAKE_PREFIX_PATH}:/home/salaheldinm/Penguins/install/fake_odometry_publisher:/opt/ros/foxy /usr/bin/cmake --install /home/salaheldinm/Penguins/build/rf2o_laser_odometry
[0.968s] DEBUG:colcon.colcon_core.event_handler.log_command:Invoked command in '/home/salaheldinm/Penguins/build/slam_toolbox' returned '0': CMAKE_PREFIX_PATH=${CMAKE_PREFIX_PATH}:/home/salaheldinm/Penguins/install/fake_odometry_publisher:/opt/ros/foxy /usr/bin/cmake --build /home/salaheldinm/Penguins/build/slam_toolbox -- -j16 -l16
[0.979s] DEBUG:colcon.colcon_core.event_handler.log_command:Invoking command in '/home/salaheldinm/Penguins/build/ouster_sensor_msgs': CMAKE_PREFIX_PATH=${CMAKE_PREFIX_PATH}:/home/salaheldinm/Penguins/install/fake_odometry_publisher:/opt/ros/foxy /usr/bin/cmake --install /home/salaheldinm/Penguins/build/ouster_sensor_msgs
[0.983s] Level 1:colcon.colcon_core.environment:create_environment_scripts_only(rf2o_laser_odometry)
[0.983s] DEBUG:colcon.colcon_core.event_handler.log_command:Invoked command in '/home/salaheldinm/Penguins/build/rf2o_laser_odometry' returned '0': CMAKE_PREFIX_PATH=${CMAKE_PREFIX_PATH}:/home/salaheldinm/Penguins/install/fake_odometry_publisher:/opt/ros/foxy /usr/bin/cmake --install /home/salaheldinm/Penguins/build/rf2o_laser_odometry
[0.987s] Level 1:colcon.colcon_core.environment:checking '/home/salaheldinm/Penguins/install/rf2o_laser_odometry' for CMake module files
[0.988s] Level 1:colcon.colcon_core.environment:checking '/home/salaheldinm/Penguins/install/rf2o_laser_odometry' for CMake config files
[0.988s] Level 1:colcon.colcon_core.shell:create_environment_hook('rf2o_laser_odometry', 'cmake_prefix_path')
[0.988s] INFO:colcon.colcon_core.shell:Creating environment hook '/home/salaheldinm/Penguins/install/rf2o_laser_odometry/share/rf2o_laser_odometry/hook/cmake_prefix_path.ps1'
[0.990s] INFO:colcon.colcon_core.shell:Creating environment descriptor '/home/salaheldinm/Penguins/install/rf2o_laser_odometry/share/rf2o_laser_odometry/hook/cmake_prefix_path.dsv'
[0.990s] INFO:colcon.colcon_core.shell:Creating environment hook '/home/salaheldinm/Penguins/install/rf2o_laser_odometry/share/rf2o_laser_odometry/hook/cmake_prefix_path.sh'
[0.991s] Level 1:colcon.colcon_core.environment:checking '/home/salaheldinm/Penguins/install/rf2o_laser_odometry/lib'
[0.991s] Level 1:colcon.colcon_core.environment:checking '/home/salaheldinm/Penguins/install/rf2o_laser_odometry/bin'
[0.992s] Level 1:colcon.colcon_core.environment:checking '/home/salaheldinm/Penguins/install/rf2o_laser_odometry/lib/pkgconfig/rf2o_laser_odometry.pc'
[0.992s] Level 1:colcon.colcon_core.environment:checking '/home/salaheldinm/Penguins/install/rf2o_laser_odometry/lib/python3.8/site-packages'
[0.992s] Level 1:colcon.colcon_core.environment:checking '/home/salaheldinm/Penguins/install/rf2o_laser_odometry/bin'
[0.993s] INFO:colcon.colcon_core.shell:Creating package script '/home/salaheldinm/Penguins/install/rf2o_laser_odometry/share/rf2o_laser_odometry/package.ps1'
[0.995s] INFO:colcon.colcon_core.shell:Creating package descriptor '/home/salaheldinm/Penguins/install/rf2o_laser_odometry/share/rf2o_laser_odometry/package.dsv'
[0.996s] INFO:colcon.colcon_core.shell:Creating package script '/home/salaheldinm/Penguins/install/rf2o_laser_odometry/share/rf2o_laser_odometry/package.sh'
[0.997s] INFO:colcon.colcon_core.shell:Creating package script '/home/salaheldinm/Penguins/install/rf2o_laser_odometry/share/rf2o_laser_odometry/package.bash'
[0.998s] INFO:colcon.colcon_core.shell:Creating package script '/home/salaheldinm/Penguins/install/rf2o_laser_odometry/share/rf2o_laser_odometry/package.zsh'
[0.999s] Level 1:colcon.colcon_core.environment:create_file_with_runtime_dependencies(/home/salaheldinm/Penguins/install/rf2o_laser_odometry/share/colcon-core/packages/rf2o_laser_odometry)
[1.026s] Level 1:colcon.colcon_core.environment:create_environment_scripts_only(rf2o_laser_odometry)
[1.026s] Level 1:colcon.colcon_core.environment:checking '/home/salaheldinm/Penguins/install/rf2o_laser_odometry' for CMake module files
[1.027s] Level 1:colcon.colcon_core.environment:checking '/home/salaheldinm/Penguins/install/rf2o_laser_odometry' for CMake config files
[1.027s] Level 1:colcon.colcon_core.shell:create_environment_hook('rf2o_laser_odometry', 'cmake_prefix_path')
[1.028s] INFO:colcon.colcon_core.shell:Creating environment hook '/home/salaheldinm/Penguins/install/rf2o_laser_odometry/share/rf2o_laser_odometry/hook/cmake_prefix_path.ps1'
[1.029s] INFO:colcon.colcon_core.shell:Creating environment descriptor '/home/salaheldinm/Penguins/install/rf2o_laser_odometry/share/rf2o_laser_odometry/hook/cmake_prefix_path.dsv'
[1.029s] INFO:colcon.colcon_core.shell:Creating environment hook '/home/salaheldinm/Penguins/install/rf2o_laser_odometry/share/rf2o_laser_odometry/hook/cmake_prefix_path.sh'
[1.030s] Level 1:colcon.colcon_core.environment:checking '/home/salaheldinm/Penguins/install/rf2o_laser_odometry/lib'
[1.030s] Level 1:colcon.colcon_core.environment:checking '/home/salaheldinm/Penguins/install/rf2o_laser_odometry/bin'
[1.031s] Level 1:colcon.colcon_core.environment:checking '/home/salaheldinm/Penguins/install/rf2o_laser_odometry/lib/pkgconfig/rf2o_laser_odometry.pc'
[1.031s] Level 1:colcon.colcon_core.environment:checking '/home/salaheldinm/Penguins/install/rf2o_laser_odometry/lib/python3.8/site-packages'
[1.031s] Level 1:colcon.colcon_core.environment:checking '/home/salaheldinm/Penguins/install/rf2o_laser_odometry/bin'
[1.032s] INFO:colcon.colcon_core.shell:Creating package script '/home/salaheldinm/Penguins/install/rf2o_laser_odometry/share/rf2o_laser_odometry/package.ps1'
[1.033s] INFO:colcon.colcon_core.shell:Creating package descriptor '/home/salaheldinm/Penguins/install/rf2o_laser_odometry/share/rf2o_laser_odometry/package.dsv'
[1.033s] INFO:colcon.colcon_core.shell:Creating package script '/home/salaheldinm/Penguins/install/rf2o_laser_odometry/share/rf2o_laser_odometry/package.sh'
[1.034s] INFO:colcon.colcon_core.shell:Creating package script '/home/salaheldinm/Penguins/install/rf2o_laser_odometry/share/rf2o_laser_odometry/package.bash'
[1.035s] INFO:colcon.colcon_core.shell:Creating package script '/home/salaheldinm/Penguins/install/rf2o_laser_odometry/share/rf2o_laser_odometry/package.zsh'
[1.036s] Level 1:colcon.colcon_core.environment:create_file_with_runtime_dependencies(/home/salaheldinm/Penguins/install/rf2o_laser_odometry/share/colcon-core/packages/rf2o_laser_odometry)
[1.055s] Level 1:colcon.colcon_core.environment:create_environment_scripts_only(ouster_sensor_msgs)
[1.056s] Level 1:colcon.colcon_core.environment:checking '/home/salaheldinm/Penguins/install/ouster_sensor_msgs' for CMake module files
[1.056s] DEBUG:colcon.colcon_core.event_handler.log_command:Invoked command in '/home/salaheldinm/Penguins/build/ouster_sensor_msgs' returned '0': CMAKE_PREFIX_PATH=${CMAKE_PREFIX_PATH}:/home/salaheldinm/Penguins/install/fake_odometry_publisher:/opt/ros/foxy /usr/bin/cmake --install /home/salaheldinm/Penguins/build/ouster_sensor_msgs
[1.057s] Level 1:colcon.colcon_core.environment:checking '/home/salaheldinm/Penguins/install/ouster_sensor_msgs' for CMake config files
[1.057s] Level 1:colcon.colcon_core.shell:create_environment_hook('ouster_sensor_msgs', 'cmake_prefix_path')
[1.058s] INFO:colcon.colcon_core.shell:Creating environment hook '/home/salaheldinm/Penguins/install/ouster_sensor_msgs/share/ouster_sensor_msgs/hook/cmake_prefix_path.ps1'
[1.058s] INFO:colcon.colcon_core.shell:Creating environment descriptor '/home/salaheldinm/Penguins/install/ouster_sensor_msgs/share/ouster_sensor_msgs/hook/cmake_prefix_path.dsv'
[1.059s] INFO:colcon.colcon_core.shell:Creating environment hook '/home/salaheldinm/Penguins/install/ouster_sensor_msgs/share/ouster_sensor_msgs/hook/cmake_prefix_path.sh'
[1.060s] Level 1:colcon.colcon_core.environment:checking '/home/salaheldinm/Penguins/install/ouster_sensor_msgs/lib'
[1.060s] Level 1:colcon.colcon_core.shell:create_environment_hook('ouster_sensor_msgs', 'ld_library_path_lib')
[1.061s] INFO:colcon.colcon_core.shell:Creating environment hook '/home/salaheldinm/Penguins/install/ouster_sensor_msgs/share/ouster_sensor_msgs/hook/ld_library_path_lib.ps1'
[1.061s] INFO:colcon.colcon_core.shell:Creating environment descriptor '/home/salaheldinm/Penguins/install/ouster_sensor_msgs/share/ouster_sensor_msgs/hook/ld_library_path_lib.dsv'
[1.062s] INFO:colcon.colcon_core.shell:Creating environment hook '/home/salaheldinm/Penguins/install/ouster_sensor_msgs/share/ouster_sensor_msgs/hook/ld_library_path_lib.sh'
[1.063s] Level 1:colcon.colcon_core.environment:checking '/home/salaheldinm/Penguins/install/ouster_sensor_msgs/bin'
[1.063s] Level 1:colcon.colcon_core.environment:checking '/home/salaheldinm/Penguins/install/ouster_sensor_msgs/lib/pkgconfig/ouster_sensor_msgs.pc'
[1.063s] Level 1:colcon.colcon_core.environment:checking '/home/salaheldinm/Penguins/install/ouster_sensor_msgs/lib/python3.8/site-packages'
[1.063s] Level 1:colcon.colcon_core.shell:create_environment_hook('ouster_sensor_msgs', 'pythonpath')
[1.063s] INFO:colcon.colcon_core.shell:Creating environment hook '/home/salaheldinm/Penguins/install/ouster_sensor_msgs/share/ouster_sensor_msgs/hook/pythonpath.ps1'
[1.064s] INFO:colcon.colcon_core.shell:Creating environment descriptor '/home/salaheldinm/Penguins/install/ouster_sensor_msgs/share/ouster_sensor_msgs/hook/pythonpath.dsv'
[1.065s] INFO:colcon.colcon_core.shell:Creating environment hook '/home/salaheldinm/Penguins/install/ouster_sensor_msgs/share/ouster_sensor_msgs/hook/pythonpath.sh'
[1.066s] Level 1:colcon.colcon_core.environment:checking '/home/salaheldinm/Penguins/install/ouster_sensor_msgs/bin'
[1.066s] INFO:colcon.colcon_core.shell:Creating package script '/home/salaheldinm/Penguins/install/ouster_sensor_msgs/share/ouster_sensor_msgs/package.ps1'
[1.067s] INFO:colcon.colcon_core.shell:Creating package descriptor '/home/salaheldinm/Penguins/install/ouster_sensor_msgs/share/ouster_sensor_msgs/package.dsv'
[1.068s] INFO:colcon.colcon_core.shell:Creating package script '/home/salaheldinm/Penguins/install/ouster_sensor_msgs/share/ouster_sensor_msgs/package.sh'
[1.069s] INFO:colcon.colcon_core.shell:Creating package script '/home/salaheldinm/Penguins/install/ouster_sensor_msgs/share/ouster_sensor_msgs/package.bash'
[1.069s] INFO:colcon.colcon_core.shell:Creating package script '/home/salaheldinm/Penguins/install/ouster_sensor_msgs/share/ouster_sensor_msgs/package.zsh'
[1.070s] Level 1:colcon.colcon_core.environment:create_file_with_runtime_dependencies(/home/salaheldinm/Penguins/install/ouster_sensor_msgs/share/colcon-core/packages/ouster_sensor_msgs)
[1.210s] Level 1:colcon.colcon_core.environment:create_environment_scripts_only(ouster_sensor_msgs)
[1.211s] Level 1:colcon.colcon_core.environment:checking '/home/salaheldinm/Penguins/install/ouster_sensor_msgs' for CMake module files
[1.212s] Level 1:colcon.colcon_core.environment:checking '/home/salaheldinm/Penguins/install/ouster_sensor_msgs' for CMake config files
[1.212s] Level 1:colcon.colcon_core.shell:create_environment_hook('ouster_sensor_msgs', 'cmake_prefix_path')
[1.213s] INFO:colcon.colcon_core.shell:Creating environment hook '/home/salaheldinm/Penguins/install/ouster_sensor_msgs/share/ouster_sensor_msgs/hook/cmake_prefix_path.ps1'
[1.214s] INFO:colcon.colcon_core.shell:Creating environment descriptor '/home/salaheldinm/Penguins/install/ouster_sensor_msgs/share/ouster_sensor_msgs/hook/cmake_prefix_path.dsv'
[1.214s] INFO:colcon.colcon_core.shell:Creating environment hook '/home/salaheldinm/Penguins/install/ouster_sensor_msgs/share/ouster_sensor_msgs/hook/cmake_prefix_path.sh'
[1.216s] Level 1:colcon.colcon_core.environment:checking '/home/salaheldinm/Penguins/install/ouster_sensor_msgs/lib'
[1.216s] Level 1:colcon.colcon_core.shell:create_environment_hook('ouster_sensor_msgs', 'ld_library_path_lib')
[1.216s] INFO:colcon.colcon_core.shell:Creating environment hook '/home/salaheldinm/Penguins/install/ouster_sensor_msgs/share/ouster_sensor_msgs/hook/ld_library_path_lib.ps1'
[1.217s] INFO:colcon.colcon_core.shell:Creating environment descriptor '/home/salaheldinm/Penguins/install/ouster_sensor_msgs/share/ouster_sensor_msgs/hook/ld_library_path_lib.dsv'
[1.217s] INFO:colcon.colcon_core.shell:Creating environment hook '/home/salaheldinm/Penguins/install/ouster_sensor_msgs/share/ouster_sensor_msgs/hook/ld_library_path_lib.sh'
[1.217s] Level 1:colcon.colcon_core.environment:checking '/home/salaheldinm/Penguins/install/ouster_sensor_msgs/bin'
[1.217s] Level 1:colcon.colcon_core.environment:checking '/home/salaheldinm/Penguins/install/ouster_sensor_msgs/lib/pkgconfig/ouster_sensor_msgs.pc'
[1.218s] Level 1:colcon.colcon_core.environment:checking '/home/salaheldinm/Penguins/install/ouster_sensor_msgs/lib/python3.8/site-packages'
[1.218s] Level 1:colcon.colcon_core.shell:create_environment_hook('ouster_sensor_msgs', 'pythonpath')
[1.218s] INFO:colcon.colcon_core.shell:Creating environment hook '/home/salaheldinm/Penguins/install/ouster_sensor_msgs/share/ouster_sensor_msgs/hook/pythonpath.ps1'
[1.218s] INFO:colcon.colcon_core.shell:Creating environment descriptor '/home/salaheldinm/Penguins/install/ouster_sensor_msgs/share/ouster_sensor_msgs/hook/pythonpath.dsv'
[1.218s] INFO:colcon.colcon_core.shell:Creating environment hook '/home/salaheldinm/Penguins/install/ouster_sensor_msgs/share/ouster_sensor_msgs/hook/pythonpath.sh'
[1.219s] Level 1:colcon.colcon_core.environment:checking '/home/salaheldinm/Penguins/install/ouster_sensor_msgs/bin'
[1.219s] INFO:colcon.colcon_core.shell:Creating package script '/home/salaheldinm/Penguins/install/ouster_sensor_msgs/share/ouster_sensor_msgs/package.ps1'
[1.219s] INFO:colcon.colcon_core.shell:Creating package descriptor '/home/salaheldinm/Penguins/install/ouster_sensor_msgs/share/ouster_sensor_msgs/package.dsv'
[1.220s] INFO:colcon.colcon_core.shell:Creating package script '/home/salaheldinm/Penguins/install/ouster_sensor_msgs/share/ouster_sensor_msgs/package.sh'
[1.220s] INFO:colcon.colcon_core.shell:Creating package script '/home/salaheldinm/Penguins/install/ouster_sensor_msgs/share/ouster_sensor_msgs/package.bash'
[1.220s] INFO:colcon.colcon_core.shell:Creating package script '/home/salaheldinm/Penguins/install/ouster_sensor_msgs/share/ouster_sensor_msgs/package.zsh'
[1.220s] Level 1:colcon.colcon_core.environment:create_file_with_runtime_dependencies(/home/salaheldinm/Penguins/install/ouster_sensor_msgs/share/colcon-core/packages/ouster_sensor_msgs)
[1.221s] INFO:colcon.colcon_ros.task.ament_cmake.build:Building ROS package in '/home/salaheldinm/Penguins/src/ouster-ros/ouster-ros' with build type 'ament_cmake'
[1.221s] INFO:colcon.colcon_cmake.task.cmake.build:Building CMake package in '/home/salaheldinm/Penguins/src/ouster-ros/ouster-ros'
[1.222s] INFO:colcon.colcon_core.shell:Skip shell extension 'powershell' for command environment: Not usable outside of PowerShell
[1.222s] DEBUG:colcon.colcon_core.shell:Skip shell extension 'dsv' for command environment
[1.230s] DEBUG:colcon.colcon_core.event_handler.log_command:Invoking command in '/home/salaheldinm/Penguins/src/fake_odometry_publisher/fake_odometry_publisher': PYTHONPATH=/home/salaheldinm/Penguins/build/fake_odometry_publisher/prefix_override:/home/salaheldinm/Penguins/install/fake_odometry_publisher/lib/python3.8/site-packages:${PYTHONPATH} /usr/bin/python3 -W ignore:setup.py install is deprecated setup.py egg_info --egg-base ../../../build/fake_odometry_publisher build --build-base /home/salaheldinm/Penguins/build/fake_odometry_publisher/build install --record /home/salaheldinm/Penguins/build/fake_odometry_publisher/install.log --single-version-externally-managed install_data
[1.235s] DEBUG:colcon.colcon_core.event_handler.log_command:Invoking command in '/home/salaheldinm/Penguins/build/slam_toolbox': CMAKE_PREFIX_PATH=${CMAKE_PREFIX_PATH}:/home/salaheldinm/Penguins/install/fake_odometry_publisher:/opt/ros/foxy /usr/bin/cmake --install /home/salaheldinm/Penguins/build/slam_toolbox
[1.244s] DEBUG:colcon.colcon_core.event_handler.log_command:Invoking command in '/home/salaheldinm/Penguins/build/ouster_ros': CMAKE_PREFIX_PATH=/home/salaheldinm/Penguins/install/ouster_sensor_msgs:/home/salaheldinm/Penguins/install/nav2_bringup:/home/salaheldinm/Penguins/install/slam_toolbox:/home/salaheldinm/Penguins/install/rf2o_laser_odometry:/home/salaheldinm/Penguins/install/ouster_ros:/home/salaheldinm/Penguins/install/my_cpp_package:/home/salaheldinm/Penguins/install/fake_odometry_publisher:/opt/ros/foxy LD_LIBRARY_PATH=/home/salaheldinm/Penguins/install/ouster_sensor_msgs/lib:/home/salaheldinm/Penguins/install/slam_toolbox/lib:/home/salaheldinm/Penguins/install/ouster_ros/lib:/usr/lib/x86_64-linux-gnu/gazebo-11/plugins:/opt/ros/foxy/opt/yaml_cpp_vendor/lib:/opt/ros/foxy/opt/rviz_ogre_vendor/lib:/opt/ros/foxy/lib/x86_64-linux-gnu:/opt/ros/foxy/lib PYTHONPATH=/home/salaheldinm/Penguins/install/ouster_sensor_msgs/lib/python3.8/site-packages:/home/salaheldinm/Penguins/install/slam_toolbox/lib/python3.8/site-packages:/home/salaheldinm/Penguins/install/fake_odometry_publisher/lib/python3.8/site-packages:/opt/ros/foxy/lib/python3.8/site-packages /usr/bin/cmake --build /home/salaheldinm/Penguins/build/ouster_ros -- -j16 -l16
[1.315s] Level 1:colcon.colcon_core.environment:create_environment_scripts_only(slam_toolbox)
[1.315s] Level 1:colcon.colcon_core.environment:checking '/home/salaheldinm/Penguins/install/slam_toolbox' for CMake module files
[1.316s] DEBUG:colcon.colcon_core.event_handler.log_command:Invoked command in '/home/salaheldinm/Penguins/build/slam_toolbox' returned '0': CMAKE_PREFIX_PATH=${CMAKE_PREFIX_PATH}:/home/salaheldinm/Penguins/install/fake_odometry_publisher:/opt/ros/foxy /usr/bin/cmake --install /home/salaheldinm/Penguins/build/slam_toolbox
[1.317s] Level 1:colcon.colcon_core.environment:checking '/home/salaheldinm/Penguins/install/slam_toolbox' for CMake config files
[1.317s] Level 1:colcon.colcon_core.shell:create_environment_hook('slam_toolbox', 'cmake_prefix_path')
[1.317s] INFO:colcon.colcon_core.shell:Creating environment hook '/home/salaheldinm/Penguins/install/slam_toolbox/share/slam_toolbox/hook/cmake_prefix_path.ps1'
[1.318s] INFO:colcon.colcon_core.shell:Creating environment descriptor '/home/salaheldinm/Penguins/install/slam_toolbox/share/slam_toolbox/hook/cmake_prefix_path.dsv'
[1.319s] INFO:colcon.colcon_core.shell:Creating environment hook '/home/salaheldinm/Penguins/install/slam_toolbox/share/slam_toolbox/hook/cmake_prefix_path.sh'
[1.319s] Level 1:colcon.colcon_core.environment:checking '/home/salaheldinm/Penguins/install/slam_toolbox/lib'
[1.320s] Level 1:colcon.colcon_core.shell:create_environment_hook('slam_toolbox', 'ld_library_path_lib')
[1.320s] INFO:colcon.colcon_core.shell:Creating environment hook '/home/salaheldinm/Penguins/install/slam_toolbox/share/slam_toolbox/hook/ld_library_path_lib.ps1'
[1.321s] INFO:colcon.colcon_core.shell:Creating environment descriptor '/home/salaheldinm/Penguins/install/slam_toolbox/share/slam_toolbox/hook/ld_library_path_lib.dsv'
[1.322s] INFO:colcon.colcon_core.shell:Creating environment hook '/home/salaheldinm/Penguins/install/slam_toolbox/share/slam_toolbox/hook/ld_library_path_lib.sh'
[1.323s] Level 1:colcon.colcon_core.environment:checking '/home/salaheldinm/Penguins/install/slam_toolbox/bin'
[1.323s] Level 1:colcon.colcon_core.environment:checking '/home/salaheldinm/Penguins/install/slam_toolbox/lib/pkgconfig/slam_toolbox.pc'
[1.324s] Level 1:colcon.colcon_core.environment:checking '/home/salaheldinm/Penguins/install/slam_toolbox/lib/python3.8/site-packages'
[1.324s] Level 1:colcon.colcon_core.shell:create_environment_hook('slam_toolbox', 'pythonpath')
[1.324s] INFO:colcon.colcon_core.shell:Creating environment hook '/home/salaheldinm/Penguins/install/slam_toolbox/share/slam_toolbox/hook/pythonpath.ps1'
[1.326s] INFO:colcon.colcon_core.shell:Creating environment descriptor '/home/salaheldinm/Penguins/install/slam_toolbox/share/slam_toolbox/hook/pythonpath.dsv'
[1.327s] INFO:colcon.colcon_core.shell:Creating environment hook '/home/salaheldinm/Penguins/install/slam_toolbox/share/slam_toolbox/hook/pythonpath.sh'
[1.328s] Level 1:colcon.colcon_core.environment:checking '/home/salaheldinm/Penguins/install/slam_toolbox/bin'
[1.329s] INFO:colcon.colcon_core.shell:Creating package script '/home/salaheldinm/Penguins/install/slam_toolbox/share/slam_toolbox/package.ps1'
[1.331s] INFO:colcon.colcon_core.shell:Creating package descriptor '/home/salaheldinm/Penguins/install/slam_toolbox/share/slam_toolbox/package.dsv'
[1.332s] INFO:colcon.colcon_core.shell:Creating package script '/home/salaheldinm/Penguins/install/slam_toolbox/share/slam_toolbox/package.sh'
[1.332s] INFO:colcon.colcon_core.shell:Creating package script '/home/salaheldinm/Penguins/install/slam_toolbox/share/slam_toolbox/package.bash'
[1.332s] INFO:colcon.colcon_core.shell:Creating package script '/home/salaheldinm/Penguins/install/slam_toolbox/share/slam_toolbox/package.zsh'
[1.332s] Level 1:colcon.colcon_core.environment:create_file_with_runtime_dependencies(/home/salaheldinm/Penguins/install/slam_toolbox/share/colcon-core/packages/slam_toolbox)
[1.528s] Level 1:colcon.colcon_core.environment:checking '/home/salaheldinm/Penguins/install/fake_odometry_publisher' for CMake module files
[1.528s] DEBUG:colcon.colcon_core.event_handler.log_command:Invoked command in '/home/salaheldinm/Penguins/src/fake_odometry_publisher/fake_odometry_publisher' returned '0': PYTHONPATH=/home/salaheldinm/Penguins/build/fake_odometry_publisher/prefix_override:/home/salaheldinm/Penguins/install/fake_odometry_publisher/lib/python3.8/site-packages:${PYTHONPATH} /usr/bin/python3 -W ignore:setup.py install is deprecated setup.py egg_info --egg-base ../../../build/fake_odometry_publisher build --build-base /home/salaheldinm/Penguins/build/fake_odometry_publisher/build install --record /home/salaheldinm/Penguins/build/fake_odometry_publisher/install.log --single-version-externally-managed install_data
[1.529s] Level 1:colcon.colcon_core.environment:checking '/home/salaheldinm/Penguins/install/fake_odometry_publisher' for CMake config files
[1.530s] Level 1:colcon.colcon_core.environment:checking '/home/salaheldinm/Penguins/install/fake_odometry_publisher/lib'
[1.530s] Level 1:colcon.colcon_core.environment:checking '/home/salaheldinm/Penguins/install/fake_odometry_publisher/bin'
[1.530s] Level 1:colcon.colcon_core.environment:checking '/home/salaheldinm/Penguins/install/fake_odometry_publisher/lib/pkgconfig/fake_odometry_publisher.pc'
[1.530s] Level 1:colcon.colcon_core.environment:checking '/home/salaheldinm/Penguins/install/fake_odometry_publisher/lib/python3.8/site-packages'
[1.530s] Level 1:colcon.colcon_core.shell:create_environment_hook('fake_odometry_publisher', 'pythonpath')
[1.531s] INFO:colcon.colcon_core.shell:Creating environment hook '/home/salaheldinm/Penguins/install/fake_odometry_publisher/share/fake_odometry_publisher/hook/pythonpath.ps1'
[1.531s] INFO:colcon.colcon_core.shell:Creating environment descriptor '/home/salaheldinm/Penguins/install/fake_odometry_publisher/share/fake_odometry_publisher/hook/pythonpath.dsv'
[1.532s] INFO:colcon.colcon_core.shell:Creating environment hook '/home/salaheldinm/Penguins/install/fake_odometry_publisher/share/fake_odometry_publisher/hook/pythonpath.sh'
[1.533s] Level 1:colcon.colcon_core.environment:checking '/home/salaheldinm/Penguins/install/fake_odometry_publisher/bin'
[1.533s] Level 1:colcon.colcon_core.environment:create_environment_scripts_only(fake_odometry_publisher)
[1.533s] INFO:colcon.colcon_core.shell:Creating package script '/home/salaheldinm/Penguins/install/fake_odometry_publisher/share/fake_odometry_publisher/package.ps1'
[1.534s] INFO:colcon.colcon_core.shell:Creating package descriptor '/home/salaheldinm/Penguins/install/fake_odometry_publisher/share/fake_odometry_publisher/package.dsv'
[1.535s] INFO:colcon.colcon_core.shell:Creating package script '/home/salaheldinm/Penguins/install/fake_odometry_publisher/share/fake_odometry_publisher/package.sh'
[1.536s] INFO:colcon.colcon_core.shell:Creating package script '/home/salaheldinm/Penguins/install/fake_odometry_publisher/share/fake_odometry_publisher/package.bash'
[1.537s] INFO:colcon.colcon_core.shell:Creating package script '/home/salaheldinm/Penguins/install/fake_odometry_publisher/share/fake_odometry_publisher/package.zsh'
[1.537s] Level 1:colcon.colcon_core.environment:create_file_with_runtime_dependencies(/home/salaheldinm/Penguins/install/fake_odometry_publisher/share/colcon-core/packages/fake_odometry_publisher)
[1.540s] DEBUG:colcon.colcon_core.event_handler.log_command:Invoked command in '/home/salaheldinm/Penguins/build/ouster_ros' returned '0': CMAKE_PREFIX_PATH=/home/salaheldinm/Penguins/install/ouster_sensor_msgs:/home/salaheldinm/Penguins/install/nav2_bringup:/home/salaheldinm/Penguins/install/slam_toolbox:/home/salaheldinm/Penguins/install/rf2o_laser_odometry:/home/salaheldinm/Penguins/install/ouster_ros:/home/salaheldinm/Penguins/install/my_cpp_package:/home/salaheldinm/Penguins/install/fake_odometry_publisher:/opt/ros/foxy LD_LIBRARY_PATH=/home/salaheldinm/Penguins/install/ouster_sensor_msgs/lib:/home/salaheldinm/Penguins/install/slam_toolbox/lib:/home/salaheldinm/Penguins/install/ouster_ros/lib:/usr/lib/x86_64-linux-gnu/gazebo-11/plugins:/opt/ros/foxy/opt/yaml_cpp_vendor/lib:/opt/ros/foxy/opt/rviz_ogre_vendor/lib:/opt/ros/foxy/lib/x86_64-linux-gnu:/opt/ros/foxy/lib PYTHONPATH=/home/salaheldinm/Penguins/install/ouster_sensor_msgs/lib/python3.8/site-packages:/home/salaheldinm/Penguins/install/slam_toolbox/lib/python3.8/site-packages:/home/salaheldinm/Penguins/install/fake_odometry_publisher/lib/python3.8/site-packages:/opt/ros/foxy/lib/python3.8/site-packages /usr/bin/cmake --build /home/salaheldinm/Penguins/build/ouster_ros -- -j16 -l16
[1.608s] Level 1:colcon.colcon_core.environment:create_environment_scripts_only(slam_toolbox)
[1.609s] Level 1:colcon.colcon_core.environment:checking '/home/salaheldinm/Penguins/install/slam_toolbox' for CMake module files
[1.610s] Level 1:colcon.colcon_core.environment:checking '/home/salaheldinm/Penguins/install/slam_toolbox' for CMake config files
[1.611s] Level 1:colcon.colcon_core.shell:create_environment_hook('slam_toolbox', 'cmake_prefix_path')
[1.611s] INFO:colcon.colcon_core.shell:Creating environment hook '/home/salaheldinm/Penguins/install/slam_toolbox/share/slam_toolbox/hook/cmake_prefix_path.ps1'
[1.612s] INFO:colcon.colcon_core.shell:Creating environment descriptor '/home/salaheldinm/Penguins/install/slam_toolbox/share/slam_toolbox/hook/cmake_prefix_path.dsv'
[1.612s] INFO:colcon.colcon_core.shell:Creating environment hook '/home/salaheldinm/Penguins/install/slam_toolbox/share/slam_toolbox/hook/cmake_prefix_path.sh'
[1.613s] Level 1:colcon.colcon_core.environment:checking '/home/salaheldinm/Penguins/install/slam_toolbox/lib'
[1.613s] Level 1:colcon.colcon_core.shell:create_environment_hook('slam_toolbox', 'ld_library_path_lib')
[1.613s] INFO:colcon.colcon_core.shell:Creating environment hook '/home/salaheldinm/Penguins/install/slam_toolbox/share/slam_toolbox/hook/ld_library_path_lib.ps1'
[1.614s] INFO:colcon.colcon_core.shell:Creating environment descriptor '/home/salaheldinm/Penguins/install/slam_toolbox/share/slam_toolbox/hook/ld_library_path_lib.dsv'
[1.614s] INFO:colcon.colcon_core.shell:Creating environment hook '/home/salaheldinm/Penguins/install/slam_toolbox/share/slam_toolbox/hook/ld_library_path_lib.sh'
[1.615s] Level 1:colcon.colcon_core.environment:checking '/home/salaheldinm/Penguins/install/slam_toolbox/bin'
[1.615s] Level 1:colcon.colcon_core.environment:checking '/home/salaheldinm/Penguins/install/slam_toolbox/lib/pkgconfig/slam_toolbox.pc'
[1.615s] Level 1:colcon.colcon_core.environment:checking '/home/salaheldinm/Penguins/install/slam_toolbox/lib/python3.8/site-packages'
[1.615s] Level 1:colcon.colcon_core.shell:create_environment_hook('slam_toolbox', 'pythonpath')
[1.615s] INFO:colcon.colcon_core.shell:Creating environment hook '/home/salaheldinm/Penguins/install/slam_toolbox/share/slam_toolbox/hook/pythonpath.ps1'
[1.616s] INFO:colcon.colcon_core.shell:Creating environment descriptor '/home/salaheldinm/Penguins/install/slam_toolbox/share/slam_toolbox/hook/pythonpath.dsv'
[1.616s] INFO:colcon.colcon_core.shell:Creating environment hook '/home/salaheldinm/Penguins/install/slam_toolbox/share/slam_toolbox/hook/pythonpath.sh'
[1.617s] Level 1:colcon.colcon_core.environment:checking '/home/salaheldinm/Penguins/install/slam_toolbox/bin'
[1.618s] INFO:colcon.colcon_core.shell:Creating package script '/home/salaheldinm/Penguins/install/slam_toolbox/share/slam_toolbox/package.ps1'
[1.618s] INFO:colcon.colcon_core.shell:Creating package descriptor '/home/salaheldinm/Penguins/install/slam_toolbox/share/slam_toolbox/package.dsv'
[1.619s] INFO:colcon.colcon_core.shell:Creating package script '/home/salaheldinm/Penguins/install/slam_toolbox/share/slam_toolbox/package.sh'
[1.620s] INFO:colcon.colcon_core.shell:Creating package script '/home/salaheldinm/Penguins/install/slam_toolbox/share/slam_toolbox/package.bash'
[1.620s] INFO:colcon.colcon_core.shell:Creating package script '/home/salaheldinm/Penguins/install/slam_toolbox/share/slam_toolbox/package.zsh'
[1.620s] Level 1:colcon.colcon_core.environment:create_file_with_runtime_dependencies(/home/salaheldinm/Penguins/install/slam_toolbox/share/colcon-core/packages/slam_toolbox)
[1.621s] INFO:colcon.colcon_ros.task.ament_cmake.build:Building ROS package in '/home/salaheldinm/Penguins/src/nav2_bringup' with build type 'ament_cmake'
[1.621s] INFO:colcon.colcon_cmake.task.cmake.build:Building CMake package in '/home/salaheldinm/Penguins/src/nav2_bringup'
[1.621s] INFO:colcon.colcon_core.shell:Skip shell extension 'powershell' for command environment: Not usable outside of PowerShell
[1.621s] DEBUG:colcon.colcon_core.shell:Skip shell extension 'dsv' for command environment
[1.642s] DEBUG:colcon.colcon_core.event_handler.log_command:Invoking command in '/home/salaheldinm/Penguins/build/nav2_bringup': CMAKE_PREFIX_PATH=/home/salaheldinm/Penguins/install/slam_toolbox:/home/salaheldinm/Penguins/install/nav2_bringup:/home/salaheldinm/Penguins/install/rf2o_laser_odometry:/home/salaheldinm/Penguins/install/ouster_ros:/home/salaheldinm/Penguins/install/ouster_sensor_msgs:/home/salaheldinm/Penguins/install/my_cpp_package:/home/salaheldinm/Penguins/install/fake_odometry_publisher:/opt/ros/foxy /usr/bin/cmake --build /home/salaheldinm/Penguins/build/nav2_bringup -- -j16 -l16
[1.649s] DEBUG:colcon.colcon_core.event_handler.log_command:Invoking command in '/home/salaheldinm/Penguins/build/ouster_ros': CMAKE_PREFIX_PATH=/home/salaheldinm/Penguins/install/ouster_sensor_msgs:/home/salaheldinm/Penguins/install/nav2_bringup:/home/salaheldinm/Penguins/install/slam_toolbox:/home/salaheldinm/Penguins/install/rf2o_laser_odometry:/home/salaheldinm/Penguins/install/ouster_ros:/home/salaheldinm/Penguins/install/my_cpp_package:/home/salaheldinm/Penguins/install/fake_odometry_publisher:/opt/ros/foxy LD_LIBRARY_PATH=/home/salaheldinm/Penguins/install/ouster_sensor_msgs/lib:/home/salaheldinm/Penguins/install/slam_toolbox/lib:/home/salaheldinm/Penguins/install/ouster_ros/lib:/usr/lib/x86_64-linux-gnu/gazebo-11/plugins:/opt/ros/foxy/opt/yaml_cpp_vendor/lib:/opt/ros/foxy/opt/rviz_ogre_vendor/lib:/opt/ros/foxy/lib/x86_64-linux-gnu:/opt/ros/foxy/lib PYTHONPATH=/home/salaheldinm/Penguins/install/ouster_sensor_msgs/lib/python3.8/site-packages:/home/salaheldinm/Penguins/install/slam_toolbox/lib/python3.8/site-packages:/home/salaheldinm/Penguins/install/fake_odometry_publisher/lib/python3.8/site-packages:/opt/ros/foxy/lib/python3.8/site-packages /usr/bin/cmake --install /home/salaheldinm/Penguins/build/ouster_ros
[1.671s] Level 1:colcon.colcon_core.environment:create_environment_scripts_only(ouster_ros)
[1.672s] Level 1:colcon.colcon_core.environment:checking '/home/salaheldinm/Penguins/install/ouster_ros' for CMake module files
[1.676s] DEBUG:colcon.colcon_core.event_handler.log_command:Invoked command in '/home/salaheldinm/Penguins/build/ouster_ros' returned '0': CMAKE_PREFIX_PATH=/home/salaheldinm/Penguins/install/ouster_sensor_msgs:/home/salaheldinm/Penguins/install/nav2_bringup:/home/salaheldinm/Penguins/install/slam_toolbox:/home/salaheldinm/Penguins/install/rf2o_laser_odometry:/home/salaheldinm/Penguins/install/ouster_ros:/home/salaheldinm/Penguins/install/my_cpp_package:/home/salaheldinm/Penguins/install/fake_odometry_publisher:/opt/ros/foxy LD_LIBRARY_PATH=/home/salaheldinm/Penguins/install/ouster_sensor_msgs/lib:/home/salaheldinm/Penguins/install/slam_toolbox/lib:/home/salaheldinm/Penguins/install/ouster_ros/lib:/usr/lib/x86_64-linux-gnu/gazebo-11/plugins:/opt/ros/foxy/opt/yaml_cpp_vendor/lib:/opt/ros/foxy/opt/rviz_ogre_vendor/lib:/opt/ros/foxy/lib/x86_64-linux-gnu:/opt/ros/foxy/lib PYTHONPATH=/home/salaheldinm/Penguins/install/ouster_sensor_msgs/lib/python3.8/site-packages:/home/salaheldinm/Penguins/install/slam_toolbox/lib/python3.8/site-packages:/home/salaheldinm/Penguins/install/fake_odometry_publisher/lib/python3.8/site-packages:/opt/ros/foxy/lib/python3.8/site-packages /usr/bin/cmake --install /home/salaheldinm/Penguins/build/ouster_ros
[1.676s] Level 1:colcon.colcon_core.environment:checking '/home/salaheldinm/Penguins/install/ouster_ros' for CMake config files
[1.677s] Level 1:colcon.colcon_core.shell:create_environment_hook('ouster_ros', 'cmake_prefix_path')
[1.677s] INFO:colcon.colcon_core.shell:Creating environment hook '/home/salaheldinm/Penguins/install/ouster_ros/share/ouster_ros/hook/cmake_prefix_path.ps1'
[1.678s] INFO:colcon.colcon_core.shell:Creating environment descriptor '/home/salaheldinm/Penguins/install/ouster_ros/share/ouster_ros/hook/cmake_prefix_path.dsv'
[1.679s] INFO:colcon.colcon_core.shell:Creating environment hook '/home/salaheldinm/Penguins/install/ouster_ros/share/ouster_ros/hook/cmake_prefix_path.sh'
[1.680s] Level 1:colcon.colcon_core.environment:checking '/home/salaheldinm/Penguins/install/ouster_ros/lib'
[1.681s] Level 1:colcon.colcon_core.shell:create_environment_hook('ouster_ros', 'ld_library_path_lib')
[1.681s] INFO:colcon.colcon_core.shell:Creating environment hook '/home/salaheldinm/Penguins/install/ouster_ros/share/ouster_ros/hook/ld_library_path_lib.ps1'
[1.682s] INFO:colcon.colcon_core.shell:Creating environment descriptor '/home/salaheldinm/Penguins/install/ouster_ros/share/ouster_ros/hook/ld_library_path_lib.dsv'
[1.682s] INFO:colcon.colcon_core.shell:Creating environment hook '/home/salaheldinm/Penguins/install/ouster_ros/share/ouster_ros/hook/ld_library_path_lib.sh'
[1.683s] Level 1:colcon.colcon_core.environment:checking '/home/salaheldinm/Penguins/install/ouster_ros/bin'
[1.683s] Level 1:colcon.colcon_core.environment:checking '/home/salaheldinm/Penguins/install/ouster_ros/lib/pkgconfig/ouster_ros.pc'
[1.684s] Level 1:colcon.colcon_core.environment:checking '/home/salaheldinm/Penguins/install/ouster_ros/lib/python3.8/site-packages'
[1.684s] Level 1:colcon.colcon_core.environment:checking '/home/salaheldinm/Penguins/install/ouster_ros/bin'
[1.685s] INFO:colcon.colcon_core.shell:Creating package script '/home/salaheldinm/Penguins/install/ouster_ros/share/ouster_ros/package.ps1'
[1.686s] INFO:colcon.colcon_core.shell:Creating package descriptor '/home/salaheldinm/Penguins/install/ouster_ros/share/ouster_ros/package.dsv'
[1.687s] INFO:colcon.colcon_core.shell:Creating package script '/home/salaheldinm/Penguins/install/ouster_ros/share/ouster_ros/package.sh'
[1.687s] INFO:colcon.colcon_core.shell:Creating package script '/home/salaheldinm/Penguins/install/ouster_ros/share/ouster_ros/package.bash'
[1.687s] INFO:colcon.colcon_core.shell:Creating package script '/home/salaheldinm/Penguins/install/ouster_ros/share/ouster_ros/package.zsh'
[1.687s] Level 1:colcon.colcon_core.environment:create_file_with_runtime_dependencies(/home/salaheldinm/Penguins/install/ouster_ros/share/colcon-core/packages/ouster_ros)
[1.698s] DEBUG:colcon.colcon_core.event_handler.log_command:Invoked command in '/home/salaheldinm/Penguins/build/nav2_bringup' returned '0': CMAKE_PREFIX_PATH=/home/salaheldinm/Penguins/install/slam_toolbox:/home/salaheldinm/Penguins/install/nav2_bringup:/home/salaheldinm/Penguins/install/rf2o_laser_odometry:/home/salaheldinm/Penguins/install/ouster_ros:/home/salaheldinm/Penguins/install/ouster_sensor_msgs:/home/salaheldinm/Penguins/install/my_cpp_package:/home/salaheldinm/Penguins/install/fake_odometry_publisher:/opt/ros/foxy /usr/bin/cmake --build /home/salaheldinm/Penguins/build/nav2_bringup -- -j16 -l16
[1.735s] DEBUG:colcon.colcon_core.event_handler.log_command:Invoking command in '/home/salaheldinm/Penguins/build/nav2_bringup': CMAKE_PREFIX_PATH=/home/salaheldinm/Penguins/install/slam_toolbox:/home/salaheldinm/Penguins/install/nav2_bringup:/home/salaheldinm/Penguins/install/rf2o_laser_odometry:/home/salaheldinm/Penguins/install/ouster_ros:/home/salaheldinm/Penguins/install/ouster_sensor_msgs:/home/salaheldinm/Penguins/install/my_cpp_package:/home/salaheldinm/Penguins/install/fake_odometry_publisher:/opt/ros/foxy /usr/bin/cmake --install /home/salaheldinm/Penguins/build/nav2_bringup
[1.754s] Level 1:colcon.colcon_core.environment:create_environment_scripts_only(nav2_bringup)
[1.754s] Level 1:colcon.colcon_core.environment:checking '/home/salaheldinm/Penguins/install/nav2_bringup' for CMake module files
[1.757s] DEBUG:colcon.colcon_core.event_handler.log_command:Invoked command in '/home/salaheldinm/Penguins/build/nav2_bringup' returned '0': CMAKE_PREFIX_PATH=/home/salaheldinm/Penguins/install/slam_toolbox:/home/salaheldinm/Penguins/install/nav2_bringup:/home/salaheldinm/Penguins/install/rf2o_laser_odometry:/home/salaheldinm/Penguins/install/ouster_ros:/home/salaheldinm/Penguins/install/ouster_sensor_msgs:/home/salaheldinm/Penguins/install/my_cpp_package:/home/salaheldinm/Penguins/install/fake_odometry_publisher:/opt/ros/foxy /usr/bin/cmake --install /home/salaheldinm/Penguins/build/nav2_bringup
[1.757s] Level 1:colcon.colcon_core.environment:checking '/home/salaheldinm/Penguins/install/nav2_bringup' for CMake config files
[1.758s] Level 1:colcon.colcon_core.shell:create_environment_hook('nav2_bringup', 'cmake_prefix_path')
[1.758s] INFO:colcon.colcon_core.shell:Creating environment hook '/home/salaheldinm/Penguins/install/nav2_bringup/share/nav2_bringup/hook/cmake_prefix_path.ps1'
[1.759s] INFO:colcon.colcon_core.shell:Creating environment descriptor '/home/salaheldinm/Penguins/install/nav2_bringup/share/nav2_bringup/hook/cmake_prefix_path.dsv'
[1.759s] INFO:colcon.colcon_core.shell:Creating environment hook '/home/salaheldinm/Penguins/install/nav2_bringup/share/nav2_bringup/hook/cmake_prefix_path.sh'
[1.760s] Level 1:colcon.colcon_core.environment:checking '/home/salaheldinm/Penguins/install/nav2_bringup/bin'
[1.760s] Level 1:colcon.colcon_core.environment:checking '/home/salaheldinm/Penguins/install/nav2_bringup/lib/pkgconfig/nav2_bringup.pc'
[1.760s] Level 1:colcon.colcon_core.environment:checking '/home/salaheldinm/Penguins/install/nav2_bringup/lib/python3.8/site-packages'
[1.761s] Level 1:colcon.colcon_core.environment:checking '/home/salaheldinm/Penguins/install/nav2_bringup/bin'
[1.761s] INFO:colcon.colcon_core.shell:Creating package script '/home/salaheldinm/Penguins/install/nav2_bringup/share/nav2_bringup/package.ps1'
[1.762s] INFO:colcon.colcon_core.shell:Creating package descriptor '/home/salaheldinm/Penguins/install/nav2_bringup/share/nav2_bringup/package.dsv'
[1.762s] INFO:colcon.colcon_core.shell:Creating package script '/home/salaheldinm/Penguins/install/nav2_bringup/share/nav2_bringup/package.sh'
[1.763s] INFO:colcon.colcon_core.shell:Creating package script '/home/salaheldinm/Penguins/install/nav2_bringup/share/nav2_bringup/package.bash'
[1.763s] INFO:colcon.colcon_core.shell:Creating package script '/home/salaheldinm/Penguins/install/nav2_bringup/share/nav2_bringup/package.zsh'
[1.764s] Level 1:colcon.colcon_core.environment:create_file_with_runtime_dependencies(/home/salaheldinm/Penguins/install/nav2_bringup/share/colcon-core/packages/nav2_bringup)
[1.789s] Level 1:colcon.colcon_core.environment:create_environment_scripts_only(ouster_ros)
[1.789s] Level 1:colcon.colcon_core.environment:checking '/home/salaheldinm/Penguins/install/ouster_ros' for CMake module files
[1.790s] Level 1:colcon.colcon_core.environment:checking '/home/salaheldinm/Penguins/install/ouster_ros' for CMake config files
[1.790s] Level 1:colcon.colcon_core.shell:create_environment_hook('ouster_ros', 'cmake_prefix_path')
[1.791s] INFO:colcon.colcon_core.shell:Creating environment hook '/home/salaheldinm/Penguins/install/ouster_ros/share/ouster_ros/hook/cmake_prefix_path.ps1'
[1.791s] INFO:colcon.colcon_core.shell:Creating environment descriptor '/home/salaheldinm/Penguins/install/ouster_ros/share/ouster_ros/hook/cmake_prefix_path.dsv'
[1.792s] INFO:colcon.colcon_core.shell:Creating environment hook '/home/salaheldinm/Penguins/install/ouster_ros/share/ouster_ros/hook/cmake_prefix_path.sh'
[1.793s] Level 1:colcon.colcon_core.environment:checking '/home/salaheldinm/Penguins/install/ouster_ros/lib'
[1.793s] Level 1:colcon.colcon_core.shell:create_environment_hook('ouster_ros', 'ld_library_path_lib')
[1.793s] INFO:colcon.colcon_core.shell:Creating environment hook '/home/salaheldinm/Penguins/install/ouster_ros/share/ouster_ros/hook/ld_library_path_lib.ps1'
[1.794s] INFO:colcon.colcon_core.shell:Creating environment descriptor '/home/salaheldinm/Penguins/install/ouster_ros/share/ouster_ros/hook/ld_library_path_lib.dsv'
[1.794s] INFO:colcon.colcon_core.shell:Creating environment hook '/home/salaheldinm/Penguins/install/ouster_ros/share/ouster_ros/hook/ld_library_path_lib.sh'
[1.795s] Level 1:colcon.colcon_core.environment:checking '/home/salaheldinm/Penguins/install/ouster_ros/bin'
[1.795s] Level 1:colcon.colcon_core.environment:checking '/home/salaheldinm/Penguins/install/ouster_ros/lib/pkgconfig/ouster_ros.pc'
[1.795s] Level 1:colcon.colcon_core.environment:checking '/home/salaheldinm/Penguins/install/ouster_ros/lib/python3.8/site-packages'
[1.795s] Level 1:colcon.colcon_core.environment:checking '/home/salaheldinm/Penguins/install/ouster_ros/bin'
[1.796s] INFO:colcon.colcon_core.shell:Creating package script '/home/salaheldinm/Penguins/install/ouster_ros/share/ouster_ros/package.ps1'
[1.797s] INFO:colcon.colcon_core.shell:Creating package descriptor '/home/salaheldinm/Penguins/install/ouster_ros/share/ouster_ros/package.dsv'
[1.798s] INFO:colcon.colcon_core.shell:Creating package script '/home/salaheldinm/Penguins/install/ouster_ros/share/ouster_ros/package.sh'
[1.799s] INFO:colcon.colcon_core.shell:Creating package script '/home/salaheldinm/Penguins/install/ouster_ros/share/ouster_ros/package.bash'
[1.799s] INFO:colcon.colcon_core.shell:Creating package script '/home/salaheldinm/Penguins/install/ouster_ros/share/ouster_ros/package.zsh'
[1.801s] Level 1:colcon.colcon_core.environment:create_file_with_runtime_dependencies(/home/salaheldinm/Penguins/install/ouster_ros/share/colcon-core/packages/ouster_ros)
[1.803s] Level 1:colcon.colcon_core.environment:create_environment_scripts_only(nav2_bringup)
[1.803s] Level 1:colcon.colcon_core.environment:checking '/home/salaheldinm/Penguins/install/nav2_bringup' for CMake module files
[1.803s] Level 1:colcon.colcon_core.environment:checking '/home/salaheldinm/Penguins/install/nav2_bringup' for CMake config files
[1.804s] Level 1:colcon.colcon_core.shell:create_environment_hook('nav2_bringup', 'cmake_prefix_path')
[1.804s] INFO:colcon.colcon_core.shell:Creating environment hook '/home/salaheldinm/Penguins/install/nav2_bringup/share/nav2_bringup/hook/cmake_prefix_path.ps1'
[1.804s] INFO:colcon.colcon_core.shell:Creating environment descriptor '/home/salaheldinm/Penguins/install/nav2_bringup/share/nav2_bringup/hook/cmake_prefix_path.dsv'
[1.804s] INFO:colcon.colcon_core.shell:Creating environment hook '/home/salaheldinm/Penguins/install/nav2_bringup/share/nav2_bringup/hook/cmake_prefix_path.sh'
[1.805s] Level 1:colcon.colcon_core.environment:checking '/home/salaheldinm/Penguins/install/nav2_bringup/bin'
[1.805s] Level 1:colcon.colcon_core.environment:checking '/home/salaheldinm/Penguins/install/nav2_bringup/lib/pkgconfig/nav2_bringup.pc'
[1.805s] Level 1:colcon.colcon_core.environment:checking '/home/salaheldinm/Penguins/install/nav2_bringup/lib/python3.8/site-packages'
[1.805s] Level 1:colcon.colcon_core.environment:checking '/home/salaheldinm/Penguins/install/nav2_bringup/bin'
[1.805s] INFO:colcon.colcon_core.shell:Creating package script '/home/salaheldinm/Penguins/install/nav2_bringup/share/nav2_bringup/package.ps1'
[1.806s] INFO:colcon.colcon_core.shell:Creating package descriptor '/home/salaheldinm/Penguins/install/nav2_bringup/share/nav2_bringup/package.dsv'
[1.806s] INFO:colcon.colcon_core.shell:Creating package script '/home/salaheldinm/Penguins/install/nav2_bringup/share/nav2_bringup/package.sh'
[1.807s] INFO:colcon.colcon_core.shell:Creating package script '/home/salaheldinm/Penguins/install/nav2_bringup/share/nav2_bringup/package.bash'
[1.807s] INFO:colcon.colcon_core.shell:Creating package script '/home/salaheldinm/Penguins/install/nav2_bringup/share/nav2_bringup/package.zsh'
[1.807s] Level 1:colcon.colcon_core.environment:create_file_with_runtime_dependencies(/home/salaheldinm/Penguins/install/nav2_bringup/share/colcon-core/packages/nav2_bringup)
[9.728s] DEBUG:colcon.colcon_core.event_handler.log_command:Invoked command in '/home/salaheldinm/Penguins/build/my_cpp_package' returned '0': CMAKE_PREFIX_PATH=${CMAKE_PREFIX_PATH}:/home/salaheldinm/Penguins/install/fake_odometry_publisher:/opt/ros/foxy /usr/bin/cmake --build /home/salaheldinm/Penguins/build/my_cpp_package -- -j16 -l16
[9.767s] DEBUG:colcon.colcon_core.event_handler.log_command:Invoking command in '/home/salaheldinm/Penguins/build/my_cpp_package': CMAKE_PREFIX_PATH=${CMAKE_PREFIX_PATH}:/home/salaheldinm/Penguins/install/fake_odometry_publisher:/opt/ros/foxy /usr/bin/cmake --install /home/salaheldinm/Penguins/build/my_cpp_package
[9.783s] Level 1:colcon.colcon_core.environment:create_environment_scripts_only(my_cpp_package)
[9.784s] Level 1:colcon.colcon_core.environment:checking '/home/salaheldinm/Penguins/install/my_cpp_package' for CMake module files
[9.785s] DEBUG:colcon.colcon_core.event_handler.log_command:Invoked command in '/home/salaheldinm/Penguins/build/my_cpp_package' returned '0': CMAKE_PREFIX_PATH=${CMAKE_PREFIX_PATH}:/home/salaheldinm/Penguins/install/fake_odometry_publisher:/opt/ros/foxy /usr/bin/cmake --install /home/salaheldinm/Penguins/build/my_cpp_package
[9.786s] Level 1:colcon.colcon_core.environment:checking '/home/salaheldinm/Penguins/install/my_cpp_package' for CMake config files
[9.786s] Level 1:colcon.colcon_core.shell:create_environment_hook('my_cpp_package', 'cmake_prefix_path')
[9.787s] INFO:colcon.colcon_core.shell:Creating environment hook '/home/salaheldinm/Penguins/install/my_cpp_package/share/my_cpp_package/hook/cmake_prefix_path.ps1'
[9.787s] INFO:colcon.colcon_core.shell:Creating environment descriptor '/home/salaheldinm/Penguins/install/my_cpp_package/share/my_cpp_package/hook/cmake_prefix_path.dsv'
[9.788s] INFO:colcon.colcon_core.shell:Creating environment hook '/home/salaheldinm/Penguins/install/my_cpp_package/share/my_cpp_package/hook/cmake_prefix_path.sh'
[9.789s] Level 1:colcon.colcon_core.environment:checking '/home/salaheldinm/Penguins/install/my_cpp_package/lib'
[9.789s] Level 1:colcon.colcon_core.environment:checking '/home/salaheldinm/Penguins/install/my_cpp_package/bin'
[9.789s] Level 1:colcon.colcon_core.environment:checking '/home/salaheldinm/Penguins/install/my_cpp_package/lib/pkgconfig/my_cpp_package.pc'
[9.790s] Level 1:colcon.colcon_core.environment:checking '/home/salaheldinm/Penguins/install/my_cpp_package/lib/python3.8/site-packages'
[9.790s] Level 1:colcon.colcon_core.environment:checking '/home/salaheldinm/Penguins/install/my_cpp_package/bin'
[9.791s] INFO:colcon.colcon_core.shell:Creating package script '/home/salaheldinm/Penguins/install/my_cpp_package/share/my_cpp_package/package.ps1'
[9.791s] INFO:colcon.colcon_core.shell:Creating package descriptor '/home/salaheldinm/Penguins/install/my_cpp_package/share/my_cpp_package/package.dsv'
[9.791s] INFO:colcon.colcon_core.shell:Creating package script '/home/salaheldinm/Penguins/install/my_cpp_package/share/my_cpp_package/package.sh'
[9.792s] INFO:colcon.colcon_core.shell:Creating package script '/home/salaheldinm/Penguins/install/my_cpp_package/share/my_cpp_package/package.bash'
[9.792s] INFO:colcon.colcon_core.shell:Creating package script '/home/salaheldinm/Penguins/install/my_cpp_package/share/my_cpp_package/package.zsh'
[9.792s] Level 1:colcon.colcon_core.environment:create_file_with_runtime_dependencies(/home/salaheldinm/Penguins/install/my_cpp_package/share/colcon-core/packages/my_cpp_package)
[9.834s] Level 1:colcon.colcon_core.environment:create_environment_scripts_only(my_cpp_package)
[9.835s] Level 1:colcon.colcon_core.environment:checking '/home/salaheldinm/Penguins/install/my_cpp_package' for CMake module files
[9.836s] Level 1:colcon.colcon_core.environment:checking '/home/salaheldinm/Penguins/install/my_cpp_package' for CMake config files
[9.836s] Level 1:colcon.colcon_core.shell:create_environment_hook('my_cpp_package', 'cmake_prefix_path')
[9.837s] INFO:colcon.colcon_core.shell:Creating environment hook '/home/salaheldinm/Penguins/install/my_cpp_package/share/my_cpp_package/hook/cmake_prefix_path.ps1'
[9.838s] INFO:colcon.colcon_core.shell:Creating environment descriptor '/home/salaheldinm/Penguins/install/my_cpp_package/share/my_cpp_package/hook/cmake_prefix_path.dsv'
[9.838s] INFO:colcon.colcon_core.shell:Creating environment hook '/home/salaheldinm/Penguins/install/my_cpp_package/share/my_cpp_package/hook/cmake_prefix_path.sh'
[9.839s] Level 1:colcon.colcon_core.environment:checking '/home/salaheldinm/Penguins/install/my_cpp_package/lib'
[9.840s] Level 1:colcon.colcon_core.environment:checking '/home/salaheldinm/Penguins/install/my_cpp_package/bin'
[9.840s] Level 1:colcon.colcon_core.environment:checking '/home/salaheldinm/Penguins/install/my_cpp_package/lib/pkgconfig/my_cpp_package.pc'
[9.840s] Level 1:colcon.colcon_core.environment:checking '/home/salaheldinm/Penguins/install/my_cpp_package/lib/python3.8/site-packages'
[9.840s] Level 1:colcon.colcon_core.environment:checking '/home/salaheldinm/Penguins/install/my_cpp_package/bin'
[9.841s] INFO:colcon.colcon_core.shell:Creating package script '/home/salaheldinm/Penguins/install/my_cpp_package/share/my_cpp_package/package.ps1'
[9.842s] INFO:colcon.colcon_core.shell:Creating package descriptor '/home/salaheldinm/Penguins/install/my_cpp_package/share/my_cpp_package/package.dsv'
[9.842s] INFO:colcon.colcon_core.shell:Creating package script '/home/salaheldinm/Penguins/install/my_cpp_package/share/my_cpp_package/package.sh'
[9.843s] INFO:colcon.colcon_core.shell:Creating package script '/home/salaheldinm/Penguins/install/my_cpp_package/share/my_cpp_package/package.bash'
[9.844s] INFO:colcon.colcon_core.shell:Creating package script '/home/salaheldinm/Penguins/install/my_cpp_package/share/my_cpp_package/package.zsh'
[9.844s] Level 1:colcon.colcon_core.environment:create_file_with_runtime_dependencies(/home/salaheldinm/Penguins/install/my_cpp_package/share/colcon-core/packages/my_cpp_package)
[9.845s] DEBUG:colcon.colcon_parallel_executor.executor.parallel:closing loop
[9.845s] DEBUG:colcon.colcon_parallel_executor.executor.parallel:loop closed
[9.846s] DEBUG:colcon.colcon_parallel_executor.executor.parallel:run_until_complete finished with '0'
[9.846s] DEBUG:colcon.colcon_core.event_reactor:joining thread
[9.855s] INFO:colcon.colcon_core.plugin_system:Skipping extension 'colcon_notification.desktop_notification.terminal_notifier': Not used on non-Darwin systems
[9.855s] INFO:colcon.colcon_core.plugin_system:Skipping extension 'colcon_notification.desktop_notification.win32': Not used on non-Windows systems
[9.855s] INFO:colcon.colcon_notification.desktop_notification:Sending desktop notification using 'notify2'
[9.885s] DEBUG:colcon.colcon_core.event_reactor:joined thread
[9.885s] INFO:colcon.colcon_core.shell:Creating prefix script '/home/salaheldinm/Penguins/install/local_setup.ps1'
[9.887s] INFO:colcon.colcon_core.shell:Creating prefix util module '/home/salaheldinm/Penguins/install/_local_setup_util_ps1.py'
[9.890s] INFO:colcon.colcon_core.shell:Creating prefix chain script '/home/salaheldinm/Penguins/install/setup.ps1'
[9.893s] INFO:colcon.colcon_core.shell:Creating prefix script '/home/salaheldinm/Penguins/install/local_setup.sh'
[9.894s] INFO:colcon.colcon_core.shell:Creating prefix util module '/home/salaheldinm/Penguins/install/_local_setup_util_sh.py'
[9.894s] INFO:colcon.colcon_core.shell:Creating prefix chain script '/home/salaheldinm/Penguins/install/setup.sh'
[9.896s] INFO:colcon.colcon_core.shell:Creating prefix script '/home/salaheldinm/Penguins/install/local_setup.bash'
[9.897s] INFO:colcon.colcon_core.shell:Creating prefix chain script '/home/salaheldinm/Penguins/install/setup.bash'
[9.899s] INFO:colcon.colcon_core.shell:Creating prefix script '/home/salaheldinm/Penguins/install/local_setup.zsh'
[9.900s] INFO:colcon.colcon_core.shell:Creating prefix chain script '/home/salaheldinm/Penguins/install/setup.zsh'
