[0.319s] Invoking command in '/home/salaheldinm/Penguins/build/my_cpp_package': CMAKE_PREFIX_PATH=${CMAKE_PREFIX_PATH}:/home/salaheldinm/Penguins/install/fake_odometry_publisher:/opt/ros/foxy /usr/bin/cmake --build /home/salaheldinm/Penguins/build/my_cpp_package -- -j16 -l16
[0.387s] [35m[1mScanning dependencies of target odometry_publisher[0m
[0.432s] [ 50%] [32mBuilding CXX object CMakeFiles/odometry_publisher.dir/src/odometry_publisher.cpp.o[0m
[3.509s] [100%] [32m[1mLinking CXX executable odometry_publisher[0m
[3.736s] [100%] Built target odometry_publisher
[3.756s] Invoked command in '/home/salaheldinm/Penguins/build/my_cpp_package' returned '0': CMAKE_PREFIX_PATH=${CMAKE_PREFIX_PATH}:/home/salaheldinm/Penguins/install/fake_odometry_publisher:/opt/ros/foxy /usr/bin/cmake --build /home/salaheldinm/Penguins/build/my_cpp_package -- -j16 -l16
[3.796s] Invoking command in '/home/salaheldinm/Penguins/build/my_cpp_package': CMAKE_PREFIX_PATH=${CMAKE_PREFIX_PATH}:/home/salaheldinm/Penguins/install/fake_odometry_publisher:/opt/ros/foxy /usr/bin/cmake --install /home/salaheldinm/Penguins/build/my_cpp_package
[3.806s] -- Install configuration: ""
[3.807s] -- Installing: /home/salaheldinm/Penguins/install/my_cpp_package/lib/my_cpp_package/odometry_publisher
[3.809s] -- Set runtime path of "/home/salaheldinm/Penguins/install/my_cpp_package/lib/my_cpp_package/odometry_publisher" to ""
[3.809s] -- Up-to-date: /home/salaheldinm/Penguins/install/my_cpp_package/share/ament_index/resource_index/package_run_dependencies/my_cpp_package
[3.809s] -- Up-to-date: /home/salaheldinm/Penguins/install/my_cpp_package/share/ament_index/resource_index/parent_prefix_path/my_cpp_package
[3.809s] -- Up-to-date: /home/salaheldinm/Penguins/install/my_cpp_package/share/my_cpp_package/environment/ament_prefix_path.sh
[3.810s] -- Up-to-date: /home/salaheldinm/Penguins/install/my_cpp_package/share/my_cpp_package/environment/ament_prefix_path.dsv
[3.810s] -- Up-to-date: /home/salaheldinm/Penguins/install/my_cpp_package/share/my_cpp_package/environment/path.sh
[3.810s] -- Up-to-date: /home/salaheldinm/Penguins/install/my_cpp_package/share/my_cpp_package/environment/path.dsv
[3.810s] -- Up-to-date: /home/salaheldinm/Penguins/install/my_cpp_package/share/my_cpp_package/local_setup.bash
[3.810s] -- Up-to-date: /home/salaheldinm/Penguins/install/my_cpp_package/share/my_cpp_package/local_setup.sh
[3.810s] -- Up-to-date: /home/salaheldinm/Penguins/install/my_cpp_package/share/my_cpp_package/local_setup.zsh
[3.810s] -- Up-to-date: /home/salaheldinm/Penguins/install/my_cpp_package/share/my_cpp_package/local_setup.dsv
[3.811s] -- Installing: /home/salaheldinm/Penguins/install/my_cpp_package/share/my_cpp_package/package.dsv
[3.811s] -- Up-to-date: /home/salaheldinm/Penguins/install/my_cpp_package/share/ament_index/resource_index/packages/my_cpp_package
[3.811s] -- Up-to-date: /home/salaheldinm/Penguins/install/my_cpp_package/share/my_cpp_package/cmake/my_cpp_packageConfig.cmake
[3.811s] -- Up-to-date: /home/salaheldinm/Penguins/install/my_cpp_package/share/my_cpp_package/cmake/my_cpp_packageConfig-version.cmake
[3.811s] -- Up-to-date: /home/salaheldinm/Penguins/install/my_cpp_package/share/my_cpp_package/package.xml
[3.813s] Invoked command in '/home/salaheldinm/Penguins/build/my_cpp_package' returned '0': CMAKE_PREFIX_PATH=${CMAKE_PREFIX_PATH}:/home/salaheldinm/Penguins/install/fake_odometry_publisher:/opt/ros/foxy /usr/bin/cmake --install /home/salaheldinm/Penguins/build/my_cpp_package
