[0.309s] Invoking command in '/home/salaheldinm/Penguins/build/rf2o_laser_odometry': CMAKE_PREFIX_PATH=/opt/ros/foxy /usr/bin/cmake --build /home/salaheldinm/Penguins/build/rf2o_laser_odometry -- -j16 -l16
[0.415s] [ 40%] Built target rf2o_laser_odometry
[0.425s] [100%] Built target rf2o_laser_odometry_node
[0.448s] Invoked command in '/home/salaheldinm/Penguins/build/rf2o_laser_odometry' returned '0': CMAKE_PREFIX_PATH=/opt/ros/foxy /usr/bin/cmake --build /home/salaheldinm/Penguins/build/rf2o_laser_odometry -- -j16 -l16
[0.504s] Invoking command in '/home/salaheldinm/Penguins/build/rf2o_laser_odometry': CMAKE_PREFIX_PATH=/opt/ros/foxy /usr/bin/cmake --install /home/salaheldinm/Penguins/build/rf2o_laser_odometry
[0.544s] -- Install configuration: ""
[0.544s] -- Up-to-date: /home/salaheldinm/Penguins/install/rf2o_laser_odometry/lib/rf2o_laser_odometry/rf2o_laser_odometry_node
[0.544s] -- Up-to-date: /home/salaheldinm/Penguins/install/rf2o_laser_odometry/share/rf2o_laser_odometry/launch
[0.546s] -- Up-to-date: /home/salaheldinm/Penguins/install/rf2o_laser_odometry/share/rf2o_laser_odometry/launch/rf2o_laser_odometry.launch.py
[0.554s] -- Up-to-date: /home/salaheldinm/Penguins/install/rf2o_laser_odometry/share/ament_index/resource_index/package_run_dependencies/rf2o_laser_odometry
[0.555s] -- Up-to-date: /home/salaheldinm/Penguins/install/rf2o_laser_odometry/share/ament_index/resource_index/parent_prefix_path/rf2o_laser_odometry
[0.556s] -- Up-to-date: /home/salaheldinm/Penguins/install/rf2o_laser_odometry/share/rf2o_laser_odometry/environment/ament_prefix_path.sh
[0.556s] -- Up-to-date: /home/salaheldinm/Penguins/install/rf2o_laser_odometry/share/rf2o_laser_odometry/environment/ament_prefix_path.dsv
[0.557s] -- Up-to-date: /home/salaheldinm/Penguins/install/rf2o_laser_odometry/share/rf2o_laser_odometry/environment/path.sh
[0.557s] -- Up-to-date: /home/salaheldinm/Penguins/install/rf2o_laser_odometry/share/rf2o_laser_odometry/environment/path.dsv
[0.557s] -- Up-to-date: /home/salaheldinm/Penguins/install/rf2o_laser_odometry/share/rf2o_laser_odometry/local_setup.bash
[0.557s] -- Up-to-date: /home/salaheldinm/Penguins/install/rf2o_laser_odometry/share/rf2o_laser_odometry/local_setup.sh
[0.557s] -- Up-to-date: /home/salaheldinm/Penguins/install/rf2o_laser_odometry/share/rf2o_laser_odometry/local_setup.zsh
[0.557s] -- Up-to-date: /home/salaheldinm/Penguins/install/rf2o_laser_odometry/share/rf2o_laser_odometry/local_setup.dsv
[0.558s] -- Installing: /home/salaheldinm/Penguins/install/rf2o_laser_odometry/share/rf2o_laser_odometry/package.dsv
[0.566s] -- Up-to-date: /home/salaheldinm/Penguins/install/rf2o_laser_odometry/share/ament_index/resource_index/packages/rf2o_laser_odometry
[0.566s] -- Up-to-date: /home/salaheldinm/Penguins/install/rf2o_laser_odometry/share/rf2o_laser_odometry/cmake/rf2o_laser_odometryConfig.cmake
[0.566s] -- Up-to-date: /home/salaheldinm/Penguins/install/rf2o_laser_odometry/share/rf2o_laser_odometry/cmake/rf2o_laser_odometryConfig-version.cmake
[0.566s] -- Up-to-date: /home/salaheldinm/Penguins/install/rf2o_laser_odometry/share/rf2o_laser_odometry/package.xml
[0.567s] Invoked command in '/home/salaheldinm/Penguins/build/rf2o_laser_odometry' returned '0': CMAKE_PREFIX_PATH=/opt/ros/foxy /usr/bin/cmake --install /home/salaheldinm/Penguins/build/rf2o_laser_odometry
