[0.064s] Invoking command in '/home/salaheldinm/Penguins/build/slam_toolbox': CMAKE_PREFIX_PATH=${CMAKE_PREFIX_PATH}:/home/salaheldinm/Penguins/install/fake_odometry_publisher:/opt/ros/foxy /usr/bin/cmake --build /home/salaheldinm/Penguins/build/slam_toolbox -- -j16 -l16
[0.364s] [  9%] Built target slam_toolbox__rosidl_generator_c
[0.365s] [ 10%] Built target slam_toolbox__cpp
[0.365s] [ 12%] Built target kartoSlamToolbox
[0.366s] [ 30%] Built target slam_toolbox__rosidl_typesupport_c
[0.367s] [ 30%] Built target slam_toolbox__rosidl_typesupport_cpp
[0.367s] [ 39%] Built target slam_toolbox__rosidl_typesupport_introspection_c
[0.367s] [ 48%] Built target slam_toolbox__rosidl_typesupport_introspection_cpp
[0.367s] [ 57%] Built target slam_toolbox__rosidl_typesupport_fastrtps_cpp
[0.368s] [ 66%] Built target slam_toolbox__rosidl_typesupport_fastrtps_c
[0.368s] [ 66%] Built target slam_toolbox
[0.370s] [35m[1mScanning dependencies of target ceres_solver_plugin[0m
[0.371s] [ 67%] Built target slam_toolbox__py
[0.373s] [ 72%] Built target toolbox_common
[0.382s] [ 80%] Built target slam_toolbox__python
[0.386s] [ 81%] [32mBuilding CXX object CMakeFiles/ceres_solver_plugin.dir/solvers/ceres_solver.cpp.o[0m
[0.405s] [ 83%] Built target SlamToolboxPlugin
[0.431s] [ 85%] Built target slam_toolbox__rosidl_typesupport_c__pyext
[0.432s] [ 85%] Built target slam_toolbox__rosidl_typesupport_fastrtps_c__pyext
[0.436s] [ 86%] Built target merge_maps_kinematic
[0.438s] [ 88%] Built target sync_slam_toolbox
[0.438s] [ 90%] Built target lifelong_slam_toolbox
[0.440s] [ 91%] Built target slam_toolbox__rosidl_typesupport_introspection_c__pyext
[0.441s] [ 93%] Built target async_slam_toolbox
[0.446s] [ 94%] Built target localization_slam_toolbox
[0.496s] [ 95%] Built target sync_slam_toolbox_node
[0.504s] [ 96%] Built target lifelong_slam_toolbox_node
[0.504s] [ 97%] Built target async_slam_toolbox_node
[0.510s] [ 99%] Built target localization_slam_toolbox_node
[1.185s] [01m[K/home/salaheldinm/Penguins/src/slam_toolbox-foxy-devel/solvers/ceres_solver.cpp:90:4:[m[K [01;31m[Kerror: [m[Kinvalid preprocessing directive #debug_logging_
[1.186s]    90 |   #[01;31m[Kdebug_logging_[m[K = node->get_parameter("debug_logging").as_bool();
[1.186s]       |    [01;31m[K^~~~~~~~~~~~~~[m[K
[1.193s] [01m[K/home/salaheldinm/Penguins/src/slam_toolbox-foxy-devel/solvers/ceres_solver.cpp:2:1:[m[K [01;31m[Kerror: [m[K‘[01m[KCeresSolver[m[K’ does not name a type
[1.194s]     2 | [01;31m[KCeresSolver[m[K::CeresSolver()
[1.194s]       | [01;31m[K^~~~~~~~~~~[m[K
[1.194s] [01m[K/home/salaheldinm/Penguins/src/slam_toolbox-foxy-devel/solvers/ceres_solver.cpp:12:6:[m[K [01;31m[Kerror: [m[K‘[01m[KCeresSolver[m[K’ has not been declared
[1.194s]    12 | void [01;31m[KCeresSolver[m[K::Configure(rclcpp::Node::SharedPtr node)
[1.194s]       |      [01;31m[K^~~~~~~~~~~[m[K
[1.194s] [01m[K/home/salaheldinm/Penguins/src/slam_toolbox-foxy-devel/solvers/ceres_solver.cpp:12:29:[m[K [01;31m[Kerror: [m[Kvariable or field ‘[01m[KConfigure[m[K’ declared void
[1.194s]    12 | void CeresSolver::Configure([01;31m[Krclcpp[m[K::Node::SharedPtr node)
[1.194s]       |                             [01;31m[K^~~~~~[m[K
[1.194s] [01m[K/home/salaheldinm/Penguins/src/slam_toolbox-foxy-devel/solvers/ceres_solver.cpp:12:29:[m[K [01;31m[Kerror: [m[K‘[01m[Krclcpp[m[K’ has not been declared
[1.216s] make[2]: *** [CMakeFiles/ceres_solver_plugin.dir/build.make:63: CMakeFiles/ceres_solver_plugin.dir/solvers/ceres_solver.cpp.o] Error 1
[1.216s] make[1]: *** [CMakeFiles/Makefile2:460: CMakeFiles/ceres_solver_plugin.dir/all] Error 2
[1.216s] make: *** [Makefile:141: all] Error 2
[1.225s] Invoked command in '/home/salaheldinm/Penguins/build/slam_toolbox' returned '2': CMAKE_PREFIX_PATH=${CMAKE_PREFIX_PATH}:/home/salaheldinm/Penguins/install/fake_odometry_publisher:/opt/ros/foxy /usr/bin/cmake --build /home/salaheldinm/Penguins/build/slam_toolbox -- -j16 -l16
