[0.286s] Invoking command in '/home/salaheldinm/Penguins/build/my_cpp_package': CMAKE_PREFIX_PATH=${CMAKE_PREFIX_PATH}:/home/salaheldinm/Penguins/install/fake_odometry_publisher:/opt/ros/foxy /usr/bin/cmake --build /home/salaheldinm/Penguins/build/my_cpp_package -- -j16 -l16
[0.356s] [35m[1mScanning dependencies of target odometry_publisher[0m
[0.409s] [ 50%] [32mBuilding CXX object CMakeFiles/odometry_publisher.dir/src/odometry_publisher.cpp.o[0m
[8.312s] [100%] [32m[1mLinking CXX executable odometry_publisher[0m
[8.985s] [100%] Built target odometry_publisher
[9.003s] Invoked command in '/home/salaheldinm/Penguins/build/my_cpp_package' returned '0': CMAKE_PREFIX_PATH=${CMAKE_PREFIX_PATH}:/home/salaheldinm/Penguins/install/fake_odometry_publisher:/opt/ros/foxy /usr/bin/cmake --build /home/salaheldinm/Penguins/build/my_cpp_package -- -j16 -l16
[9.048s] Invoking command in '/home/salaheldinm/Penguins/build/my_cpp_package': CMAKE_PREFIX_PATH=${CMAKE_PREFIX_PATH}:/home/salaheldinm/Penguins/install/fake_odometry_publisher:/opt/ros/foxy /usr/bin/cmake --install /home/salaheldinm/Penguins/build/my_cpp_package
[9.062s] -- Install configuration: ""
[9.062s] -- Installing: /home/salaheldinm/Penguins/install/my_cpp_package/lib/my_cpp_package/odometry_publisher
[9.067s] -- Set runtime path of "/home/salaheldinm/Penguins/install/my_cpp_package/lib/my_cpp_package/odometry_publisher" to ""
[9.067s] -- Up-to-date: /home/salaheldinm/Penguins/install/my_cpp_package/share/ament_index/resource_index/package_run_dependencies/my_cpp_package
[9.067s] -- Up-to-date: /home/salaheldinm/Penguins/install/my_cpp_package/share/ament_index/resource_index/parent_prefix_path/my_cpp_package
[9.067s] -- Up-to-date: /home/salaheldinm/Penguins/install/my_cpp_package/share/my_cpp_package/environment/ament_prefix_path.sh
[9.067s] -- Up-to-date: /home/salaheldinm/Penguins/install/my_cpp_package/share/my_cpp_package/environment/ament_prefix_path.dsv
[9.067s] -- Up-to-date: /home/salaheldinm/Penguins/install/my_cpp_package/share/my_cpp_package/environment/path.sh
[9.068s] -- Up-to-date: /home/salaheldinm/Penguins/install/my_cpp_package/share/my_cpp_package/environment/path.dsv
[9.068s] -- Up-to-date: /home/salaheldinm/Penguins/install/my_cpp_package/share/my_cpp_package/local_setup.bash
[9.068s] -- Up-to-date: /home/salaheldinm/Penguins/install/my_cpp_package/share/my_cpp_package/local_setup.sh
[9.068s] -- Up-to-date: /home/salaheldinm/Penguins/install/my_cpp_package/share/my_cpp_package/local_setup.zsh
[9.069s] -- Up-to-date: /home/salaheldinm/Penguins/install/my_cpp_package/share/my_cpp_package/local_setup.dsv
[9.069s] -- Installing: /home/salaheldinm/Penguins/install/my_cpp_package/share/my_cpp_package/package.dsv
[9.070s] -- Up-to-date: /home/salaheldinm/Penguins/install/my_cpp_package/share/ament_index/resource_index/packages/my_cpp_package
[9.070s] -- Up-to-date: /home/salaheldinm/Penguins/install/my_cpp_package/share/my_cpp_package/cmake/my_cpp_packageConfig.cmake
[9.070s] -- Up-to-date: /home/salaheldinm/Penguins/install/my_cpp_package/share/my_cpp_package/cmake/my_cpp_packageConfig-version.cmake
[9.070s] -- Up-to-date: /home/salaheldinm/Penguins/install/my_cpp_package/share/my_cpp_package/package.xml
[9.071s] Invoked command in '/home/salaheldinm/Penguins/build/my_cpp_package' returned '0': CMAKE_PREFIX_PATH=${CMAKE_PREFIX_PATH}:/home/salaheldinm/Penguins/install/fake_odometry_publisher:/opt/ros/foxy /usr/bin/cmake --install /home/salaheldinm/Penguins/build/my_cpp_package
