-- The C compiler identification is GNU 9.4.0
-- The CXX compiler identification is GNU 9.4.0
-- Check for working C compiler: /usr/bin/cc
-- Check for working C compiler: /usr/bin/cc -- works
-- Detecting C compiler ABI info
-- Detecting C compiler ABI info - done
-- Detecting C compile features
-- Detecting C compile features - done
-- Check for working CXX compiler: /usr/bin/c++
-- Check for working CXX compiler: /usr/bin/c++ -- works
-- Detecting CXX compiler ABI info
-- Detecting CXX compiler ABI info - done
-- Detecting CXX compile features
-- Detecting CXX compile features - done
-- Found ament_cmake: 0.9.12 (/opt/ros/foxy/share/ament_cmake/cmake)
-- Found PythonInterp: /usr/bin/python3 (found suitable version "3.8.10", minimum required is "3") 
-- Using PYTHON_EXECUTABLE: /usr/bin/python3
-- Found rclcpp: 2.4.3 (/opt/ros/foxy/share/rclcpp/cmake)
-- Using all available rosidl_typesupport_c: rosidl_typesupport_fastrtps_c;rosidl_typesupport_introspection_c
-- Found rosidl_adapter: 1.3.1 (/opt/ros/foxy/share/rosidl_adapter/cmake)
-- Found OpenSSL: /usr/lib/x86_64-linux-gnu/libcrypto.so (found version "1.1.1f")  
-- Found FastRTPS: /opt/ros/foxy/include  
-- Using all available rosidl_typesupport_cpp: rosidl_typesupport_fastrtps_cpp;rosidl_typesupport_introspection_cpp
-- Found rmw_implementation_cmake: 1.0.4 (/opt/ros/foxy/share/rmw_implementation_cmake/cmake)
-- Using RMW implementation 'rmw_fastrtps_cpp' as default
-- Looking for pthread.h
-- Looking for pthread.h - found
-- Performing Test CMAKE_HAVE_LIBC_PTHREAD
-- Performing Test CMAKE_HAVE_LIBC_PTHREAD - Failed
-- Looking for pthread_create in pthreads
-- Looking for pthread_create in pthreads - not found
-- Looking for pthread_create in pthread
-- Looking for pthread_create in pthread - found
-- Found Threads: TRUE  
-- Found geometry_msgs: 2.0.5 (/opt/ros/foxy/share/geometry_msgs/cmake)
-- Found tf2_geometry_msgs: 0.13.14 (/opt/ros/foxy/share/tf2_geometry_msgs/cmake)
-- Found eigen3_cmake_module: 0.1.1 (/opt/ros/foxy/share/eigen3_cmake_module/cmake)
-- Found Eigen3: TRUE (found version "3.3.7") 
-- Found sensor_msgs: 2.0.5 (/opt/ros/foxy/share/sensor_msgs/cmake)
-- Found nav_msgs: 2.0.5 (/opt/ros/foxy/share/nav_msgs/cmake)
-- Found Boost: /usr/lib/x86_64-linux-gnu/cmake/Boost-1.71.0/BoostConfig.cmake (found version "1.71.0")  
-- Configuring done
-- Generating done
-- Build files have been written to: /home/salaheldinm/Penguins/build/rf2o_laser_odometry
[35m[1mScanning dependencies of target rf2o_laser_odometry[0m
[35m[1mScanning dependencies of target rf2o_laser_odometry_node[0m
[ 20%] [32mBuilding CXX object CMakeFiles/rf2o_laser_odometry.dir/src/CLaserOdometry2D.cpp.o[0m
[ 40%] [32mBuilding CXX object CMakeFiles/rf2o_laser_odometry_node.dir/src/CLaserOdometry2DNode.cpp.o[0m
[ 60%] [32mBuilding CXX object CMakeFiles/rf2o_laser_odometry_node.dir/src/CLaserOdometry2D.cpp.o[0m
[ 80%] [32m[1mLinking CXX executable rf2o_laser_odometry_node[0m
[100%] [32m[1mLinking CXX static library librf2o_laser_odometry.a[0m
[100%] Built target rf2o_laser_odometry
[100%] Built target rf2o_laser_odometry_node
-- Install configuration: ""
-- Installing: /home/salaheldinm/Penguins/install/rf2o_laser_odometry/lib/rf2o_laser_odometry/rf2o_laser_odometry_node
-- Set runtime path of "/home/salaheldinm/Penguins/install/rf2o_laser_odometry/lib/rf2o_laser_odometry/rf2o_laser_odometry_node" to ""
-- Installing: /home/salaheldinm/Penguins/install/rf2o_laser_odometry/share/rf2o_laser_odometry/launch
-- Installing: /home/salaheldinm/Penguins/install/rf2o_laser_odometry/share/rf2o_laser_odometry/launch/rf2o_laser_odometry.launch.py
-- Installing: /home/salaheldinm/Penguins/install/rf2o_laser_odometry/share/ament_index/resource_index/package_run_dependencies/rf2o_laser_odometry
-- Installing: /home/salaheldinm/Penguins/install/rf2o_laser_odometry/share/ament_index/resource_index/parent_prefix_path/rf2o_laser_odometry
-- Installing: /home/salaheldinm/Penguins/install/rf2o_laser_odometry/share/rf2o_laser_odometry/environment/ament_prefix_path.sh
-- Installing: /home/salaheldinm/Penguins/install/rf2o_laser_odometry/share/rf2o_laser_odometry/environment/ament_prefix_path.dsv
-- Installing: /home/salaheldinm/Penguins/install/rf2o_laser_odometry/share/rf2o_laser_odometry/environment/path.sh
-- Installing: /home/salaheldinm/Penguins/install/rf2o_laser_odometry/share/rf2o_laser_odometry/environment/path.dsv
-- Installing: /home/salaheldinm/Penguins/install/rf2o_laser_odometry/share/rf2o_laser_odometry/local_setup.bash
-- Installing: /home/salaheldinm/Penguins/install/rf2o_laser_odometry/share/rf2o_laser_odometry/local_setup.sh
-- Installing: /home/salaheldinm/Penguins/install/rf2o_laser_odometry/share/rf2o_laser_odometry/local_setup.zsh
-- Installing: /home/salaheldinm/Penguins/install/rf2o_laser_odometry/share/rf2o_laser_odometry/local_setup.dsv
-- Installing: /home/salaheldinm/Penguins/install/rf2o_laser_odometry/share/rf2o_laser_odometry/package.dsv
-- Installing: /home/salaheldinm/Penguins/install/rf2o_laser_odometry/share/ament_index/resource_index/packages/rf2o_laser_odometry
-- Installing: /home/salaheldinm/Penguins/install/rf2o_laser_odometry/share/rf2o_laser_odometry/cmake/rf2o_laser_odometryConfig.cmake
-- Installing: /home/salaheldinm/Penguins/install/rf2o_laser_odometry/share/rf2o_laser_odometry/cmake/rf2o_laser_odometryConfig-version.cmake
-- Installing: /home/salaheldinm/Penguins/install/rf2o_laser_odometry/share/rf2o_laser_odometry/package.xml
