[0.254s] Invoking command in '/home/salaheldinm/Penguins/build/rf2o_laser_odometry': CMAKE_PREFIX_PATH=/opt/ros/foxy /usr/bin/cmake /home/salaheldinm/Penguins/src/rf2o_laser_odometry -DCMAKE_INSTALL_PREFIX=/home/salaheldinm/Penguins/install/rf2o_laser_odometry
[0.325s] -- The C compiler identification is GNU 9.4.0
[0.389s] -- The CXX compiler identification is GNU 9.4.0
[0.396s] -- Check for working C compiler: /usr/bin/cc
[0.488s] -- Check for working C compiler: /usr/bin/cc -- works
[0.489s] -- Detecting C compiler ABI info
[0.583s] -- Detecting C compiler ABI info - done
[0.598s] -- Detecting C compile features
[0.598s] -- Detecting C compile features - done
[0.600s] -- Check for working CXX compiler: /usr/bin/c++
[0.703s] -- Check for working CXX compiler: /usr/bin/c++ -- works
[0.704s] -- Detecting CXX compiler ABI info
[0.810s] -- Detecting CXX compiler ABI info - done
[0.823s] -- Detecting CXX compile features
[0.823s] -- Detecting CXX compile features - done
[0.825s] -- Found ament_cmake: 0.9.12 (/opt/ros/foxy/share/ament_cmake/cmake)
[0.851s] -- Found PythonInterp: /usr/bin/python3 (found suitable version "3.8.10", minimum required is "3") 
[0.852s] -- Using PYTHON_EXECUTABLE: /usr/bin/python3
[1.022s] -- Found rclcpp: 2.4.3 (/opt/ros/foxy/share/rclcpp/cmake)
[1.073s] -- Using all available rosidl_typesupport_c: rosidl_typesupport_fastrtps_c;rosidl_typesupport_introspection_c
[1.078s] -- Found rosidl_adapter: 1.3.1 (/opt/ros/foxy/share/rosidl_adapter/cmake)
[1.185s] -- Found OpenSSL: /usr/lib/x86_64-linux-gnu/libcrypto.so (found version "1.1.1f")  
[1.222s] -- Found FastRTPS: /opt/ros/foxy/include  
[1.297s] -- Using all available rosidl_typesupport_cpp: rosidl_typesupport_fastrtps_cpp;rosidl_typesupport_introspection_cpp
[1.341s] -- Found rmw_implementation_cmake: 1.0.4 (/opt/ros/foxy/share/rmw_implementation_cmake/cmake)
[1.342s] -- Using RMW implementation 'rmw_fastrtps_cpp' as default
[1.343s] -- Looking for pthread.h
[1.425s] -- Looking for pthread.h - found
[1.426s] -- Performing Test CMAKE_HAVE_LIBC_PTHREAD
[1.523s] -- Performing Test CMAKE_HAVE_LIBC_PTHREAD - Failed
[1.524s] -- Looking for pthread_create in pthreads
[1.614s] -- Looking for pthread_create in pthreads - not found
[1.614s] -- Looking for pthread_create in pthread
[1.724s] -- Looking for pthread_create in pthread - found
[1.727s] -- Found Threads: TRUE  
[1.879s] -- Found geometry_msgs: 2.0.5 (/opt/ros/foxy/share/geometry_msgs/cmake)
[1.915s] -- Found tf2_geometry_msgs: 0.13.14 (/opt/ros/foxy/share/tf2_geometry_msgs/cmake)
[1.924s] -- Found eigen3_cmake_module: 0.1.1 (/opt/ros/foxy/share/eigen3_cmake_module/cmake)
[1.929s] -- Found Eigen3: TRUE (found version "3.3.7") 
[2.298s] -- Found sensor_msgs: 2.0.5 (/opt/ros/foxy/share/sensor_msgs/cmake)
[2.371s] -- Found nav_msgs: 2.0.5 (/opt/ros/foxy/share/nav_msgs/cmake)
[2.456s] -- Found Boost: /usr/lib/x86_64-linux-gnu/cmake/Boost-1.71.0/BoostConfig.cmake (found version "1.71.0")  
[2.544s] -- Configuring done
[2.568s] -- Generating done
[2.570s] -- Build files have been written to: /home/salaheldinm/Penguins/build/rf2o_laser_odometry
[2.588s] Invoked command in '/home/salaheldinm/Penguins/build/rf2o_laser_odometry' returned '0': CMAKE_PREFIX_PATH=/opt/ros/foxy /usr/bin/cmake /home/salaheldinm/Penguins/src/rf2o_laser_odometry -DCMAKE_INSTALL_PREFIX=/home/salaheldinm/Penguins/install/rf2o_laser_odometry
[2.592s] Invoking command in '/home/salaheldinm/Penguins/build/rf2o_laser_odometry': CMAKE_PREFIX_PATH=/opt/ros/foxy /usr/bin/cmake --build /home/salaheldinm/Penguins/build/rf2o_laser_odometry -- -j16 -l16
[2.660s] [35m[1mScanning dependencies of target rf2o_laser_odometry[0m
[2.660s] [35m[1mScanning dependencies of target rf2o_laser_odometry_node[0m
[2.779s] [ 20%] [32mBuilding CXX object CMakeFiles/rf2o_laser_odometry.dir/src/CLaserOdometry2D.cpp.o[0m
[2.823s] [ 40%] [32mBuilding CXX object CMakeFiles/rf2o_laser_odometry_node.dir/src/CLaserOdometry2DNode.cpp.o[0m
[2.850s] [ 60%] [32mBuilding CXX object CMakeFiles/rf2o_laser_odometry_node.dir/src/CLaserOdometry2D.cpp.o[0m
[33.331s] [ 80%] [32m[1mLinking CXX executable rf2o_laser_odometry_node[0m
[33.492s] [100%] [32m[1mLinking CXX static library librf2o_laser_odometry.a[0m
[33.693s] [100%] Built target rf2o_laser_odometry
[34.588s] [100%] Built target rf2o_laser_odometry_node
[34.605s] Invoked command in '/home/salaheldinm/Penguins/build/rf2o_laser_odometry' returned '0': CMAKE_PREFIX_PATH=/opt/ros/foxy /usr/bin/cmake --build /home/salaheldinm/Penguins/build/rf2o_laser_odometry -- -j16 -l16
[34.644s] Invoking command in '/home/salaheldinm/Penguins/build/rf2o_laser_odometry': CMAKE_PREFIX_PATH=/opt/ros/foxy /usr/bin/cmake --install /home/salaheldinm/Penguins/build/rf2o_laser_odometry
[34.657s] -- Install configuration: ""
[34.657s] -- Installing: /home/salaheldinm/Penguins/install/rf2o_laser_odometry/lib/rf2o_laser_odometry/rf2o_laser_odometry_node
[34.664s] -- Set runtime path of "/home/salaheldinm/Penguins/install/rf2o_laser_odometry/lib/rf2o_laser_odometry/rf2o_laser_odometry_node" to ""
[34.664s] -- Installing: /home/salaheldinm/Penguins/install/rf2o_laser_odometry/share/rf2o_laser_odometry/launch
[34.664s] -- Installing: /home/salaheldinm/Penguins/install/rf2o_laser_odometry/share/rf2o_laser_odometry/launch/rf2o_laser_odometry.launch.py
[34.664s] -- Installing: /home/salaheldinm/Penguins/install/rf2o_laser_odometry/share/ament_index/resource_index/package_run_dependencies/rf2o_laser_odometry
[34.665s] -- Installing: /home/salaheldinm/Penguins/install/rf2o_laser_odometry/share/ament_index/resource_index/parent_prefix_path/rf2o_laser_odometry
[34.665s] -- Installing: /home/salaheldinm/Penguins/install/rf2o_laser_odometry/share/rf2o_laser_odometry/environment/ament_prefix_path.sh
[34.665s] -- Installing: /home/salaheldinm/Penguins/install/rf2o_laser_odometry/share/rf2o_laser_odometry/environment/ament_prefix_path.dsv
[34.665s] -- Installing: /home/salaheldinm/Penguins/install/rf2o_laser_odometry/share/rf2o_laser_odometry/environment/path.sh
[34.665s] -- Installing: /home/salaheldinm/Penguins/install/rf2o_laser_odometry/share/rf2o_laser_odometry/environment/path.dsv
[34.665s] -- Installing: /home/salaheldinm/Penguins/install/rf2o_laser_odometry/share/rf2o_laser_odometry/local_setup.bash
[34.665s] -- Installing: /home/salaheldinm/Penguins/install/rf2o_laser_odometry/share/rf2o_laser_odometry/local_setup.sh
[34.665s] -- Installing: /home/salaheldinm/Penguins/install/rf2o_laser_odometry/share/rf2o_laser_odometry/local_setup.zsh
[34.666s] -- Installing: /home/salaheldinm/Penguins/install/rf2o_laser_odometry/share/rf2o_laser_odometry/local_setup.dsv
[34.666s] -- Installing: /home/salaheldinm/Penguins/install/rf2o_laser_odometry/share/rf2o_laser_odometry/package.dsv
[34.666s] -- Installing: /home/salaheldinm/Penguins/install/rf2o_laser_odometry/share/ament_index/resource_index/packages/rf2o_laser_odometry
[34.666s] -- Installing: /home/salaheldinm/Penguins/install/rf2o_laser_odometry/share/rf2o_laser_odometry/cmake/rf2o_laser_odometryConfig.cmake
[34.666s] -- Installing: /home/salaheldinm/Penguins/install/rf2o_laser_odometry/share/rf2o_laser_odometry/cmake/rf2o_laser_odometryConfig-version.cmake
[34.667s] -- Installing: /home/salaheldinm/Penguins/install/rf2o_laser_odometry/share/rf2o_laser_odometry/package.xml
[34.670s] Invoked command in '/home/salaheldinm/Penguins/build/rf2o_laser_odometry' returned '0': CMAKE_PREFIX_PATH=/opt/ros/foxy /usr/bin/cmake --install /home/salaheldinm/Penguins/build/rf2o_laser_odometry
