[0.163s] DEBUG:colcon:Command line arguments: ['/usr/bin/colcon', 'build']
[0.163s] DEBUG:colcon:Parsed command line arguments: Namespace(allow_overriding=[], ament_cmake_args=None, base_paths=['.'], build_base='build', catkin_cmake_args=None, catkin_skip_building_tests=False, cmake_args=None, cmake_clean_cache=False, cmake_clean_first=False, cmake_force_configure=False, cmake_target=None, cmake_target_skip_unavailable=False, continue_on_error=False, event_handlers=None, executor='parallel', ignore_user_meta=False, install_base='install', log_base=None, log_level=None, main=<bound method BuildVerb.main of <colcon_core.verb.build.BuildVerb object at 0x7f0e3e6b36d0>>, merge_install=False, metas=['./colcon.meta'], mixin=None, mixin_files=None, mixin_verb=('build',), packages_above=None, packages_above_and_dependencies=None, packages_above_depth=None, packages_end=None, packages_ignore=None, packages_ignore_regex=None, packages_select=None, packages_select_build_failed=False, packages_select_by_dep=None, packages_select_regex=None, packages_select_test_failures=False, packages_skip=None, packages_skip_build_finished=False, packages_skip_by_dep=None, packages_skip_regex=None, packages_skip_test_passed=False, packages_skip_up_to=None, packages_start=None, packages_up_to=None, packages_up_to_regex=None, parallel_workers=16, paths=None, symlink_install=False, test_result_base=None, verb_extension=<colcon_core.verb.build.BuildVerb object at 0x7f0e3e6b36d0>, verb_name='build', verb_parser=<colcon_mixin.mixin.mixin_argument.MixinArgumentDecorator object at 0x7f0e3e6b3c10>)
[0.282s] Level 1:colcon.colcon_core.package_discovery:discover_packages(colcon_meta) check parameters
[0.282s] Level 1:colcon.colcon_core.package_discovery:discover_packages(recursive) check parameters
[0.282s] Level 1:colcon.colcon_core.package_discovery:discover_packages(ignore) check parameters
[0.282s] Level 1:colcon.colcon_core.package_discovery:discover_packages(path) check parameters
[0.282s] Level 1:colcon.colcon_core.package_discovery:discover_packages(colcon_meta) discover
[0.282s] Level 1:colcon.colcon_core.package_discovery:discover_packages(recursive) discover
[0.282s] INFO:colcon.colcon_core.package_discovery:Crawling recursively for packages in '/home/salaheldinm/Penguins'
[0.282s] Level 1:colcon.colcon_core.package_identification:_identify(.) by extensions ['ignore', 'ignore_ament_install']
[0.282s] Level 1:colcon.colcon_core.package_identification:_identify(.) by extension 'ignore'
[0.282s] Level 1:colcon.colcon_core.package_identification:_identify(.) by extension 'ignore_ament_install'
[0.282s] Level 1:colcon.colcon_core.package_identification:_identify(.) by extensions ['colcon_pkg']
[0.282s] Level 1:colcon.colcon_core.package_identification:_identify(.) by extension 'colcon_pkg'
[0.282s] Level 1:colcon.colcon_core.package_identification:_identify(.) by extensions ['colcon_meta']
[0.282s] Level 1:colcon.colcon_core.package_identification:_identify(.) by extension 'colcon_meta'
[0.282s] Level 1:colcon.colcon_core.package_identification:_identify(.) by extensions ['ros']
[0.282s] Level 1:colcon.colcon_core.package_identification:_identify(.) by extension 'ros'
[0.290s] Level 1:colcon.colcon_core.package_identification:_identify(.) by extensions ['cmake', 'python']
[0.290s] Level 1:colcon.colcon_core.package_identification:_identify(.) by extension 'cmake'
[0.290s] Level 1:colcon.colcon_core.package_identification:_identify(.) by extension 'python'
[0.290s] Level 1:colcon.colcon_core.package_identification:_identify(.) by extensions ['python_setup_py']
[0.290s] Level 1:colcon.colcon_core.package_identification:_identify(.) by extension 'python_setup_py'
[0.290s] Level 1:colcon.colcon_core.package_identification:_identify(build) by extensions ['ignore', 'ignore_ament_install']
[0.290s] Level 1:colcon.colcon_core.package_identification:_identify(build) by extension 'ignore'
[0.290s] Level 1:colcon.colcon_core.package_identification:_identify(build) ignored
[0.291s] Level 1:colcon.colcon_core.package_identification:_identify(install) by extensions ['ignore', 'ignore_ament_install']
[0.291s] Level 1:colcon.colcon_core.package_identification:_identify(install) by extension 'ignore'
[0.291s] Level 1:colcon.colcon_core.package_identification:_identify(install) ignored
[0.291s] Level 1:colcon.colcon_core.package_identification:_identify(log) by extensions ['ignore', 'ignore_ament_install']
[0.291s] Level 1:colcon.colcon_core.package_identification:_identify(log) by extension 'ignore'
[0.291s] Level 1:colcon.colcon_core.package_identification:_identify(log) ignored
[0.291s] Level 1:colcon.colcon_core.package_identification:_identify(src) by extensions ['ignore', 'ignore_ament_install']
[0.291s] Level 1:colcon.colcon_core.package_identification:_identify(src) by extension 'ignore'
[0.291s] Level 1:colcon.colcon_core.package_identification:_identify(src) by extension 'ignore_ament_install'
[0.291s] Level 1:colcon.colcon_core.package_identification:_identify(src) by extensions ['colcon_pkg']
[0.291s] Level 1:colcon.colcon_core.package_identification:_identify(src) by extension 'colcon_pkg'
[0.291s] Level 1:colcon.colcon_core.package_identification:_identify(src) by extensions ['colcon_meta']
[0.291s] Level 1:colcon.colcon_core.package_identification:_identify(src) by extension 'colcon_meta'
[0.291s] Level 1:colcon.colcon_core.package_identification:_identify(src) by extensions ['ros']
[0.291s] Level 1:colcon.colcon_core.package_identification:_identify(src) by extension 'ros'
[0.291s] Level 1:colcon.colcon_core.package_identification:_identify(src) by extensions ['cmake', 'python']
[0.291s] Level 1:colcon.colcon_core.package_identification:_identify(src) by extension 'cmake'
[0.291s] Level 1:colcon.colcon_core.package_identification:_identify(src) by extension 'python'
[0.291s] Level 1:colcon.colcon_core.package_identification:_identify(src) by extensions ['python_setup_py']
[0.291s] Level 1:colcon.colcon_core.package_identification:_identify(src) by extension 'python_setup_py'
[0.291s] Level 1:colcon.colcon_core.package_identification:_identify(src/fake_odometry_publisher) by extensions ['ignore', 'ignore_ament_install']
[0.291s] Level 1:colcon.colcon_core.package_identification:_identify(src/fake_odometry_publisher) by extension 'ignore'
[0.291s] Level 1:colcon.colcon_core.package_identification:_identify(src/fake_odometry_publisher) by extension 'ignore_ament_install'
[0.291s] Level 1:colcon.colcon_core.package_identification:_identify(src/fake_odometry_publisher) by extensions ['colcon_pkg']
[0.292s] Level 1:colcon.colcon_core.package_identification:_identify(src/fake_odometry_publisher) by extension 'colcon_pkg'
[0.292s] Level 1:colcon.colcon_core.package_identification:_identify(src/fake_odometry_publisher) by extensions ['colcon_meta']
[0.292s] Level 1:colcon.colcon_core.package_identification:_identify(src/fake_odometry_publisher) by extension 'colcon_meta'
[0.292s] Level 1:colcon.colcon_core.package_identification:_identify(src/fake_odometry_publisher) by extensions ['ros']
[0.292s] Level 1:colcon.colcon_core.package_identification:_identify(src/fake_odometry_publisher) by extension 'ros'
[0.292s] Level 1:colcon.colcon_core.package_identification:_identify(src/fake_odometry_publisher) by extensions ['cmake', 'python']
[0.292s] Level 1:colcon.colcon_core.package_identification:_identify(src/fake_odometry_publisher) by extension 'cmake'
[0.292s] Level 1:colcon.colcon_core.package_identification:_identify(src/fake_odometry_publisher) by extension 'python'
[0.292s] Level 1:colcon.colcon_core.package_identification:_identify(src/fake_odometry_publisher) by extensions ['python_setup_py']
[0.292s] Level 1:colcon.colcon_core.package_identification:_identify(src/fake_odometry_publisher) by extension 'python_setup_py'
[0.292s] Level 1:colcon.colcon_core.package_identification:_identify(src/fake_odometry_publisher/fake_odometry_publisher) by extensions ['ignore', 'ignore_ament_install']
[0.292s] Level 1:colcon.colcon_core.package_identification:_identify(src/fake_odometry_publisher/fake_odometry_publisher) by extension 'ignore'
[0.292s] Level 1:colcon.colcon_core.package_identification:_identify(src/fake_odometry_publisher/fake_odometry_publisher) by extension 'ignore_ament_install'
[0.292s] Level 1:colcon.colcon_core.package_identification:_identify(src/fake_odometry_publisher/fake_odometry_publisher) by extensions ['colcon_pkg']
[0.292s] Level 1:colcon.colcon_core.package_identification:_identify(src/fake_odometry_publisher/fake_odometry_publisher) by extension 'colcon_pkg'
[0.292s] Level 1:colcon.colcon_core.package_identification:_identify(src/fake_odometry_publisher/fake_odometry_publisher) by extensions ['colcon_meta']
[0.292s] Level 1:colcon.colcon_core.package_identification:_identify(src/fake_odometry_publisher/fake_odometry_publisher) by extension 'colcon_meta'
[0.292s] Level 1:colcon.colcon_core.package_identification:_identify(src/fake_odometry_publisher/fake_odometry_publisher) by extensions ['ros']
[0.292s] Level 1:colcon.colcon_core.package_identification:_identify(src/fake_odometry_publisher/fake_odometry_publisher) by extension 'ros'
[0.294s] DEBUG:colcon.colcon_core.package_identification:Package 'src/fake_odometry_publisher/fake_odometry_publisher' with type 'ros.ament_python' and name 'fake_odometry_publisher'
[0.294s] Level 1:colcon.colcon_core.package_identification:_identify(src/nav2_bringup) by extensions ['ignore', 'ignore_ament_install']
[0.294s] Level 1:colcon.colcon_core.package_identification:_identify(src/nav2_bringup) by extension 'ignore'
[0.294s] Level 1:colcon.colcon_core.package_identification:_identify(src/nav2_bringup) by extension 'ignore_ament_install'
[0.294s] Level 1:colcon.colcon_core.package_identification:_identify(src/nav2_bringup) by extensions ['colcon_pkg']
[0.294s] Level 1:colcon.colcon_core.package_identification:_identify(src/nav2_bringup) by extension 'colcon_pkg'
[0.294s] Level 1:colcon.colcon_core.package_identification:_identify(src/nav2_bringup) by extensions ['colcon_meta']
[0.294s] Level 1:colcon.colcon_core.package_identification:_identify(src/nav2_bringup) by extension 'colcon_meta'
[0.294s] Level 1:colcon.colcon_core.package_identification:_identify(src/nav2_bringup) by extensions ['ros']
[0.294s] Level 1:colcon.colcon_core.package_identification:_identify(src/nav2_bringup) by extension 'ros'
[0.295s] DEBUG:colcon.colcon_core.package_identification:Package 'src/nav2_bringup' with type 'ros.ament_cmake' and name 'nav2_bringup'
[0.295s] Level 1:colcon.colcon_core.package_identification:_identify(src/ouster-ros) by extensions ['ignore', 'ignore_ament_install']
[0.295s] Level 1:colcon.colcon_core.package_identification:_identify(src/ouster-ros) by extension 'ignore'
[0.295s] Level 1:colcon.colcon_core.package_identification:_identify(src/ouster-ros) by extension 'ignore_ament_install'
[0.295s] Level 1:colcon.colcon_core.package_identification:_identify(src/ouster-ros) by extensions ['colcon_pkg']
[0.295s] Level 1:colcon.colcon_core.package_identification:_identify(src/ouster-ros) by extension 'colcon_pkg'
[0.295s] Level 1:colcon.colcon_core.package_identification:_identify(src/ouster-ros) by extensions ['colcon_meta']
[0.295s] Level 1:colcon.colcon_core.package_identification:_identify(src/ouster-ros) by extension 'colcon_meta'
[0.295s] Level 1:colcon.colcon_core.package_identification:_identify(src/ouster-ros) by extensions ['ros']
[0.295s] Level 1:colcon.colcon_core.package_identification:_identify(src/ouster-ros) by extension 'ros'
[0.295s] Level 1:colcon.colcon_core.package_identification:_identify(src/ouster-ros) by extensions ['cmake', 'python']
[0.295s] Level 1:colcon.colcon_core.package_identification:_identify(src/ouster-ros) by extension 'cmake'
[0.295s] Level 1:colcon.colcon_core.package_identification:_identify(src/ouster-ros) by extension 'python'
[0.295s] Level 1:colcon.colcon_core.package_identification:_identify(src/ouster-ros) by extensions ['python_setup_py']
[0.295s] Level 1:colcon.colcon_core.package_identification:_identify(src/ouster-ros) by extension 'python_setup_py'
[0.295s] Level 1:colcon.colcon_core.package_identification:_identify(src/ouster-ros/docs) by extensions ['ignore', 'ignore_ament_install']
[0.296s] Level 1:colcon.colcon_core.package_identification:_identify(src/ouster-ros/docs) by extension 'ignore'
[0.296s] Level 1:colcon.colcon_core.package_identification:_identify(src/ouster-ros/docs) by extension 'ignore_ament_install'
[0.296s] Level 1:colcon.colcon_core.package_identification:_identify(src/ouster-ros/docs) by extensions ['colcon_pkg']
[0.296s] Level 1:colcon.colcon_core.package_identification:_identify(src/ouster-ros/docs) by extension 'colcon_pkg'
[0.296s] Level 1:colcon.colcon_core.package_identification:_identify(src/ouster-ros/docs) by extensions ['colcon_meta']
[0.296s] Level 1:colcon.colcon_core.package_identification:_identify(src/ouster-ros/docs) by extension 'colcon_meta'
[0.296s] Level 1:colcon.colcon_core.package_identification:_identify(src/ouster-ros/docs) by extensions ['ros']
[0.296s] Level 1:colcon.colcon_core.package_identification:_identify(src/ouster-ros/docs) by extension 'ros'
[0.296s] Level 1:colcon.colcon_core.package_identification:_identify(src/ouster-ros/docs) by extensions ['cmake', 'python']
[0.296s] Level 1:colcon.colcon_core.package_identification:_identify(src/ouster-ros/docs) by extension 'cmake'
[0.296s] Level 1:colcon.colcon_core.package_identification:_identify(src/ouster-ros/docs) by extension 'python'
[0.296s] Level 1:colcon.colcon_core.package_identification:_identify(src/ouster-ros/docs) by extensions ['python_setup_py']
[0.296s] Level 1:colcon.colcon_core.package_identification:_identify(src/ouster-ros/docs) by extension 'python_setup_py'
[0.296s] Level 1:colcon.colcon_core.package_identification:_identify(src/ouster-ros/docs/images) by extensions ['ignore', 'ignore_ament_install']
[0.296s] Level 1:colcon.colcon_core.package_identification:_identify(src/ouster-ros/docs/images) by extension 'ignore'
[0.296s] Level 1:colcon.colcon_core.package_identification:_identify(src/ouster-ros/docs/images) by extension 'ignore_ament_install'
[0.296s] Level 1:colcon.colcon_core.package_identification:_identify(src/ouster-ros/docs/images) by extensions ['colcon_pkg']
[0.296s] Level 1:colcon.colcon_core.package_identification:_identify(src/ouster-ros/docs/images) by extension 'colcon_pkg'
[0.296s] Level 1:colcon.colcon_core.package_identification:_identify(src/ouster-ros/docs/images) by extensions ['colcon_meta']
[0.296s] Level 1:colcon.colcon_core.package_identification:_identify(src/ouster-ros/docs/images) by extension 'colcon_meta'
[0.296s] Level 1:colcon.colcon_core.package_identification:_identify(src/ouster-ros/docs/images) by extensions ['ros']
[0.296s] Level 1:colcon.colcon_core.package_identification:_identify(src/ouster-ros/docs/images) by extension 'ros'
[0.296s] Level 1:colcon.colcon_core.package_identification:_identify(src/ouster-ros/docs/images) by extensions ['cmake', 'python']
[0.296s] Level 1:colcon.colcon_core.package_identification:_identify(src/ouster-ros/docs/images) by extension 'cmake'
[0.296s] Level 1:colcon.colcon_core.package_identification:_identify(src/ouster-ros/docs/images) by extension 'python'
[0.296s] Level 1:colcon.colcon_core.package_identification:_identify(src/ouster-ros/docs/images) by extensions ['python_setup_py']
[0.296s] Level 1:colcon.colcon_core.package_identification:_identify(src/ouster-ros/docs/images) by extension 'python_setup_py'
[0.296s] Level 1:colcon.colcon_core.package_identification:_identify(src/ouster-ros/ouster-ros) by extensions ['ignore', 'ignore_ament_install']
[0.296s] Level 1:colcon.colcon_core.package_identification:_identify(src/ouster-ros/ouster-ros) by extension 'ignore'
[0.296s] Level 1:colcon.colcon_core.package_identification:_identify(src/ouster-ros/ouster-ros) by extension 'ignore_ament_install'
[0.297s] Level 1:colcon.colcon_core.package_identification:_identify(src/ouster-ros/ouster-ros) by extensions ['colcon_pkg']
[0.297s] Level 1:colcon.colcon_core.package_identification:_identify(src/ouster-ros/ouster-ros) by extension 'colcon_pkg'
[0.297s] Level 1:colcon.colcon_core.package_identification:_identify(src/ouster-ros/ouster-ros) by extensions ['colcon_meta']
[0.297s] Level 1:colcon.colcon_core.package_identification:_identify(src/ouster-ros/ouster-ros) by extension 'colcon_meta'
[0.297s] Level 1:colcon.colcon_core.package_identification:_identify(src/ouster-ros/ouster-ros) by extensions ['ros']
[0.297s] Level 1:colcon.colcon_core.package_identification:_identify(src/ouster-ros/ouster-ros) by extension 'ros'
[0.298s] DEBUG:colcon.colcon_core.package_identification:Package 'src/ouster-ros/ouster-ros' with type 'ros.ament_cmake' and name 'ouster_ros'
[0.298s] Level 1:colcon.colcon_core.package_identification:_identify(src/ouster-ros/ouster-sensor-msgs) by extensions ['ignore', 'ignore_ament_install']
[0.298s] Level 1:colcon.colcon_core.package_identification:_identify(src/ouster-ros/ouster-sensor-msgs) by extension 'ignore'
[0.298s] Level 1:colcon.colcon_core.package_identification:_identify(src/ouster-ros/ouster-sensor-msgs) by extension 'ignore_ament_install'
[0.298s] Level 1:colcon.colcon_core.package_identification:_identify(src/ouster-ros/ouster-sensor-msgs) by extensions ['colcon_pkg']
[0.298s] Level 1:colcon.colcon_core.package_identification:_identify(src/ouster-ros/ouster-sensor-msgs) by extension 'colcon_pkg'
[0.298s] Level 1:colcon.colcon_core.package_identification:_identify(src/ouster-ros/ouster-sensor-msgs) by extensions ['colcon_meta']
[0.298s] Level 1:colcon.colcon_core.package_identification:_identify(src/ouster-ros/ouster-sensor-msgs) by extension 'colcon_meta'
[0.298s] Level 1:colcon.colcon_core.package_identification:_identify(src/ouster-ros/ouster-sensor-msgs) by extensions ['ros']
[0.298s] Level 1:colcon.colcon_core.package_identification:_identify(src/ouster-ros/ouster-sensor-msgs) by extension 'ros'
[0.299s] DEBUG:colcon.colcon_core.package_identification:Package 'src/ouster-ros/ouster-sensor-msgs' with type 'ros.ament_cmake' and name 'ouster_sensor_msgs'
[0.299s] Level 1:colcon.colcon_core.package_identification:_identify(src/rf2o_laser_odometry) by extensions ['ignore', 'ignore_ament_install']
[0.299s] Level 1:colcon.colcon_core.package_identification:_identify(src/rf2o_laser_odometry) by extension 'ignore'
[0.299s] Level 1:colcon.colcon_core.package_identification:_identify(src/rf2o_laser_odometry) by extension 'ignore_ament_install'
[0.299s] Level 1:colcon.colcon_core.package_identification:_identify(src/rf2o_laser_odometry) by extensions ['colcon_pkg']
[0.299s] Level 1:colcon.colcon_core.package_identification:_identify(src/rf2o_laser_odometry) by extension 'colcon_pkg'
[0.299s] Level 1:colcon.colcon_core.package_identification:_identify(src/rf2o_laser_odometry) by extensions ['colcon_meta']
[0.299s] Level 1:colcon.colcon_core.package_identification:_identify(src/rf2o_laser_odometry) by extension 'colcon_meta'
[0.299s] Level 1:colcon.colcon_core.package_identification:_identify(src/rf2o_laser_odometry) by extensions ['ros']
[0.299s] Level 1:colcon.colcon_core.package_identification:_identify(src/rf2o_laser_odometry) by extension 'ros'
[0.300s] DEBUG:colcon.colcon_core.package_identification:Package 'src/rf2o_laser_odometry' with type 'ros.ament_cmake' and name 'rf2o_laser_odometry'
[0.300s] Level 1:colcon.colcon_core.package_identification:_identify(src/slam_toolbox-foxy-devel) by extensions ['ignore', 'ignore_ament_install']
[0.300s] Level 1:colcon.colcon_core.package_identification:_identify(src/slam_toolbox-foxy-devel) by extension 'ignore'
[0.300s] Level 1:colcon.colcon_core.package_identification:_identify(src/slam_toolbox-foxy-devel) by extension 'ignore_ament_install'
[0.300s] Level 1:colcon.colcon_core.package_identification:_identify(src/slam_toolbox-foxy-devel) by extensions ['colcon_pkg']
[0.300s] Level 1:colcon.colcon_core.package_identification:_identify(src/slam_toolbox-foxy-devel) by extension 'colcon_pkg'
[0.300s] Level 1:colcon.colcon_core.package_identification:_identify(src/slam_toolbox-foxy-devel) by extensions ['colcon_meta']
[0.300s] Level 1:colcon.colcon_core.package_identification:_identify(src/slam_toolbox-foxy-devel) by extension 'colcon_meta'
[0.300s] Level 1:colcon.colcon_core.package_identification:_identify(src/slam_toolbox-foxy-devel) by extensions ['ros']
[0.300s] Level 1:colcon.colcon_core.package_identification:_identify(src/slam_toolbox-foxy-devel) by extension 'ros'
[0.301s] DEBUG:colcon.colcon_core.package_identification:Package 'src/slam_toolbox-foxy-devel' with type 'ros.ament_cmake' and name 'slam_toolbox'
[0.301s] Level 1:colcon.colcon_core.package_discovery:discover_packages(recursive) using defaults
[0.301s] Level 1:colcon.colcon_core.package_discovery:discover_packages(ignore) discover
[0.301s] Level 1:colcon.colcon_core.package_discovery:discover_packages(ignore) using defaults
[0.301s] Level 1:colcon.colcon_core.package_discovery:discover_packages(path) discover
[0.301s] Level 1:colcon.colcon_core.package_discovery:discover_packages(path) using defaults
[0.325s] Level 1:colcon.colcon_core.package_discovery:discover_packages(prefix_path) check parameters
[0.325s] Level 1:colcon.colcon_core.package_discovery:discover_packages(prefix_path) discover
[0.327s] DEBUG:colcon.colcon_installed_package_information.package_discovery:Found 305 installed packages in /opt/ros/foxy
[0.328s] Level 1:colcon.colcon_core.package_discovery:discover_packages(prefix_path) using defaults
[0.373s] Level 5:colcon.colcon_core.verb:set package 'fake_odometry_publisher' build argument 'cmake_args' from command line to 'None'
[0.373s] Level 5:colcon.colcon_core.verb:set package 'fake_odometry_publisher' build argument 'cmake_target' from command line to 'None'
[0.373s] Level 5:colcon.colcon_core.verb:set package 'fake_odometry_publisher' build argument 'cmake_target_skip_unavailable' from command line to 'False'
[0.373s] Level 5:colcon.colcon_core.verb:set package 'fake_odometry_publisher' build argument 'cmake_clean_cache' from command line to 'False'
[0.373s] Level 5:colcon.colcon_core.verb:set package 'fake_odometry_publisher' build argument 'cmake_clean_first' from command line to 'False'
[0.373s] Level 5:colcon.colcon_core.verb:set package 'fake_odometry_publisher' build argument 'cmake_force_configure' from command line to 'False'
[0.373s] Level 5:colcon.colcon_core.verb:set package 'fake_odometry_publisher' build argument 'ament_cmake_args' from command line to 'None'
[0.373s] Level 5:colcon.colcon_core.verb:set package 'fake_odometry_publisher' build argument 'catkin_cmake_args' from command line to 'None'
[0.373s] Level 5:colcon.colcon_core.verb:set package 'fake_odometry_publisher' build argument 'catkin_skip_building_tests' from command line to 'False'
[0.373s] DEBUG:colcon.colcon_core.verb:Building package 'fake_odometry_publisher' with the following arguments: {'ament_cmake_args': None, 'build_base': '/home/salaheldinm/Penguins/build/fake_odometry_publisher', 'catkin_cmake_args': None, 'catkin_skip_building_tests': False, 'cmake_args': None, 'cmake_clean_cache': False, 'cmake_clean_first': False, 'cmake_force_configure': False, 'cmake_target': None, 'cmake_target_skip_unavailable': False, 'install_base': '/home/salaheldinm/Penguins/install/fake_odometry_publisher', 'merge_install': False, 'path': '/home/salaheldinm/Penguins/src/fake_odometry_publisher/fake_odometry_publisher', 'symlink_install': False, 'test_result_base': None}
[0.374s] Level 5:colcon.colcon_core.verb:set package 'ouster_sensor_msgs' build argument 'cmake_args' from command line to 'None'
[0.374s] Level 5:colcon.colcon_core.verb:set package 'ouster_sensor_msgs' build argument 'cmake_target' from command line to 'None'
[0.374s] Level 5:colcon.colcon_core.verb:set package 'ouster_sensor_msgs' build argument 'cmake_target_skip_unavailable' from command line to 'False'
[0.374s] Level 5:colcon.colcon_core.verb:set package 'ouster_sensor_msgs' build argument 'cmake_clean_cache' from command line to 'False'
[0.374s] Level 5:colcon.colcon_core.verb:set package 'ouster_sensor_msgs' build argument 'cmake_clean_first' from command line to 'False'
[0.374s] Level 5:colcon.colcon_core.verb:set package 'ouster_sensor_msgs' build argument 'cmake_force_configure' from command line to 'False'
[0.374s] Level 5:colcon.colcon_core.verb:set package 'ouster_sensor_msgs' build argument 'ament_cmake_args' from command line to 'None'
[0.374s] Level 5:colcon.colcon_core.verb:set package 'ouster_sensor_msgs' build argument 'catkin_cmake_args' from command line to 'None'
[0.374s] Level 5:colcon.colcon_core.verb:set package 'ouster_sensor_msgs' build argument 'catkin_skip_building_tests' from command line to 'False'
[0.374s] DEBUG:colcon.colcon_core.verb:Building package 'ouster_sensor_msgs' with the following arguments: {'ament_cmake_args': None, 'build_base': '/home/salaheldinm/Penguins/build/ouster_sensor_msgs', 'catkin_cmake_args': None, 'catkin_skip_building_tests': False, 'cmake_args': None, 'cmake_clean_cache': False, 'cmake_clean_first': False, 'cmake_force_configure': False, 'cmake_target': None, 'cmake_target_skip_unavailable': False, 'install_base': '/home/salaheldinm/Penguins/install/ouster_sensor_msgs', 'merge_install': False, 'path': '/home/salaheldinm/Penguins/src/ouster-ros/ouster-sensor-msgs', 'symlink_install': False, 'test_result_base': None}
[0.374s] Level 5:colcon.colcon_core.verb:set package 'rf2o_laser_odometry' build argument 'cmake_args' from command line to 'None'
[0.374s] Level 5:colcon.colcon_core.verb:set package 'rf2o_laser_odometry' build argument 'cmake_target' from command line to 'None'
[0.374s] Level 5:colcon.colcon_core.verb:set package 'rf2o_laser_odometry' build argument 'cmake_target_skip_unavailable' from command line to 'False'
[0.374s] Level 5:colcon.colcon_core.verb:set package 'rf2o_laser_odometry' build argument 'cmake_clean_cache' from command line to 'False'
[0.374s] Level 5:colcon.colcon_core.verb:set package 'rf2o_laser_odometry' build argument 'cmake_clean_first' from command line to 'False'
[0.374s] Level 5:colcon.colcon_core.verb:set package 'rf2o_laser_odometry' build argument 'cmake_force_configure' from command line to 'False'
[0.374s] Level 5:colcon.colcon_core.verb:set package 'rf2o_laser_odometry' build argument 'ament_cmake_args' from command line to 'None'
[0.374s] Level 5:colcon.colcon_core.verb:set package 'rf2o_laser_odometry' build argument 'catkin_cmake_args' from command line to 'None'
[0.374s] Level 5:colcon.colcon_core.verb:set package 'rf2o_laser_odometry' build argument 'catkin_skip_building_tests' from command line to 'False'
[0.374s] DEBUG:colcon.colcon_core.verb:Building package 'rf2o_laser_odometry' with the following arguments: {'ament_cmake_args': None, 'build_base': '/home/salaheldinm/Penguins/build/rf2o_laser_odometry', 'catkin_cmake_args': None, 'catkin_skip_building_tests': False, 'cmake_args': None, 'cmake_clean_cache': False, 'cmake_clean_first': False, 'cmake_force_configure': False, 'cmake_target': None, 'cmake_target_skip_unavailable': False, 'install_base': '/home/salaheldinm/Penguins/install/rf2o_laser_odometry', 'merge_install': False, 'path': '/home/salaheldinm/Penguins/src/rf2o_laser_odometry', 'symlink_install': False, 'test_result_base': None}
[0.374s] Level 5:colcon.colcon_core.verb:set package 'slam_toolbox' build argument 'cmake_args' from command line to 'None'
[0.374s] Level 5:colcon.colcon_core.verb:set package 'slam_toolbox' build argument 'cmake_target' from command line to 'None'
[0.374s] Level 5:colcon.colcon_core.verb:set package 'slam_toolbox' build argument 'cmake_target_skip_unavailable' from command line to 'False'
[0.374s] Level 5:colcon.colcon_core.verb:set package 'slam_toolbox' build argument 'cmake_clean_cache' from command line to 'False'
[0.375s] Level 5:colcon.colcon_core.verb:set package 'slam_toolbox' build argument 'cmake_clean_first' from command line to 'False'
[0.375s] Level 5:colcon.colcon_core.verb:set package 'slam_toolbox' build argument 'cmake_force_configure' from command line to 'False'
[0.375s] Level 5:colcon.colcon_core.verb:set package 'slam_toolbox' build argument 'ament_cmake_args' from command line to 'None'
[0.375s] Level 5:colcon.colcon_core.verb:set package 'slam_toolbox' build argument 'catkin_cmake_args' from command line to 'None'
[0.375s] Level 5:colcon.colcon_core.verb:set package 'slam_toolbox' build argument 'catkin_skip_building_tests' from command line to 'False'
[0.375s] DEBUG:colcon.colcon_core.verb:Building package 'slam_toolbox' with the following arguments: {'ament_cmake_args': None, 'build_base': '/home/salaheldinm/Penguins/build/slam_toolbox', 'catkin_cmake_args': None, 'catkin_skip_building_tests': False, 'cmake_args': None, 'cmake_clean_cache': False, 'cmake_clean_first': False, 'cmake_force_configure': False, 'cmake_target': None, 'cmake_target_skip_unavailable': False, 'install_base': '/home/salaheldinm/Penguins/install/slam_toolbox', 'merge_install': False, 'path': '/home/salaheldinm/Penguins/src/slam_toolbox-foxy-devel', 'symlink_install': False, 'test_result_base': None}
[0.375s] Level 5:colcon.colcon_core.verb:set package 'nav2_bringup' build argument 'cmake_args' from command line to 'None'
[0.375s] Level 5:colcon.colcon_core.verb:set package 'nav2_bringup' build argument 'cmake_target' from command line to 'None'
[0.375s] Level 5:colcon.colcon_core.verb:set package 'nav2_bringup' build argument 'cmake_target_skip_unavailable' from command line to 'False'
[0.375s] Level 5:colcon.colcon_core.verb:set package 'nav2_bringup' build argument 'cmake_clean_cache' from command line to 'False'
[0.375s] Level 5:colcon.colcon_core.verb:set package 'nav2_bringup' build argument 'cmake_clean_first' from command line to 'False'
[0.375s] Level 5:colcon.colcon_core.verb:set package 'nav2_bringup' build argument 'cmake_force_configure' from command line to 'False'
[0.375s] Level 5:colcon.colcon_core.verb:set package 'nav2_bringup' build argument 'ament_cmake_args' from command line to 'None'
[0.375s] Level 5:colcon.colcon_core.verb:set package 'nav2_bringup' build argument 'catkin_cmake_args' from command line to 'None'
[0.375s] Level 5:colcon.colcon_core.verb:set package 'nav2_bringup' build argument 'catkin_skip_building_tests' from command line to 'False'
[0.375s] DEBUG:colcon.colcon_core.verb:Building package 'nav2_bringup' with the following arguments: {'ament_cmake_args': None, 'build_base': '/home/salaheldinm/Penguins/build/nav2_bringup', 'catkin_cmake_args': None, 'catkin_skip_building_tests': False, 'cmake_args': None, 'cmake_clean_cache': False, 'cmake_clean_first': False, 'cmake_force_configure': False, 'cmake_target': None, 'cmake_target_skip_unavailable': False, 'install_base': '/home/salaheldinm/Penguins/install/nav2_bringup', 'merge_install': False, 'path': '/home/salaheldinm/Penguins/src/nav2_bringup', 'symlink_install': False, 'test_result_base': None}
[0.375s] Level 5:colcon.colcon_core.verb:set package 'ouster_ros' build argument 'cmake_args' from command line to 'None'
[0.375s] Level 5:colcon.colcon_core.verb:set package 'ouster_ros' build argument 'cmake_target' from command line to 'None'
[0.375s] Level 5:colcon.colcon_core.verb:set package 'ouster_ros' build argument 'cmake_target_skip_unavailable' from command line to 'False'
[0.375s] Level 5:colcon.colcon_core.verb:set package 'ouster_ros' build argument 'cmake_clean_cache' from command line to 'False'
[0.375s] Level 5:colcon.colcon_core.verb:set package 'ouster_ros' build argument 'cmake_clean_first' from command line to 'False'
[0.375s] Level 5:colcon.colcon_core.verb:set package 'ouster_ros' build argument 'cmake_force_configure' from command line to 'False'
[0.375s] Level 5:colcon.colcon_core.verb:set package 'ouster_ros' build argument 'ament_cmake_args' from command line to 'None'
[0.375s] Level 5:colcon.colcon_core.verb:set package 'ouster_ros' build argument 'catkin_cmake_args' from command line to 'None'
[0.375s] Level 5:colcon.colcon_core.verb:set package 'ouster_ros' build argument 'catkin_skip_building_tests' from command line to 'False'
[0.375s] DEBUG:colcon.colcon_core.verb:Building package 'ouster_ros' with the following arguments: {'ament_cmake_args': None, 'build_base': '/home/salaheldinm/Penguins/build/ouster_ros', 'catkin_cmake_args': None, 'catkin_skip_building_tests': False, 'cmake_args': None, 'cmake_clean_cache': False, 'cmake_clean_first': False, 'cmake_force_configure': False, 'cmake_target': None, 'cmake_target_skip_unavailable': False, 'install_base': '/home/salaheldinm/Penguins/install/ouster_ros', 'merge_install': False, 'path': '/home/salaheldinm/Penguins/src/ouster-ros/ouster-ros', 'symlink_install': False, 'test_result_base': None}
[0.375s] INFO:colcon.colcon_core.executor:Executing jobs using 'parallel' executor
[0.376s] DEBUG:colcon.colcon_parallel_executor.executor.parallel:run_until_complete
[0.377s] INFO:colcon.colcon_ros.task.ament_cmake.build:Building ROS package in '/home/salaheldinm/Penguins/src/ouster-ros/ouster-sensor-msgs' with build type 'ament_cmake'
[0.377s] INFO:colcon.colcon_cmake.task.cmake.build:Building CMake package in '/home/salaheldinm/Penguins/src/ouster-ros/ouster-sensor-msgs'
[0.379s] INFO:colcon.colcon_core.plugin_system:Skipping extension 'colcon_core.shell.bat': Not used on non-Windows systems
[0.379s] INFO:colcon.colcon_core.shell:Skip shell extension 'powershell' for command environment: Not usable outside of PowerShell
[0.379s] DEBUG:colcon.colcon_core.shell:Skip shell extension 'dsv' for command environment
[0.384s] INFO:colcon.colcon_ros.task.ament_cmake.build:Building ROS package in '/home/salaheldinm/Penguins/src/slam_toolbox-foxy-devel' with build type 'ament_cmake'
[0.384s] INFO:colcon.colcon_cmake.task.cmake.build:Building CMake package in '/home/salaheldinm/Penguins/src/slam_toolbox-foxy-devel'
[0.385s] INFO:colcon.colcon_core.shell:Skip shell extension 'powershell' for command environment: Not usable outside of PowerShell
[0.385s] DEBUG:colcon.colcon_core.shell:Skip shell extension 'dsv' for command environment
[0.393s] INFO:colcon.colcon_ros.task.ament_python.build:Building ROS package in '/home/salaheldinm/Penguins/src/fake_odometry_publisher/fake_odometry_publisher' with build type 'ament_python'
[0.393s] Level 1:colcon.colcon_core.shell:create_environment_hook('fake_odometry_publisher', 'ament_prefix_path')
[0.394s] INFO:colcon.colcon_core.shell:Creating environment hook '/home/salaheldinm/Penguins/install/fake_odometry_publisher/share/fake_odometry_publisher/hook/ament_prefix_path.ps1'
[0.396s] INFO:colcon.colcon_core.shell:Creating environment descriptor '/home/salaheldinm/Penguins/install/fake_odometry_publisher/share/fake_odometry_publisher/hook/ament_prefix_path.dsv'
[0.396s] INFO:colcon.colcon_core.shell:Creating environment hook '/home/salaheldinm/Penguins/install/fake_odometry_publisher/share/fake_odometry_publisher/hook/ament_prefix_path.sh'
[0.398s] INFO:colcon.colcon_core.shell:Skip shell extension 'powershell' for command environment: Not usable outside of PowerShell
[0.398s] DEBUG:colcon.colcon_core.shell:Skip shell extension 'dsv' for command environment
[0.405s] INFO:colcon.colcon_ros.task.ament_cmake.build:Building ROS package in '/home/salaheldinm/Penguins/src/rf2o_laser_odometry' with build type 'ament_cmake'
[0.405s] INFO:colcon.colcon_cmake.task.cmake.build:Building CMake package in '/home/salaheldinm/Penguins/src/rf2o_laser_odometry'
[0.405s] INFO:colcon.colcon_core.shell:Skip shell extension 'powershell' for command environment: Not usable outside of PowerShell
[0.405s] DEBUG:colcon.colcon_core.shell:Skip shell extension 'dsv' for command environment
[0.424s] DEBUG:colcon.colcon_core.event_handler.log_command:Invoking command in '/home/salaheldinm/Penguins/build/ouster_sensor_msgs': CMAKE_PREFIX_PATH=/opt/ros/foxy /usr/bin/cmake --build /home/salaheldinm/Penguins/build/ouster_sensor_msgs -- -j16 -l16
[0.429s] DEBUG:colcon.colcon_core.event_handler.log_command:Invoking command in '/home/salaheldinm/Penguins/build/slam_toolbox': CMAKE_PREFIX_PATH=/opt/ros/foxy /usr/bin/cmake --build /home/salaheldinm/Penguins/build/slam_toolbox -- -j16 -l16
[0.647s] INFO:colcon.colcon_core.task.python.build:Building Python package in '/home/salaheldinm/Penguins/src/fake_odometry_publisher/fake_odometry_publisher'
[0.647s] INFO:colcon.colcon_core.shell:Skip shell extension 'powershell' for command environment: Not usable outside of PowerShell
[0.647s] DEBUG:colcon.colcon_core.shell:Skip shell extension 'dsv' for command environment
[0.660s] DEBUG:colcon.colcon_core.event_handler.log_command:Invoking command in '/home/salaheldinm/Penguins/build/rf2o_laser_odometry': CMAKE_PREFIX_PATH=/opt/ros/foxy /usr/bin/cmake --build /home/salaheldinm/Penguins/build/rf2o_laser_odometry -- -j16 -l16
[0.724s] DEBUG:colcon.colcon_core.event_handler.log_command:Invoked command in '/home/salaheldinm/Penguins/build/ouster_sensor_msgs' returned '0': CMAKE_PREFIX_PATH=/opt/ros/foxy /usr/bin/cmake --build /home/salaheldinm/Penguins/build/ouster_sensor_msgs -- -j16 -l16
[0.768s] DEBUG:colcon.colcon_core.event_handler.log_command:Invoked command in '/home/salaheldinm/Penguins/build/rf2o_laser_odometry' returned '0': CMAKE_PREFIX_PATH=/opt/ros/foxy /usr/bin/cmake --build /home/salaheldinm/Penguins/build/rf2o_laser_odometry -- -j16 -l16
[0.818s] DEBUG:colcon.colcon_core.event_handler.log_command:Invoking command in '/home/salaheldinm/Penguins/build/rf2o_laser_odometry': CMAKE_PREFIX_PATH=/opt/ros/foxy /usr/bin/cmake --install /home/salaheldinm/Penguins/build/rf2o_laser_odometry
[0.822s] DEBUG:colcon.colcon_core.event_handler.log_command:Invoked command in '/home/salaheldinm/Penguins/build/slam_toolbox' returned '0': CMAKE_PREFIX_PATH=/opt/ros/foxy /usr/bin/cmake --build /home/salaheldinm/Penguins/build/slam_toolbox -- -j16 -l16
[0.836s] DEBUG:colcon.colcon_core.event_handler.log_command:Invoking command in '/home/salaheldinm/Penguins/build/ouster_sensor_msgs': CMAKE_PREFIX_PATH=/opt/ros/foxy /usr/bin/cmake --install /home/salaheldinm/Penguins/build/ouster_sensor_msgs
[0.838s] Level 1:colcon.colcon_core.environment:create_environment_scripts_only(rf2o_laser_odometry)
[0.839s] DEBUG:colcon.colcon_core.event_handler.log_command:Invoked command in '/home/salaheldinm/Penguins/build/rf2o_laser_odometry' returned '0': CMAKE_PREFIX_PATH=/opt/ros/foxy /usr/bin/cmake --install /home/salaheldinm/Penguins/build/rf2o_laser_odometry
[0.842s] Level 1:colcon.colcon_core.environment:checking '/home/salaheldinm/Penguins/install/rf2o_laser_odometry' for CMake module files
[0.843s] Level 1:colcon.colcon_core.environment:checking '/home/salaheldinm/Penguins/install/rf2o_laser_odometry' for CMake config files
[0.843s] Level 1:colcon.colcon_core.shell:create_environment_hook('rf2o_laser_odometry', 'cmake_prefix_path')
[0.844s] INFO:colcon.colcon_core.shell:Creating environment hook '/home/salaheldinm/Penguins/install/rf2o_laser_odometry/share/rf2o_laser_odometry/hook/cmake_prefix_path.ps1'
[0.844s] INFO:colcon.colcon_core.shell:Creating environment descriptor '/home/salaheldinm/Penguins/install/rf2o_laser_odometry/share/rf2o_laser_odometry/hook/cmake_prefix_path.dsv'
[0.845s] INFO:colcon.colcon_core.shell:Creating environment hook '/home/salaheldinm/Penguins/install/rf2o_laser_odometry/share/rf2o_laser_odometry/hook/cmake_prefix_path.sh'
[0.846s] Level 1:colcon.colcon_core.environment:checking '/home/salaheldinm/Penguins/install/rf2o_laser_odometry/lib'
[0.846s] Level 1:colcon.colcon_core.environment:checking '/home/salaheldinm/Penguins/install/rf2o_laser_odometry/bin'
[0.846s] Level 1:colcon.colcon_core.environment:checking '/home/salaheldinm/Penguins/install/rf2o_laser_odometry/lib/pkgconfig/rf2o_laser_odometry.pc'
[0.847s] Level 1:colcon.colcon_core.environment:checking '/home/salaheldinm/Penguins/install/rf2o_laser_odometry/lib/python3.8/site-packages'
[0.847s] Level 1:colcon.colcon_core.environment:checking '/home/salaheldinm/Penguins/install/rf2o_laser_odometry/bin'
[0.847s] INFO:colcon.colcon_core.shell:Creating package script '/home/salaheldinm/Penguins/install/rf2o_laser_odometry/share/rf2o_laser_odometry/package.ps1'
[0.849s] INFO:colcon.colcon_core.shell:Creating package descriptor '/home/salaheldinm/Penguins/install/rf2o_laser_odometry/share/rf2o_laser_odometry/package.dsv'
[0.850s] INFO:colcon.colcon_core.shell:Creating package script '/home/salaheldinm/Penguins/install/rf2o_laser_odometry/share/rf2o_laser_odometry/package.sh'
[0.851s] INFO:colcon.colcon_core.shell:Creating package script '/home/salaheldinm/Penguins/install/rf2o_laser_odometry/share/rf2o_laser_odometry/package.bash'
[0.852s] INFO:colcon.colcon_core.shell:Creating package script '/home/salaheldinm/Penguins/install/rf2o_laser_odometry/share/rf2o_laser_odometry/package.zsh'
[0.853s] Level 1:colcon.colcon_core.environment:create_file_with_runtime_dependencies(/home/salaheldinm/Penguins/install/rf2o_laser_odometry/share/colcon-core/packages/rf2o_laser_odometry)
[0.887s] Level 1:colcon.colcon_core.environment:create_environment_scripts_only(rf2o_laser_odometry)
[0.887s] Level 1:colcon.colcon_core.environment:checking '/home/salaheldinm/Penguins/install/rf2o_laser_odometry' for CMake module files
[0.888s] Level 1:colcon.colcon_core.environment:checking '/home/salaheldinm/Penguins/install/rf2o_laser_odometry' for CMake config files
[0.890s] Level 1:colcon.colcon_core.shell:create_environment_hook('rf2o_laser_odometry', 'cmake_prefix_path')
[0.891s] INFO:colcon.colcon_core.shell:Creating environment hook '/home/salaheldinm/Penguins/install/rf2o_laser_odometry/share/rf2o_laser_odometry/hook/cmake_prefix_path.ps1'
[0.892s] INFO:colcon.colcon_core.shell:Creating environment descriptor '/home/salaheldinm/Penguins/install/rf2o_laser_odometry/share/rf2o_laser_odometry/hook/cmake_prefix_path.dsv'
[0.892s] INFO:colcon.colcon_core.shell:Creating environment hook '/home/salaheldinm/Penguins/install/rf2o_laser_odometry/share/rf2o_laser_odometry/hook/cmake_prefix_path.sh'
[0.893s] Level 1:colcon.colcon_core.environment:checking '/home/salaheldinm/Penguins/install/rf2o_laser_odometry/lib'
[0.893s] Level 1:colcon.colcon_core.environment:checking '/home/salaheldinm/Penguins/install/rf2o_laser_odometry/bin'
[0.894s] Level 1:colcon.colcon_core.environment:checking '/home/salaheldinm/Penguins/install/rf2o_laser_odometry/lib/pkgconfig/rf2o_laser_odometry.pc'
[0.894s] Level 1:colcon.colcon_core.environment:checking '/home/salaheldinm/Penguins/install/rf2o_laser_odometry/lib/python3.8/site-packages'
[0.895s] Level 1:colcon.colcon_core.environment:checking '/home/salaheldinm/Penguins/install/rf2o_laser_odometry/bin'
[0.895s] INFO:colcon.colcon_core.shell:Creating package script '/home/salaheldinm/Penguins/install/rf2o_laser_odometry/share/rf2o_laser_odometry/package.ps1'
[0.897s] INFO:colcon.colcon_core.shell:Creating package descriptor '/home/salaheldinm/Penguins/install/rf2o_laser_odometry/share/rf2o_laser_odometry/package.dsv'
[0.899s] INFO:colcon.colcon_core.shell:Creating package script '/home/salaheldinm/Penguins/install/rf2o_laser_odometry/share/rf2o_laser_odometry/package.sh'
[0.901s] INFO:colcon.colcon_core.shell:Creating package script '/home/salaheldinm/Penguins/install/rf2o_laser_odometry/share/rf2o_laser_odometry/package.bash'
[0.902s] INFO:colcon.colcon_core.shell:Creating package script '/home/salaheldinm/Penguins/install/rf2o_laser_odometry/share/rf2o_laser_odometry/package.zsh'
[0.903s] Level 1:colcon.colcon_core.environment:create_file_with_runtime_dependencies(/home/salaheldinm/Penguins/install/rf2o_laser_odometry/share/colcon-core/packages/rf2o_laser_odometry)
[0.906s] Level 1:colcon.colcon_core.environment:create_environment_scripts_only(ouster_sensor_msgs)
[0.906s] Level 1:colcon.colcon_core.environment:checking '/home/salaheldinm/Penguins/install/ouster_sensor_msgs' for CMake module files
[0.908s] Level 1:colcon.colcon_core.environment:checking '/home/salaheldinm/Penguins/install/ouster_sensor_msgs' for CMake config files
[0.909s] DEBUG:colcon.colcon_core.event_handler.log_command:Invoked command in '/home/salaheldinm/Penguins/build/ouster_sensor_msgs' returned '0': CMAKE_PREFIX_PATH=/opt/ros/foxy /usr/bin/cmake --install /home/salaheldinm/Penguins/build/ouster_sensor_msgs
[0.910s] Level 1:colcon.colcon_core.shell:create_environment_hook('ouster_sensor_msgs', 'cmake_prefix_path')
[0.910s] INFO:colcon.colcon_core.shell:Creating environment hook '/home/salaheldinm/Penguins/install/ouster_sensor_msgs/share/ouster_sensor_msgs/hook/cmake_prefix_path.ps1'
[0.911s] INFO:colcon.colcon_core.shell:Creating environment descriptor '/home/salaheldinm/Penguins/install/ouster_sensor_msgs/share/ouster_sensor_msgs/hook/cmake_prefix_path.dsv'
[0.911s] INFO:colcon.colcon_core.shell:Creating environment hook '/home/salaheldinm/Penguins/install/ouster_sensor_msgs/share/ouster_sensor_msgs/hook/cmake_prefix_path.sh'
[0.912s] Level 1:colcon.colcon_core.environment:checking '/home/salaheldinm/Penguins/install/ouster_sensor_msgs/lib'
[0.912s] Level 1:colcon.colcon_core.shell:create_environment_hook('ouster_sensor_msgs', 'ld_library_path_lib')
[0.913s] INFO:colcon.colcon_core.shell:Creating environment hook '/home/salaheldinm/Penguins/install/ouster_sensor_msgs/share/ouster_sensor_msgs/hook/ld_library_path_lib.ps1'
[0.913s] INFO:colcon.colcon_core.shell:Creating environment descriptor '/home/salaheldinm/Penguins/install/ouster_sensor_msgs/share/ouster_sensor_msgs/hook/ld_library_path_lib.dsv'
[0.914s] INFO:colcon.colcon_core.shell:Creating environment hook '/home/salaheldinm/Penguins/install/ouster_sensor_msgs/share/ouster_sensor_msgs/hook/ld_library_path_lib.sh'
[0.914s] Level 1:colcon.colcon_core.environment:checking '/home/salaheldinm/Penguins/install/ouster_sensor_msgs/bin'
[0.914s] Level 1:colcon.colcon_core.environment:checking '/home/salaheldinm/Penguins/install/ouster_sensor_msgs/lib/pkgconfig/ouster_sensor_msgs.pc'
[0.915s] Level 1:colcon.colcon_core.environment:checking '/home/salaheldinm/Penguins/install/ouster_sensor_msgs/lib/python3.8/site-packages'
[0.915s] Level 1:colcon.colcon_core.shell:create_environment_hook('ouster_sensor_msgs', 'pythonpath')
[0.915s] INFO:colcon.colcon_core.shell:Creating environment hook '/home/salaheldinm/Penguins/install/ouster_sensor_msgs/share/ouster_sensor_msgs/hook/pythonpath.ps1'
[0.916s] INFO:colcon.colcon_core.shell:Creating environment descriptor '/home/salaheldinm/Penguins/install/ouster_sensor_msgs/share/ouster_sensor_msgs/hook/pythonpath.dsv'
[0.916s] INFO:colcon.colcon_core.shell:Creating environment hook '/home/salaheldinm/Penguins/install/ouster_sensor_msgs/share/ouster_sensor_msgs/hook/pythonpath.sh'
[0.917s] Level 1:colcon.colcon_core.environment:checking '/home/salaheldinm/Penguins/install/ouster_sensor_msgs/bin'
[0.917s] INFO:colcon.colcon_core.shell:Creating package script '/home/salaheldinm/Penguins/install/ouster_sensor_msgs/share/ouster_sensor_msgs/package.ps1'
[0.918s] INFO:colcon.colcon_core.shell:Creating package descriptor '/home/salaheldinm/Penguins/install/ouster_sensor_msgs/share/ouster_sensor_msgs/package.dsv'
[0.919s] INFO:colcon.colcon_core.shell:Creating package script '/home/salaheldinm/Penguins/install/ouster_sensor_msgs/share/ouster_sensor_msgs/package.sh'
[0.919s] INFO:colcon.colcon_core.shell:Creating package script '/home/salaheldinm/Penguins/install/ouster_sensor_msgs/share/ouster_sensor_msgs/package.bash'
[0.919s] INFO:colcon.colcon_core.shell:Creating package script '/home/salaheldinm/Penguins/install/ouster_sensor_msgs/share/ouster_sensor_msgs/package.zsh'
[0.920s] Level 1:colcon.colcon_core.environment:create_file_with_runtime_dependencies(/home/salaheldinm/Penguins/install/ouster_sensor_msgs/share/colcon-core/packages/ouster_sensor_msgs)
[1.030s] DEBUG:colcon.colcon_core.event_handler.log_command:Invoking command in '/home/salaheldinm/Penguins/src/fake_odometry_publisher/fake_odometry_publisher': PYTHONPATH=/home/salaheldinm/Penguins/build/fake_odometry_publisher/prefix_override:/home/salaheldinm/Penguins/install/fake_odometry_publisher/lib/python3.8/site-packages:${PYTHONPATH} /usr/bin/python3 -W ignore:setup.py install is deprecated setup.py egg_info --egg-base ../../../build/fake_odometry_publisher build --build-base /home/salaheldinm/Penguins/build/fake_odometry_publisher/build install --record /home/salaheldinm/Penguins/build/fake_odometry_publisher/install.log --single-version-externally-managed install_data
[1.061s] Level 1:colcon.colcon_core.environment:create_environment_scripts_only(ouster_sensor_msgs)
[1.061s] Level 1:colcon.colcon_core.environment:checking '/home/salaheldinm/Penguins/install/ouster_sensor_msgs' for CMake module files
[1.062s] Level 1:colcon.colcon_core.environment:checking '/home/salaheldinm/Penguins/install/ouster_sensor_msgs' for CMake config files
[1.062s] Level 1:colcon.colcon_core.shell:create_environment_hook('ouster_sensor_msgs', 'cmake_prefix_path')
[1.062s] INFO:colcon.colcon_core.shell:Creating environment hook '/home/salaheldinm/Penguins/install/ouster_sensor_msgs/share/ouster_sensor_msgs/hook/cmake_prefix_path.ps1'
[1.062s] INFO:colcon.colcon_core.shell:Creating environment descriptor '/home/salaheldinm/Penguins/install/ouster_sensor_msgs/share/ouster_sensor_msgs/hook/cmake_prefix_path.dsv'
[1.063s] INFO:colcon.colcon_core.shell:Creating environment hook '/home/salaheldinm/Penguins/install/ouster_sensor_msgs/share/ouster_sensor_msgs/hook/cmake_prefix_path.sh'
[1.063s] Level 1:colcon.colcon_core.environment:checking '/home/salaheldinm/Penguins/install/ouster_sensor_msgs/lib'
[1.063s] Level 1:colcon.colcon_core.shell:create_environment_hook('ouster_sensor_msgs', 'ld_library_path_lib')
[1.063s] INFO:colcon.colcon_core.shell:Creating environment hook '/home/salaheldinm/Penguins/install/ouster_sensor_msgs/share/ouster_sensor_msgs/hook/ld_library_path_lib.ps1'
[1.064s] INFO:colcon.colcon_core.shell:Creating environment descriptor '/home/salaheldinm/Penguins/install/ouster_sensor_msgs/share/ouster_sensor_msgs/hook/ld_library_path_lib.dsv'
[1.064s] INFO:colcon.colcon_core.shell:Creating environment hook '/home/salaheldinm/Penguins/install/ouster_sensor_msgs/share/ouster_sensor_msgs/hook/ld_library_path_lib.sh'
[1.064s] Level 1:colcon.colcon_core.environment:checking '/home/salaheldinm/Penguins/install/ouster_sensor_msgs/bin'
[1.064s] Level 1:colcon.colcon_core.environment:checking '/home/salaheldinm/Penguins/install/ouster_sensor_msgs/lib/pkgconfig/ouster_sensor_msgs.pc'
[1.064s] Level 1:colcon.colcon_core.environment:checking '/home/salaheldinm/Penguins/install/ouster_sensor_msgs/lib/python3.8/site-packages'
[1.064s] Level 1:colcon.colcon_core.shell:create_environment_hook('ouster_sensor_msgs', 'pythonpath')
[1.064s] INFO:colcon.colcon_core.shell:Creating environment hook '/home/salaheldinm/Penguins/install/ouster_sensor_msgs/share/ouster_sensor_msgs/hook/pythonpath.ps1'
[1.065s] INFO:colcon.colcon_core.shell:Creating environment descriptor '/home/salaheldinm/Penguins/install/ouster_sensor_msgs/share/ouster_sensor_msgs/hook/pythonpath.dsv'
[1.065s] INFO:colcon.colcon_core.shell:Creating environment hook '/home/salaheldinm/Penguins/install/ouster_sensor_msgs/share/ouster_sensor_msgs/hook/pythonpath.sh'
[1.065s] Level 1:colcon.colcon_core.environment:checking '/home/salaheldinm/Penguins/install/ouster_sensor_msgs/bin'
[1.065s] INFO:colcon.colcon_core.shell:Creating package script '/home/salaheldinm/Penguins/install/ouster_sensor_msgs/share/ouster_sensor_msgs/package.ps1'
[1.066s] INFO:colcon.colcon_core.shell:Creating package descriptor '/home/salaheldinm/Penguins/install/ouster_sensor_msgs/share/ouster_sensor_msgs/package.dsv'
[1.066s] INFO:colcon.colcon_core.shell:Creating package script '/home/salaheldinm/Penguins/install/ouster_sensor_msgs/share/ouster_sensor_msgs/package.sh'
[1.067s] INFO:colcon.colcon_core.shell:Creating package script '/home/salaheldinm/Penguins/install/ouster_sensor_msgs/share/ouster_sensor_msgs/package.bash'
[1.067s] INFO:colcon.colcon_core.shell:Creating package script '/home/salaheldinm/Penguins/install/ouster_sensor_msgs/share/ouster_sensor_msgs/package.zsh'
[1.067s] Level 1:colcon.colcon_core.environment:create_file_with_runtime_dependencies(/home/salaheldinm/Penguins/install/ouster_sensor_msgs/share/colcon-core/packages/ouster_sensor_msgs)
[1.067s] INFO:colcon.colcon_ros.task.ament_cmake.build:Building ROS package in '/home/salaheldinm/Penguins/src/ouster-ros/ouster-ros' with build type 'ament_cmake'
[1.068s] INFO:colcon.colcon_cmake.task.cmake.build:Building CMake package in '/home/salaheldinm/Penguins/src/ouster-ros/ouster-ros'
[1.068s] INFO:colcon.colcon_core.shell:Skip shell extension 'powershell' for command environment: Not usable outside of PowerShell
[1.068s] DEBUG:colcon.colcon_core.shell:Skip shell extension 'dsv' for command environment
[1.090s] DEBUG:colcon.colcon_core.event_handler.log_command:Invoking command in '/home/salaheldinm/Penguins/build/ouster_ros': AMENT_PREFIX_PATH=/home/salaheldinm/Penguins/install/ouster_sensor_msgs:${AMENT_PREFIX_PATH} CMAKE_PREFIX_PATH=/home/salaheldinm/Penguins/install/ouster_sensor_msgs:/opt/ros/foxy LD_LIBRARY_PATH=/home/salaheldinm/Penguins/install/ouster_sensor_msgs/lib:${LD_LIBRARY_PATH} PYTHONPATH=/home/salaheldinm/Penguins/install/ouster_sensor_msgs/lib/python3.8/site-packages:${PYTHONPATH} /usr/bin/cmake --build /home/salaheldinm/Penguins/build/ouster_ros -- -j16 -l16
[1.098s] DEBUG:colcon.colcon_core.event_handler.log_command:Invoking command in '/home/salaheldinm/Penguins/build/slam_toolbox': CMAKE_PREFIX_PATH=/opt/ros/foxy /usr/bin/cmake --install /home/salaheldinm/Penguins/build/slam_toolbox
[1.192s] Level 1:colcon.colcon_core.environment:create_environment_scripts_only(slam_toolbox)
[1.192s] DEBUG:colcon.colcon_core.event_handler.log_command:Invoked command in '/home/salaheldinm/Penguins/build/slam_toolbox' returned '0': CMAKE_PREFIX_PATH=/opt/ros/foxy /usr/bin/cmake --install /home/salaheldinm/Penguins/build/slam_toolbox
[1.193s] Level 1:colcon.colcon_core.environment:checking '/home/salaheldinm/Penguins/install/slam_toolbox' for CMake module files
[1.194s] Level 1:colcon.colcon_core.environment:checking '/home/salaheldinm/Penguins/install/slam_toolbox' for CMake config files
[1.194s] Level 1:colcon.colcon_core.shell:create_environment_hook('slam_toolbox', 'cmake_prefix_path')
[1.194s] INFO:colcon.colcon_core.shell:Creating environment hook '/home/salaheldinm/Penguins/install/slam_toolbox/share/slam_toolbox/hook/cmake_prefix_path.ps1'
[1.195s] INFO:colcon.colcon_core.shell:Creating environment descriptor '/home/salaheldinm/Penguins/install/slam_toolbox/share/slam_toolbox/hook/cmake_prefix_path.dsv'
[1.195s] INFO:colcon.colcon_core.shell:Creating environment hook '/home/salaheldinm/Penguins/install/slam_toolbox/share/slam_toolbox/hook/cmake_prefix_path.sh'
[1.196s] Level 1:colcon.colcon_core.environment:checking '/home/salaheldinm/Penguins/install/slam_toolbox/lib'
[1.197s] Level 1:colcon.colcon_core.shell:create_environment_hook('slam_toolbox', 'ld_library_path_lib')
[1.197s] INFO:colcon.colcon_core.shell:Creating environment hook '/home/salaheldinm/Penguins/install/slam_toolbox/share/slam_toolbox/hook/ld_library_path_lib.ps1'
[1.198s] INFO:colcon.colcon_core.shell:Creating environment descriptor '/home/salaheldinm/Penguins/install/slam_toolbox/share/slam_toolbox/hook/ld_library_path_lib.dsv'
[1.198s] INFO:colcon.colcon_core.shell:Creating environment hook '/home/salaheldinm/Penguins/install/slam_toolbox/share/slam_toolbox/hook/ld_library_path_lib.sh'
[1.199s] Level 1:colcon.colcon_core.environment:checking '/home/salaheldinm/Penguins/install/slam_toolbox/bin'
[1.199s] Level 1:colcon.colcon_core.environment:checking '/home/salaheldinm/Penguins/install/slam_toolbox/lib/pkgconfig/slam_toolbox.pc'
[1.200s] Level 1:colcon.colcon_core.environment:checking '/home/salaheldinm/Penguins/install/slam_toolbox/lib/python3.8/site-packages'
[1.200s] Level 1:colcon.colcon_core.shell:create_environment_hook('slam_toolbox', 'pythonpath')
[1.200s] INFO:colcon.colcon_core.shell:Creating environment hook '/home/salaheldinm/Penguins/install/slam_toolbox/share/slam_toolbox/hook/pythonpath.ps1'
[1.201s] INFO:colcon.colcon_core.shell:Creating environment descriptor '/home/salaheldinm/Penguins/install/slam_toolbox/share/slam_toolbox/hook/pythonpath.dsv'
[1.201s] INFO:colcon.colcon_core.shell:Creating environment hook '/home/salaheldinm/Penguins/install/slam_toolbox/share/slam_toolbox/hook/pythonpath.sh'
[1.202s] Level 1:colcon.colcon_core.environment:checking '/home/salaheldinm/Penguins/install/slam_toolbox/bin'
[1.203s] INFO:colcon.colcon_core.shell:Creating package script '/home/salaheldinm/Penguins/install/slam_toolbox/share/slam_toolbox/package.ps1'
[1.203s] INFO:colcon.colcon_core.shell:Creating package descriptor '/home/salaheldinm/Penguins/install/slam_toolbox/share/slam_toolbox/package.dsv'
[1.204s] INFO:colcon.colcon_core.shell:Creating package script '/home/salaheldinm/Penguins/install/slam_toolbox/share/slam_toolbox/package.sh'
[1.205s] INFO:colcon.colcon_core.shell:Creating package script '/home/salaheldinm/Penguins/install/slam_toolbox/share/slam_toolbox/package.bash'
[1.205s] INFO:colcon.colcon_core.shell:Creating package script '/home/salaheldinm/Penguins/install/slam_toolbox/share/slam_toolbox/package.zsh'
[1.206s] Level 1:colcon.colcon_core.environment:create_file_with_runtime_dependencies(/home/salaheldinm/Penguins/install/slam_toolbox/share/colcon-core/packages/slam_toolbox)
[1.298s] Level 1:colcon.colcon_core.environment:checking '/home/salaheldinm/Penguins/install/fake_odometry_publisher' for CMake module files
[1.299s] DEBUG:colcon.colcon_core.event_handler.log_command:Invoked command in '/home/salaheldinm/Penguins/src/fake_odometry_publisher/fake_odometry_publisher' returned '0': PYTHONPATH=/home/salaheldinm/Penguins/build/fake_odometry_publisher/prefix_override:/home/salaheldinm/Penguins/install/fake_odometry_publisher/lib/python3.8/site-packages:${PYTHONPATH} /usr/bin/python3 -W ignore:setup.py install is deprecated setup.py egg_info --egg-base ../../../build/fake_odometry_publisher build --build-base /home/salaheldinm/Penguins/build/fake_odometry_publisher/build install --record /home/salaheldinm/Penguins/build/fake_odometry_publisher/install.log --single-version-externally-managed install_data
[1.300s] Level 1:colcon.colcon_core.environment:checking '/home/salaheldinm/Penguins/install/fake_odometry_publisher' for CMake config files
[1.300s] Level 1:colcon.colcon_core.environment:checking '/home/salaheldinm/Penguins/install/fake_odometry_publisher/lib'
[1.300s] Level 1:colcon.colcon_core.environment:checking '/home/salaheldinm/Penguins/install/fake_odometry_publisher/bin'
[1.300s] Level 1:colcon.colcon_core.environment:checking '/home/salaheldinm/Penguins/install/fake_odometry_publisher/lib/pkgconfig/fake_odometry_publisher.pc'
[1.301s] Level 1:colcon.colcon_core.environment:checking '/home/salaheldinm/Penguins/install/fake_odometry_publisher/lib/python3.8/site-packages'
[1.301s] Level 1:colcon.colcon_core.shell:create_environment_hook('fake_odometry_publisher', 'pythonpath')
[1.301s] INFO:colcon.colcon_core.shell:Creating environment hook '/home/salaheldinm/Penguins/install/fake_odometry_publisher/share/fake_odometry_publisher/hook/pythonpath.ps1'
[1.302s] INFO:colcon.colcon_core.shell:Creating environment descriptor '/home/salaheldinm/Penguins/install/fake_odometry_publisher/share/fake_odometry_publisher/hook/pythonpath.dsv'
[1.302s] INFO:colcon.colcon_core.shell:Creating environment hook '/home/salaheldinm/Penguins/install/fake_odometry_publisher/share/fake_odometry_publisher/hook/pythonpath.sh'
[1.303s] Level 1:colcon.colcon_core.environment:checking '/home/salaheldinm/Penguins/install/fake_odometry_publisher/bin'
[1.303s] Level 1:colcon.colcon_core.environment:create_environment_scripts_only(fake_odometry_publisher)
[1.303s] INFO:colcon.colcon_core.shell:Creating package script '/home/salaheldinm/Penguins/install/fake_odometry_publisher/share/fake_odometry_publisher/package.ps1'
[1.304s] INFO:colcon.colcon_core.shell:Creating package descriptor '/home/salaheldinm/Penguins/install/fake_odometry_publisher/share/fake_odometry_publisher/package.dsv'
[1.305s] INFO:colcon.colcon_core.shell:Creating package script '/home/salaheldinm/Penguins/install/fake_odometry_publisher/share/fake_odometry_publisher/package.sh'
[1.305s] INFO:colcon.colcon_core.shell:Creating package script '/home/salaheldinm/Penguins/install/fake_odometry_publisher/share/fake_odometry_publisher/package.bash'
[1.306s] INFO:colcon.colcon_core.shell:Creating package script '/home/salaheldinm/Penguins/install/fake_odometry_publisher/share/fake_odometry_publisher/package.zsh'
[1.306s] Level 1:colcon.colcon_core.environment:create_file_with_runtime_dependencies(/home/salaheldinm/Penguins/install/fake_odometry_publisher/share/colcon-core/packages/fake_odometry_publisher)
[1.337s] DEBUG:colcon.colcon_core.event_handler.log_command:Invoked command in '/home/salaheldinm/Penguins/build/ouster_ros' returned '0': AMENT_PREFIX_PATH=/home/salaheldinm/Penguins/install/ouster_sensor_msgs:${AMENT_PREFIX_PATH} CMAKE_PREFIX_PATH=/home/salaheldinm/Penguins/install/ouster_sensor_msgs:/opt/ros/foxy LD_LIBRARY_PATH=/home/salaheldinm/Penguins/install/ouster_sensor_msgs/lib:${LD_LIBRARY_PATH} PYTHONPATH=/home/salaheldinm/Penguins/install/ouster_sensor_msgs/lib/python3.8/site-packages:${PYTHONPATH} /usr/bin/cmake --build /home/salaheldinm/Penguins/build/ouster_ros -- -j16 -l16
[1.445s] DEBUG:colcon.colcon_core.event_handler.log_command:Invoking command in '/home/salaheldinm/Penguins/build/ouster_ros': AMENT_PREFIX_PATH=/home/salaheldinm/Penguins/install/ouster_sensor_msgs:${AMENT_PREFIX_PATH} CMAKE_PREFIX_PATH=/home/salaheldinm/Penguins/install/ouster_sensor_msgs:/opt/ros/foxy LD_LIBRARY_PATH=/home/salaheldinm/Penguins/install/ouster_sensor_msgs/lib:${LD_LIBRARY_PATH} PYTHONPATH=/home/salaheldinm/Penguins/install/ouster_sensor_msgs/lib/python3.8/site-packages:${PYTHONPATH} /usr/bin/cmake --install /home/salaheldinm/Penguins/build/ouster_ros
[1.463s] Level 1:colcon.colcon_core.environment:create_environment_scripts_only(ouster_ros)
[1.463s] Level 1:colcon.colcon_core.environment:checking '/home/salaheldinm/Penguins/install/ouster_ros' for CMake module files
[1.466s] DEBUG:colcon.colcon_core.event_handler.log_command:Invoked command in '/home/salaheldinm/Penguins/build/ouster_ros' returned '0': AMENT_PREFIX_PATH=/home/salaheldinm/Penguins/install/ouster_sensor_msgs:${AMENT_PREFIX_PATH} CMAKE_PREFIX_PATH=/home/salaheldinm/Penguins/install/ouster_sensor_msgs:/opt/ros/foxy LD_LIBRARY_PATH=/home/salaheldinm/Penguins/install/ouster_sensor_msgs/lib:${LD_LIBRARY_PATH} PYTHONPATH=/home/salaheldinm/Penguins/install/ouster_sensor_msgs/lib/python3.8/site-packages:${PYTHONPATH} /usr/bin/cmake --install /home/salaheldinm/Penguins/build/ouster_ros
[1.467s] Level 1:colcon.colcon_core.environment:checking '/home/salaheldinm/Penguins/install/ouster_ros' for CMake config files
[1.467s] Level 1:colcon.colcon_core.shell:create_environment_hook('ouster_ros', 'cmake_prefix_path')
[1.467s] INFO:colcon.colcon_core.shell:Creating environment hook '/home/salaheldinm/Penguins/install/ouster_ros/share/ouster_ros/hook/cmake_prefix_path.ps1'
[1.468s] INFO:colcon.colcon_core.shell:Creating environment descriptor '/home/salaheldinm/Penguins/install/ouster_ros/share/ouster_ros/hook/cmake_prefix_path.dsv'
[1.468s] INFO:colcon.colcon_core.shell:Creating environment hook '/home/salaheldinm/Penguins/install/ouster_ros/share/ouster_ros/hook/cmake_prefix_path.sh'
[1.469s] Level 1:colcon.colcon_core.environment:checking '/home/salaheldinm/Penguins/install/ouster_ros/lib'
[1.469s] Level 1:colcon.colcon_core.shell:create_environment_hook('ouster_ros', 'ld_library_path_lib')
[1.469s] INFO:colcon.colcon_core.shell:Creating environment hook '/home/salaheldinm/Penguins/install/ouster_ros/share/ouster_ros/hook/ld_library_path_lib.ps1'
[1.470s] INFO:colcon.colcon_core.shell:Creating environment descriptor '/home/salaheldinm/Penguins/install/ouster_ros/share/ouster_ros/hook/ld_library_path_lib.dsv'
[1.470s] INFO:colcon.colcon_core.shell:Creating environment hook '/home/salaheldinm/Penguins/install/ouster_ros/share/ouster_ros/hook/ld_library_path_lib.sh'
[1.471s] Level 1:colcon.colcon_core.environment:checking '/home/salaheldinm/Penguins/install/ouster_ros/bin'
[1.471s] Level 1:colcon.colcon_core.environment:checking '/home/salaheldinm/Penguins/install/ouster_ros/lib/pkgconfig/ouster_ros.pc'
[1.471s] Level 1:colcon.colcon_core.environment:checking '/home/salaheldinm/Penguins/install/ouster_ros/lib/python3.8/site-packages'
[1.472s] Level 1:colcon.colcon_core.environment:checking '/home/salaheldinm/Penguins/install/ouster_ros/bin'
[1.472s] INFO:colcon.colcon_core.shell:Creating package script '/home/salaheldinm/Penguins/install/ouster_ros/share/ouster_ros/package.ps1'
[1.473s] INFO:colcon.colcon_core.shell:Creating package descriptor '/home/salaheldinm/Penguins/install/ouster_ros/share/ouster_ros/package.dsv'
[1.473s] INFO:colcon.colcon_core.shell:Creating package script '/home/salaheldinm/Penguins/install/ouster_ros/share/ouster_ros/package.sh'
[1.474s] INFO:colcon.colcon_core.shell:Creating package script '/home/salaheldinm/Penguins/install/ouster_ros/share/ouster_ros/package.bash'
[1.475s] INFO:colcon.colcon_core.shell:Creating package script '/home/salaheldinm/Penguins/install/ouster_ros/share/ouster_ros/package.zsh'
[1.475s] Level 1:colcon.colcon_core.environment:create_file_with_runtime_dependencies(/home/salaheldinm/Penguins/install/ouster_ros/share/colcon-core/packages/ouster_ros)
[1.495s] Level 1:colcon.colcon_core.environment:create_environment_scripts_only(slam_toolbox)
[1.495s] Level 1:colcon.colcon_core.environment:checking '/home/salaheldinm/Penguins/install/slam_toolbox' for CMake module files
[1.496s] Level 1:colcon.colcon_core.environment:checking '/home/salaheldinm/Penguins/install/slam_toolbox' for CMake config files
[1.497s] Level 1:colcon.colcon_core.shell:create_environment_hook('slam_toolbox', 'cmake_prefix_path')
[1.497s] INFO:colcon.colcon_core.shell:Creating environment hook '/home/salaheldinm/Penguins/install/slam_toolbox/share/slam_toolbox/hook/cmake_prefix_path.ps1'
[1.498s] INFO:colcon.colcon_core.shell:Creating environment descriptor '/home/salaheldinm/Penguins/install/slam_toolbox/share/slam_toolbox/hook/cmake_prefix_path.dsv'
[1.499s] INFO:colcon.colcon_core.shell:Creating environment hook '/home/salaheldinm/Penguins/install/slam_toolbox/share/slam_toolbox/hook/cmake_prefix_path.sh'
[1.499s] Level 1:colcon.colcon_core.environment:checking '/home/salaheldinm/Penguins/install/slam_toolbox/lib'
[1.500s] Level 1:colcon.colcon_core.shell:create_environment_hook('slam_toolbox', 'ld_library_path_lib')
[1.500s] INFO:colcon.colcon_core.shell:Creating environment hook '/home/salaheldinm/Penguins/install/slam_toolbox/share/slam_toolbox/hook/ld_library_path_lib.ps1'
[1.500s] INFO:colcon.colcon_core.shell:Creating environment descriptor '/home/salaheldinm/Penguins/install/slam_toolbox/share/slam_toolbox/hook/ld_library_path_lib.dsv'
[1.501s] INFO:colcon.colcon_core.shell:Creating environment hook '/home/salaheldinm/Penguins/install/slam_toolbox/share/slam_toolbox/hook/ld_library_path_lib.sh'
[1.501s] Level 1:colcon.colcon_core.environment:checking '/home/salaheldinm/Penguins/install/slam_toolbox/bin'
[1.502s] Level 1:colcon.colcon_core.environment:checking '/home/salaheldinm/Penguins/install/slam_toolbox/lib/pkgconfig/slam_toolbox.pc'
[1.502s] Level 1:colcon.colcon_core.environment:checking '/home/salaheldinm/Penguins/install/slam_toolbox/lib/python3.8/site-packages'
[1.502s] Level 1:colcon.colcon_core.shell:create_environment_hook('slam_toolbox', 'pythonpath')
[1.502s] INFO:colcon.colcon_core.shell:Creating environment hook '/home/salaheldinm/Penguins/install/slam_toolbox/share/slam_toolbox/hook/pythonpath.ps1'
[1.503s] INFO:colcon.colcon_core.shell:Creating environment descriptor '/home/salaheldinm/Penguins/install/slam_toolbox/share/slam_toolbox/hook/pythonpath.dsv'
[1.503s] INFO:colcon.colcon_core.shell:Creating environment hook '/home/salaheldinm/Penguins/install/slam_toolbox/share/slam_toolbox/hook/pythonpath.sh'
[1.504s] Level 1:colcon.colcon_core.environment:checking '/home/salaheldinm/Penguins/install/slam_toolbox/bin'
[1.505s] INFO:colcon.colcon_core.shell:Creating package script '/home/salaheldinm/Penguins/install/slam_toolbox/share/slam_toolbox/package.ps1'
[1.506s] INFO:colcon.colcon_core.shell:Creating package descriptor '/home/salaheldinm/Penguins/install/slam_toolbox/share/slam_toolbox/package.dsv'
[1.507s] INFO:colcon.colcon_core.shell:Creating package script '/home/salaheldinm/Penguins/install/slam_toolbox/share/slam_toolbox/package.sh'
[1.507s] INFO:colcon.colcon_core.shell:Creating package script '/home/salaheldinm/Penguins/install/slam_toolbox/share/slam_toolbox/package.bash'
[1.508s] INFO:colcon.colcon_core.shell:Creating package script '/home/salaheldinm/Penguins/install/slam_toolbox/share/slam_toolbox/package.zsh'
[1.508s] Level 1:colcon.colcon_core.environment:create_file_with_runtime_dependencies(/home/salaheldinm/Penguins/install/slam_toolbox/share/colcon-core/packages/slam_toolbox)
[1.508s] INFO:colcon.colcon_ros.task.ament_cmake.build:Building ROS package in '/home/salaheldinm/Penguins/src/nav2_bringup' with build type 'ament_cmake'
[1.508s] INFO:colcon.colcon_cmake.task.cmake.build:Building CMake package in '/home/salaheldinm/Penguins/src/nav2_bringup'
[1.508s] INFO:colcon.colcon_core.shell:Skip shell extension 'powershell' for command environment: Not usable outside of PowerShell
[1.509s] DEBUG:colcon.colcon_core.shell:Skip shell extension 'dsv' for command environment
[1.525s] DEBUG:colcon.colcon_core.event_handler.log_command:Invoking command in '/home/salaheldinm/Penguins/build/nav2_bringup': AMENT_PREFIX_PATH=/home/salaheldinm/Penguins/install/slam_toolbox:${AMENT_PREFIX_PATH} CMAKE_PREFIX_PATH=/home/salaheldinm/Penguins/install/slam_toolbox:/opt/ros/foxy LD_LIBRARY_PATH=/home/salaheldinm/Penguins/install/slam_toolbox/lib:${LD_LIBRARY_PATH} PYTHONPATH=/home/salaheldinm/Penguins/install/slam_toolbox/lib/python3.8/site-packages:${PYTHONPATH} /usr/bin/cmake --build /home/salaheldinm/Penguins/build/nav2_bringup -- -j16 -l16
[1.573s] Level 1:colcon.colcon_core.environment:create_environment_scripts_only(ouster_ros)
[1.574s] Level 1:colcon.colcon_core.environment:checking '/home/salaheldinm/Penguins/install/ouster_ros' for CMake module files
[1.575s] Level 1:colcon.colcon_core.environment:checking '/home/salaheldinm/Penguins/install/ouster_ros' for CMake config files
[1.575s] Level 1:colcon.colcon_core.shell:create_environment_hook('ouster_ros', 'cmake_prefix_path')
[1.576s] INFO:colcon.colcon_core.shell:Creating environment hook '/home/salaheldinm/Penguins/install/ouster_ros/share/ouster_ros/hook/cmake_prefix_path.ps1'
[1.576s] INFO:colcon.colcon_core.shell:Creating environment descriptor '/home/salaheldinm/Penguins/install/ouster_ros/share/ouster_ros/hook/cmake_prefix_path.dsv'
[1.577s] INFO:colcon.colcon_core.shell:Creating environment hook '/home/salaheldinm/Penguins/install/ouster_ros/share/ouster_ros/hook/cmake_prefix_path.sh'
[1.578s] Level 1:colcon.colcon_core.environment:checking '/home/salaheldinm/Penguins/install/ouster_ros/lib'
[1.578s] Level 1:colcon.colcon_core.shell:create_environment_hook('ouster_ros', 'ld_library_path_lib')
[1.578s] INFO:colcon.colcon_core.shell:Creating environment hook '/home/salaheldinm/Penguins/install/ouster_ros/share/ouster_ros/hook/ld_library_path_lib.ps1'
[1.579s] INFO:colcon.colcon_core.shell:Creating environment descriptor '/home/salaheldinm/Penguins/install/ouster_ros/share/ouster_ros/hook/ld_library_path_lib.dsv'
[1.579s] INFO:colcon.colcon_core.shell:Creating environment hook '/home/salaheldinm/Penguins/install/ouster_ros/share/ouster_ros/hook/ld_library_path_lib.sh'
[1.580s] Level 1:colcon.colcon_core.environment:checking '/home/salaheldinm/Penguins/install/ouster_ros/bin'
[1.580s] Level 1:colcon.colcon_core.environment:checking '/home/salaheldinm/Penguins/install/ouster_ros/lib/pkgconfig/ouster_ros.pc'
[1.580s] Level 1:colcon.colcon_core.environment:checking '/home/salaheldinm/Penguins/install/ouster_ros/lib/python3.8/site-packages'
[1.581s] Level 1:colcon.colcon_core.environment:checking '/home/salaheldinm/Penguins/install/ouster_ros/bin'
[1.581s] INFO:colcon.colcon_core.shell:Creating package script '/home/salaheldinm/Penguins/install/ouster_ros/share/ouster_ros/package.ps1'
[1.582s] INFO:colcon.colcon_core.shell:Creating package descriptor '/home/salaheldinm/Penguins/install/ouster_ros/share/ouster_ros/package.dsv'
[1.583s] INFO:colcon.colcon_core.shell:Creating package script '/home/salaheldinm/Penguins/install/ouster_ros/share/ouster_ros/package.sh'
[1.584s] INFO:colcon.colcon_core.shell:Creating package script '/home/salaheldinm/Penguins/install/ouster_ros/share/ouster_ros/package.bash'
[1.584s] INFO:colcon.colcon_core.shell:Creating package script '/home/salaheldinm/Penguins/install/ouster_ros/share/ouster_ros/package.zsh'
[1.584s] Level 1:colcon.colcon_core.environment:create_file_with_runtime_dependencies(/home/salaheldinm/Penguins/install/ouster_ros/share/colcon-core/packages/ouster_ros)
[1.587s] DEBUG:colcon.colcon_core.event_handler.log_command:Invoked command in '/home/salaheldinm/Penguins/build/nav2_bringup' returned '0': AMENT_PREFIX_PATH=/home/salaheldinm/Penguins/install/slam_toolbox:${AMENT_PREFIX_PATH} CMAKE_PREFIX_PATH=/home/salaheldinm/Penguins/install/slam_toolbox:/opt/ros/foxy LD_LIBRARY_PATH=/home/salaheldinm/Penguins/install/slam_toolbox/lib:${LD_LIBRARY_PATH} PYTHONPATH=/home/salaheldinm/Penguins/install/slam_toolbox/lib/python3.8/site-packages:${PYTHONPATH} /usr/bin/cmake --build /home/salaheldinm/Penguins/build/nav2_bringup -- -j16 -l16
[1.621s] DEBUG:colcon.colcon_core.event_handler.log_command:Invoking command in '/home/salaheldinm/Penguins/build/nav2_bringup': AMENT_PREFIX_PATH=/home/salaheldinm/Penguins/install/slam_toolbox:${AMENT_PREFIX_PATH} CMAKE_PREFIX_PATH=/home/salaheldinm/Penguins/install/slam_toolbox:/opt/ros/foxy LD_LIBRARY_PATH=/home/salaheldinm/Penguins/install/slam_toolbox/lib:${LD_LIBRARY_PATH} PYTHONPATH=/home/salaheldinm/Penguins/install/slam_toolbox/lib/python3.8/site-packages:${PYTHONPATH} /usr/bin/cmake --install /home/salaheldinm/Penguins/build/nav2_bringup
[1.640s] Level 1:colcon.colcon_core.environment:create_environment_scripts_only(nav2_bringup)
[1.642s] Level 1:colcon.colcon_core.environment:checking '/home/salaheldinm/Penguins/install/nav2_bringup' for CMake module files
[1.642s] DEBUG:colcon.colcon_core.event_handler.log_command:Invoked command in '/home/salaheldinm/Penguins/build/nav2_bringup' returned '0': AMENT_PREFIX_PATH=/home/salaheldinm/Penguins/install/slam_toolbox:${AMENT_PREFIX_PATH} CMAKE_PREFIX_PATH=/home/salaheldinm/Penguins/install/slam_toolbox:/opt/ros/foxy LD_LIBRARY_PATH=/home/salaheldinm/Penguins/install/slam_toolbox/lib:${LD_LIBRARY_PATH} PYTHONPATH=/home/salaheldinm/Penguins/install/slam_toolbox/lib/python3.8/site-packages:${PYTHONPATH} /usr/bin/cmake --install /home/salaheldinm/Penguins/build/nav2_bringup
[1.643s] Level 1:colcon.colcon_core.environment:checking '/home/salaheldinm/Penguins/install/nav2_bringup' for CMake config files
[1.644s] Level 1:colcon.colcon_core.shell:create_environment_hook('nav2_bringup', 'cmake_prefix_path')
[1.644s] INFO:colcon.colcon_core.shell:Creating environment hook '/home/salaheldinm/Penguins/install/nav2_bringup/share/nav2_bringup/hook/cmake_prefix_path.ps1'
[1.645s] INFO:colcon.colcon_core.shell:Creating environment descriptor '/home/salaheldinm/Penguins/install/nav2_bringup/share/nav2_bringup/hook/cmake_prefix_path.dsv'
[1.646s] INFO:colcon.colcon_core.shell:Creating environment hook '/home/salaheldinm/Penguins/install/nav2_bringup/share/nav2_bringup/hook/cmake_prefix_path.sh'
[1.647s] Level 1:colcon.colcon_core.environment:checking '/home/salaheldinm/Penguins/install/nav2_bringup/bin'
[1.647s] Level 1:colcon.colcon_core.environment:checking '/home/salaheldinm/Penguins/install/nav2_bringup/lib/pkgconfig/nav2_bringup.pc'
[1.647s] Level 1:colcon.colcon_core.environment:checking '/home/salaheldinm/Penguins/install/nav2_bringup/lib/python3.8/site-packages'
[1.648s] Level 1:colcon.colcon_core.environment:checking '/home/salaheldinm/Penguins/install/nav2_bringup/bin'
[1.648s] INFO:colcon.colcon_core.shell:Creating package script '/home/salaheldinm/Penguins/install/nav2_bringup/share/nav2_bringup/package.ps1'
[1.649s] INFO:colcon.colcon_core.shell:Creating package descriptor '/home/salaheldinm/Penguins/install/nav2_bringup/share/nav2_bringup/package.dsv'
[1.650s] INFO:colcon.colcon_core.shell:Creating package script '/home/salaheldinm/Penguins/install/nav2_bringup/share/nav2_bringup/package.sh'
[1.652s] INFO:colcon.colcon_core.shell:Creating package script '/home/salaheldinm/Penguins/install/nav2_bringup/share/nav2_bringup/package.bash'
[1.652s] INFO:colcon.colcon_core.shell:Creating package script '/home/salaheldinm/Penguins/install/nav2_bringup/share/nav2_bringup/package.zsh'
[1.653s] Level 1:colcon.colcon_core.environment:create_file_with_runtime_dependencies(/home/salaheldinm/Penguins/install/nav2_bringup/share/colcon-core/packages/nav2_bringup)
[1.680s] Level 1:colcon.colcon_core.environment:create_environment_scripts_only(nav2_bringup)
[1.681s] Level 1:colcon.colcon_core.environment:checking '/home/salaheldinm/Penguins/install/nav2_bringup' for CMake module files
[1.682s] Level 1:colcon.colcon_core.environment:checking '/home/salaheldinm/Penguins/install/nav2_bringup' for CMake config files
[1.682s] Level 1:colcon.colcon_core.shell:create_environment_hook('nav2_bringup', 'cmake_prefix_path')
[1.683s] INFO:colcon.colcon_core.shell:Creating environment hook '/home/salaheldinm/Penguins/install/nav2_bringup/share/nav2_bringup/hook/cmake_prefix_path.ps1'
[1.684s] INFO:colcon.colcon_core.shell:Creating environment descriptor '/home/salaheldinm/Penguins/install/nav2_bringup/share/nav2_bringup/hook/cmake_prefix_path.dsv'
[1.684s] INFO:colcon.colcon_core.shell:Creating environment hook '/home/salaheldinm/Penguins/install/nav2_bringup/share/nav2_bringup/hook/cmake_prefix_path.sh'
[1.685s] Level 1:colcon.colcon_core.environment:checking '/home/salaheldinm/Penguins/install/nav2_bringup/bin'
[1.685s] Level 1:colcon.colcon_core.environment:checking '/home/salaheldinm/Penguins/install/nav2_bringup/lib/pkgconfig/nav2_bringup.pc'
[1.685s] Level 1:colcon.colcon_core.environment:checking '/home/salaheldinm/Penguins/install/nav2_bringup/lib/python3.8/site-packages'
[1.686s] Level 1:colcon.colcon_core.environment:checking '/home/salaheldinm/Penguins/install/nav2_bringup/bin'
[1.686s] INFO:colcon.colcon_core.shell:Creating package script '/home/salaheldinm/Penguins/install/nav2_bringup/share/nav2_bringup/package.ps1'
[1.687s] INFO:colcon.colcon_core.shell:Creating package descriptor '/home/salaheldinm/Penguins/install/nav2_bringup/share/nav2_bringup/package.dsv'
[1.688s] INFO:colcon.colcon_core.shell:Creating package script '/home/salaheldinm/Penguins/install/nav2_bringup/share/nav2_bringup/package.sh'
[1.688s] INFO:colcon.colcon_core.shell:Creating package script '/home/salaheldinm/Penguins/install/nav2_bringup/share/nav2_bringup/package.bash'
[1.689s] INFO:colcon.colcon_core.shell:Creating package script '/home/salaheldinm/Penguins/install/nav2_bringup/share/nav2_bringup/package.zsh'
[1.689s] Level 1:colcon.colcon_core.environment:create_file_with_runtime_dependencies(/home/salaheldinm/Penguins/install/nav2_bringup/share/colcon-core/packages/nav2_bringup)
[1.690s] DEBUG:colcon.colcon_parallel_executor.executor.parallel:closing loop
[1.690s] DEBUG:colcon.colcon_parallel_executor.executor.parallel:loop closed
[1.691s] DEBUG:colcon.colcon_parallel_executor.executor.parallel:run_until_complete finished with '0'
[1.691s] DEBUG:colcon.colcon_core.event_reactor:joining thread
[1.700s] INFO:colcon.colcon_core.plugin_system:Skipping extension 'colcon_notification.desktop_notification.terminal_notifier': Not used on non-Darwin systems
[1.700s] INFO:colcon.colcon_core.plugin_system:Skipping extension 'colcon_notification.desktop_notification.win32': Not used on non-Windows systems
[1.700s] INFO:colcon.colcon_notification.desktop_notification:Sending desktop notification using 'notify2'
[1.721s] DEBUG:colcon.colcon_core.event_reactor:joined thread
[1.722s] INFO:colcon.colcon_core.shell:Creating prefix script '/home/salaheldinm/Penguins/install/local_setup.ps1'
[1.722s] INFO:colcon.colcon_core.shell:Creating prefix util module '/home/salaheldinm/Penguins/install/_local_setup_util_ps1.py'
[1.723s] INFO:colcon.colcon_core.shell:Creating prefix chain script '/home/salaheldinm/Penguins/install/setup.ps1'
[1.724s] INFO:colcon.colcon_core.shell:Creating prefix script '/home/salaheldinm/Penguins/install/local_setup.sh'
[1.724s] INFO:colcon.colcon_core.shell:Creating prefix util module '/home/salaheldinm/Penguins/install/_local_setup_util_sh.py'
[1.725s] INFO:colcon.colcon_core.shell:Creating prefix chain script '/home/salaheldinm/Penguins/install/setup.sh'
[1.725s] INFO:colcon.colcon_core.shell:Creating prefix script '/home/salaheldinm/Penguins/install/local_setup.bash'
[1.726s] INFO:colcon.colcon_core.shell:Creating prefix chain script '/home/salaheldinm/Penguins/install/setup.bash'
[1.726s] INFO:colcon.colcon_core.shell:Creating prefix script '/home/salaheldinm/Penguins/install/local_setup.zsh'
[1.726s] INFO:colcon.colcon_core.shell:Creating prefix chain script '/home/salaheldinm/Penguins/install/setup.zsh'
